1616464922 2394807629 2623087780
1616464922 173 240 173 240
1616464022 173 240 173 240
1616463900 173 240 173 240
1616463600 173 240 173 240
1616463300 173 238 173 240
1616463000 173 237 173 237
1616462700 173 237 173 237
1616462400 173 236 173 237
1616462100 173 235 173 235
1616461800 173 235 173 235
1616461500 173 234 173 235
1616461200 173 234 173 234
1616460900 173 234 173 234
1616460600 173 234 173 234
1616460300 173 234 173 234
1616460000 173 234 173 234
1616459700 173 233 173 234
1616459400 173 232 173 232
1616459100 173 232 173 232
1616458800 173 232 173 233
1616458500 173 233 173 233
1616458200 173 233 173 233
1616457900 173 232 173 233
1616457600 173 232 173 232
1616457300 173 232 173 232
1616457000 173 232 173 233
1616456700 173 233 173 233
1616456400 173 233 173 233
1616456100 173 233 173 233
1616455800 173 233 173 233
1616455500 173 233 173 233
1616455200 173 233 173 233
1616454900 173 233 173 233
1616454600 173 233 173 233
1616454300 173 233 173 233
1616454000 173 233 173 233
1616453700 173 233 173 233
1616453400 173 233 173 233
1616453100 173 233 173 233
1616452800 173 233 173 233
1616452500 173 232 173 233
1616452200 173 232 173 232
1616451900 173 232 173 232
1616451600 173 232 173 232
1616451300 173 232 173 232
1616451000 173 232 173 232
1616450700 173 232 173 232
1616450400 173 232 173 232
1616450100 173 232 173 232
1616449800 173 232 174 232
1616449500 174 232 174 232
1616449200 174 232 174 232
1616448900 173 232 174 232
1616448600 173 232 173 232
1616448300 173 232 173 232
1616448000 173 232 173 233
1616447700 173 233 173 233
1616447400 173 233 173 233
1616447100 173 233 173 233
1616446800 173 233 173 233
1616446500 173 233 173 233
1616446200 173 233 173 233
1616445900 173 233 173 233
1616445600 173 233 173 233
1616445300 173 233 173 234
1616445000 173 234 173 234
1616444700 173 234 173 234
1616444400 173 233 173 234
1616444100 173 233 173 233
1616443800 173 233 173 233
1616443500 173 232 173 233
1616443200 173 232 173 232
1616442900 173 232 173 232
1616442600 173 232 173 232
1616442300 173 232 173 232
1616442000 173 232 173 232
1616441700 173 232 173 232
1616441400 173 232 173 232
1616441100 173 232 173 232
1616440800 173 231 173 232
1616440500 173 231 173 231
1616440200 173 231 173 231
1616439900 173 232 174 235
1616439600 174 235 174 235
1616439300 174 235 174 235
1616439000 173 235 174 236
1616438700 173 236 173 236
1616438400 173 236 173 236
1616438100 173 236 173 236
1616437800 173 236 173 236
1616437500 173 236 173 236
1616437200 173 237 173 240
1616436900 173 240 173 240
1616436600 173 240 173 240
1616436300 173 240 173 240
1616436000 173 240 173 240
1616435700 173 240 173 240
1616435400 173 240 173 240
1616435100 173 240 173 240
1616434800 173 240 173 240
1616434500 173 240 173 240
1616434200 173 240 173 240
1616433900 173 240 173 240
1616433600 173 240 173 240
1616433300 173 240 173 240
1616433000 173 240 173 240
1616432700 173 239 173 240
1616432400 173 239 173 239
1616432100 173 239 173 239
1616431800 173 239 173 239
1616431500 173 239 173 239
1616431200 173 239 173 239
1616430900 173 239 173 239
1616430600 173 239 173 239
1616430300 173 239 173 239
1616430000 173 239 173 239
1616429700 173 239 173 239
1616429400 173 239 173 239
1616429100 173 239 173 240
1616428800 173 240 173 240
1616428500 173 240 173 240
1616428200 173 240 173 240
1616427900 173 240 173 240
1616427600 173 240 173 240
1616427300 173 240 173 241
1616427000 173 241 173 241
1616426700 173 241 173 241
1616426400 173 241 173 241
1616426100 173 241 173 241
1616425800 173 241 173 241
1616425500 173 241 174 241
1616425200 174 241 174 241
1616424900 174 241 174 241
1616424600 173 240 174 241
1616424300 173 240 173 240
1616424000 173 240 173 240
1616423700 173 240 173 240
1616423400 173 240 173 240
1616423100 173 240 173 240
1616422800 173 239 173 240
1616422500 173 239 173 239
1616422200 173 239 173 239
1616421900 173 239 174 240
1616421600 174 240 174 240
1616421300 174 240 174 240
1616421000 173 240 174 240
1616420700 173 240 173 240
1616420400 173 240 173 240
1616420100 173 240 173 240
1616419800 173 240 173 240
1616419500 173 240 173 240
1616419200 173 240 173 241
1616418900 173 241 173 241
1616418600 173 241 173 241
1616418300 173 241 173 241
1616418000 173 241 173 241
1616417700 173 241 173 241
1616417400 173 241 173 241
1616417100 173 241 173 241
1616416800 173 241 173 241
1616416500 173 241 173 241
1616416200 173 241 173 241
1616415900 173 241 173 241
1616415600 173 240 173 241
1616415300 173 240 173 240
1616415000 173 240 173 240
1616414700 173 238 173 240
1616414400 173 237 173 237
1616414100 173 237 173 237
1616413800 173 236 173 237
1616413500 173 236 173 236
1616413200 173 236 173 236
1616412900 173 234 173 236
1616412600 173 233 173 233
1616412300 173 233 173 233
1616412000 173 233 173 233
1616411700 173 233 173 233
1616411400 173 233 173 233
1616411100 173 233 173 234
1616410800 173 234 173 234
1616410500 173 234 173 234
1616410200 173 233 173 234
1616409900 173 232 173 232
1616409600 173 232 173 232
1616409300 173 232 174 234
1616409000 174 234 174 234
1616408700 174 234 174 234
1616408400 173 234 174 235
1616408100 172 235 172 235
1616407800 172 235 172 235
1616407500 172 234 174 235
1616407200 174 234 174 234
1616406900 174 234 174 234
1616406600 173 233 174 234
1616406300 173 233 173 233
1616406000 173 233 173 233
1616405700 173 232 173 233
1616405400 173 232 173 232
1616405100 173 232 173 232
1616404800 173 232 173 233
1616404500 173 233 173 233
1616404200 173 233 173 233
1616403900 173 232 173 233
1616403600 173 232 173 232
1616403300 173 232 173 232
1616403000 173 231 173 232
1616402700 173 231 173 231
1616402400 173 231 173 231
1616402100 173 231 173 231
1616401800 173 231 173 231
1616401500 173 231 173 231
1616401200 173 231 173 232
1616400900 173 232 173 232
1616400600 173 232 173 232
1616400300 173 232 173 233
1616400000 173 233 173 233
1616399700 173 233 173 233
1616399400 173 233 173 233
1616399100 173 233 173 233
1616398800 173 233 173 233
1616398500 173 233 173 234
1616398200 173 234 173 234
1616397900 173 234 173 234
1616397600 173 234 173 234
1616397300 173 234 173 234
1616397000 173 234 173 234
1616396700 173 233 173 234
1616396400 173 233 173 233
1616396100 173 233 173 233
1616395800 173 233 173 233
1616395500 173 233 173 233
1616395200 173 233 173 233
1616394900 173 233 173 233
1616394600 173 233 173 233
1616394300 173 233 173 233
1616394000 173 232 173 233
1616393700 173 232 173 232
1616393400 173 232 173 232
1616393100 173 232 173 232
1616392800 173 232 173 232
1616392500 173 232 173 232
1616392200 170 218 173 232
1616391900 167 198 167 198
1616391600 167 198 167 198
1616391300 166 195 167 198
1616391000 166 192 166 192
1616390700 166 192 166 192
1616390400 166 192 166 192
1616390100 166 192 166 192
1616389800 166 192 166 192
1616389500 166 193 167 196
1616389200 167 196 167 196
1616388900 167 196 167 196
1616388600 166 196 167 198
1616388300 166 198 166 198
1616388000 166 198 166 198
1616387700 166 197 166 198
1616387400 166 197 166 197
1616387100 166 197 166 197
1616386800 166 197 166 198
1616386500 166 198 166 198
1616386200 166 198 166 198
1616385900 166 203 167 211
1616385600 167 211 167 211
1616385300 167 211 167 211
1616385000 167 207 167 211
1616384700 167 202 167 202
1616384400 167 202 167 202
1616384100 166 199 167 202
1616383800 166 196 166 196
1616383500 166 196 166 196
1616383200 167 205 170 220
1616382900 170 220 170 220
1616382600 170 220 170 220
1616382300 171 228 174 240
1616382000 174 240 174 240
1616381700 174 240 174 240
1616381400 174 239 174 240
1616381100 174 239 174 239
1616380800 174 239 174 239
1616380500 174 242 175 248
1616380200 175 248 175 248
1616379900 175 248 175 248
1616379600 174 244 175 248
1616379300 173 239 173 239
1616379000 173 239 173 239
1616378700 173 239 173 241
1616378400 173 241 173 241
1616378100 173 241 173 241
1616377800 173 240 173 241
1616377500 173 240 173 240
1616377200 173 240 173 240
1616376900 173 240 173 240
1616376600 173 240 173 240
1616376300 173 240 173 240
1616376000 173 240 173 240
1616375700 173 240 173 240
1616375400 173 240 173 240
1616375100 173 239 173 240
1616374800 173 239 173 239
1616374500 173 239 173 239
1616374200 173 239 173 239
1616373900 173 239 173 239
1616373600 173 239 173 239
1616373300 173 238 173 239
1616373000 173 238 173 238
1616372700 173 238 173 238
1616372400 173 238 173 238
1616372100 173 238 173 238
1616371800 173 238 173 238
1616371500 173 238 173 239
1616371200 173 239 173 239
1616370900 173 239 173 239
1616370600 173 239 173 239
1616370300 173 239 173 239
1616370000 173 239 173 239
1616369700 173 239 173 239
1616369400 173 239 173 239
1616369100 173 239 173 239
1616368800 173 239 173 240
1616368500 173 240 173 240
1616368200 173 240 173 240
1616367900 173 240 173 240
1616367600 173 240 173 240
1616367300 173 240 173 240
1616367000 173 239 173 240
1616366700 173 238 173 238
1616366400 173 238 173 238
1616366100 173 238 173 238
1616365800 173 238 173 238
1616365500 173 238 173 238
1616365200 173 237 174 238
1616364900 174 236 174 236
1616364600 174 236 174 236
1616364300 173 236 174 236
1616364000 173 236 173 236
1616363700 173 236 173 236
1616363400 173 234 173 236
1616363100 173 233 173 233
1616362800 173 233 173 233
1616362500 173 233 173 234
1616362200 173 234 173 234
1616361900 173 234 173 234
1616361600 173 234 173 234
1616361300 173 234 173 234
1616361000 173 234 173 234
1616360700 173 233 173 234
1616360400 173 233 173 233
1616360100 173 233 173 233
1616359800 173 233 173 233
1616359500 173 233 173 233
1616359200 173 233 173 233
1616358900 173 233 173 233
1616358600 173 233 173 233
1616358300 173 233 173 233
1616358000 173 233 173 233
1616357700 173 233 173 233
1616357400 173 233 173 233
1616357100 173 233 173 233
1616356800 173 233 173 233
1616356500 173 233 173 233
1616356200 173 233 173 233
1616355900 173 233 173 233
1616355600 173 233 173 233
1616355300 173 233 173 233
1616355000 173 233 173 233
1616354700 173 233 173 233
1616354400 173 232 173 233
1616354100 173 232 173 232
1616353800 173 232 173 232
1616353500 173 232 173 232
1616353200 173 232 173 232
1616352900 173 232 173 232
1616352600 173 232 173 232
1616352300 173 232 173 232
1616352000 173 232 173 232
1616351700 173 232 173 232
1616351400 173 232 173 232
1616351100 173 232 173 232
1616350800 173 232 173 232
1616350500 173 232 173 232
1616350200 173 232 173 232
1616349900 173 232 173 234
1616349600 173 234 173 234
1616349300 173 234 173 234
1616349000 173 234 173 234
1616348700 173 234 173 234
1616348400 173 234 173 234
1616348100 173 233 173 234
1616347800 173 233 173 233
1616347500 173 233 173 233
1616347200 173 232 173 233
1616346900 173 232 173 232
1616346600 173 232 173 232
1616346300 173 232 173 232
1616346000 173 232 173 232
1616345700 173 232 173 232
1616345400 173 232 173 232
1616345100 173 232 173 232
1616344800 173 232 173 232
1616344500 173 232 173 232
1616344200 173 232 173 232
1616343900 173 232 173 232
1616343600 173 231 173 232
1616343300 173 231 173 231
1616343000 173 231 173 231
1616342700 173 231 173 233
1616342400 173 233 173 233
1616342100 173 233 173 233
1616341800 173 234 173 236
1616341500 173 236 173 236
1616341200 173 236 173 236
1616340900 173 236 173 238
1616340600 173 238 173 238
1616340300 173 238 173 238
1616340000 173 238 173 238
1616339700 173 238 173 238
1616339400 173 238 173 238
1616339100 173 238 173 239
1616338800 173 239 173 239
1616338500 173 239 173 239
1616338200 173 239 173 240
1616337900 173 240 173 240
1616337600 173 240 173 240
1616337300 173 239 173 240
1616337000 173 238 173 238
1616336700 173 238 173 238
1616336400 173 238 173 239
1616336100 173 239 173 239
1616335800 173 239 173 239
1616335500 173 238 173 239
1616335200 173 238 173 238
1616334900 173 238 173 238
1616334600 173 238 173 238
1616334300 173 238 173 238
1616334000 173 238 173 238
1616333700 173 238 173 238
1616333400 173 238 173 238
1616333100 173 238 173 238
1616332800 173 238 173 238
1616332500 173 238 173 238
1616332200 173 238 173 238
1616331900 173 238 173 239
1616331600 173 239 173 239
1616331300 173 239 173 239
1616331000 173 239 174 239
1616330700 174 239 174 239
1616330400 174 239 174 239
1616330100 173 239 174 240
1616329800 173 240 173 240
1616329500 173 240 173 240
1616329200 173 240 173 240
1616328900 173 240 173 240
1616328600 173 240 173 240
1616328300 173 239 173 240
1616328000 173 238 173 238
1616327700 173 238 173 238
1616327400 173 238 173 238
1616327100 173 238 173 238
1616326800 173 238 173 238
1616326500 173 237 173 238
1616326200 173 237 173 237
1616325900 173 237 173 237
1616325600 173 237 173 238
1616325300 173 238 173 238
1616325000 173 238 173 238
1616324700 173 238 173 239
1616324400 173 239 173 239
1616324100 173 239 173 239
1616323800 173 239 173 240
1616323500 173 240 173 240
1616323200 173 240 173 240
1616322900 173 239 173 240
1616322600 173 239 173 239
1616322300 173 239 173 239
1616322000 173 239 173 240
1616321700 173 240 173 240
1616321400 173 240 173 240
1616321100 173 240 173 241
1616320800 173 241 173 241
1616320500 173 241 173 241
1616320200 173 241 173 241
1616319900 173 241 173 241
1616319600 173 241 173 241
1616319300 173 240 173 241
1616319000 173 240 173 240
1616318700 173 240 173 240
1616318400 173 239 173 240
1616318100 173 238 173 238
1616317800 173 238 173 238
1616317500 173 237 173 238
1616317200 173 237 173 237
1616316900 173 237 173 237
1616316600 173 236 173 237
1616316300 173 235 173 235
1616316000 173 235 173 235
1616315700 173 235 173 236
1616315400 173 236 173 236
1616315100 173 236 173 236
1616314800 173 235 173 236
1616314500 173 235 173 235
1616314200 173 235 173 235
1616313900 173 234 173 235
1616313600 173 234 173 234
1616313300 173 234 173 234
1616313000 173 234 173 234
1616312700 173 234 173 234
1616312400 173 234 173 234
1616312100 173 234 173 235
1616311800 173 235 173 235
1616311500 173 235 173 235
1616311200 173 234 173 235
1616310900 173 234 173 234
1616310600 173 234 173 234
1616310300 173 233 173 234
1616310000 173 233 173 233
1616309700 173 233 173 233
1616309400 173 233 173 234
1616309100 173 234 173 234
1616308800 173 234 173 234
1616308500 173 233 173 234
1616308200 173 233 173 233
1616307900 173 233 173 233
1616307600 173 233 173 233
1616307300 173 233 173 233
1616307000 173 233 173 233
1616306700 173 232 173 233
1616306400 173 232 173 232
1616306100 173 232 173 232
1616305800 173 232 173 232
1616305500 173 232 173 232
1616305200 173 232 173 232
1616304900 173 232 173 233
1616304600 173 233 173 233
1616304300 173 233 173 233
1616304000 173 232 173 233
1616303700 173 232 173 232
1616303400 173 232 173 232
1616303100 173 232 174 233
1616302800 174 233 174 233
1616302500 174 233 174 233
1616302200 173 233 174 233
1616301900 173 233 173 233
1616301600 173 233 173 233
1616301300 173 233 173 234
1616301000 173 234 173 234
1616300700 173 234 173 234
1616300400 173 234 173 234
1616300100 173 234 173 234
1616299800 173 234 173 234
1616299500 173 234 173 234
1616299200 173 234 173 234
1616298900 173 234 173 234
1616298600 173 233 173 234
1616298300 173 233 173 233
1616298000 173 233 173 233
1616297700 173 232 173 233
1616297400 173 231 173 231
1616297100 173 231 173 231
1616296800 173 231 173 232
1616296500 173 232 173 232
1616296200 173 232 173 232
1616295900 173 232 173 232
1616295600 173 232 173 232
1616295300 173 232 173 232
1616295000 174 232 176 232
1616294700 176 232 176 232
1616294400 176 232 176 232
1616294100 174 233 176 235
1616293800 173 235 173 235
1616293500 173 235 173 235
1616293200 173 234 173 235
1616292900 173 234 173 234
1616292600 173 234 173 234
1616292300 173 235 173 238
1616292000 173 238 173 238
1616291700 173 238 173 238
1616291400 173 238 173 239
1616291100 173 239 173 239
1616290800 173 239 173 239
1616290500 173 240 173 243
1616290200 173 243 173 243
1616289900 173 243 173 243
1616289600 173 243 173 244
1616289300 173 244 173 244
1616289000 173 244 173 244
1616288700 173 243 173 244
1616288400 173 243 173 243
1616288100 173 243 173 243
1616287800 173 243 173 243
1616287500 173 243 173 243
1616287200 173 243 173 243
1616286900 173 244 173 246
1616286600 173 246 173 246
1616286300 173 246 173 246
1616286000 173 246 173 246
1616285700 173 246 173 246
1616285400 173 246 173 246
1616285100 173 245 173 246
1616284800 173 245 173 245
1616284500 173 245 173 245
1616284200 173 245 173 246
1616283000 173 246 173 247
1616281200 173 247 173 247
1616279400 173 246 173 247
1616277600 173 246 173 246
1616275800 173 246 173 247
1616274000 173 246 173 247
1616272200 173 247 173 248
1616270400 173 245 173 247
1616268600 173 243 173 245
1616266800 173 236 173 236
1616265000 173 235 173 236
1616263200 173 235 173 236
1616261400 173 232 173 234
1616259600 173 232 173 233
1616257800 173 232 173 232
1616256000 173 232 174 233
1616254200 173 232 174 233
1616252400 173 233 173 234
1616250600 173 232 173 233
1616248800 173 233 173 233
1616247000 173 232 173 233
1616245200 173 233 173 234
1616243400 173 234 173 237
1616241600 173 237 173 239
1616239800 173 238 173 238
1616238000 173 238 173 238
1616236200 173 238 173 239
1616234400 173 239 173 240
1616232600 173 240 173 240
1616230800 173 239 173 240
1616229000 173 238 173 239
1616227200 173 239 173 239
1616225400 173 239 173 240
1616223600 173 240 173 240
1616221800 173 240 173 240
1616220000 173 238 173 240
1616218200 173 235 173 237
1616216400 173 233 173 234
1616214600 173 233 173 234
1616212800 172 233 173 234
1616211000 173 233 173 233
1616209200 173 232 173 233
1616207400 173 232 173 232
1616205600 173 232 173 233
1616203800 173 233 173 233
1616202000 173 233 173 233
1616200200 173 232 173 233
1616198400 173 232 173 233
1616196600 173 232 173 235
1616194800 173 235 173 237
1616193000 173 236 174 238
1616191200 173 238 174 238
1616189400 173 237 173 238
1616187600 173 238 173 239
1616185800 173 238 173 239
1616184000 173 238 173 239
1616182200 173 239 173 240
1616180400 173 239 173 240
1616178600 176 245 181 252
1616176800 173 239 173 239
1616175000 173 239 173 241
1616173200 173 238 173 240
1616171400 173 236 173 238
1616169600 169 212 173 236
1616167800 166 193 167 194
1616166000 166 193 167 194
1616164200 166 193 167 194
1616162400 166 193 167 193
1616160600 166 192 167 193
1616158800 166 192 167 192
1616157000 166 192 167 193
1616155200 166 193 167 193
1616153400 166 193 166 193
1616151600 166 192 167 193
1616149800 166 192 167 192
1616148000 166 192 167 194
1616146200 166 194 167 196
1616144400 166 196 167 198
1616142600 166 198 167 198
1616140800 166 197 167 198
1616139000 166 197 166 198
1616137200 166 198 167 199
1616135400 166 198 167 199
1616133600 166 199 166 199
1616131800 166 199 166 199
1616130000 166 199 166 199
1616128200 166 199 166 199
1616126400 166 199 167 200
1616124600 166 200 167 200
1616122800 166 198 167 200
1616121000 166 196 166 198
1616119200 166 193 167 194
1616117400 166 194 167 194
1616115600 166 193 167 194
1616113800 166 193 167 194
1616112000 166 192 166 193
1616110200 166 192 167 193
1616108400 166 192 167 192
1616106600 166 192 167 193
1616104800 168 207 173 233
1616103000 173 231 173 233
1616101200 173 231 173 232
1616099400 173 232 173 234
1616097600 173 233 173 238
1616095800 173 238 173 239
1616094000 173 238 173 239
1616092200 173 238 174 239
1616090400 173 236 174 238
1616088600 173 238 173 239
1616086800 173 239 173 240
1616085000 173 240 173 240
1616083200 173 239 173 240
1616081400 173 238 173 239
1616079600 173 239 173 239
1616077800 173 239 173 239
1616076000 173 239 173 240
1616074200 173 239 173 240
1616072400 173 236 173 237
1616070600 173 234 173 236
1616068800 173 233 173 235
1616067000 173 233 173 234
1616065200 173 233 173 234
1616063400 173 232 173 234
1616061600 173 231 173 233
1616059800 173 232 173 233
1616058000 173 233 173 234
1616056200 173 233 173 234
1616054400 173 232 173 233
1616052600 173 232 173 233
1616050800 173 232 173 234
1616049000 173 234 173 236
1616047200 173 237 173 239
1616045400 173 239 173 239
1616043600 173 237 173 239
1616041800 173 237 173 239
1616040000 173 238 174 240
1616038200 173 240 174 240
1616036400 173 239 173 240
1616034600 173 239 174 240
1616032800 193 268 214 298
1616031000 173 239 173 240
1616029200 173 239 173 241
1616027400 173 241 173 241
1616025600 173 241 175 242
1616023800 173 236 173 237
1616022000 173 233 173 234
1616020200 173 234 173 234
1616018400 176 246 180 259
1616016600 176 245 180 256
1616014800 173 230 173 233
1616013000 173 232 173 233
1616011200 173 232 173 233
1616009400 173 233 173 234
1616007600 173 234 173 235
1616005800 173 232 173 233
1616004000 173 231 173 232
1616002200 173 231 173 233
1616000400 173 235 173 240
1615998600 173 240 173 243
1615996800 173 244 173 247
1615995000 173 244 173 247
1615993200 173 245 173 245
1615991400 173 245 173 246
1615989600 173 246 173 248
1615987800 173 246 173 248
1615986000 173 245 173 246
1615984200 173 245 173 246
1615982400 173 246 173 247
1615980600 173 247 173 248
1615978800 173 246 173 248
1615977000 173 243 173 245
1615975200 173 240 173 242
1615973400 173 233 173 235
1615971600 172 234 173 235
1615969800 173 233 173 233
1615968000 173 232 173 233
1615966200 173 232 173 232
1615964400 173 231 173 232
1615962600 173 232 173 233
1615960800 173 233 173 234
1615959000 173 233 173 234
1615957200 173 232 173 233
1615955400 173 234 180 273
1615953600 176 250 180 273
1615951800 173 247 174 257
1615950000 177 268 214 301
1615948200 190 275 214 301
1615946400 173 239 173 240
1615944600 173 239 173 240
1615942800 173 241 173 259
1615941000 173 248 173 259
1615939200 173 241 173 242
1615937400 173 241 173 242
1615935600 173 240 173 241
1615933800 181 257 191 276
1615932000 175 244 177 261
1615930200 174 250 176 261
1615928400 173 239 173 241
1615926600 171 228 173 238
1615924800 166 195 167 196
1615923000 166 195 167 196
1615921200 166 194 167 196
1615919400 166 194 166 195
1615917600 166 195 168 196
1615915800 169 210 173 234
1615914000 173 234 173 235
1615912200 173 234 173 235
1615910400 173 234 173 235
1615908600 173 234 173 234
1615906800 173 234 173 235
1615905000 173 234 173 236
1615903200 173 236 173 238
1615901400 173 238 173 239
1615899600 173 239 173 240
1615897800 173 240 173 241
1615896000 173 240 173 241
1615894200 172 240 173 241
1615892400 173 241 173 242
1615890600 173 241 173 242
1615888800 173 240 173 242
1615887000 173 241 173 242
1615885200 173 239 173 241
1615883400 173 241 173 242
1615881600 173 242 173 243
1615879800 173 241 173 243
1615878000 173 237 173 239
1615876200 173 236 173 237
1615874400 173 235 173 236
1615872600 173 235 173 236
1615870800 173 234 173 235
1615869000 173 234 173 235
1615867200 173 234 173 234
1615865400 173 234 173 234
1615863600 173 234 173 235
1615861800 172 232 173 235
1615860000 170 221 173 234
1615858200 173 234 173 235
1615856400 173 233 174 237
1615854600 170 221 174 237
1615852800 166 197 166 199
1615851000 166 199 167 200
1615849200 166 199 167 201
1615847400 166 200 167 201
1615845600 166 200 166 201
1615843800 166 200 166 201
1615842000 166 200 166 201
1615840200 166 201 167 202
1615838400 166 201 167 202
1615836600 166 200 167 201
1615834800 166 200 166 201
1615833000 166 201 166 202
1615831200 166 200 166 202
1615829400 166 198 166 200
1615827600 166 196 167 197
1615825800 177 222 198 253
1615824000 179 219 198 253
1615822200 166 194 167 196
1615820400 166 194 167 194
1615818600 166 193 167 194
1615816800 166 193 167 194
1615815000 166 193 167 194
1615813200 166 193 166 194
1615811400 166 194 166 194
1615809600 166 193 166 194
1615807800 166 193 166 196
1615806000 166 194 167 197
1615804200 166 197 167 199
1615802400 166 199 166 199
1615800600 166 199 167 200
1615798800 166 199 167 200
1615797000 166 199 166 199
1615795200 166 199 166 199
1615793400 166 199 166 200
1615791600 166 200 167 200
1615789800 166 199 167 200
1615788000 166 199 167 200
1615786200 166 199 167 200
1615784400 166 200 167 201
1615782600 166 199 167 201
1615780800 166 198 167 200
1615779000 166 196 166 198
1615777200 167 194 169 195
1615775400 166 195 167 196
1615773600 166 194 167 196
1615771800 166 194 167 195
1615770000 166 193 167 194
1615768200 166 193 166 194
1615766400 166 193 166 194
1615764600 166 194 167 194
1615762800 166 194 166 194
1615761000 166 193 166 194
1615759200 167 201 173 233
1615757400 173 234 173 237
1615755600 173 237 173 240
1615753800 173 240 173 242
1615752000 173 241 173 241
1615750200 173 240 173 241
1615748400 173 240 173 259
1615746600 173 248 173 259
1615744800 173 241 173 242
1615743000 173 241 173 242
1615741200 172 241 173 242
1615739400 173 241 173 242
1615737600 173 241 173 242
1615735800 173 242 173 243
1615734000 173 242 173 243
1615732200 173 239 173 242
1615730400 172 238 173 240
1615728600 172 234 173 235
1615726800 173 234 173 236
1615725000 173 235 173 236
1615723200 173 234 173 235
1615721400 173 234 173 234
1615719600 173 234 173 234
1615717800 173 234 173 235
1615716000 173 234 173 236
1615714200 173 234 173 236
1615712400 173 233 173 233
1615710600 173 233 173 237
1615708800 173 237 173 239
1615707000 173 241 173 245
1615705200 173 246 173 248
1615703400 175 273 214 295
1615701600 190 264 214 290
1615699800 173 248 173 248
1615698000 173 248 173 249
1615696200 173 249 173 250
1615694400 173 249 173 250
1615692600 173 248 173 250
1615690800 173 248 173 249
1615689000 173 249 173 249
1615687200 173 249 173 250
1615685400 173 249 173 250
1615683600 173 242 173 246
1615681800 173 242 173 245
1615680000 173 235 173 238
1615678200 173 236 173 238
1615676400 173 235 173 237
1615674600 173 234 173 235
1615672800 173 233 173 234
1615671000 173 233 173 233
1615669200 173 233 173 235
1615667400 173 234 173 236
1615665600 173 234 173 235
1615663800 173 233 173 234
1615662000 173 233 173 234
1615660200 173 234 173 236
1615658400 173 235 173 240
1615656600 173 240 173 241
1615654800 173 241 173 241
1615653000 173 239 173 241
1615651200 173 238 173 240
1615649400 173 240 173 241
1615647600 173 241 173 242
1615645800 173 242 173 242
1615644000 173 241 173 242
1615642200 173 241 173 241
1615640400 173 241 173 242
1615638600 173 242 173 242
1615636800 173 242 173 243
1615635000 173 241 173 243
1615633200 173 237 173 239
1615631400 173 235 173 236
1615629600 173 236 173 236
1615627800 173 236 173 237
1615626000 173 234 173 236
1615624200 173 233 173 235
1615622400 173 233 173 234
1615620600 173 233 173 235
1615618800 173 235 173 235
1615617000 173 235 173 235
1615615200 172 233 173 235
1615613400 173 233 173 235
1615611600 173 234 173 236
1615609800 173 236 173 238
1615608000 173 239 173 241
1615606200 173 239 173 241
1615604400 173 239 173 241
1615602600 173 240 173 241
1615600800 173 241 173 241
1615599000 173 241 173 242
1615597200 173 242 173 242
1615595400 173 241 173 242
1615593600 173 240 173 242
1615591800 173 240 173 242
1615590000 173 242 174 242
1615588200 173 242 174 243
1615586400 172 240 173 242
1615584600 173 238 173 240
1615582800 173 235 173 237
1615581000 173 235 173 236
1615579200 173 236 173 237
1615577400 173 235 173 237
1615575600 173 234 173 234
1615573800 173 233 173 234
1615572000 173 233 173 235
1615570200 173 235 173 235
1615568400 173 234 173 235
1615566600 173 233 173 234
1615564800 173 233 173 234
1615563000 173 234 173 237
1615561200 173 237 173 240
1615559400 173 240 173 242
1615557600 173 240 173 242
1615555800 173 240 173 241
1615554000 173 241 173 242
1615552200 173 241 173 242
1615550400 173 242 173 243
1615548600 173 242 173 243
1615546800 173 242 173 243
1615545000 173 242 173 242
1615543200 173 242 173 243
1615541400 173 242 173 243
1615539600 173 242 173 243
1615537800 173 241 173 242
1615536000 173 238 173 241
1615534200 173 236 173 238
1615532400 173 235 173 236
1615530600 173 235 173 237
1615528800 173 235 173 237
1615527000 173 234 173 234
1615525200 173 234 173 234
1615523400 173 234 173 234
1615521600 173 234 173 235
1615519800 173 235 173 235
1615518000 173 233 173 235
1615516200 173 233 173 234
1615514400 172 233 173 236
1615512600 172 236 173 238
1615510800 173 237 173 240
1615509000 173 240 173 241
1615507200 173 239 173 240
1615505400 173 239 173 240
1615503600 173 240 173 241
1615501800 173 240 173 241
1615500000 173 241 173 242
1615498200 173 241 173 241
1615496400 173 241 173 242
1615494600 173 241 173 242
1615492800 173 241 173 242
1615491000 173 242 173 242
1615489200 173 240 173 242
1615487400 172 239 173 240
1615485600 173 236 173 238
1615483800 173 235 173 236
1615482000 173 236 173 236
1615480200 173 235 173 236
1615478400 173 235 173 235
1615476600 173 234 173 235
1615474800 173 234 173 234
1615473000 173 234 173 234
1615471200 173 234 173 235
1615469400 173 234 173 235
1615467600 173 234 173 236
1615465800 173 234 173 237
1615464000 173 236 173 238
1615462200 173 238 173 240
1615460400 173 240 173 240
1615458600 173 240 173 241
1615456800 173 240 173 241
1615455000 173 240 173 240
1615453200 173 240 173 242
1615451400 173 242 173 242
1615449600 173 241 173 242
1615447800 173 240 173 242
1615446000 173 240 173 242
1615444200 173 242 173 242
1615442400 173 242 173 242
1615440600 173 242 173 243
1615438800 173 239 173 241
1615437000 173 236 173 239
1615435200 173 235 173 236
1615433400 173 235 173 235
1615431600 173 235 173 235
1615429800 173 234 173 235
1615428000 173 234 173 235
1615426200 173 233 173 234
1615424400 173 234 173 234
1615422600 173 234 173 235
1615420800 173 235 173 235
1615419000 173 234 173 235
1615417200 173 233 173 240
1615415400 173 241 173 243
1615413600 173 240 173 247
1615411800 173 247 173 247
1615410000 173 248 173 250
1615408200 173 248 173 249
1615406400 173 248 173 249
1615404600 172 248 173 249
1615402800 173 249 173 250
1615401000 173 249 173 250
1615399200 173 248 173 249
1615397400 173 248 173 249
1615395600 173 249 173 250
1615393800 173 250 173 251
1615392000 173 251 173 251
1615390200 173 247 173 251
1615388400 172 241 173 245
1615386600 173 235 173 237
1615384800 173 236 173 237
1615383000 173 234 173 236
1615381200 173 235 173 235
1615379400 173 234 173 235
1615377600 173 233 173 234
1615375800 173 233 173 234
1615374000 173 234 173 236
1615372200 173 234 173 236
1615370400 173 233 173 235
1615368600 173 233 173 234
1615366800 173 235 173 237
1615365000 173 236 176 258
1615363200 174 248 176 258
1615361400 172 239 173 240
1615359600 173 239 173 240
1615357800 173 240 173 240
1615356000 173 240 173 242
1615354200 172 241 173 243
1615352400 173 242 176 243
1615350600 179 251 184 260
1615348800 173 240 173 241
1615347000 173 241 173 241
1615345200 173 241 173 242
1615343400 173 242 173 243
1615341600 173 241 173 241
1615339800 173 237 173 241
1615338000 173 234 173 235
1615336200 173 235 173 236
1615334400 173 236 173 237
1615332600 173 235 173 235
1615330800 173 234 173 235
1615329000 173 234 173 235
1615327200 173 234 173 235
1615325400 173 235 173 236
1615323600 173 235 173 236
1615321800 173 233 173 235
1615320000 173 233 173 234
1615318200 173 234 173 237
1615316400 173 237 173 240
1615314600 173 240 173 241
1615312800 173 240 173 241
1615311000 172 239 173 240
1615309200 173 239 173 240
1615307400 173 240 173 241
1615305600 173 241 173 242
1615303800 173 241 173 242
1615302000 173 240 173 241
1615300200 173 240 173 242
1615298400 173 241 173 243
1615296600 173 242 173 243
1615294800 173 242 173 243
1615293000 173 241 173 242
1615291200 173 237 173 241
1615289400 173 235 173 237
1615287600 173 236 173 236
1615285800 173 236 173 237
1615284000 173 234 173 235
1615282200 173 234 173 235
1615280400 173 233 173 234
1615278600 173 234 173 234
1615276800 173 234 173 235
1615275000 173 235 173 235
1615273200 173 234 173 235
1615271400 173 233 173 234
1615269600 173 233 173 236
1615267800 173 238 173 240
1615266000 173 240 173 242
1615264200 173 240 173 242
1615262400 172 240 173 241
1615260600 172 240 173 242
1615258800 173 242 173 242
1615257000 173 242 174 243
1615255200 173 243 174 243
1615253400 173 243 176 267
1615251600 174 252 176 267
1615249800 173 241 174 242
1615248000 173 242 174 244
1615246200 173 244 173 244
1615244400 173 241 173 244
1615242600 173 236 173 237
1615240800 173 235 173 236
1615239000 173 235 173 237
1615237200 173 235 173 237
1615235400 173 235 173 237
1615233600 173 233 173 234
1615231800 173 233 173 233
1615230000 173 233 173 235
1615228200 173 235 173 235
1615226400 173 234 173 235
1615224600 173 233 173 234
1615222800 173 233 173 234
1615221000 173 233 174 236
1615219200 173 237 174 239
1615217400 173 239 173 240
1615215600 173 240 173 241
1615213800 173 239 173 239
1615212000 173 239 173 240
1615210200 173 240 173 241
1615208400 172 241 173 242
1615206600 172 241 173 242
1615204800 173 240 173 242
1615203000 173 240 173 242
1615197600 173 238 173 242
1615190400 173 234 173 237
1615183200 173 233 173 235
1615176000 172 233 173 238
1615168800 173 239 174 241
1615161600 173 240 173 242
1615154400 171 240 173 242
1615147200 172 236 172 242
1615140000 172 233 173 234
1615132800 171 233 173 234
1615125600 172 235 172 245
1615118400 171 245 173 247
1615111200 171 246 172 247
1615104000 172 246 172 248
1615096800 172 236 172 247
1615089600 172 233 174 235
1615082400 172 233 173 237
1615075200 172 235 173 239
1615068000 176 245 213 297
1615060800 172 239 172 241
1615053600 171 238 172 242
1615046400 172 234 172 238
1615039200 171 232 172 234
1615032000 172 232 172 234
1615024800 172 236 172 240
1615017600 172 238 172 241
1615010400 172 239 172 240
1615003200 172 237 172 242
1614996000 181 246 213 294
1614988800 172 232 172 234
1614981600 171 232 172 237
1614974400 172 237 172 240
1614967200 172 239 172 242
1614960000 172 240 173 256
1614952800 172 237 173 256
1614945600 172 232 172 235
1614938400 172 231 172 234
1614931200 171 233 172 238
1614924000 172 238 172 239
1614916800 172 238 173 241
1614909600 172 239 173 241
1614902400 178 256 222 400
1614895200 171 232 173 234
1614888000 172 232 172 234
1614880800 199 283 469 699
1614873600 309 452 634 943
1614866400 172 239 172 241
1614859200 172 240 172 242
1614852000 172 233 172 237
1614844800 172 232 172 234
1614837600 195 267 316 450
1614830400 364 533 811 1204
1614823200 189 272 337 531
1614816000 394 583 748 1126
1614808800 388 587 653 999
1614801600 416 621 605 915
1614794400 305 464 558 873
1614787200 336 495 673 1010
1614780000 168 227 169 230
1614772800 168 228 169 230
1614765600 168 229 170 230
1614758400 184 252 296 435
1614751200 248 371 448 653
1614744000 221 451 338 567
1614736800 0 0 0 0
1614729600 0 0 0 0
1614722400 0 0 0 0
1614715200 0 0 0 0
1614708000 0 0 0 0
1614700800 0 0 0 0
1614693600 0 0 0 0
1614686400 0 0 0 0
1614679200 0 0 0 0
1614672000 0 0 0 0
1614664800 0 0 0 0
1614657600 0 0 0 0
1614650400 0 0 0 0
1614643200 0 0 0 0
1614636000 0 0 0 0
1614628800 0 0 0 0
1614621600 0 0 0 0
1614614400 0 0 0 0
1614607200 0 0 0 0
1614600000 0 0 0 0
1614592800 0 0 0 0
1614585600 0 0 0 0
1614578400 0 0 0 0
1614571200 0 0 0 0
1614564000 0 0 0 0
1614556800 0 0 0 0
1614549600 0 0 0 0
1614542400 0 0 0 0
1614535200 0 0 0 0
1614528000 0 0 0 0
1614520800 0 0 0 0
1614513600 0 0 0 0
1614506400 0 0 0 0
1614499200 0 0 0 0
1614492000 0 0 0 0
1614484800 0 0 0 0
1614477600 0 0 0 0
1614470400 0 0 0 0
1614463200 0 0 0 0
1614456000 0 0 0 0
1614448800 0 0 0 0
1614441600 0 0 0 0
1614434400 0 0 0 0
1614427200 0 0 0 0
1614420000 0 0 0 0
1614412800 0 0 0 0
1614405600 0 0 0 0
1614398400 0 0 0 0
1614391200 0 0 0 0
1614384000 0 0 0 0
1614376800 0 0 0 0
1614369600 0 0 0 0
1614362400 0 0 0 0
1614355200 0 0 0 0
1614348000 0 0 0 0
1614340800 0 0 0 0
1614333600 0 0 0 0
1614326400 0 0 0 0
1614319200 0 0 0 0
1614312000 0 0 0 0
1614304800 0 0 0 0
1614297600 0 0 0 0
1614290400 0 0 0 0
1614283200 0 0 0 0
1614276000 0 0 0 0
1614268800 0 0 0 0
1614261600 0 0 0 0
1614254400 0 0 0 0
1614247200 0 0 0 0
1614240000 0 0 0 0
1614232800 0 0 0 0
1614225600 0 0 0 0
1614218400 0 0 0 0
1614211200 0 0 0 0
1614204000 0 0 0 0
1614196800 0 0 0 0
1614189600 0 0 0 0
1614182400 0 0 0 0
1614175200 0 0 0 0
1614168000 0 0 0 0
1614160800 0 0 0 0
1614153600 0 0 0 0
1614146400 0 0 0 0
1614139200 0 0 0 0
1614132000 0 0 0 0
1614124800 0 0 0 0
1614117600 0 0 0 0
1614110400 0 0 0 0
1614103200 0 0 0 0
1614096000 0 0 0 0
1614088800 0 0 0 0
1614081600 0 0 0 0
1614074400 0 0 0 0
1614067200 0 0 0 0
1614060000 0 0 0 0
1614052800 0 0 0 0
1614045600 0 0 0 0
1614038400 0 0 0 0
1614031200 0 0 0 0
1614024000 0 0 0 0
1614016800 0 0 0 0
1614009600 0 0 0 0
1614002400 0 0 0 0
1613995200 0 0 0 0
1613988000 0 0 0 0
1613980800 0 0 0 0
1613973600 0 0 0 0
1613966400 0 0 0 0
1613959200 0 0 0 0
1613952000 0 0 0 0
1613944800 0 0 0 0
1613937600 0 0 0 0
1613930400 0 0 0 0
1613923200 0 0 0 0
1613916000 0 0 0 0
1613908800 0 0 0 0
1613901600 0 0 0 0
1613894400 0 0 0 0
1613887200 0 0 0 0
1613880000 0 0 0 0
1613872800 0 0 0 0
1613865600 0 0 0 0
1613858400 0 0 0 0
1613851200 0 0 0 0
1613844000 0 0 0 0
1613836800 0 0 0 0
1613829600 0 0 0 0
1613822400 0 0 0 0
1613815200 0 0 0 0
1613808000 0 0 0 0
1613800800 0 0 0 0
1613793600 0 0 0 0
1613786400 0 0 0 0
1613779200 0 0 0 0
1613772000 0 0 0 0
1613764800 0 0 0 0
1613757600 0 0 0 0
1613750400 0 0 0 0
1613743200 0 0 0 0
1613736000 0 0 0 0
1613728800 0 0 0 0
1613721600 0 0 0 0
1613714400 0 0 0 0
1613707200 0 0 0 0
1613700000 0 0 0 0
1613692800 0 0 0 0
1613685600 0 0 0 0
1613678400 0 0 0 0
1613671200 0 0 0 0
1613664000 0 0 0 0
1613656800 0 0 0 0
1613649600 0 0 0 0
1613642400 0 0 0 0
1613635200 0 0 0 0
1613628000 0 0 0 0
1613620800 0 0 0 0
1613613600 0 0 0 0
1613606400 0 0 0 0
1613599200 0 0 0 0
1613592000 0 0 0 0
1613584800 0 0 0 0
1613577600 0 0 0 0
1613570400 0 0 0 0
1613563200 0 0 0 0
1613556000 0 0 0 0
1613548800 0 0 0 0
1613541600 0 0 0 0
1613534400 0 0 0 0
1613527200 0 0 0 0
1613520000 0 0 0 0
1613512800 0 0 0 0
1613505600 0 0 0 0
1613498400 0 0 0 0
1613491200 0 0 0 0
1613484000 0 0 0 0
1613476800 0 0 0 0
1613469600 0 0 0 0
1613462400 0 0 0 0
1613455200 0 0 0 0
1613448000 0 0 0 0
1613440800 0 0 0 0
1613433600 0 0 0 0
1613426400 0 0 0 0
1613419200 0 0 0 0
1613412000 0 0 0 0
1613404800 0 0 0 0
1613397600 0 0 0 0
1613390400 0 0 0 0
1613383200 0 0 0 0
1613376000 0 0 0 0
1613368800 0 0 0 0
1613361600 0 0 0 0
1613354400 0 0 0 0
1613347200 0 0 0 0
1613340000 0 0 0 0
1613332800 0 0 0 0
1613325600 0 0 0 0
1613318400 0 0 0 0
1613311200 0 0 0 0
1613304000 0 0 0 0
1613296800 0 0 0 0
1613289600 0 0 0 0
1613282400 0 0 0 0
1613275200 0 0 0 0
1613268000 0 0 0 0
1613260800 0 0 0 0
1613253600 0 0 0 0
1613246400 0 0 0 0
1613239200 0 0 0 0
1613232000 0 0 0 0
1613224800 0 0 0 0
1613217600 0 0 0 0
1613210400 0 0 0 0
1613203200 0 0 0 0
1613196000 0 0 0 0
1613188800 0 0 0 0
1613181600 0 0 0 0
1613174400 0 0 0 0
1613167200 0 0 0 0
1613160000 0 0 0 0
1613152800 0 0 0 0
1613145600 0 0 0 0
1613138400 0 0 0 0
1613131200 0 0 0 0
1613124000 0 0 0 0
1613116800 0 0 0 0
1613109600 0 0 0 0
1613102400 0 0 0 0
1613095200 0 0 0 0
1613088000 0 0 0 0
1613080800 0 0 0 0
1613073600 0 0 0 0
1613066400 0 0 0 0
1613059200 0 0 0 0
1613052000 0 0 0 0
1613044800 0 0 0 0
1613037600 0 0 0 0
1613030400 0 0 0 0
1613023200 0 0 0 0
1613016000 0 0 0 0
1613008800 0 0 0 0
1613001600 0 0 0 0
1612994400 0 0 0 0
1612987200 0 0 0 0
1612980000 0 0 0 0
1612972800 0 0 0 0
1612965600 0 0 0 0
1612958400 0 0 0 0
1612951200 0 0 0 0
1612944000 0 0 0 0
1612936800 0 0 0 0
1612929600 0 0 0 0
1612922400 0 0 0 0
1612915200 0 0 0 0
1612908000 0 0 0 0
1612900800 0 0 0 0
1612893600 0 0 0 0
1612886400 0 0 0 0
1612879200 0 0 0 0
1612872000 0 0 0 0
1612864800 0 0 0 0
1612857600 0 0 0 0
1612850400 0 0 0 0
1612843200 0 0 0 0
1612836000 0 0 0 0
1612828800 0 0 0 0
1612821600 0 0 0 0
1612814400 0 0 0 0
1612807200 0 0 0 0
1612800000 0 0 0 0
1612792800 0 0 0 0
1612785600 0 0 0 0
1612778400 0 0 0 0
1612771200 0 0 0 0
1612764000 0 0 0 0
1612756800 0 0 0 0
1612749600 0 0 0 0
1612742400 0 0 0 0
1612735200 0 0 0 0
1612728000 0 0 0 0
1612720800 0 0 0 0
1612713600 0 0 0 0
1612706400 0 0 0 0
1612699200 0 0 0 0
1612692000 0 0 0 0
1612684800 0 0 0 0
1612677600 0 0 0 0
1612670400 0 0 0 0
1612663200 0 0 0 0
1612656000 0 0 0 0
1612648800 0 0 0 0
1612641600 0 0 0 0
1612634400 0 0 0 0
1612627200 0 0 0 0
1612620000 0 0 0 0
1612612800 0 0 0 0
1612605600 0 0 0 0
1612598400 0 0 0 0
1612591200 0 0 0 0
1612584000 0 0 0 0
1612576800 0 0 0 0
1612569600 0 0 0 0
1612562400 0 0 0 0
1612555200 0 0 0 0
1612548000 0 0 0 0
1612540800 0 0 0 0
1612533600 0 0 0 0
1612526400 0 0 0 0
1612519200 0 0 0 0
1612512000 0 0 0 0
1612504800 0 0 0 0
1612497600 0 0 0 0
1612490400 0 0 0 0
1612483200 0 0 0 0
1612476000 0 0 0 0
1612468800 0 0 0 0
1612461600 0 0 0 0
1612454400 0 0 0 0
1612447200 0 0 0 0
1612440000 0 0 0 0
1612432800 0 0 0 0
1612425600 0 0 0 0
1612418400 0 0 0 0
1612411200 0 0 0 0
1612404000 0 0 0 0
1612396800 0 0 0 0
1612389600 0 0 0 0
1612382400 0 0 0 0
1612375200 0 0 0 0
1612368000 0 0 0 0
1612360800 0 0 0 0
1612353600 0 0 0 0
1612346400 0 0 0 0
1612339200 0 0 0 0
1612332000 0 0 0 0
1612324800 0 0 0 0
1612317600 0 0 0 0
1612310400 0 0 0 0
1612303200 0 0 0 0
1612296000 0 0 0 0
1612288800 0 0 0 0
1612281600 0 0 0 0
1612274400 0 0 0 0
1612267200 0 0 0 0
1612260000 0 0 0 0
1612252800 0 0 0 0
1612245600 0 0 0 0
1612238400 0 0 0 0
1612231200 0 0 0 0
1612224000 0 0 0 0
1612216800 0 0 0 0
1612209600 0 0 0 0
1612202400 0 0 0 0
1612195200 0 0 0 0
1612188000 0 0 0 0
1612180800 0 0 0 0
1612173600 0 0 0 0
1612166400 0 0 0 0
1612159200 0 0 0 0
1612152000 0 0 0 0
1612144800 0 0 0 0
1612137600 0 0 0 0
1612130400 0 0 0 0
1612123200 0 0 0 0
1612116000 0 0 0 0
1612108800 0 0 0 0
1612101600 0 0 0 0
1612094400 0 0 0 0
1612087200 0 0 0 0
1612080000 0 0 0 0
1612072800 0 0 0 0
1612065600 0 0 0 0
1612058400 0 0 0 0
1612051200 0 0 0 0
1612044000 0 0 0 0
1612036800 0 0 0 0
1612029600 0 0 0 0
1612022400 0 0 0 0
1612015200 0 0 0 0
1612008000 0 0 0 0
1612000800 0 0 0 0
1611993600 0 0 0 0
1611986400 0 0 0 0
1611979200 0 0 0 0
1611972000 0 0 0 0
1611964800 0 0 0 0
1611957600 0 0 0 0
1611950400 0 0 0 0
1611943200 0 0 0 0
1611936000 0 0 0 0
1611928800 0 0 0 0
1611921600 0 0 0 0
1611914400 0 0 0 0
1611907200 0 0 0 0
1611900000 0 0 0 0
1611892800 0 0 0 0
1611885600 0 0 0 0
1611878400 0 0 0 0
1611871200 0 0 0 0
1611864000 0 0 0 0
1611856800 0 0 0 0
1611849600 0 0 0 0
1611842400 0 0 0 0
1611835200 0 0 0 0
1611828000 0 0 0 0
1611820800 0 0 0 0
1611813600 0 0 0 0
1611806400 0 0 0 0
1611799200 0 0 0 0
1611792000 0 0 0 0
1611784800 0 0 0 0
1611777600 0 0 0 0
1611770400 0 0 0 0
1611763200 0 0 0 0
1611756000 0 0 0 0
1611748800 0 0 0 0
1611741600 0 0 0 0
1611734400 0 0 0 0
1611727200 0 0 0 0
1611720000 0 0 0 0
1611712800 0 0 0 0
1611705600 0 0 0 0
1611698400 0 0 0 0
1611691200 0 0 0 0
1611684000 0 0 0 0
1611676800 0 0 0 0
1611669600 0 0 0 0
1611662400 0 0 0 0
1611655200 0 0 0 0
1611648000 0 0 0 0
1611640800 0 0 0 0
1611633600 0 0 0 0
1611626400 0 0 0 0
1611619200 0 0 0 0
1611612000 0 0 0 0
1611604800 0 0 0 0
1611597600 0 0 0 0
1611590400 0 0 0 0
1611583200 0 0 0 0
1611576000 0 0 0 0
1611568800 0 0 0 0
1611561600 0 0 0 0
1611554400 0 0 0 0
1611547200 0 0 0 0
1611540000 0 0 0 0
1611532800 0 0 0 0
1611525600 0 0 0 0
1611518400 0 0 0 0
1611511200 0 0 0 0
1611504000 0 0 0 0
1611496800 0 0 0 0
1611489600 0 0 0 0
1611482400 0 0 0 0
1611475200 0 0 0 0
1611468000 0 0 0 0
1611460800 0 0 0 0
1611453600 0 0 0 0
1611446400 0 0 0 0
1611439200 0 0 0 0
1611432000 0 0 0 0
1611424800 0 0 0 0
1611417600 0 0 0 0
1611410400 0 0 0 0
1611403200 0 0 0 0
1611396000 0 0 0 0
1611388800 0 0 0 0
1611381600 0 0 0 0
1611374400 0 0 0 0
1611367200 0 0 0 0
1611360000 0 0 0 0
1611352800 0 0 0 0
1611345600 0 0 0 0
1611338400 0 0 0 0
1611331200 0 0 0 0
1611324000 0 0 0 0
1611316800 0 0 0 0
1611309600 0 0 0 0
1611302400 0 0 0 0
1611295200 0 0 0 0
1611288000 0 0 0 0
1611280800 0 0 0 0
1611273600 0 0 0 0
1611266400 0 0 0 0
1611259200 0 0 0 0
1611252000 0 0 0 0
1611244800 0 0 0 0
1611237600 0 0 0 0
1611230400 0 0 0 0
1611223200 0 0 0 0
1611216000 0 0 0 0
1611208800 0 0 0 0
1611201600 0 0 0 0
1611194400 0 0 0 0
1611187200 0 0 0 0
1611180000 0 0 0 0
1611172800 0 0 0 0
1611165600 0 0 0 0
1611158400 0 0 0 0
1611151200 0 0 0 0
1611144000 0 0 0 0
1611136800 0 0 0 0
1611129600 0 0 0 0
1611122400 0 0 0 0
1611115200 0 0 0 0
1611108000 0 0 0 0
1611100800 0 0 0 0
1611093600 0 0 0 0
1611086400 0 0 0 0
1611079200 0 0 0 0
1611072000 0 0 0 0
1611064800 0 0 0 0
1611057600 0 0 0 0
1611050400 0 0 0 0
1611043200 0 0 0 0
1611036000 0 0 0 0
1611028800 0 0 0 0
1611021600 0 0 0 0
1611014400 0 0 0 0
1611007200 0 0 0 0
1611000000 0 0 0 0
1610992800 0 0 0 0
1610985600 0 0 0 0
1610978400 0 0 0 0
1610971200 0 0 0 0
1610964000 0 0 0 0
1610956800 0 0 0 0
1610949600 0 0 0 0
1610942400 0 0 0 0
1610935200 0 0 0 0
1610928000 0 0 0 0
1610920800 0 0 0 0
1610913600 0 0 0 0
1610906400 0 0 0 0
1610899200 0 0 0 0
1610892000 0 0 0 0
1610884800 0 0 0 0
1610877600 0 0 0 0
1610841600 0 0 0 0
1610755200 0 0 0 0
1610668800 0 0 0 0
1610582400 0 0 0 0
1610496000 0 0 0 0
1610409600 0 0 0 0
1610323200 0 0 0 0
1610236800 0 0 0 0
1610150400 0 0 0 0
1610064000 0 0 0 0
1609977600 0 0 0 0
1609891200 0 0 0 0
1609804800 0 0 0 0
1609718400 0 0 0 0
1609632000 0 0 0 0
1609545600 0 0 0 0
1609459200 0 0 0 0
1609372800 0 0 0 0
1609286400 0 0 0 0
1609200000 0 0 0 0
1609113600 0 0 0 0
1609027200 0 0 0 0
1608940800 0 0 0 0
1608854400 0 0 0 0
1608768000 0 0 0 0
1608681600 0 0 0 0
1608595200 0 0 0 0
1608508800 0 0 0 0
1608422400 0 0 0 0
1608336000 0 0 0 0
1608249600 0 0 0 0
1608163200 0 0 0 0
1608076800 0 0 0 0
1607990400 0 0 0 0
1607904000 0 0 0 0
1607817600 0 0 0 0
1607731200 0 0 0 0
1607644800 0 0 0 0
1607558400 0 0 0 0
1607472000 0 0 0 0
1607385600 0 0 0 0
1607299200 0 0 0 0
1607212800 0 0 0 0
1607126400 0 0 0 0
1607040000 0 0 0 0
1606953600 0 0 0 0
1606867200 0 0 0 0
1606780800 0 0 0 0
1606694400 0 0 0 0
1606608000 0 0 0 0
1606521600 0 0 0 0
1606435200 0 0 0 0
1606348800 0 0 0 0
1606262400 0 0 0 0
1606176000 0 0 0 0
1606089600 0 0 0 0
1606003200 0 0 0 0
1605916800 0 0 0 0
1605830400 0 0 0 0
1605744000 0 0 0 0
1605657600 0 0 0 0
1605571200 0 0 0 0
1605484800 0 0 0 0
1605398400 0 0 0 0
1605312000 0 0 0 0
1605225600 0 0 0 0
1605139200 0 0 0 0
1605052800 0 0 0 0
1604966400 0 0 0 0
1604880000 0 0 0 0
1604793600 0 0 0 0
1604707200 0 0 0 0
1604620800 0 0 0 0
1604534400 0 0 0 0
1604448000 0 0 0 0
1604361600 0 0 0 0
1604275200 0 0 0 0
1604188800 0 0 0 0
1604102400 0 0 0 0
1604016000 0 0 0 0
1603929600 0 0 0 0
1603843200 0 0 0 0
1603756800 0 0 0 0
1603670400 0 0 0 0
1603584000 0 0 0 0
1603497600 0 0 0 0
1603411200 0 0 0 0
1603324800 0 0 0 0
1603238400 0 0 0 0
1603152000 0 0 0 0
1603065600 0 0 0 0
1602979200 0 0 0 0
1602892800 0 0 0 0
1602806400 0 0 0 0
1602720000 0 0 0 0
1602633600 0 0 0 0
1602547200 0 0 0 0
1602460800 0 0 0 0
1602374400 0 0 0 0
1602288000 0 0 0 0
1602201600 0 0 0 0
1602115200 0 0 0 0
1602028800 0 0 0 0
1601942400 0 0 0 0
1601856000 0 0 0 0
1601769600 0 0 0 0
1601683200 0 0 0 0
1601596800 0 0 0 0
1601510400 0 0 0 0
1601424000 0 0 0 0
1601337600 0 0 0 0
1601251200 0 0 0 0
1601164800 0 0 0 0
1601078400 0 0 0 0
1600992000 0 0 0 0
1600905600 0 0 0 0
1600819200 0 0 0 0
1600732800 0 0 0 0
1600646400 0 0 0 0
1600560000 0 0 0 0
1600473600 0 0 0 0
1600387200 0 0 0 0
1600300800 0 0 0 0
1600214400 0 0 0 0
1600128000 0 0 0 0
1600041600 0 0 0 0
1599955200 0 0 0 0
1599868800 0 0 0 0
1599782400 0 0 0 0
1599696000 0 0 0 0
1599609600 0 0 0 0
1599523200 0 0 0 0
1599436800 0 0 0 0
1599350400 0 0 0 0
1599264000 0 0 0 0
1599177600 0 0 0 0
1599091200 0 0 0 0
1599004800 0 0 0 0
1598918400 0 0 0 0
1598832000 0 0 0 0
1598745600 0 0 0 0
1598659200 0 0 0 0
1598572800 0 0 0 0
1598486400 0 0 0 0
1598400000 0 0 0 0
1598313600 0 0 0 0
1598227200 0 0 0 0
1598140800 0 0 0 0
1598054400 0 0 0 0
1597968000 0 0 0 0
1597881600 0 0 0 0
1597795200 0 0 0 0
1597708800 0 0 0 0
1597622400 0 0 0 0
1597536000 0 0 0 0
1597449600 0 0 0 0
1597363200 0 0 0 0
1597276800 0 0 0 0
1597190400 0 0 0 0
1597104000 0 0 0 0
1597017600 0 0 0 0
1596931200 0 0 0 0
1596844800 0 0 0 0
1596758400 0 0 0 0
1596672000 0 0 0 0
1596585600 0 0 0 0
1596499200 0 0 0 0
1596412800 0 0 0 0
1596326400 0 0 0 0
1596240000 0 0 0 0
1596153600 0 0 0 0
1596067200 0 0 0 0
1595980800 0 0 0 0
1595894400 0 0 0 0
1595808000 0 0 0 0
1595721600 0 0 0 0
1595635200 0 0 0 0
1595548800 0 0 0 0
1595462400 0 0 0 0
1595376000 0 0 0 0
1595289600 0 0 0 0
1595203200 0 0 0 0
1595116800 0 0 0 0
1595030400 0 0 0 0
1594944000 0 0 0 0
1594857600 0 0 0 0
1594771200 0 0 0 0
1594684800 0 0 0 0
1594598400 0 0 0 0
1594512000 0 0 0 0
1594425600 0 0 0 0
1594339200 0 0 0 0
1594252800 0 0 0 0
1594166400 0 0 0 0
1594080000 0 0 0 0
1593993600 0 0 0 0
1593907200 0 0 0 0
1593820800 0 0 0 0
1593734400 0 0 0 0
1593648000 0 0 0 0
1593561600 0 0 0 0
1593475200 0 0 0 0
1593388800 0 0 0 0
1593302400 0 0 0 0
1593216000 0 0 0 0
1593129600 0 0 0 0
1593043200 0 0 0 0
1592956800 0 0 0 0
1592870400 0 0 0 0
1592784000 0 0 0 0
1592697600 0 0 0 0
1592611200 0 0 0 0
1592524800 0 0 0 0
1592438400 0 0 0 0
1592352000 0 0 0 0
1592265600 0 0 0 0
1592179200 0 0 0 0
1592092800 0 0 0 0
1592006400 0 0 0 0
1591920000 0 0 0 0
1591833600 0 0 0 0
1591747200 0 0 0 0
1591660800 0 0 0 0
1591574400 0 0 0 0
1591488000 0 0 0 0
1591401600 0 0 0 0
1591315200 0 0 0 0
1591228800 0 0 0 0
1591142400 0 0 0 0
1591056000 0 0 0 0
1590969600 0 0 0 0
1590883200 0 0 0 0
1590796800 0 0 0 0
1590710400 0 0 0 0
1590624000 0 0 0 0
1590537600 0 0 0 0
1590451200 0 0 0 0
1590364800 0 0 0 0
1590278400 0 0 0 0
1590192000 0 0 0 0
1590105600 0 0 0 0
1590019200 0 0 0 0
1589932800 0 0 0 0
1589846400 0 0 0 0
1589760000 0 0 0 0
1589673600 0 0 0 0
1589587200 0 0 0 0
1589500800 0 0 0 0
1589414400 0 0 0 0
1589328000 0 0 0 0
1589241600 0 0 0 0
1589155200 0 0 0 0
1589068800 0 0 0 0
1588982400 0 0 0 0
1588896000 0 0 0 0
1588809600 0 0 0 0
1588723200 0 0 0 0
1588636800 0 0 0 0
1588550400 0 0 0 0
1588464000 0 0 0 0
1588377600 0 0 0 0
1588291200 0 0 0 0
1588204800 0 0 0 0
1588118400 0 0 0 0
1588032000 0 0 0 0
1587945600 0 0 0 0
1587859200 0 0 0 0
1587772800 0 0 0 0
1587686400 0 0 0 0
1587600000 0 0 0 0
1587513600 0 0 0 0
1587427200 0 0 0 0
1587340800 0 0 0 0
1587254400 0 0 0 0
1587168000 0 0 0 0
1587081600 0 0 0 0
1586995200 0 0 0 0
1586908800 0 0 0 0
1586822400 0 0 0 0
1586736000 0 0 0 0
1586649600 0 0 0 0
1586563200 0 0 0 0
1586476800 0 0 0 0
1586390400 0 0 0 0
1586304000 0 0 0 0
1586217600 0 0 0 0
1586131200 0 0 0 0
1586044800 0 0 0 0
1585958400 0 0 0 0
1585872000 0 0 0 0
1585785600 0 0 0 0
1585699200 0 0 0 0
1585612800 0 0 0 0
1585526400 0 0 0 0
1585440000 0 0 0 0
1585353600 0 0 0 0
1585267200 0 0 0 0
1585180800 0 0 0 0
1585094400 0 0 0 0
1585008000 0 0 0 0
1584921600 0 0 0 0
1584835200 0 0 0 0
1584748800 0 0 0 0
1584662400 0 0 0 0
1584576000 0 0 0 0
1584489600 0 0 0 0
1584403200 0 0 0 0
1584316800 0 0 0 0
1584230400 0 0 0 0
1584144000 0 0 0 0
1584057600 0 0 0 0
1583971200 0 0 0 0
1583884800 0 0 0 0
1583798400 0 0 0 0
1583712000 0 0 0 0
1583625600 0 0 0 0
1583539200 0 0 0 0
1583452800 0 0 0 0
1583366400 0 0 0 0
1583280000 0 0 0 0
1583193600 0 0 0 0
1583107200 0 0 0 0
1583020800 0 0 0 0
1582934400 0 0 0 0
1582848000 0 0 0 0
1582761600 0 0 0 0
1582675200 0 0 0 0
1582588800 0 0 0 0
1582502400 0 0 0 0
1582416000 0 0 0 0
1582329600 0 0 0 0
1582243200 0 0 0 0
1582156800 0 0 0 0
1582070400 0 0 0 0
1581984000 0 0 0 0
1581897600 0 0 0 0
1581811200 0 0 0 0
1581724800 0 0 0 0
1581638400 0 0 0 0
1581552000 0 0 0 0
1581465600 0 0 0 0
1581379200 0 0 0 0
1581292800 0 0 0 0
1581206400 0 0 0 0
1581120000 0 0 0 0
1581033600 0 0 0 0
1580947200 0 0 0 0
1580860800 0 0 0 0
1580774400 0 0 0 0
1580688000 0 0 0 0
1580601600 0 0 0 0
1580515200 0 0 0 0
1580428800 0 0 0 0
1580342400 0 0 0 0
1580256000 0 0 0 0
1580169600 0 0 0 0
1580083200 0 0 0 0
1579996800 0 0 0 0
1579910400 0 0 0 0
1579824000 0 0 0 0
1579737600 0 0 0 0
1579651200 0 0 0 0
1579564800 0 0 0 0
1579478400 0 0 0 0
1579392000 0 0 0 0
1579305600 0 0 0 0
1579219200 0 0 0 0
1579132800 0 0 0 0
1579046400 0 0 0 0
1578960000 0 0 0 0
1578873600 0 0 0 0
1578787200 0 0 0 0
1578700800 0 0 0 0
1578614400 0 0 0 0
1578528000 0 0 0 0
1578441600 0 0 0 0
1578355200 0 0 0 0
1578268800 0 0 0 0
1578182400 0 0 0 0
1578096000 0 0 0 0
1578009600 0 0 0 0
1577923200 0 0 0 0
1577836800 0 0 0 0
1577750400 0 0 0 0
1577664000 0 0 0 0
1577577600 0 0 0 0
1577491200 0 0 0 0
1577404800 0 0 0 0
1577318400 0 0 0 0
1577232000 0 0 0 0
1577145600 0 0 0 0
1577059200 0 0 0 0
1576972800 0 0 0 0
1576886400 0 0 0 0
1576800000 0 0 0 0
1576713600 0 0 0 0
1576627200 0 0 0 0
1576540800 0 0 0 0
1576454400 0 0 0 0
1576368000 0 0 0 0
1576281600 0 0 0 0
1576195200 0 0 0 0
1576108800 0 0 0 0
1576022400 0 0 0 0
1575936000 0 0 0 0
1575849600 0 0 0 0
1575763200 0 0 0 0
1575676800 0 0 0 0
1575590400 0 0 0 0
1575504000 0 0 0 0
1575417600 0 0 0 0
1575331200 0 0 0 0
1575244800 0 0 0 0
1575158400 0 0 0 0
1575072000 0 0 0 0
1574985600 0 0 0 0
1574899200 0 0 0 0
1574812800 0 0 0 0
1574726400 0 0 0 0
1574640000 0 0 0 0
1574553600 0 0 0 0
1574467200 0 0 0 0
1574380800 0 0 0 0
1574294400 0 0 0 0
1574208000 0 0 0 0
1574121600 0 0 0 0
1574035200 0 0 0 0
1573948800 0 0 0 0
1573862400 0 0 0 0
1573776000 0 0 0 0
1573689600 0 0 0 0
1573603200 0 0 0 0
1573516800 0 0 0 0
1573430400 0 0 0 0
1573344000 0 0 0 0
1573257600 0 0 0 0
1573171200 0 0 0 0
1573084800 0 0 0 0
1572998400 0 0 0 0
1572912000 0 0 0 0
1572825600 0 0 0 0
1572739200 0 0 0 0
1572652800 0 0 0 0
1572566400 0 0 0 0
1572480000 0 0 0 0
1572393600 0 0 0 0
1572307200 0 0 0 0
1572220800 0 0 0 0
1572134400 0 0 0 0
1572048000 0 0 0 0
1571961600 0 0 0 0
1571875200 0 0 0 0
1571788800 0 0 0 0
1571702400 0 0 0 0
1571616000 0 0 0 0
1571529600 0 0 0 0
1571443200 0 0 0 0
1571356800 0 0 0 0
1571270400 0 0 0 0
1571184000 0 0 0 0
1571097600 0 0 0 0
1571011200 0 0 0 0
1570924800 0 0 0 0
1570838400 0 0 0 0
1570752000 0 0 0 0
1570665600 0 0 0 0
1570579200 0 0 0 0
1570492800 0 0 0 0
1570406400 0 0 0 0
1570320000 0 0 0 0
1570233600 0 0 0 0
1570147200 0 0 0 0
1570060800 0 0 0 0
1569974400 0 0 0 0
1569888000 0 0 0 0
1569801600 0 0 0 0
1569715200 0 0 0 0
1569628800 0 0 0 0
1569542400 0 0 0 0
1569456000 0 0 0 0
1569369600 0 0 0 0
1569283200 0 0 0 0
1569196800 0 0 0 0
1569110400 0 0 0 0
1569024000 0 0 0 0
1568937600 0 0 0 0
1568851200 0 0 0 0
1568764800 0 0 0 0
1568678400 0 0 0 0
1568592000 0 0 0 0
1568505600 0 0 0 0
1568419200 0 0 0 0
1568332800 0 0 0 0
1568246400 0 0 0 0
1568160000 0 0 0 0
1568073600 0 0 0 0
1567987200 0 0 0 0
1567900800 0 0 0 0
1567814400 0 0 0 0
1567728000 0 0 0 0
1567641600 0 0 0 0
1567555200 0 0 0 0
1567468800 0 0 0 0
1567382400 0 0 0 0
1567296000 0 0 0 0
1567209600 0 0 0 0
1567123200 0 0 0 0
1567036800 0 0 0 0
1566950400 0 0 0 0
1566864000 0 0 0 0
1566777600 0 0 0 0
1566691200 0 0 0 0
1566604800 0 0 0 0
1566518400 0 0 0 0
1566432000 0 0 0 0
1566345600 0 0 0 0
1566259200 0 0 0 0
1566172800 0 0 0 0
1566086400 0 0 0 0
1566000000 0 0 0 0
1565913600 0 0 0 0
1565827200 0 0 0 0
1565740800 0 0 0 0
1565654400 0 0 0 0
1565568000 0 0 0 0
1565481600 0 0 0 0
1565395200 0 0 0 0
1565308800 0 0 0 0
1565222400 0 0 0 0
1565136000 0 0 0 0
1565049600 0 0 0 0
1564963200 0 0 0 0
1564876800 0 0 0 0
1564790400 0 0 0 0
1564704000 0 0 0 0
1564617600 0 0 0 0
1564531200 0 0 0 0
1564444800 0 0 0 0
1564358400 0 0 0 0
1564272000 0 0 0 0
1564185600 0 0 0 0
1564099200 0 0 0 0
1564012800 0 0 0 0
1563926400 0 0 0 0
1563840000 0 0 0 0
1563753600 0 0 0 0
1563667200 0 0 0 0
1563580800 0 0 0 0
1563494400 0 0 0 0
1563408000 0 0 0 0
1563321600 0 0 0 0
1563235200 0 0 0 0
1563148800 0 0 0 0
1563062400 0 0 0 0
1562976000 0 0 0 0
1562889600 0 0 0 0
1562803200 0 0 0 0
1562716800 0 0 0 0
1562630400 0 0 0 0
1562544000 0 0 0 0
1562457600 0 0 0 0
1562371200 0 0 0 0
1562284800 0 0 0 0
1562198400 0 0 0 0
1562112000 0 0 0 0
1562025600 0 0 0 0
1561939200 0 0 0 0
1561852800 0 0 0 0
1561766400 0 0 0 0
1561680000 0 0 0 0
1561593600 0 0 0 0
1561507200 0 0 0 0
1561420800 0 0 0 0
1561334400 0 0 0 0
1561248000 0 0 0 0
1561161600 0 0 0 0
1561075200 0 0 0 0
1560988800 0 0 0 0
1560902400 0 0 0 0
1560816000 0 0 0 0
1560729600 0 0 0 0
1560643200 0 0 0 0
1560556800 0 0 0 0
1560470400 0 0 0 0
1560384000 0 0 0 0
1560297600 0 0 0 0
1560211200 0 0 0 0
1560124800 0 0 0 0
1560038400 0 0 0 0
1559952000 0 0 0 0
1559865600 0 0 0 0
1559779200 0 0 0 0
1559692800 0 0 0 0
1559606400 0 0 0 0
1559520000 0 0 0 0
1559433600 0 0 0 0
1559347200 0 0 0 0
1559260800 0 0 0 0
1559174400 0 0 0 0
1559088000 0 0 0 0
1559001600 0 0 0 0
1558915200 0 0 0 0
1558828800 0 0 0 0
1558742400 0 0 0 0
1558656000 0 0 0 0
1558569600 0 0 0 0
1558483200 0 0 0 0
1558396800 0 0 0 0
1558310400 0 0 0 0
1558224000 0 0 0 0
1558137600 0 0 0 0
1558051200 0 0 0 0
1557964800 0 0 0 0
1557878400 0 0 0 0
1557792000 0 0 0 0
1557705600 0 0 0 0
1557619200 0 0 0 0
1557532800 0 0 0 0
1557446400 0 0 0 0
1557360000 0 0 0 0
1557273600 0 0 0 0
1557187200 0 0 0 0
1557100800 0 0 0 0
1557014400 0 0 0 0
1556928000 0 0 0 0
1556841600 0 0 0 0
1556755200 0 0 0 0
1556668800 0 0 0 0
1556582400 0 0 0 0
1556496000 0 0 0 0
1556409600 0 0 0 0
1556323200 0 0 0 0
1556236800 0 0 0 0
1556150400 0 0 0 0
1556064000 0 0 0 0
1555977600 0 0 0 0
1555891200 0 0 0 0
1555804800 0 0 0 0
1555718400 0 0 0 0
1555632000 0 0 0 0
1555545600 0 0 0 0
1555459200 0 0 0 0
1555372800 0 0 0 0
1555286400 0 0 0 0
1555200000 0 0 0 0
1555113600 0 0 0 0
1555027200 0 0 0 0
1554940800 0 0 0 0
1554854400 0 0 0 0
1554768000 0 0 0 0
1554681600 0 0 0 0
1554595200 0 0 0 0
1554508800 0 0 0 0
1554422400 0 0 0 0
1554336000 0 0 0 0
1554249600 0 0 0 0
1554163200 0 0 0 0
1554076800 0 0 0 0
1553990400 0 0 0 0
1553904000 0 0 0 0
1553817600 0 0 0 0
1553731200 0 0 0 0
1553644800 0 0 0 0
1553558400 0 0 0 0
1553472000 0 0 0 0
1553385600 0 0 0 0
1553299200 0 0 0 0
1553212800 0 0 0 0
1553126400 0 0 0 0
1553040000 0 0 0 0
1552953600 0 0 0 0
1552867200 0 0 0 0
1552780800 0 0 0 0
1552694400 0 0 0 0
1552608000 0 0 0 0
1552521600 0 0 0 0
1552435200 0 0 0 0
1552348800 0 0 0 0
1552262400 0 0 0 0
1552176000 0 0 0 0
1552089600 0 0 0 0
1552003200 0 0 0 0
1551916800 0 0 0 0
1551830400 0 0 0 0
1551744000 0 0 0 0
1551657600 0 0 0 0
1551571200 0 0 0 0
1551484800 0 0 0 0
1551398400 0 0 0 0
1551312000 0 0 0 0
1551225600 0 0 0 0
1551139200 0 0 0 0
1551052800 0 0 0 0
1550966400 0 0 0 0
1550880000 0 0 0 0
1550793600 0 0 0 0
1550707200 0 0 0 0
1550620800 0 0 0 0
1550534400 0 0 0 0
1550448000 0 0 0 0
1550361600 0 0 0 0
1550275200 0 0 0 0
1550188800 0 0 0 0
1550102400 0 0 0 0
1550016000 0 0 0 0
1549929600 0 0 0 0
1549843200 0 0 0 0
1549756800 0 0 0 0
1549670400 0 0 0 0
1549584000 0 0 0 0
1549497600 0 0 0 0
1549411200 0 0 0 0
1549324800 0 0 0 0
1549238400 0 0 0 0
1549152000 0 0 0 0
1549065600 0 0 0 0
1548979200 0 0 0 0
1548892800 0 0 0 0
1548806400 0 0 0 0
1548720000 0 0 0 0
1548633600 0 0 0 0
1548547200 0 0 0 0
1548460800 0 0 0 0
1548374400 0 0 0 0
1548288000 0 0 0 0
1548201600 0 0 0 0
1548115200 0 0 0 0
1548028800 0 0 0 0
1547942400 0 0 0 0
1547856000 0 0 0 0
1547769600 0 0 0 0
1547683200 0 0 0 0
