1616464922 543475291 1240467332
1616464922 127 162 127 162
1616464022 127 162 127 162
1616463900 127 162 127 162
1616463600 127 162 127 162
1616463300 127 162 127 162
1616463000 127 162 127 162
1616462700 127 162 127 162
1616462400 127 162 127 162
1616462100 127 162 127 162
1616461800 127 162 127 162
1616461500 127 162 127 162
1616461200 127 162 127 162
1616460900 127 162 127 162
1616460600 127 162 127 162
1616460300 127 162 127 162
1616460000 127 162 127 162
1616459700 127 162 127 162
1616459400 127 162 127 162
1616459100 127 162 127 162
1616458800 127 162 127 162
1616458500 127 162 127 162
1616458200 127 162 127 162
1616457900 127 162 127 162
1616457600 127 162 127 162
1616457300 127 162 127 162
1616457000 127 162 127 162
1616456700 127 162 127 162
1616456400 127 162 127 162
1616456100 126 161 127 162
1616455800 125 160 125 160
1616455500 125 160 125 160
1616455200 126 161 128 164
1616454900 128 164 128 164
1616454600 128 164 128 164
1616454300 127 163 128 164
1616454000 127 162 127 162
1616453700 127 162 127 162
1616453400 127 162 127 162
1616453100 127 162 127 162
1616452800 127 162 127 162
1616452500 127 162 127 162
1616452200 127 162 127 162
1616451900 127 162 127 162
1616451600 127 162 127 162
1616451300 127 162 127 162
1616451000 127 162 127 162
1616450700 127 162 127 162
1616450400 127 162 127 162
1616450100 127 162 127 162
1616449800 127 162 127 162
1616449500 127 162 127 162
1616449200 127 162 127 162
1616448900 127 162 127 162
1616448600 127 162 127 162
1616448300 127 162 127 162
1616448000 127 162 127 162
1616447700 127 162 127 162
1616447400 127 162 127 162
1616447100 127 162 127 162
1616446800 127 162 127 162
1616446500 127 162 127 162
1616446200 127 162 127 162
1616445900 127 162 127 162
1616445600 127 162 127 162
1616445300 127 162 127 162
1616445000 127 162 127 162
1616444700 127 162 127 162
1616444400 127 162 127 162
1616444100 127 162 127 162
1616443800 127 162 127 162
1616443500 127 162 127 162
1616443200 127 162 127 162
1616442900 127 162 127 162
1616442600 126 161 127 162
1616442300 126 161 126 161
1616442000 126 161 126 161
1616441700 126 161 128 163
1616441400 128 163 128 163
1616441100 128 163 128 163
1616440800 127 162 128 163
1616440500 127 162 127 162
1616440200 127 162 127 162
1616439900 127 162 127 162
1616439600 127 162 127 162
1616439300 127 162 127 162
1616439000 127 162 127 162
1616438700 127 162 127 162
1616438400 127 162 127 162
1616438100 127 162 127 162
1616437800 127 162 127 162
1616437500 127 162 127 162
1616437200 863 896 1954 1982
1616436900 1954 1982 1954 1982
1616436600 1954 1982 1954 1982
1616436300 1211 1241 1954 1982
1616436000 128 162 128 162
1616435700 128 162 128 162
1616435400 127 162 128 162
1616435100 127 162 127 162
1616434800 127 162 127 162
1616434500 127 162 127 162
1616434200 127 162 127 162
1616433900 127 162 127 162
1616433600 127 162 127 162
1616433300 127 162 127 162
1616433000 127 162 127 162
1616432700 127 161 127 162
1616432400 127 161 127 161
1616432100 127 161 127 161
1616431800 127 161 127 162
1616431500 127 162 127 162
1616431200 127 162 127 162
1616430900 127 162 127 162
1616430600 127 162 127 162
1616430300 127 162 127 162
1616430000 127 162 127 162
1616429700 127 162 127 162
1616429400 127 162 127 162
1616429100 127 162 127 162
1616428800 127 162 127 162
1616428500 127 162 127 162
1616428200 127 161 127 162
1616427900 127 161 127 161
1616427600 127 161 127 161
1616427300 127 161 127 162
1616427000 127 162 127 162
1616426700 127 162 127 162
1616426400 127 162 127 162
1616426100 127 162 127 162
1616425800 127 162 127 162
1616425500 496 531 1035 1070
1616425200 1035 1070 1035 1070
1616424900 1035 1070 1035 1070
1616424600 668 703 1035 1070
1616424300 127 161 127 161
1616424000 127 161 127 161
1616423700 127 161 127 162
1616423400 127 162 127 162
1616423100 127 162 127 162
1616422800 127 162 127 162
1616422500 127 162 127 162
1616422200 127 162 127 162
1616421900 126 161 127 162
1616421600 125 160 125 160
1616421300 125 160 125 160
1616421000 126 161 129 164
1616420700 129 164 129 164
1616420400 129 164 129 164
1616420100 128 163 129 164
1616419800 127 162 127 162
1616419500 127 162 127 162
1616419200 127 162 127 162
1616418900 127 162 127 162
1616418600 127 162 127 162
1616418300 126 161 127 162
1616418000 126 160 126 160
1616417700 126 160 126 160
1616417400 126 160 127 162
1616417100 127 162 127 162
1616416800 127 162 127 162
1616416500 127 162 128 163
1616416200 128 163 128 163
1616415900 128 163 128 163
1616415600 128 162 128 163
1616415300 128 162 128 162
1616415000 128 162 128 162
1616414700 127 162 128 162
1616414400 127 162 127 162
1616414100 127 162 127 162
1616413800 127 162 127 162
1616413500 127 162 127 162
1616413200 127 162 127 162
1616412900 127 162 127 162
1616412600 127 162 127 162
1616412300 127 162 127 162
1616412000 127 162 127 162
1616411700 127 162 127 162
1616411400 127 162 127 162
1616411100 127 162 127 162
1616410800 127 162 127 162
1616410500 127 162 127 162
1616410200 127 162 127 162
1616409900 127 162 127 162
1616409600 127 162 127 162
1616409300 127 162 127 162
1616409000 127 162 127 162
1616408700 127 162 127 162
1616408400 127 162 127 162
1616408100 127 162 127 162
1616407800 127 162 127 162
1616407500 127 162 127 162
1616407200 127 162 127 162
1616406900 127 162 127 162
1616406600 126 162 127 162
1616406300 126 162 126 162
1616406000 126 162 126 162
1616405700 126 162 127 162
1616405400 127 162 127 162
1616405100 127 162 127 162
1616404800 127 162 127 162
1616404500 127 162 127 162
1616404200 127 162 127 162
1616403900 126 161 127 162
1616403600 125 160 125 160
1616403300 125 160 125 160
1616403000 126 161 128 163
1616402700 128 163 128 163
1616402400 128 163 128 163
1616402100 128 163 128 163
1616401800 128 163 128 163
1616401500 128 163 128 163
1616401200 127 162 128 163
1616400900 127 162 127 162
1616400600 127 162 127 162
1616400300 127 162 127 162
1616400000 127 162 127 162
1616399700 127 162 127 162
1616399400 126 161 127 162
1616399100 125 160 125 160
1616398800 125 160 125 160
1616398500 126 161 129 164
1616398200 129 164 129 164
1616397900 129 164 129 164
1616397600 128 163 129 164
1616397300 127 162 127 162
1616397000 127 162 127 162
1616396700 127 162 127 162
1616396400 127 162 127 162
1616396100 127 162 127 162
1616395800 127 162 127 162
1616395500 127 162 127 162
1616395200 127 162 127 162
1616394900 127 162 127 162
1616394600 127 162 127 162
1616394300 127 162 127 162
1616394000 127 162 127 162
1616393700 127 162 127 162
1616393400 127 162 127 162
1616393100 127 162 127 162
1616392800 127 162 127 162
1616392500 127 162 127 162
1616392200 128 162 130 162
1616391900 130 162 130 162
1616391600 130 162 130 162
1616391300 127 161 130 162
1616391000 125 160 125 160
1616390700 125 160 125 160
1616390400 126 161 129 164
1616390100 129 164 129 164
1616389800 129 164 129 164
1616389500 127 162 129 164
1616389200 125 160 125 160
1616388900 125 160 125 160
1616388600 127 162 132 166
1616388300 132 166 132 166
1616388000 132 166 132 166
1616387700 130 165 132 166
1616387400 128 164 128 164
1616387100 128 164 128 164
1616386800 127 163 128 164
1616386500 127 162 127 162
1616386200 127 162 127 162
1616385900 128 164 130 167
1616385600 130 167 130 167
1616385300 130 167 130 167
1616385000 129 165 130 167
1616384700 128 163 128 163
1616384400 128 163 128 163
1616384100 127 162 128 163
1616383800 127 162 127 162
1616383500 127 162 127 162
1616383200 127 161 127 162
1616382900 127 160 127 160
1616382600 127 160 127 160
1616382300 127 161 128 163
1616382000 128 163 128 163
1616381700 128 163 128 163
1616381400 127 162 128 163
1616381100 127 162 127 162
1616380800 127 162 127 162
1616380500 128 163 130 165
1616380200 130 165 130 165
1616379900 130 165 130 165
1616379600 128 163 130 165
1616379300 127 162 127 162
1616379000 127 162 127 162
1616378700 131 162 138 162
1616378400 138 162 138 162
1616378100 138 162 138 162
1616377800 144 162 155 162
1616377500 155 162 155 162
1616377200 155 162 155 162
1616376900 143 162 155 162
1616376600 127 162 127 162
1616376300 127 162 127 162
1616376000 127 162 127 162
1616375700 127 162 127 162
1616375400 127 162 127 162
1616375100 126 161 127 162
1616374800 125 160 125 160
1616374500 125 160 125 160
1616374200 126 161 129 164
1616373900 129 164 129 164
1616373600 129 164 129 164
1616373300 128 163 129 164
1616373000 127 162 127 162
1616372700 127 162 127 162
1616372400 131 162 138 162
1616372100 138 162 138 162
1616371800 138 162 138 162
1616371500 133 162 138 162
1616371200 127 162 127 162
1616370900 127 162 127 162
1616370600 127 162 127 162
1616370300 127 162 127 162
1616370000 127 162 127 162
1616369700 129 162 134 162
1616369400 134 162 134 162
1616369100 134 162 134 162
1616368800 131 162 134 162
1616368500 127 162 127 162
1616368200 127 162 127 162
1616367900 127 162 127 162
1616367600 127 162 127 162
1616367300 127 162 127 162
1616367000 127 161 127 162
1616366700 127 161 127 161
1616366400 127 161 127 161
1616366100 493 527 1035 1070
1616365800 1035 1070 1035 1070
1616365500 1035 1070 1035 1070
1616365200 666 701 1035 1070
1616364900 129 164 129 164
1616364600 129 164 129 164
1616364300 128 163 129 164
1616364000 127 162 127 162
1616363700 127 162 127 162
1616363400 127 162 127 162
1616363100 127 162 127 162
1616362800 127 162 127 162
1616362500 126 161 127 162
1616362200 125 160 125 160
1616361900 125 160 125 160
1616361600 126 161 128 163
1616361300 128 163 128 163
1616361000 128 163 128 163
1616360700 127 162 128 163
1616360400 127 162 127 162
1616360100 127 162 127 162
1616359800 127 162 127 162
1616359500 127 162 127 162
1616359200 127 162 127 162
1616358900 1975 2010 4672 4707
1616358600 4672 4707 4672 4707
1616358300 4672 4707 4672 4707
1616358000 3931 3966 4672 4707
1616357700 2851 2885 2851 2885
1616357400 2851 2885 2851 2885
1616357100 1752 1786 2851 2885
1616356800 127 162 127 162
1616356500 127 162 127 162
1616356200 127 162 127 162
1616355900 127 162 127 162
1616355600 127 162 127 162
1616355300 127 162 127 162
1616355000 127 162 127 162
1616354700 127 162 127 162
1616354400 127 162 127 162
1616354100 127 162 127 162
1616353800 127 162 127 162
1616353500 127 161 127 162
1616353200 127 161 127 161
1616352900 127 161 127 161
1616352600 127 161 127 162
1616352300 127 162 127 162
1616352000 127 162 127 162
1616351700 127 162 127 162
1616351400 127 162 127 162
1616351100 127 162 127 162
1616350800 127 162 127 162
1616350500 127 162 127 162
1616350200 127 162 127 162
1616349900 127 161 127 162
1616349600 127 161 127 161
1616349300 127 161 127 161
1616349000 127 161 127 162
1616348700 127 162 127 162
1616348400 127 162 127 162
1616348100 127 162 127 162
1616347800 127 162 127 162
1616347500 127 162 127 162
1616347200 127 162 127 162
1616346900 127 162 127 162
1616346600 127 162 127 162
1616346300 127 162 127 162
1616346000 127 162 127 162
1616345700 127 162 127 162
1616345400 127 162 127 162
1616345100 127 162 127 162
1616344800 127 162 127 162
1616344500 127 162 127 162
1616344200 127 162 127 162
1616343900 127 162 127 162
1616343600 127 162 127 162
1616343300 127 162 127 162
1616343000 127 162 127 162
1616342700 127 161 127 162
1616342400 127 161 127 161
1616342100 127 161 127 161
1616341800 127 161 127 162
1616341500 127 162 127 162
1616341200 127 162 127 162
1616340900 127 162 127 162
1616340600 127 162 127 162
1616340300 127 162 127 162
1616340000 126 161 127 162
1616339700 126 161 126 161
1616339400 126 161 126 161
1616339100 126 161 128 162
1616338800 128 162 128 162
1616338500 128 162 128 162
1616338200 127 162 128 162
1616337900 127 162 127 162
1616337600 127 162 127 162
1616337300 127 162 127 162
1616337000 127 162 127 162
1616336700 127 162 127 162
1616336400 126 161 127 162
1616336100 126 161 126 161
1616335800 126 161 126 161
1616335500 126 161 128 162
1616335200 128 162 128 162
1616334900 128 162 128 162
1616334600 127 161 128 162
1616334300 127 161 127 161
1616334000 127 161 127 161
1616333700 127 161 127 162
1616333400 127 162 127 162
1616333100 127 162 127 162
1616332800 126 162 127 162
1616332500 126 162 126 162
1616332200 126 162 126 162
1616331900 126 162 127 162
1616331600 127 162 127 162
1616331300 127 162 127 162
1616331000 127 162 127 163
1616330700 127 163 127 163
1616330400 127 163 127 163
1616330100 127 161 127 163
1616329800 127 160 127 160
1616329500 127 160 127 160
1616329200 126 160 127 161
1616328900 126 161 126 161
1616328600 126 161 126 161
1616328300 126 161 127 162
1616328000 127 162 127 162
1616327700 127 162 127 162
1616327400 127 162 127 162
1616327100 127 162 127 162
1616326800 127 162 127 162
1616326500 127 161 127 162
1616326200 127 161 127 161
1616325900 127 161 127 161
1616325600 127 161 127 162
1616325300 127 162 127 162
1616325000 127 162 127 162
1616324700 127 162 127 162
1616324400 127 162 127 162
1616324100 127 162 127 162
1616323800 127 162 127 162
1616323500 127 162 127 162
1616323200 127 162 127 162
1616322900 126 161 127 162
1616322600 126 161 126 161
1616322300 126 161 126 161
1616322000 126 161 128 163
1616321700 128 163 128 163
1616321400 128 163 128 163
1616321100 127 161 128 163
1616320800 126 160 126 160
1616320500 126 160 126 160
1616320200 126 161 128 163
1616319900 128 163 128 163
1616319600 128 163 128 163
1616319300 127 162 128 163
1616319000 127 162 127 162
1616318700 127 162 127 162
1616318400 127 162 127 162
1616318100 127 162 127 162
1616317800 127 162 127 162
1616317500 126 161 127 162
1616317200 125 160 125 160
1616316900 125 160 125 160
1616316600 126 161 128 163
1616316300 128 163 128 163
1616316000 128 163 128 163
1616315700 127 162 128 163
1616315400 127 162 127 162
1616315100 127 162 127 162
1616314800 127 162 127 162
1616314500 127 162 127 162
1616314200 127 162 127 162
1616313900 126 161 127 162
1616313600 125 160 125 160
1616313300 125 160 125 160
1616313000 126 161 129 164
1616312700 129 164 129 164
1616312400 129 164 129 164
1616312100 128 163 129 164
1616311800 127 162 127 162
1616311500 127 162 127 162
1616311200 127 162 127 162
1616310900 127 162 127 162
1616310600 127 162 127 162
1616310300 127 162 127 162
1616310000 127 162 127 162
1616309700 127 162 127 162
1616309400 127 162 127 162
1616309100 127 162 127 162
1616308800 127 162 127 162
1616308500 127 162 127 162
1616308200 127 162 127 162
1616307900 127 162 127 162
1616307600 126 161 127 162
1616307300 125 160 125 160
1616307000 125 160 125 160
1616306700 125 160 127 162
1616306400 127 162 127 162
1616306100 127 162 127 162
1616305800 127 162 128 163
1616305500 128 163 128 163
1616305200 128 163 128 163
1616304900 127 162 128 163
1616304600 127 162 127 162
1616304300 127 162 127 162
1616304000 127 162 127 162
1616303700 127 162 127 162
1616303400 127 162 127 162
1616303100 127 162 127 162
1616302800 127 162 127 162
1616302500 127 162 127 162
1616302200 127 162 127 162
1616301900 127 162 127 162
1616301600 127 162 127 162
1616301300 126 160 127 162
1616301000 125 159 125 159
1616300700 125 159 125 159
1616300400 126 161 129 164
1616300100 129 164 129 164
1616299800 129 164 129 164
1616299500 128 163 129 164
1616299200 127 162 127 162
1616298900 127 162 127 162
1616298600 127 162 127 162
1616298300 127 162 127 162
1616298000 127 162 127 162
1616297700 126 161 127 162
1616297400 126 161 126 161
1616297100 126 161 126 161
1616296800 126 161 127 162
1616296500 127 162 127 162
1616296200 127 162 127 162
1616295900 127 162 127 162
1616295600 127 162 127 162
1616295300 127 162 127 162
1616295000 127 161 129 162
1616294700 129 161 129 161
1616294400 129 161 129 161
1616294100 128 161 129 162
1616293800 127 162 127 162
1616293500 127 162 127 162
1616293200 127 162 127 162
1616292900 127 162 127 162
1616292600 127 162 127 162
1616292300 127 162 127 162
1616292000 127 162 127 162
1616291700 127 162 127 162
1616291400 127 162 127 162
1616291100 127 162 127 162
1616290800 127 162 127 162
1616290500 127 162 127 162
1616290200 127 162 127 162
1616289900 127 162 127 162
1616289600 127 161 127 162
1616289300 127 161 127 161
1616289000 127 161 127 161
1616288700 127 161 127 162
1616288400 127 162 127 162
1616288100 127 162 127 162
1616287800 127 162 127 162
1616287500 127 162 127 162
1616287200 127 162 127 162
1616286900 126 160 127 162
1616286600 125 159 125 159
1616286300 125 159 125 159
1616286000 126 161 129 164
1616285700 129 164 129 164
1616285400 129 164 129 164
1616285100 128 163 129 164
1616284800 127 162 127 162
1616284500 127 162 127 162
1616284200 127 162 127 162
1616283000 127 162 127 162
1616281200 127 162 127 162
1616279400 127 162 127 162
1616277600 126 161 127 162
1616275800 126 161 128 163
1616274000 126 161 127 162
1616272200 126 161 128 163
1616270400 127 162 127 162
1616268600 127 161 128 162
1616266800 126 161 132 168
1616265000 140 175 149 185
1616263200 127 162 127 162
1616261400 127 161 127 162
1616259600 127 161 127 162
1616257800 127 162 127 162
1616256000 127 162 127 162
1616254200 126 161 127 162
1616252400 126 161 127 162
1616250600 126 161 127 162
1616248800 127 162 127 162
1616247000 125 160 129 163
1616245200 127 162 129 163
1616243400 127 162 127 162
1616241600 127 162 127 162
1616239800 127 162 127 162
1616238000 127 162 127 162
1616236200 127 162 127 162
1616234400 127 162 127 162
1616232600 127 162 127 162
1616230800 125 160 128 163
1616229000 127 162 128 163
1616227200 127 162 127 162
1616225400 125 160 129 163
1616223600 127 161 129 163
1616221800 126 161 128 164
1616220000 127 162 129 164
1616218200 127 162 127 162
1616216400 127 162 127 162
1616214600 127 162 127 162
1616212800 127 162 127 162
1616211000 127 162 127 162
1616209200 127 161 127 162
1616207400 125 160 129 163
1616205600 127 162 129 163
1616203800 126 161 127 162
1616202000 127 161 129 164
1616200200 127 162 127 162
1616198400 127 162 127 162
1616196600 126 161 127 162
1616194800 127 161 129 163
1616193000 126 161 127 162
1616191200 126 162 128 164
1616189400 127 161 127 162
1616187600 127 162 127 162
1616185800 127 162 127 162
1616184000 125 160 128 163
1616182200 127 161 128 163
1616180400 126 161 127 162
1616178600 587 620 1050 1082
1616176800 127 162 127 162
1616175000 127 162 127 162
1616173200 127 162 127 162
1616171400 2067 2102 3763 3798
1616169600 1040 1073 1948 1980
1616167800 913 947 1944 1978
1616166000 127 162 127 162
1616164200 127 162 127 162
1616162400 125 160 128 163
1616160600 127 162 128 163
1616158800 126 161 127 162
1616157000 127 162 129 164
1616155200 127 162 127 162
1616153400 127 162 127 162
1616151600 127 162 127 162
1616149800 125 160 128 163
1616148000 127 162 128 163
1616146200 126 161 127 162
1616144400 126 161 128 163
1616142600 127 162 127 162
1616140800 127 162 127 162
1616139000 127 162 127 162
1616137200 127 162 127 162
1616135400 126 161 127 162
1616133600 126 161 129 164
1616131800 126 162 128 162
1616130000 126 162 128 162
1616128200 127 162 127 162
1616126400 127 162 127 162
1616124600 126 161 127 162
1616122800 127 161 129 164
1616121000 127 161 127 162
1616119200 126 161 128 163
1616117400 127 162 128 163
1616115600 127 162 127 162
1616113800 125 160 128 163
1616112000 126 161 129 164
1616110200 127 162 129 164
1616108400 127 162 127 162
1616106600 1159 1194 1948 1982
1616104800 1946 1980 1949 1980
1616103000 1037 1070 1949 1980
1616101200 912 947 1943 1977
1616099400 127 162 127 162
1616097600 127 162 127 162
1616095800 126 161 127 162
1616094000 127 162 129 164
1616092200 127 162 127 162
1616090400 127 162 127 162
1616088600 127 162 127 162
1616086800 127 162 127 162
1616085000 127 162 127 162
1616083200 126 161 128 163
1616081400 126 161 128 163
1616079600 125 160 129 164
1616077800 127 162 129 164
1616076000 126 161 127 162
1616074200 127 162 127 162
1616072400 126 161 127 162
1616070600 126 161 128 163
1616068800 127 161 127 162
1616067000 127 162 127 162
1616065200 127 162 127 162
1616063400 127 162 127 162
1616061600 127 162 127 162
1616059800 126 161 127 162
1616058000 126 161 128 163
1616056200 126 161 127 162
1616054400 127 162 129 164
1616052600 127 160 127 163
1616050800 127 162 127 163
1616049000 126 161 127 162
1616047200 127 160 129 164
1616045400 127 162 127 162
1616043600 581 616 1037 1072
1616041800 580 615 1034 1069
1616040000 189 224 1036 1071
1616038200 2399 2434 3762 3797
1616036400 524 560 1044 1079
1616034600 1447 1480 12857 12887
1616032800 12322 12356 12888 12925
1616031000 2094 2128 4678 4712
1616029200 131 162 135 164
1616027400 249 284 1943 1978
1616025600 1102 1134 2854 2889
1616023800 1366 1401 2854 2889
1616022000 520 554 1040 1072
1616020200 127 162 128 162
1616018400 249 284 1945 1980
1616016600 916 951 1945 1980
1616014800 253 284 1947 1981
1616013000 913 947 1947 1981
1616011200 127 161 129 164
1616009400 127 162 128 162
1616007600 127 162 128 162
1616005800 127 162 127 162
1616004000 249 284 1945 1980
1616002200 1367 1401 1945 1980
1616000400 126 161 127 162
1615998600 126 161 127 162
1615996800 127 162 127 162
1615995000 127 162 127 162
1615993200 127 162 127 162
1615991400 1035 1070 1944 1980
1615989600 127 162 127 162
1615987800 127 162 127 162
1615986000 188 223 1036 1071
1615984200 519 554 1036 1071
1615982400 126 161 139 176
1615980600 131 168 139 176
1615978800 127 162 127 162
1615977000 127 162 127 162
1615975200 127 162 127 162
1615973400 126 161 128 163
1615971600 127 162 128 163
1615969800 127 162 127 162
1615968000 127 162 129 165
1615966200 374 409 3766 3802
1615964400 2916 2952 4672 4707
1615962600 2090 2125 4672 4707
1615960800 126 161 128 163
1615959000 127 161 127 162
1615957200 450 496 4683 4721
1615955400 2097 2133 4683 4721
1615953600 131 168 139 178
1615951800 137 173 147 184
1615950000 257 294 1998 2039
1615948200 935 973 1998 2039
1615946400 127 162 129 163
1615944600 1741 1774 3770 3799
1615942800 2156 2189 3770 3799
1615941000 130 166 136 172
1615939200 127 162 129 163
1615937400 557 593 6490 6526
1615935600 2878 2913 6490 6526
1615933800 133 166 141 171
1615932000 152 189 173 211
1615930200 131 167 138 176
1615928400 136 167 144 172
1615926600 128 163 130 163
1615924800 127 163 127 163
1615923000 581 617 1036 1072
1615921200 127 163 129 165
1615919400 127 163 127 163
1615917600 129 166 133 171
1615915800 132 162 138 163
1615914000 127 162 127 163
1615912200 127 163 127 163
1615910400 126 162 128 164
1615908600 188 224 1036 1072
1615906800 519 555 1036 1072
1615905000 126 162 128 164
1615903200 127 163 128 164
1615901400 127 163 127 163
1615899600 127 163 127 163
1615897800 127 163 127 163
1615896000 126 162 128 164
1615894200 127 163 128 164
1615892400 127 163 127 163
1615890600 125 161 129 165
1615888800 127 163 129 165
1615887000 127 163 127 163
1615885200 127 163 127 163
1615883400 126 162 127 163
1615881600 126 162 128 164
1615879800 126 162 127 163
1615878000 126 162 128 164
1615876200 127 163 127 163
1615874400 127 163 127 163
1615872600 127 163 127 163
1615870800 188 224 1035 1071
1615869000 519 555 1035 1071
1615867200 129 165 163 201
1615865400 145 181 163 201
1615863600 1098 1134 1947 1983
1615861800 531 568 1051 1090
1615860000 193 223 1037 1074
1615858200 2339 2374 3765 3800
1615856400 188 224 1040 1077
1615854600 523 557 1040 1077
1615852800 127 163 127 163
1615851000 127 162 127 163
1615849200 126 162 127 163
1615847400 126 162 128 163
1615845600 126 162 127 163
1615843800 126 161 128 164
1615842000 126 162 128 164
1615840200 126 162 127 163
1615838400 126 163 128 165
1615836600 127 162 127 163
1615834800 127 162 127 163
1615833000 581 616 1036 1071
1615831200 126 162 127 163
1615829400 581 616 1038 1074
1615827600 188 223 1036 1072
1615825800 620 659 1090 1131
1615824000 542 581 1090 1131
1615822200 127 162 127 163
1615820400 126 162 127 163
1615818600 126 163 127 163
1615816800 127 162 127 163
1615815000 127 162 127 163
1615813200 127 162 127 163
1615811400 127 162 127 163
1615809600 127 163 127 163
1615807800 125 161 129 164
1615806000 127 162 129 164
1615804200 126 162 128 164
1615802400 125 161 128 164
1615800600 127 162 128 164
1615798800 127 162 127 163
1615797000 127 162 127 163
1615795200 127 162 127 163
1615793400 127 163 127 163
1615791600 126 162 127 163
1615789800 127 162 127 163
1615788000 126 162 127 163
1615786200 126 162 128 164
1615784400 126 162 127 162
1615782600 126 162 127 164
1615780800 126 162 127 163
1615779000 126 162 128 164
1615777200 582 616 1038 1071
1615775400 127 162 127 163
1615773600 127 162 127 163
1615771800 127 162 127 163
1615770000 126 162 127 163
1615768200 126 162 127 163
1615766400 127 163 129 165
1615764600 127 162 127 162
1615762800 127 162 127 163
1615761000 125 161 129 164
1615759200 257 293 1945 1981
1615757400 1367 1403 1945 1981
1615755600 581 617 1036 1072
1615753800 125 161 129 165
1615752000 593 629 1056 1093
1615750200 132 169 142 179
1615748400 127 163 130 167
1615746600 127 163 130 167
1615744800 127 163 128 164
1615743000 127 163 127 163
1615741200 127 163 127 163
1615739400 127 163 127 163
1615737600 127 163 127 163
1615735800 127 163 127 163
1615734000 127 163 127 163
1615732200 127 163 127 163
1615730400 125 161 129 165
1615728600 127 163 129 165
1615726800 127 163 127 163
1615725000 127 163 127 163
1615723200 127 163 127 163
1615721400 127 163 127 163
1615719600 127 163 127 163
1615717800 127 163 127 163
1615716000 126 162 128 164
1615714200 126 162 128 164
1615712400 127 163 128 164
1615710600 127 163 127 163
1615708800 197 233 1043 1072
1615707000 2587 2620 3763 3799
1615705200 2153 2189 3763 3799
1615703400 130 166 177 215
1615701600 148 185 177 215
1615699800 126 162 127 163
1615698000 581 617 1038 1074
1615696200 127 163 127 163
1615694400 127 163 127 163
1615692600 127 163 127 163
1615690800 127 163 127 163
1615689000 127 163 127 163
1615687200 127 163 127 163
1615685400 125 161 129 165
1615683600 127 163 129 165
1615681800 125 161 129 165
1615680000 127 163 129 165
1615678200 127 163 127 163
1615676400 127 163 127 163
1615674600 127 163 127 163
1615672800 125 161 129 165
1615671000 189 225 1035 1070
1615669200 520 555 1035 1070
1615667400 127 163 127 163
1615665600 127 163 127 163
1615663800 127 163 127 163
1615662000 127 162 127 163
1615660200 249 285 1945 1981
1615658400 912 948 1945 1981
1615656600 127 163 136 172
1615654800 130 166 136 172
1615653000 127 163 127 163
1615651200 127 163 127 163
1615649400 127 163 127 163
1615647600 126 162 127 163
1615645800 126 162 127 163
1615644000 127 163 127 163
1615642200 125 161 129 165
1615640400 126 162 129 166
1615638600 127 164 129 166
1615636800 126 162 127 163
1615635000 127 163 127 163
1615633200 127 163 127 163
1615631400 127 163 127 163
1615629600 126 162 128 163
1615627800 127 163 128 163
1615626000 126 162 127 163
1615624200 126 162 128 163
1615622400 127 162 127 163
1615620600 126 162 129 164
1615618800 127 163 129 164
1615617000 127 163 127 163
1615615200 127 163 127 163
1615613400 127 163 127 163
1615611600 126 162 128 164
1615609800 127 163 128 164
1615608000 127 163 127 163
1615606200 126 162 127 163
1615604400 127 163 129 165
1615602600 127 163 127 163
1615600800 127 163 127 163
1615599000 126 162 127 163
1615597200 127 163 129 165
1615595400 127 163 127 163
1615593600 127 163 127 163
1615591800 127 163 127 163
1615590000 126 162 133 164
1615588200 129 163 133 164
1615586400 130 163 132 163
1615584600 127 163 129 163
1615582800 126 163 127 163
1615581000 127 163 128 163
1615579200 126 163 128 163
1615577400 125 161 129 165
1615575600 128 163 129 165
1615573800 127 163 127 163
1615572000 127 163 127 163
1615570200 126 162 127 163
1615568400 127 163 129 165
1615566600 127 163 127 163
1615564800 127 163 127 163
1615563000 127 163 127 163
1615561200 126 162 128 164
1615559400 126 162 128 164
1615557600 126 162 128 164
1615555800 126 162 127 163
1615554000 127 163 129 165
1615552200 127 162 127 163
1615550400 127 162 127 164
1615548600 127 163 127 163
1615546800 127 163 127 163
1615545000 127 163 127 163
1615543200 127 163 127 163
1615541400 127 163 127 163
1615539600 127 163 127 163
1615537800 125 161 129 165
1615536000 127 163 129 165
1615534200 127 163 127 163
1615532400 127 163 127 163
1615530600 127 163 127 163
1615528800 130 167 134 172
1615527000 249 285 1945 1981
1615525200 911 947 1945 1981
1615523400 127 163 128 163
1615521600 127 163 127 163
1615519800 127 163 127 163
1615518000 127 163 127 163
1615516200 127 162 127 163
1615514400 127 162 127 163
1615512600 127 163 127 163
1615510800 127 163 127 163
1615509000 128 164 148 185
1615507200 135 171 148 185
1615505400 127 163 129 164
1615503600 127 163 127 163
1615501800 127 163 127 163
1615500000 581 617 1037 1073
1615498200 127 162 129 165
1615496400 127 163 127 163
1615494600 127 163 128 163
1615492800 127 163 128 163
1615491000 127 163 127 163
1615489200 127 163 127 163
1615487400 126 162 127 163
1615485600 127 162 129 164
1615483800 127 163 127 163
1615482000 127 163 127 163
1615480200 127 162 127 163
1615478400 127 162 128 164
1615476600 127 163 127 163
1615474800 126 162 127 163
1615473000 126 162 127 163
1615471200 127 163 127 163
1615469400 127 163 128 163
1615467600 127 163 128 163
1615465800 127 163 127 163
1615464000 126 162 128 164
1615462200 127 163 128 164
1615460400 127 163 127 163
1615458600 126 162 127 163
1615456800 127 163 129 165
1615455000 126 162 127 163
1615453200 126 162 128 164
1615451400 127 163 127 163
1615449600 127 163 127 163
1615447800 127 163 127 163
1615446000 127 163 127 163
1615444200 127 163 127 163
1615442400 127 163 127 163
1615440600 127 163 127 163
1615438800 126 162 127 163
1615437000 126 162 128 164
1615435200 126 162 128 163
1615433400 126 163 128 165
1615431600 127 163 128 163
1615429800 126 162 127 163
1615428000 126 162 128 164
1615426200 127 163 128 164
1615424400 127 163 128 163
1615422600 127 163 127 163
1615420800 125 161 129 165
1615419000 127 163 129 165
1615417200 127 163 127 163
1615415400 127 163 128 163
1615413600 126 161 128 163
1615411800 127 162 128 164
1615410000 250 286 1945 1981
1615408200 1821 1857 1945 1981
1615406400 126 161 129 165
1615404600 127 163 129 165
1615402800 127 163 127 163
1615401000 127 163 128 163
1615399200 127 163 128 163
1615397400 127 163 127 163
1615395600 126 163 128 163
1615393800 127 163 128 163
1615392000 127 163 127 163
1615390200 127 163 128 163
1615388400 126 162 128 163
1615386600 126 162 128 163
1615384800 127 163 127 163
1615383000 126 162 127 163
1615381200 126 162 128 164
1615379400 126 163 128 163
1615377600 127 163 127 163
1615375800 126 162 127 163
1615374000 126 162 128 164
1615372200 127 163 127 163
1615370400 125 161 129 165
1615368600 127 163 129 165
1615366800 126 162 128 164
1615365000 581 617 1036 1072
1615363200 188 224 1036 1072
1615361400 642 678 1945 1981
1615359600 1367 1403 1945 1981
1615357800 2399 2435 4667 4703
1615356000 704 740 1945 1981
1615354200 912 948 1945 1981
1615352400 1490 1526 2855 2891
1615350600 127 162 133 168
1615348800 129 164 133 168
1615347000 127 163 127 163
1615345200 127 163 127 163
1615343400 127 163 127 163
1615341600 127 163 127 163
1615339800 127 163 127 163
1615338000 127 163 127 163
1615336200 127 163 127 163
1615334400 126 162 128 164
1615332600 127 163 128 164
1615330800 127 163 128 164
1615329000 127 163 127 163
1615327200 187 223 1036 1072
1615325400 520 556 1036 1072
1615323600 127 163 127 163
1615321800 126 162 127 163
1615320000 127 163 129 165
1615318200 127 163 127 163
1615316400 127 163 127 163
1615314600 127 163 127 163
1615312800 127 163 127 163
1615311000 127 163 127 163
1615309200 126 162 127 163
1615307400 127 163 129 165
1615305600 126 163 127 163
1615303800 126 163 127 163
1615302000 127 163 127 163
1615300200 127 163 127 163
1615298400 127 163 127 163
1615296600 127 163 127 163
1615294800 126 162 127 163
1615293000 126 162 128 164
1615291200 125 161 129 165
1615289400 127 163 129 165
1615287600 127 163 127 163
1615285800 127 163 127 163
1615284000 127 163 127 163
1615282200 127 163 127 163
1615280400 127 163 127 163
1615278600 126 162 127 163
1615276800 127 163 129 165
1615275000 127 163 127 163
1615273200 127 163 127 163
1615271400 127 163 127 163
1615269600 126 162 127 163
1615267800 127 163 129 165
1615266000 127 163 127 163
1615264200 127 163 127 163
1615262400 127 163 127 163
1615260600 126 162 127 163
1615258800 125 161 129 165
1615257000 127 163 129 165
1615255200 127 163 127 163
1615253400 126 162 134 170
1615251600 130 166 134 170
1615249800 127 163 128 163
1615248000 127 163 128 163
1615246200 127 163 127 163
1615244400 127 163 127 163
1615242600 127 163 127 163
1615240800 127 163 127 163
1615239000 250 285 1949 1981
1615237200 913 947 1949 1981
1615235400 127 163 129 165
1615233600 127 163 127 163
1615231800 127 163 127 163
1615230000 127 163 127 163
1615228200 126 162 127 163
1615226400 127 163 129 165
1615224600 127 163 127 163
1615222800 126 162 127 163
1615221000 126 162 128 165
1615219200 1036 1071 1947 1983
1615217400 127 163 127 163
1615215600 127 163 127 163
1615213800 127 163 127 163
1615212000 126 162 128 164
1615210200 126 162 128 164
1615208400 127 163 128 164
1615206600 127 163 127 163
1615204800 127 163 127 163
1615203000 126 161 129 165
1615197600 126 162 129 165
1615190400 126 162 129 165
1615183200 126 162 129 164
1615176000 126 162 129 165
1615168800 127 163 128 163
1615161600 126 162 129 165
1615154400 238 274 1036 1071
1615147200 123 159 127 162
1615140000 124 160 127 162
1615132800 124 160 125 161
1615125600 124 159 125 160
1615118400 124 160 126 162
1615111200 124 160 125 160
1615104000 124 159 127 162
1615096800 123 159 127 162
1615089600 124 160 127 160
1615082400 125 160 138 161
1615075200 125 162 134 175
1615068000 502 538 2852 2887
1615060800 1797 1832 3761 3796
1615053600 124 159 127 163
1615046400 124 160 125 161
1615039200 125 160 125 161
1615032000 124 159 126 161
1615024800 124 160 126 161
1615017600 124 159 127 163
1615010400 125 160 125 161
1615003200 124 160 126 161
1614996000 135 172 174 212
1614988800 124 160 126 162
1614981600 124 160 125 161
1614974400 124 159 125 161
1614967200 124 159 127 162
1614960000 124 159 128 163
1614952800 125 160 128 163
1614945600 124 159 126 162
1614938400 123 159 126 162
1614931200 124 159 126 162
1614924000 124 159 126 162
1614916800 124 159 126 162
1614909600 125 159 127 164
1614902400 529 565 10112 10147
1614895200 1204 1239 10112 10147
1614888000 124 159 126 162
1614880800 305 350 1034 1069
1614873600 450 537 1213 1421
1614866400 124 159 126 162
1614859200 124 159 127 162
1614852000 124 160 125 161
1614844800 124 159 127 162
1614837600 179 224 463 552
1614830400 568 673 1616 1888
1614823200 171 214 521 619
1614816000 650 768 1481 1731
1614808800 630 744 1254 1468
1614801600 701 830 1145 1343
1614794400 440 526 1036 1216
1614787200 513 611 1304 1526
1614780000 117 152 117 152
1614772800 116 151 119 154
1614765600 116 151 119 153
1614758400 153 194 418 499
1614751200 274 328 661 768
1614744000 300 356 395 470
1614736800 0 0 0 0
1614729600 0 0 0 0
1614722400 0 0 0 0
1614715200 0 0 0 0
1614708000 0 0 0 0
1614700800 0 0 0 0
1614693600 0 0 0 0
1614686400 0 0 0 0
1614679200 0 0 0 0
1614672000 0 0 0 0
1614664800 0 0 0 0
1614657600 0 0 0 0
1614650400 0 0 0 0
1614643200 0 0 0 0
1614636000 0 0 0 0
1614628800 0 0 0 0
1614621600 0 0 0 0
1614614400 0 0 0 0
1614607200 0 0 0 0
1614600000 0 0 0 0
1614592800 0 0 0 0
1614585600 0 0 0 0
1614578400 0 0 0 0
1614571200 0 0 0 0
1614564000 0 0 0 0
1614556800 0 0 0 0
1614549600 0 0 0 0
1614542400 0 0 0 0
1614535200 0 0 0 0
1614528000 0 0 0 0
1614520800 0 0 0 0
1614513600 0 0 0 0
1614506400 0 0 0 0
1614499200 0 0 0 0
1614492000 0 0 0 0
1614484800 0 0 0 0
1614477600 0 0 0 0
1614470400 0 0 0 0
1614463200 0 0 0 0
1614456000 0 0 0 0
1614448800 0 0 0 0
1614441600 0 0 0 0
1614434400 0 0 0 0
1614427200 0 0 0 0
1614420000 0 0 0 0
1614412800 0 0 0 0
1614405600 0 0 0 0
1614398400 0 0 0 0
1614391200 0 0 0 0
1614384000 0 0 0 0
1614376800 0 0 0 0
1614369600 0 0 0 0
1614362400 0 0 0 0
1614355200 0 0 0 0
1614348000 0 0 0 0
1614340800 0 0 0 0
1614333600 0 0 0 0
1614326400 0 0 0 0
1614319200 0 0 0 0
1614312000 0 0 0 0
1614304800 0 0 0 0
1614297600 0 0 0 0
1614290400 0 0 0 0
1614283200 0 0 0 0
1614276000 0 0 0 0
1614268800 0 0 0 0
1614261600 0 0 0 0
1614254400 0 0 0 0
1614247200 0 0 0 0
1614240000 0 0 0 0
1614232800 0 0 0 0
1614225600 0 0 0 0
1614218400 0 0 0 0
1614211200 0 0 0 0
1614204000 0 0 0 0
1614196800 0 0 0 0
1614189600 0 0 0 0
1614182400 0 0 0 0
1614175200 0 0 0 0
1614168000 0 0 0 0
1614160800 0 0 0 0
1614153600 0 0 0 0
1614146400 0 0 0 0
1614139200 0 0 0 0
1614132000 0 0 0 0
1614124800 0 0 0 0
1614117600 0 0 0 0
1614110400 0 0 0 0
1614103200 0 0 0 0
1614096000 0 0 0 0
1614088800 0 0 0 0
1614081600 0 0 0 0
1614074400 0 0 0 0
1614067200 0 0 0 0
1614060000 0 0 0 0
1614052800 0 0 0 0
1614045600 0 0 0 0
1614038400 0 0 0 0
1614031200 0 0 0 0
1614024000 0 0 0 0
1614016800 0 0 0 0
1614009600 0 0 0 0
1614002400 0 0 0 0
1613995200 0 0 0 0
1613988000 0 0 0 0
1613980800 0 0 0 0
1613973600 0 0 0 0
1613966400 0 0 0 0
1613959200 0 0 0 0
1613952000 0 0 0 0
1613944800 0 0 0 0
1613937600 0 0 0 0
1613930400 0 0 0 0
1613923200 0 0 0 0
1613916000 0 0 0 0
1613908800 0 0 0 0
1613901600 0 0 0 0
1613894400 0 0 0 0
1613887200 0 0 0 0
1613880000 0 0 0 0
1613872800 0 0 0 0
1613865600 0 0 0 0
1613858400 0 0 0 0
1613851200 0 0 0 0
1613844000 0 0 0 0
1613836800 0 0 0 0
1613829600 0 0 0 0
1613822400 0 0 0 0
1613815200 0 0 0 0
1613808000 0 0 0 0
1613800800 0 0 0 0
1613793600 0 0 0 0
1613786400 0 0 0 0
1613779200 0 0 0 0
1613772000 0 0 0 0
1613764800 0 0 0 0
1613757600 0 0 0 0
1613750400 0 0 0 0
1613743200 0 0 0 0
1613736000 0 0 0 0
1613728800 0 0 0 0
1613721600 0 0 0 0
1613714400 0 0 0 0
1613707200 0 0 0 0
1613700000 0 0 0 0
1613692800 0 0 0 0
1613685600 0 0 0 0
1613678400 0 0 0 0
1613671200 0 0 0 0
1613664000 0 0 0 0
1613656800 0 0 0 0
1613649600 0 0 0 0
1613642400 0 0 0 0
1613635200 0 0 0 0
1613628000 0 0 0 0
1613620800 0 0 0 0
1613613600 0 0 0 0
1613606400 0 0 0 0
1613599200 0 0 0 0
1613592000 0 0 0 0
1613584800 0 0 0 0
1613577600 0 0 0 0
1613570400 0 0 0 0
1613563200 0 0 0 0
1613556000 0 0 0 0
1613548800 0 0 0 0
1613541600 0 0 0 0
1613534400 0 0 0 0
1613527200 0 0 0 0
1613520000 0 0 0 0
1613512800 0 0 0 0
1613505600 0 0 0 0
1613498400 0 0 0 0
1613491200 0 0 0 0
1613484000 0 0 0 0
1613476800 0 0 0 0
1613469600 0 0 0 0
1613462400 0 0 0 0
1613455200 0 0 0 0
1613448000 0 0 0 0
1613440800 0 0 0 0
1613433600 0 0 0 0
1613426400 0 0 0 0
1613419200 0 0 0 0
1613412000 0 0 0 0
1613404800 0 0 0 0
1613397600 0 0 0 0
1613390400 0 0 0 0
1613383200 0 0 0 0
1613376000 0 0 0 0
1613368800 0 0 0 0
1613361600 0 0 0 0
1613354400 0 0 0 0
1613347200 0 0 0 0
1613340000 0 0 0 0
1613332800 0 0 0 0
1613325600 0 0 0 0
1613318400 0 0 0 0
1613311200 0 0 0 0
1613304000 0 0 0 0
1613296800 0 0 0 0
1613289600 0 0 0 0
1613282400 0 0 0 0
1613275200 0 0 0 0
1613268000 0 0 0 0
1613260800 0 0 0 0
1613253600 0 0 0 0
1613246400 0 0 0 0
1613239200 0 0 0 0
1613232000 0 0 0 0
1613224800 0 0 0 0
1613217600 0 0 0 0
1613210400 0 0 0 0
1613203200 0 0 0 0
1613196000 0 0 0 0
1613188800 0 0 0 0
1613181600 0 0 0 0
1613174400 0 0 0 0
1613167200 0 0 0 0
1613160000 0 0 0 0
1613152800 0 0 0 0
1613145600 0 0 0 0
1613138400 0 0 0 0
1613131200 0 0 0 0
1613124000 0 0 0 0
1613116800 0 0 0 0
1613109600 0 0 0 0
1613102400 0 0 0 0
1613095200 0 0 0 0
1613088000 0 0 0 0
1613080800 0 0 0 0
1613073600 0 0 0 0
1613066400 0 0 0 0
1613059200 0 0 0 0
1613052000 0 0 0 0
1613044800 0 0 0 0
1613037600 0 0 0 0
1613030400 0 0 0 0
1613023200 0 0 0 0
1613016000 0 0 0 0
1613008800 0 0 0 0
1613001600 0 0 0 0
1612994400 0 0 0 0
1612987200 0 0 0 0
1612980000 0 0 0 0
1612972800 0 0 0 0
1612965600 0 0 0 0
1612958400 0 0 0 0
1612951200 0 0 0 0
1612944000 0 0 0 0
1612936800 0 0 0 0
1612929600 0 0 0 0
1612922400 0 0 0 0
1612915200 0 0 0 0
1612908000 0 0 0 0
1612900800 0 0 0 0
1612893600 0 0 0 0
1612886400 0 0 0 0
1612879200 0 0 0 0
1612872000 0 0 0 0
1612864800 0 0 0 0
1612857600 0 0 0 0
1612850400 0 0 0 0
1612843200 0 0 0 0
1612836000 0 0 0 0
1612828800 0 0 0 0
1612821600 0 0 0 0
1612814400 0 0 0 0
1612807200 0 0 0 0
1612800000 0 0 0 0
1612792800 0 0 0 0
1612785600 0 0 0 0
1612778400 0 0 0 0
1612771200 0 0 0 0
1612764000 0 0 0 0
1612756800 0 0 0 0
1612749600 0 0 0 0
1612742400 0 0 0 0
1612735200 0 0 0 0
1612728000 0 0 0 0
1612720800 0 0 0 0
1612713600 0 0 0 0
1612706400 0 0 0 0
1612699200 0 0 0 0
1612692000 0 0 0 0
1612684800 0 0 0 0
1612677600 0 0 0 0
1612670400 0 0 0 0
1612663200 0 0 0 0
1612656000 0 0 0 0
1612648800 0 0 0 0
1612641600 0 0 0 0
1612634400 0 0 0 0
1612627200 0 0 0 0
1612620000 0 0 0 0
1612612800 0 0 0 0
1612605600 0 0 0 0
1612598400 0 0 0 0
1612591200 0 0 0 0
1612584000 0 0 0 0
1612576800 0 0 0 0
1612569600 0 0 0 0
1612562400 0 0 0 0
1612555200 0 0 0 0
1612548000 0 0 0 0
1612540800 0 0 0 0
1612533600 0 0 0 0
1612526400 0 0 0 0
1612519200 0 0 0 0
1612512000 0 0 0 0
1612504800 0 0 0 0
1612497600 0 0 0 0
1612490400 0 0 0 0
1612483200 0 0 0 0
1612476000 0 0 0 0
1612468800 0 0 0 0
1612461600 0 0 0 0
1612454400 0 0 0 0
1612447200 0 0 0 0
1612440000 0 0 0 0
1612432800 0 0 0 0
1612425600 0 0 0 0
1612418400 0 0 0 0
1612411200 0 0 0 0
1612404000 0 0 0 0
1612396800 0 0 0 0
1612389600 0 0 0 0
1612382400 0 0 0 0
1612375200 0 0 0 0
1612368000 0 0 0 0
1612360800 0 0 0 0
1612353600 0 0 0 0
1612346400 0 0 0 0
1612339200 0 0 0 0
1612332000 0 0 0 0
1612324800 0 0 0 0
1612317600 0 0 0 0
1612310400 0 0 0 0
1612303200 0 0 0 0
1612296000 0 0 0 0
1612288800 0 0 0 0
1612281600 0 0 0 0
1612274400 0 0 0 0
1612267200 0 0 0 0
1612260000 0 0 0 0
1612252800 0 0 0 0
1612245600 0 0 0 0
1612238400 0 0 0 0
1612231200 0 0 0 0
1612224000 0 0 0 0
1612216800 0 0 0 0
1612209600 0 0 0 0
1612202400 0 0 0 0
1612195200 0 0 0 0
1612188000 0 0 0 0
1612180800 0 0 0 0
1612173600 0 0 0 0
1612166400 0 0 0 0
1612159200 0 0 0 0
1612152000 0 0 0 0
1612144800 0 0 0 0
1612137600 0 0 0 0
1612130400 0 0 0 0
1612123200 0 0 0 0
1612116000 0 0 0 0
1612108800 0 0 0 0
1612101600 0 0 0 0
1612094400 0 0 0 0
1612087200 0 0 0 0
1612080000 0 0 0 0
1612072800 0 0 0 0
1612065600 0 0 0 0
1612058400 0 0 0 0
1612051200 0 0 0 0
1612044000 0 0 0 0
1612036800 0 0 0 0
1612029600 0 0 0 0
1612022400 0 0 0 0
1612015200 0 0 0 0
1612008000 0 0 0 0
1612000800 0 0 0 0
1611993600 0 0 0 0
1611986400 0 0 0 0
1611979200 0 0 0 0
1611972000 0 0 0 0
1611964800 0 0 0 0
1611957600 0 0 0 0
1611950400 0 0 0 0
1611943200 0 0 0 0
1611936000 0 0 0 0
1611928800 0 0 0 0
1611921600 0 0 0 0
1611914400 0 0 0 0
1611907200 0 0 0 0
1611900000 0 0 0 0
1611892800 0 0 0 0
1611885600 0 0 0 0
1611878400 0 0 0 0
1611871200 0 0 0 0
1611864000 0 0 0 0
1611856800 0 0 0 0
1611849600 0 0 0 0
1611842400 0 0 0 0
1611835200 0 0 0 0
1611828000 0 0 0 0
1611820800 0 0 0 0
1611813600 0 0 0 0
1611806400 0 0 0 0
1611799200 0 0 0 0
1611792000 0 0 0 0
1611784800 0 0 0 0
1611777600 0 0 0 0
1611770400 0 0 0 0
1611763200 0 0 0 0
1611756000 0 0 0 0
1611748800 0 0 0 0
1611741600 0 0 0 0
1611734400 0 0 0 0
1611727200 0 0 0 0
1611720000 0 0 0 0
1611712800 0 0 0 0
1611705600 0 0 0 0
1611698400 0 0 0 0
1611691200 0 0 0 0
1611684000 0 0 0 0
1611676800 0 0 0 0
1611669600 0 0 0 0
1611662400 0 0 0 0
1611655200 0 0 0 0
1611648000 0 0 0 0
1611640800 0 0 0 0
1611633600 0 0 0 0
1611626400 0 0 0 0
1611619200 0 0 0 0
1611612000 0 0 0 0
1611604800 0 0 0 0
1611597600 0 0 0 0
1611590400 0 0 0 0
1611583200 0 0 0 0
1611576000 0 0 0 0
1611568800 0 0 0 0
1611561600 0 0 0 0
1611554400 0 0 0 0
1611547200 0 0 0 0
1611540000 0 0 0 0
1611532800 0 0 0 0
1611525600 0 0 0 0
1611518400 0 0 0 0
1611511200 0 0 0 0
1611504000 0 0 0 0
1611496800 0 0 0 0
1611489600 0 0 0 0
1611482400 0 0 0 0
1611475200 0 0 0 0
1611468000 0 0 0 0
1611460800 0 0 0 0
1611453600 0 0 0 0
1611446400 0 0 0 0
1611439200 0 0 0 0
1611432000 0 0 0 0
1611424800 0 0 0 0
1611417600 0 0 0 0
1611410400 0 0 0 0
1611403200 0 0 0 0
1611396000 0 0 0 0
1611388800 0 0 0 0
1611381600 0 0 0 0
1611374400 0 0 0 0
1611367200 0 0 0 0
1611360000 0 0 0 0
1611352800 0 0 0 0
1611345600 0 0 0 0
1611338400 0 0 0 0
1611331200 0 0 0 0
1611324000 0 0 0 0
1611316800 0 0 0 0
1611309600 0 0 0 0
1611302400 0 0 0 0
1611295200 0 0 0 0
1611288000 0 0 0 0
1611280800 0 0 0 0
1611273600 0 0 0 0
1611266400 0 0 0 0
1611259200 0 0 0 0
1611252000 0 0 0 0
1611244800 0 0 0 0
1611237600 0 0 0 0
1611230400 0 0 0 0
1611223200 0 0 0 0
1611216000 0 0 0 0
1611208800 0 0 0 0
1611201600 0 0 0 0
1611194400 0 0 0 0
1611187200 0 0 0 0
1611180000 0 0 0 0
1611172800 0 0 0 0
1611165600 0 0 0 0
1611158400 0 0 0 0
1611151200 0 0 0 0
1611144000 0 0 0 0
1611136800 0 0 0 0
1611129600 0 0 0 0
1611122400 0 0 0 0
1611115200 0 0 0 0
1611108000 0 0 0 0
1611100800 0 0 0 0
1611093600 0 0 0 0
1611086400 0 0 0 0
1611079200 0 0 0 0
1611072000 0 0 0 0
1611064800 0 0 0 0
1611057600 0 0 0 0
1611050400 0 0 0 0
1611043200 0 0 0 0
1611036000 0 0 0 0
1611028800 0 0 0 0
1611021600 0 0 0 0
1611014400 0 0 0 0
1611007200 0 0 0 0
1611000000 0 0 0 0
1610992800 0 0 0 0
1610985600 0 0 0 0
1610978400 0 0 0 0
1610971200 0 0 0 0
1610964000 0 0 0 0
1610956800 0 0 0 0
1610949600 0 0 0 0
1610942400 0 0 0 0
1610935200 0 0 0 0
1610928000 0 0 0 0
1610920800 0 0 0 0
1610913600 0 0 0 0
1610906400 0 0 0 0
1610899200 0 0 0 0
1610892000 0 0 0 0
1610884800 0 0 0 0
1610877600 0 0 0 0
1610841600 0 0 0 0
1610755200 0 0 0 0
1610668800 0 0 0 0
1610582400 0 0 0 0
1610496000 0 0 0 0
1610409600 0 0 0 0
1610323200 0 0 0 0
1610236800 0 0 0 0
1610150400 0 0 0 0
1610064000 0 0 0 0
1609977600 0 0 0 0
1609891200 0 0 0 0
1609804800 0 0 0 0
1609718400 0 0 0 0
1609632000 0 0 0 0
1609545600 0 0 0 0
1609459200 0 0 0 0
1609372800 0 0 0 0
1609286400 0 0 0 0
1609200000 0 0 0 0
1609113600 0 0 0 0
1609027200 0 0 0 0
1608940800 0 0 0 0
1608854400 0 0 0 0
1608768000 0 0 0 0
1608681600 0 0 0 0
1608595200 0 0 0 0
1608508800 0 0 0 0
1608422400 0 0 0 0
1608336000 0 0 0 0
1608249600 0 0 0 0
1608163200 0 0 0 0
1608076800 0 0 0 0
1607990400 0 0 0 0
1607904000 0 0 0 0
1607817600 0 0 0 0
1607731200 0 0 0 0
1607644800 0 0 0 0
1607558400 0 0 0 0
1607472000 0 0 0 0
1607385600 0 0 0 0
1607299200 0 0 0 0
1607212800 0 0 0 0
1607126400 0 0 0 0
1607040000 0 0 0 0
1606953600 0 0 0 0
1606867200 0 0 0 0
1606780800 0 0 0 0
1606694400 0 0 0 0
1606608000 0 0 0 0
1606521600 0 0 0 0
1606435200 0 0 0 0
1606348800 0 0 0 0
1606262400 0 0 0 0
1606176000 0 0 0 0
1606089600 0 0 0 0
1606003200 0 0 0 0
1605916800 0 0 0 0
1605830400 0 0 0 0
1605744000 0 0 0 0
1605657600 0 0 0 0
1605571200 0 0 0 0
1605484800 0 0 0 0
1605398400 0 0 0 0
1605312000 0 0 0 0
1605225600 0 0 0 0
1605139200 0 0 0 0
1605052800 0 0 0 0
1604966400 0 0 0 0
1604880000 0 0 0 0
1604793600 0 0 0 0
1604707200 0 0 0 0
1604620800 0 0 0 0
1604534400 0 0 0 0
1604448000 0 0 0 0
1604361600 0 0 0 0
1604275200 0 0 0 0
1604188800 0 0 0 0
1604102400 0 0 0 0
1604016000 0 0 0 0
1603929600 0 0 0 0
1603843200 0 0 0 0
1603756800 0 0 0 0
1603670400 0 0 0 0
1603584000 0 0 0 0
1603497600 0 0 0 0
1603411200 0 0 0 0
1603324800 0 0 0 0
1603238400 0 0 0 0
1603152000 0 0 0 0
1603065600 0 0 0 0
1602979200 0 0 0 0
1602892800 0 0 0 0
1602806400 0 0 0 0
1602720000 0 0 0 0
1602633600 0 0 0 0
1602547200 0 0 0 0
1602460800 0 0 0 0
1602374400 0 0 0 0
1602288000 0 0 0 0
1602201600 0 0 0 0
1602115200 0 0 0 0
1602028800 0 0 0 0
1601942400 0 0 0 0
1601856000 0 0 0 0
1601769600 0 0 0 0
1601683200 0 0 0 0
1601596800 0 0 0 0
1601510400 0 0 0 0
1601424000 0 0 0 0
1601337600 0 0 0 0
1601251200 0 0 0 0
1601164800 0 0 0 0
1601078400 0 0 0 0
1600992000 0 0 0 0
1600905600 0 0 0 0
1600819200 0 0 0 0
1600732800 0 0 0 0
1600646400 0 0 0 0
1600560000 0 0 0 0
1600473600 0 0 0 0
1600387200 0 0 0 0
1600300800 0 0 0 0
1600214400 0 0 0 0
1600128000 0 0 0 0
1600041600 0 0 0 0
1599955200 0 0 0 0
1599868800 0 0 0 0
1599782400 0 0 0 0
1599696000 0 0 0 0
1599609600 0 0 0 0
1599523200 0 0 0 0
1599436800 0 0 0 0
1599350400 0 0 0 0
1599264000 0 0 0 0
1599177600 0 0 0 0
1599091200 0 0 0 0
1599004800 0 0 0 0
1598918400 0 0 0 0
1598832000 0 0 0 0
1598745600 0 0 0 0
1598659200 0 0 0 0
1598572800 0 0 0 0
1598486400 0 0 0 0
1598400000 0 0 0 0
1598313600 0 0 0 0
1598227200 0 0 0 0
1598140800 0 0 0 0
1598054400 0 0 0 0
1597968000 0 0 0 0
1597881600 0 0 0 0
1597795200 0 0 0 0
1597708800 0 0 0 0
1597622400 0 0 0 0
1597536000 0 0 0 0
1597449600 0 0 0 0
1597363200 0 0 0 0
1597276800 0 0 0 0
1597190400 0 0 0 0
1597104000 0 0 0 0
1597017600 0 0 0 0
1596931200 0 0 0 0
1596844800 0 0 0 0
1596758400 0 0 0 0
1596672000 0 0 0 0
1596585600 0 0 0 0
1596499200 0 0 0 0
1596412800 0 0 0 0
1596326400 0 0 0 0
1596240000 0 0 0 0
1596153600 0 0 0 0
1596067200 0 0 0 0
1595980800 0 0 0 0
1595894400 0 0 0 0
1595808000 0 0 0 0
1595721600 0 0 0 0
1595635200 0 0 0 0
1595548800 0 0 0 0
1595462400 0 0 0 0
1595376000 0 0 0 0
1595289600 0 0 0 0
1595203200 0 0 0 0
1595116800 0 0 0 0
1595030400 0 0 0 0
1594944000 0 0 0 0
1594857600 0 0 0 0
1594771200 0 0 0 0
1594684800 0 0 0 0
1594598400 0 0 0 0
1594512000 0 0 0 0
1594425600 0 0 0 0
1594339200 0 0 0 0
1594252800 0 0 0 0
1594166400 0 0 0 0
1594080000 0 0 0 0
1593993600 0 0 0 0
1593907200 0 0 0 0
1593820800 0 0 0 0
1593734400 0 0 0 0
1593648000 0 0 0 0
1593561600 0 0 0 0
1593475200 0 0 0 0
1593388800 0 0 0 0
1593302400 0 0 0 0
1593216000 0 0 0 0
1593129600 0 0 0 0
1593043200 0 0 0 0
1592956800 0 0 0 0
1592870400 0 0 0 0
1592784000 0 0 0 0
1592697600 0 0 0 0
1592611200 0 0 0 0
1592524800 0 0 0 0
1592438400 0 0 0 0
1592352000 0 0 0 0
1592265600 0 0 0 0
1592179200 0 0 0 0
1592092800 0 0 0 0
1592006400 0 0 0 0
1591920000 0 0 0 0
1591833600 0 0 0 0
1591747200 0 0 0 0
1591660800 0 0 0 0
1591574400 0 0 0 0
1591488000 0 0 0 0
1591401600 0 0 0 0
1591315200 0 0 0 0
1591228800 0 0 0 0
1591142400 0 0 0 0
1591056000 0 0 0 0
1590969600 0 0 0 0
1590883200 0 0 0 0
1590796800 0 0 0 0
1590710400 0 0 0 0
1590624000 0 0 0 0
1590537600 0 0 0 0
1590451200 0 0 0 0
1590364800 0 0 0 0
1590278400 0 0 0 0
1590192000 0 0 0 0
1590105600 0 0 0 0
1590019200 0 0 0 0
1589932800 0 0 0 0
1589846400 0 0 0 0
1589760000 0 0 0 0
1589673600 0 0 0 0
1589587200 0 0 0 0
1589500800 0 0 0 0
1589414400 0 0 0 0
1589328000 0 0 0 0
1589241600 0 0 0 0
1589155200 0 0 0 0
1589068800 0 0 0 0
1588982400 0 0 0 0
1588896000 0 0 0 0
1588809600 0 0 0 0
1588723200 0 0 0 0
1588636800 0 0 0 0
1588550400 0 0 0 0
1588464000 0 0 0 0
1588377600 0 0 0 0
1588291200 0 0 0 0
1588204800 0 0 0 0
1588118400 0 0 0 0
1588032000 0 0 0 0
1587945600 0 0 0 0
1587859200 0 0 0 0
1587772800 0 0 0 0
1587686400 0 0 0 0
1587600000 0 0 0 0
1587513600 0 0 0 0
1587427200 0 0 0 0
1587340800 0 0 0 0
1587254400 0 0 0 0
1587168000 0 0 0 0
1587081600 0 0 0 0
1586995200 0 0 0 0
1586908800 0 0 0 0
1586822400 0 0 0 0
1586736000 0 0 0 0
1586649600 0 0 0 0
1586563200 0 0 0 0
1586476800 0 0 0 0
1586390400 0 0 0 0
1586304000 0 0 0 0
1586217600 0 0 0 0
1586131200 0 0 0 0
1586044800 0 0 0 0
1585958400 0 0 0 0
1585872000 0 0 0 0
1585785600 0 0 0 0
1585699200 0 0 0 0
1585612800 0 0 0 0
1585526400 0 0 0 0
1585440000 0 0 0 0
1585353600 0 0 0 0
1585267200 0 0 0 0
1585180800 0 0 0 0
1585094400 0 0 0 0
1585008000 0 0 0 0
1584921600 0 0 0 0
1584835200 0 0 0 0
1584748800 0 0 0 0
1584662400 0 0 0 0
1584576000 0 0 0 0
1584489600 0 0 0 0
1584403200 0 0 0 0
1584316800 0 0 0 0
1584230400 0 0 0 0
1584144000 0 0 0 0
1584057600 0 0 0 0
1583971200 0 0 0 0
1583884800 0 0 0 0
1583798400 0 0 0 0
1583712000 0 0 0 0
1583625600 0 0 0 0
1583539200 0 0 0 0
1583452800 0 0 0 0
1583366400 0 0 0 0
1583280000 0 0 0 0
1583193600 0 0 0 0
1583107200 0 0 0 0
1583020800 0 0 0 0
1582934400 0 0 0 0
1582848000 0 0 0 0
1582761600 0 0 0 0
1582675200 0 0 0 0
1582588800 0 0 0 0
1582502400 0 0 0 0
1582416000 0 0 0 0
1582329600 0 0 0 0
1582243200 0 0 0 0
1582156800 0 0 0 0
1582070400 0 0 0 0
1581984000 0 0 0 0
1581897600 0 0 0 0
1581811200 0 0 0 0
1581724800 0 0 0 0
1581638400 0 0 0 0
1581552000 0 0 0 0
1581465600 0 0 0 0
1581379200 0 0 0 0
1581292800 0 0 0 0
1581206400 0 0 0 0
1581120000 0 0 0 0
1581033600 0 0 0 0
1580947200 0 0 0 0
1580860800 0 0 0 0
1580774400 0 0 0 0
1580688000 0 0 0 0
1580601600 0 0 0 0
1580515200 0 0 0 0
1580428800 0 0 0 0
1580342400 0 0 0 0
1580256000 0 0 0 0
1580169600 0 0 0 0
1580083200 0 0 0 0
1579996800 0 0 0 0
1579910400 0 0 0 0
1579824000 0 0 0 0
1579737600 0 0 0 0
1579651200 0 0 0 0
1579564800 0 0 0 0
1579478400 0 0 0 0
1579392000 0 0 0 0
1579305600 0 0 0 0
1579219200 0 0 0 0
1579132800 0 0 0 0
1579046400 0 0 0 0
1578960000 0 0 0 0
1578873600 0 0 0 0
1578787200 0 0 0 0
1578700800 0 0 0 0
1578614400 0 0 0 0
1578528000 0 0 0 0
1578441600 0 0 0 0
1578355200 0 0 0 0
1578268800 0 0 0 0
1578182400 0 0 0 0
1578096000 0 0 0 0
1578009600 0 0 0 0
1577923200 0 0 0 0
1577836800 0 0 0 0
1577750400 0 0 0 0
1577664000 0 0 0 0
1577577600 0 0 0 0
1577491200 0 0 0 0
1577404800 0 0 0 0
1577318400 0 0 0 0
1577232000 0 0 0 0
1577145600 0 0 0 0
1577059200 0 0 0 0
1576972800 0 0 0 0
1576886400 0 0 0 0
1576800000 0 0 0 0
1576713600 0 0 0 0
1576627200 0 0 0 0
1576540800 0 0 0 0
1576454400 0 0 0 0
1576368000 0 0 0 0
1576281600 0 0 0 0
1576195200 0 0 0 0
1576108800 0 0 0 0
1576022400 0 0 0 0
1575936000 0 0 0 0
1575849600 0 0 0 0
1575763200 0 0 0 0
1575676800 0 0 0 0
1575590400 0 0 0 0
1575504000 0 0 0 0
1575417600 0 0 0 0
1575331200 0 0 0 0
1575244800 0 0 0 0
1575158400 0 0 0 0
1575072000 0 0 0 0
1574985600 0 0 0 0
1574899200 0 0 0 0
1574812800 0 0 0 0
1574726400 0 0 0 0
1574640000 0 0 0 0
1574553600 0 0 0 0
1574467200 0 0 0 0
1574380800 0 0 0 0
1574294400 0 0 0 0
1574208000 0 0 0 0
1574121600 0 0 0 0
1574035200 0 0 0 0
1573948800 0 0 0 0
1573862400 0 0 0 0
1573776000 0 0 0 0
1573689600 0 0 0 0
1573603200 0 0 0 0
1573516800 0 0 0 0
1573430400 0 0 0 0
1573344000 0 0 0 0
1573257600 0 0 0 0
1573171200 0 0 0 0
1573084800 0 0 0 0
1572998400 0 0 0 0
1572912000 0 0 0 0
1572825600 0 0 0 0
1572739200 0 0 0 0
1572652800 0 0 0 0
1572566400 0 0 0 0
1572480000 0 0 0 0
1572393600 0 0 0 0
1572307200 0 0 0 0
1572220800 0 0 0 0
1572134400 0 0 0 0
1572048000 0 0 0 0
1571961600 0 0 0 0
1571875200 0 0 0 0
1571788800 0 0 0 0
1571702400 0 0 0 0
1571616000 0 0 0 0
1571529600 0 0 0 0
1571443200 0 0 0 0
1571356800 0 0 0 0
1571270400 0 0 0 0
1571184000 0 0 0 0
1571097600 0 0 0 0
1571011200 0 0 0 0
1570924800 0 0 0 0
1570838400 0 0 0 0
1570752000 0 0 0 0
1570665600 0 0 0 0
1570579200 0 0 0 0
1570492800 0 0 0 0
1570406400 0 0 0 0
1570320000 0 0 0 0
1570233600 0 0 0 0
1570147200 0 0 0 0
1570060800 0 0 0 0
1569974400 0 0 0 0
1569888000 0 0 0 0
1569801600 0 0 0 0
1569715200 0 0 0 0
1569628800 0 0 0 0
1569542400 0 0 0 0
1569456000 0 0 0 0
1569369600 0 0 0 0
1569283200 0 0 0 0
1569196800 0 0 0 0
1569110400 0 0 0 0
1569024000 0 0 0 0
1568937600 0 0 0 0
1568851200 0 0 0 0
1568764800 0 0 0 0
1568678400 0 0 0 0
1568592000 0 0 0 0
1568505600 0 0 0 0
1568419200 0 0 0 0
1568332800 0 0 0 0
1568246400 0 0 0 0
1568160000 0 0 0 0
1568073600 0 0 0 0
1567987200 0 0 0 0
1567900800 0 0 0 0
1567814400 0 0 0 0
1567728000 0 0 0 0
1567641600 0 0 0 0
1567555200 0 0 0 0
1567468800 0 0 0 0
1567382400 0 0 0 0
1567296000 0 0 0 0
1567209600 0 0 0 0
1567123200 0 0 0 0
1567036800 0 0 0 0
1566950400 0 0 0 0
1566864000 0 0 0 0
1566777600 0 0 0 0
1566691200 0 0 0 0
1566604800 0 0 0 0
1566518400 0 0 0 0
1566432000 0 0 0 0
1566345600 0 0 0 0
1566259200 0 0 0 0
1566172800 0 0 0 0
1566086400 0 0 0 0
1566000000 0 0 0 0
1565913600 0 0 0 0
1565827200 0 0 0 0
1565740800 0 0 0 0
1565654400 0 0 0 0
1565568000 0 0 0 0
1565481600 0 0 0 0
1565395200 0 0 0 0
1565308800 0 0 0 0
1565222400 0 0 0 0
1565136000 0 0 0 0
1565049600 0 0 0 0
1564963200 0 0 0 0
1564876800 0 0 0 0
1564790400 0 0 0 0
1564704000 0 0 0 0
1564617600 0 0 0 0
1564531200 0 0 0 0
1564444800 0 0 0 0
1564358400 0 0 0 0
1564272000 0 0 0 0
1564185600 0 0 0 0
1564099200 0 0 0 0
1564012800 0 0 0 0
1563926400 0 0 0 0
1563840000 0 0 0 0
1563753600 0 0 0 0
1563667200 0 0 0 0
1563580800 0 0 0 0
1563494400 0 0 0 0
1563408000 0 0 0 0
1563321600 0 0 0 0
1563235200 0 0 0 0
1563148800 0 0 0 0
1563062400 0 0 0 0
1562976000 0 0 0 0
1562889600 0 0 0 0
1562803200 0 0 0 0
1562716800 0 0 0 0
1562630400 0 0 0 0
1562544000 0 0 0 0
1562457600 0 0 0 0
1562371200 0 0 0 0
1562284800 0 0 0 0
1562198400 0 0 0 0
1562112000 0 0 0 0
1562025600 0 0 0 0
1561939200 0 0 0 0
1561852800 0 0 0 0
1561766400 0 0 0 0
1561680000 0 0 0 0
1561593600 0 0 0 0
1561507200 0 0 0 0
1561420800 0 0 0 0
1561334400 0 0 0 0
1561248000 0 0 0 0
1561161600 0 0 0 0
1561075200 0 0 0 0
1560988800 0 0 0 0
1560902400 0 0 0 0
1560816000 0 0 0 0
1560729600 0 0 0 0
1560643200 0 0 0 0
1560556800 0 0 0 0
1560470400 0 0 0 0
1560384000 0 0 0 0
1560297600 0 0 0 0
1560211200 0 0 0 0
1560124800 0 0 0 0
1560038400 0 0 0 0
1559952000 0 0 0 0
1559865600 0 0 0 0
1559779200 0 0 0 0
1559692800 0 0 0 0
1559606400 0 0 0 0
1559520000 0 0 0 0
1559433600 0 0 0 0
1559347200 0 0 0 0
1559260800 0 0 0 0
1559174400 0 0 0 0
1559088000 0 0 0 0
1559001600 0 0 0 0
1558915200 0 0 0 0
1558828800 0 0 0 0
1558742400 0 0 0 0
1558656000 0 0 0 0
1558569600 0 0 0 0
1558483200 0 0 0 0
1558396800 0 0 0 0
1558310400 0 0 0 0
1558224000 0 0 0 0
1558137600 0 0 0 0
1558051200 0 0 0 0
1557964800 0 0 0 0
1557878400 0 0 0 0
1557792000 0 0 0 0
1557705600 0 0 0 0
1557619200 0 0 0 0
1557532800 0 0 0 0
1557446400 0 0 0 0
1557360000 0 0 0 0
1557273600 0 0 0 0
1557187200 0 0 0 0
1557100800 0 0 0 0
1557014400 0 0 0 0
1556928000 0 0 0 0
1556841600 0 0 0 0
1556755200 0 0 0 0
1556668800 0 0 0 0
1556582400 0 0 0 0
1556496000 0 0 0 0
1556409600 0 0 0 0
1556323200 0 0 0 0
1556236800 0 0 0 0
1556150400 0 0 0 0
1556064000 0 0 0 0
1555977600 0 0 0 0
1555891200 0 0 0 0
1555804800 0 0 0 0
1555718400 0 0 0 0
1555632000 0 0 0 0
1555545600 0 0 0 0
1555459200 0 0 0 0
1555372800 0 0 0 0
1555286400 0 0 0 0
1555200000 0 0 0 0
1555113600 0 0 0 0
1555027200 0 0 0 0
1554940800 0 0 0 0
1554854400 0 0 0 0
1554768000 0 0 0 0
1554681600 0 0 0 0
1554595200 0 0 0 0
1554508800 0 0 0 0
1554422400 0 0 0 0
1554336000 0 0 0 0
1554249600 0 0 0 0
1554163200 0 0 0 0
1554076800 0 0 0 0
1553990400 0 0 0 0
1553904000 0 0 0 0
1553817600 0 0 0 0
1553731200 0 0 0 0
1553644800 0 0 0 0
1553558400 0 0 0 0
1553472000 0 0 0 0
1553385600 0 0 0 0
1553299200 0 0 0 0
1553212800 0 0 0 0
1553126400 0 0 0 0
1553040000 0 0 0 0
1552953600 0 0 0 0
1552867200 0 0 0 0
1552780800 0 0 0 0
1552694400 0 0 0 0
1552608000 0 0 0 0
1552521600 0 0 0 0
1552435200 0 0 0 0
1552348800 0 0 0 0
1552262400 0 0 0 0
1552176000 0 0 0 0
1552089600 0 0 0 0
1552003200 0 0 0 0
1551916800 0 0 0 0
1551830400 0 0 0 0
1551744000 0 0 0 0
1551657600 0 0 0 0
1551571200 0 0 0 0
1551484800 0 0 0 0
1551398400 0 0 0 0
1551312000 0 0 0 0
1551225600 0 0 0 0
1551139200 0 0 0 0
1551052800 0 0 0 0
1550966400 0 0 0 0
1550880000 0 0 0 0
1550793600 0 0 0 0
1550707200 0 0 0 0
1550620800 0 0 0 0
1550534400 0 0 0 0
1550448000 0 0 0 0
1550361600 0 0 0 0
1550275200 0 0 0 0
1550188800 0 0 0 0
1550102400 0 0 0 0
1550016000 0 0 0 0
1549929600 0 0 0 0
1549843200 0 0 0 0
1549756800 0 0 0 0
1549670400 0 0 0 0
1549584000 0 0 0 0
1549497600 0 0 0 0
1549411200 0 0 0 0
1549324800 0 0 0 0
1549238400 0 0 0 0
1549152000 0 0 0 0
1549065600 0 0 0 0
1548979200 0 0 0 0
1548892800 0 0 0 0
1548806400 0 0 0 0
1548720000 0 0 0 0
1548633600 0 0 0 0
1548547200 0 0 0 0
1548460800 0 0 0 0
1548374400 0 0 0 0
1548288000 0 0 0 0
1548201600 0 0 0 0
1548115200 0 0 0 0
1548028800 0 0 0 0
1547942400 0 0 0 0
1547856000 0 0 0 0
1547769600 0 0 0 0
1547683200 0 0 0 0
