1616464921 2221138432 1289395715
1616464921 1 543 1 543
1616464021 4 635 4 635
1616463900 4 635 4 635
1616463600 4 635 4 635
1616463300 2 620 4 635
1616463000 1 598 1 598
1616462700 1 598 1 598
1616462400 1 586 1 598
1616462100 1 570 1 570
1616461800 1 570 1 570
1616461500 1 556 1 570
1616461200 1 536 1 536
1616460900 1 536 1 536
1616460600 3 543 7 555
1616460300 7 555 7 555
1616460000 7 555 7 555
1616459700 4 546 7 555
1616459400 1 535 1 535
1616459100 1 535 1 535
1616458800 1 543 1 556
1616458500 1 556 1 556
1616458200 1 556 1 556
1616457900 1 565 1 579
1616457600 1 579 1 579
1616457300 1 579 1 579
1616457000 1 560 3 579
1616456700 3 533 3 533
1616456400 3 533 3 533
1616456100 2 535 3 539
1616455800 1 539 1 539
1616455500 1 539 1 539
1616455200 1 545 1 554
1616454900 1 554 1 554
1616454600 1 554 1 554
1616454300 1 553 1 554
1616454000 1 552 1 552
1616453700 1 552 1 552
1616453400 1 553 3 555
1616453100 3 555 3 555
1616452800 3 555 3 555
1616452500 2 567 3 585
1616452200 1 585 1 585
1616451900 1 585 1 585
1616451600 1 532 1 585
1616451300 1 454 1 454
1616451000 1 454 1 454
1616450700 1 513 1 601
1616450400 1 601 1 601
1616450100 1 601 1 601
1616449800 1 624 3 660
1616449500 3 660 3 660
1616449200 3 660 3 660
1616448900 2 655 3 660
1616448600 1 648 1 648
1616448300 1 648 1 648
1616448000 1 606 1 648
1616447700 1 547 1 547
1616447400 1 547 1 547
1616447100 1 587 1 647
1616446800 1 647 1 647
1616446500 1 647 1 647
1616446200 1 607 3 647
1616445900 3 550 3 550
1616445600 3 550 3 550
1616445300 2 566 3 590
1616445000 1 590 1 590
1616444700 1 590 1 590
1616444400 1 598 1 611
1616444100 1 611 1 611
1616443800 1 611 1 611
1616443500 1 608 1 611
1616443200 1 606 1 606
1616442900 1 606 1 606
1616442600 1 589 3 606
1616442300 3 565 3 565
1616442000 3 565 3 565
1616441700 2 581 3 607
1616441400 1 607 1 607
1616441100 1 607 1 607
1616440800 1 618 1 635
1616440500 1 635 1 635
1616440200 1 635 1 635
1616439900 1 616 1 635
1616439600 1 589 1 589
1616439300 1 589 1 589
1616439000 1 575 3 589
1616438700 3 555 3 555
1616438400 3 555 3 555
1616438100 2 579 3 616
1616437800 1 616 1 616
1616437500 1 616 1 616
1616437200 735 1332 1821 2392
1616436900 1821 2392 1821 2392
1616436600 1821 2392 1821 2392
1616436300 1080 1652 1821 2392
1616436000 1 574 1 574
1616435700 1 574 1 574
1616435400 1 569 3 574
1616435100 3 563 3 563
1616434800 3 563 3 563
1616434500 2 573 3 588
1616434200 1 588 1 588
1616433900 1 588 1 588
1616433600 1 609 1 641
1616433300 1 641 1 641
1616433000 1 641 1 641
1616432700 1 603 1 641
1616432400 1 549 1 549
1616432100 1 549 1 549
1616431800 1 565 3 589
1616431500 3 589 3 589
1616431200 3 589 3 589
1616430900 2 577 3 589
1616430600 1 560 1 560
1616430300 1 560 1 560
1616430000 1 571 1 589
1616429700 1 589 1 589
1616429400 1 589 1 589
1616429100 1 589 1 591
1616428800 1 591 1 591
1616428500 1 591 1 591
1616428200 1 586 3 591
1616427900 3 580 3 580
1616427600 3 580 3 580
1616427300 2 590 3 607
1616427000 1 607 1 607
1616426700 1 607 1 607
1616426400 1 619 1 639
1616426100 1 639 1 639
1616425800 1 639 1 639
1616425500 367 976 910 1477
1616425200 910 1477 910 1477
1616424900 910 1477 910 1477
1616424600 544 1119 910 1477
1616424300 3 591 3 591
1616424000 3 591 3 591
1616423700 2 589 3 591
1616423400 1 588 1 588
1616423100 1 588 1 588
1616422800 1 584 1 588
1616422500 1 580 1 580
1616422200 1 580 1 580
1616421900 1 582 1 587
1616421600 1 587 1 587
1616421300 1 587 1 587
1616421000 1 599 3 617
1616420700 3 617 3 617
1616420400 3 617 3 617
1616420100 2 608 3 617
1616419800 1 596 1 596
1616419500 1 596 1 596
1616419200 1 591 1 596
1616418900 1 585 1 585
1616418600 1 585 1 585
1616418300 1 600 1 624
1616418000 1 624 1 624
1616417700 1 624 1 624
1616417400 1 619 3 624
1616417100 3 613 3 613
1616416800 3 613 3 613
1616416500 2 613 3 613
1616416200 1 613 1 613
1616415900 1 613 1 613
1616415600 1 625 1 645
1616415300 1 645 1 645
1616415000 1 645 1 645
1616414700 1 645 1 647
1616414400 1 647 1 647
1616414100 1 647 1 647
1616413800 1 631 3 647
1616413500 3 608 3 608
1616413200 3 608 3 608
1616412900 2 624 3 648
1616412600 1 648 1 648
1616412300 1 648 1 648
1616412000 1 648 1 650
1616411700 1 650 1 650
1616411400 1 650 1 650
1616411100 1 647 1 650
1616410800 1 643 1 643
1616410500 1 643 1 643
1616410200 1 644 3 647
1616409900 3 647 3 647
1616409600 3 647 3 647
1616409300 2 642 3 647
1616409000 1 636 1 636
1616408700 1 636 1 636
1616408400 1 579 1 636
1616408100 1 497 1 497
1616407800 1 497 1 497
1616407500 1 542 1 609
1616407200 1 609 1 609
1616406900 1 609 1 609
1616406600 1 620 3 638
1616406300 3 638 3 638
1616406000 3 638 3 638
1616405700 2 642 3 650
1616405400 1 650 1 650
1616405100 1 650 1 650
1616404800 1 683 1 733
1616404500 1 733 1 733
1616404200 1 733 1 733
1616403900 1 739 1 748
1616403600 1 748 1 748
1616403300 1 748 1 748
1616403000 1 658 3 748
1616402700 3 528 3 528
1616402400 3 528 3 528
1616402100 2 615 3 745
1616401800 1 745 1 745
1616401500 1 745 1 745
1616401200 1 751 1 760
1616400900 1 760 1 760
1616400600 1 760 1 760
1616400300 1 756 1 760
1616400000 1 751 1 751
1616399700 1 751 1 751
1616399400 1 747 3 751
1616399100 3 743 3 743
1616398800 3 743 3 743
1616398500 2 745 3 748
1616398200 1 748 1 748
1616397900 1 748 1 748
1616397600 1 752 1 760
1616397300 1 760 1 760
1616397000 1 760 1 760
1616396700 1 761 1 764
1616396400 1 764 1 764
1616396100 1 764 1 764
1616395800 1 759 3 764
1616395500 3 753 3 753
1616395200 3 753 3 753
1616394900 2 752 3 753
1616394600 1 751 1 751
1616394300 1 751 1 751
1616394000 1 688 1 751
1616393700 1 595 1 595
1616393400 1 595 1 595
1616393100 1 650 1 732
1616392800 1 732 1 732
1616392500 1 732 1 732
1616392200 1 738 3 749
1616391900 3 749 3 749
1616391600 3 749 3 749
1616391300 2 754 3 763
1616391000 1 763 1 763
1616390700 1 763 1 763
1616390400 1 759 1 763
1616390100 1 754 1 754
1616389800 1 754 1 754
1616389500 1 747 1 754
1616389200 1 739 1 739
1616388900 1 739 1 739
1616388600 1 741 3 744
1616388300 3 744 3 744
1616388000 3 744 3 744
1616387700 2 712 3 744
1616387400 1 666 1 666
1616387100 1 666 1 666
1616386800 1 678 1 696
1616386500 1 696 1 696
1616386200 1 696 1 696
1616385900 1 686 1 696
1616385600 1 673 1 673
1616385300 1 673 1 673
1616385000 1 630 3 673
1616384700 3 567 3 567
1616384400 3 567 3 567
1616384100 2 569 3 572
1616383800 1 572 1 572
1616383500 1 572 1 572
1616383200 1 579 1 590
1616382900 1 590 1 590
1616382600 1 590 1 590
1616382300 1 592 1 596
1616382000 1 596 1 596
1616381700 1 596 1 596
1616381400 1 606 3 621
1616381100 3 621 3 621
1616380800 3 621 3 621
1616380500 2 618 3 621
1616380200 1 614 1 614
1616379900 1 614 1 614
1616379600 1 554 1 614
1616379300 1 467 1 467
1616379000 1 467 1 467
1616378700 1 529 1 623
1616378400 1 623 1 623
1616378100 1 623 1 623
1616377800 1 629 3 638
1616377500 3 638 3 638
1616377200 3 638 3 638
1616376900 2 627 3 638
1616376600 1 613 1 613
1616376300 1 613 1 613
1616376000 1 619 1 628
1616375700 1 628 1 628
1616375400 1 628 1 628
1616375100 1 615 1 628
1616374800 1 598 1 598
1616374500 1 598 1 598
1616374200 1 606 3 618
1616373900 3 618 3 618
1616373600 3 618 3 618
1616373300 2 606 3 618
1616373000 1 589 1 589
1616372700 1 589 1 589
1616372400 1 593 1 599
1616372100 1 599 1 599
1616371800 1 599 1 599
1616371500 1 584 1 599
1616371200 1 564 1 564
1616370900 1 564 1 564
1616370600 1 564 3 565
1616370300 3 565 3 565
1616370000 3 565 3 565
1616369700 2 547 3 565
1616369400 1 522 1 522
1616369100 1 522 1 522
1616368800 1 528 1 537
1616368500 1 537 1 537
1616368200 1 537 1 537
1616367900 1 537 1 537
1616367600 1 537 1 537
1616367300 1 537 1 537
1616367000 2 540 4 546
1616366700 4 546 4 546
1616366400 4 546 4 546
1616366100 369 917 910 1467
1616365800 910 1467 910 1467
1616365500 910 1467 910 1467
1616365200 543 1038 910 1467
1616364900 1 405 1 405
1616364600 1 405 1 405
1616364300 1 458 1 537
1616364000 1 537 1 537
1616363700 1 537 1 537
1616363400 2 530 4 537
1616363100 4 522 4 522
1616362800 4 522 4 522
1616362500 2 554 4 602
1616362200 1 602 1 602
1616361900 1 602 1 602
1616361600 1 611 1 625
1616361300 1 625 1 625
1616361000 1 625 1 625
1616360700 1 591 1 625
1616360400 1 543 1 543
1616360100 1 543 1 543
1616359800 2 546 4 552
1616359500 4 552 4 552
1616359200 4 552 4 552
1616358900 1835 2398 4545 5131
1616358600 4545 5131 4545 5131
1616358300 4545 5131 4545 5131
1616358000 3811 4393 4545 5131
1616357700 2727 3302 2727 3302
1616357400 2727 3302 2727 3302
1616357100 1627 2189 2727 3302
1616356800 1 543 1 543
1616356500 1 543 1 543
1616356200 2 543 4 545
1616355900 4 545 4 545
1616355600 4 545 4 545
1616355300 2 558 4 578
1616355000 1 578 1 578
1616354700 1 578 1 578
1616354400 1 565 1 578
1616354100 1 548 1 548
1616353800 1 548 1 548
1616353500 1 547 1 548
1616353200 1 546 1 546
1616352900 1 546 1 546
1616352600 2 539 4 546
1616352300 4 531 4 531
1616352000 4 531 4 531
1616351700 2 536 4 545
1616351400 1 545 1 545
1616351100 1 545 1 545
1616350800 1 490 1 545
1616350500 1 411 1 411
1616350200 1 411 1 411
1616349900 1 464 1 543
1616349600 1 543 1 543
1616349300 1 543 1 543
1616349000 2 543 4 544
1616348700 4 544 4 544
1616348400 4 544 4 544
1616348100 2 540 4 544
1616347800 1 535 1 535
1616347500 1 535 1 535
1616347200 1 551 1 576
1616346900 1 576 1 576
1616346600 1 576 1 576
1616346300 1 573 1 576
1616346000 1 569 1 569
1616345700 1 569 1 569
1616345400 2 607 4 664
1616345100 4 664 4 664
1616344800 4 664 4 664
1616344500 2 653 4 664
1616344200 1 637 1 637
1616343900 1 637 1 637
1616343600 1 625 1 637
1616343300 1 608 1 608
1616343000 1 608 1 608
1616342700 1 614 1 625
1616342400 1 625 1 625
1616342100 1 625 1 625
1616341800 2 617 4 625
1616341500 4 606 4 606
1616341200 4 606 4 606
1616340900 2 600 4 606
1616340600 1 593 1 593
1616340300 1 593 1 593
1616340000 1 603 1 620
1616339700 1 620 1 620
1616339400 1 620 1 620
1616339100 1 599 1 620
1616338800 1 569 1 569
1616338500 1 569 1 569
1616338200 1 572 3 578
1616337900 3 578 3 578
1616337600 3 578 3 578
1616337300 2 582 3 588
1616337000 1 588 1 588
1616336700 1 588 1 588
1616336400 1 537 1 588
1616336100 1 464 1 464
1616335800 1 464 1 464
1616335500 1 520 1 604
1616335200 1 604 1 604
1616334900 1 604 1 604
1616334600 1 588 3 604
1616334300 3 565 3 565
1616334000 3 565 3 565
1616333700 2 569 3 575
1616333400 1 575 1 575
1616333100 1 575 1 575
1616332800 1 571 1 575
1616332500 1 567 1 567
1616332200 1 567 1 567
1616331900 1 559 1 567
1616331600 1 549 1 549
1616331300 1 549 1 549
1616331000 1 555 3 565
1616330700 3 565 3 565
1616330400 3 565 3 565
1616330100 2 569 3 576
1616329800 1 576 1 576
1616329500 1 576 1 576
1616329200 1 578 1 582
1616328900 1 582 1 582
1616328600 1 582 1 582
1616328300 1 579 1 582
1616328000 1 576 1 576
1616327700 1 576 1 576
1616327400 1 569 3 576
1616327100 3 560 3 560
1616326800 3 560 3 560
1616326500 2 559 3 560
1616326200 1 559 1 559
1616325900 1 559 1 559
1616325600 1 566 1 578
1616325300 1 578 1 578
1616325000 1 578 1 578
1616324700 1 580 1 583
1616324400 1 583 1 583
1616324100 1 583 1 583
1616323800 1 578 3 583
1616323500 3 573 3 573
1616323200 3 573 3 573
1616322900 2 572 3 573
1616322600 1 571 1 571
1616322300 1 571 1 571
1616322000 1 507 1 571
1616321700 1 414 1 414
1616321400 1 414 1 414
1616321100 1 484 1 588
1616320800 1 588 1 588
1616320500 1 588 1 588
1616320200 1 581 3 588
1616319900 3 571 3 571
1616319600 3 571 3 571
1616319300 2 580 3 595
1616319000 1 595 1 595
1616318700 1 595 1 595
1616318400 1 584 1 595
1616318100 1 569 1 569
1616317800 1 569 1 569
1616317500 1 576 1 587
1616317200 1 587 1 587
1616316900 1 587 1 587
1616316600 1 584 3 587
1616316300 3 582 3 582
1616316000 3 582 3 582
1616315700 2 574 3 582
1616315400 1 563 1 563
1616315100 1 563 1 563
1616314800 1 563 1 565
1616314500 1 565 1 565
1616314200 1 565 1 565
1616313900 1 566 1 568
1616313600 1 568 1 568
1616313300 1 568 1 568
1616313000 1 568 3 569
1616312700 3 569 3 569
1616312400 3 569 3 569
1616312100 2 569 3 569
1616311800 1 569 1 569
1616311500 1 569 1 569
1616311200 1 569 1 569
1616310900 1 569 1 569
1616310600 1 569 1 569
1616310300 1 569 1 569
1616310000 1 569 1 569
1616309700 1 569 1 569
1616309400 1 565 3 569
1616309100 3 560 3 560
1616308800 3 560 3 560
1616308500 2 559 3 560
1616308200 1 559 1 559
1616307900 1 559 1 559
1616307600 1 515 1 559
1616307300 1 451 1 451
1616307000 1 451 1 451
1616306700 1 501 1 575
1616306400 1 575 1 575
1616306100 1 575 1 575
1616305800 1 574 3 575
1616305500 3 573 3 573
1616305200 3 573 3 573
1616304900 2 578 3 586
1616304600 1 586 1 586
1616304300 1 586 1 586
1616304000 1 574 1 586
1616303700 1 558 1 558
1616303400 1 558 1 558
1616303100 1 561 1 566
1616302800 1 566 1 566
1616302500 1 566 1 566
1616302200 1 569 3 574
1616301900 3 574 3 574
1616301600 3 574 3 574
1616301300 2 570 3 574
1616301000 1 566 1 566
1616300700 1 566 1 566
1616300400 1 549 1 566
1616300100 1 526 1 526
1616299800 1 526 1 526
1616299500 1 508 1 526
1616299200 1 484 1 484
1616298900 1 484 1 484
1616298600 1 471 3 484
1616298300 3 453 3 453
1616298000 3 453 3 453
1616297700 2 450 3 453
1616297400 1 446 1 446
1616297100 1 446 1 446
1616296800 1 447 1 449
1616296500 1 449 1 449
1616296200 1 449 1 449
1616295900 1 446 1 449
1616295600 1 444 1 444
1616295300 1 444 1 444
1616295000 1 453 3 467
1616294700 3 467 3 467
1616294400 3 467 3 467
1616294100 2 468 3 470
1616293800 1 470 1 470
1616293500 1 470 1 470
1616293200 1 436 1 470
1616292900 1 387 1 387
1616292600 1 387 1 387
1616292300 1 419 1 467
1616292000 1 467 1 467
1616291700 1 467 1 467
1616291400 1 488 3 521
1616291100 3 521 3 521
1616290800 3 521 3 521
1616290500 2 514 3 521
1616290200 1 504 1 504
1616289900 1 504 1 504
1616289600 1 530 1 570
1616289300 1 570 1 570
1616289000 1 570 1 570
1616288700 1 551 1 570
1616288400 1 523 1 523
1616288100 1 523 1 523
1616287800 1 516 3 523
1616287500 3 508 3 508
1616287200 3 508 3 508
1616286900 2 508 3 510
1616286600 1 510 1 510
1616286300 1 510 1 510
1616286000 1 506 1 510
1616285700 1 501 1 501
1616285400 1 501 1 501
1616285100 1 497 1 501
1616284800 1 493 1 493
1616284500 1 493 1 493
1616284200 2 488 3 493
1616283000 1 485 1 505
1616281200 1 485 3 505
1616279400 1 470 1 599
1616277600 1 576 3 599
1616275800 1 582 1 594
1616274000 1 583 3 594
1616272200 1 573 1 589
1616270400 1 561 3 564
1616268600 1 553 1 556
1616266800 1 553 3 561
1616265000 1 471 1 561
1616263200 1 574 3 642
1616261400 1 659 1 677
1616259600 1 636 3 644
1616257800 1 623 1 638
1616256000 1 639 3 670
1616254200 1 615 1 670
1616252400 1 567 3 571
1616250600 1 504 1 577
1616248800 2 569 4 577
1616247000 1 561 1 564
1616245200 2 560 4 574
1616243400 1 570 1 574
1616241600 2 581 4 593
1616239800 1 587 1 593
1616238000 2 582 4 588
1616236200 1 535 1 583
1616234400 2 578 4 591
1616232600 1 581 1 591
1616230800 2 591 4 595
1616229000 1 580 1 585
1616227200 2 574 4 598
1616225400 1 581 1 598
1616223600 2 574 4 581
1616221800 1 520 1 582
1616220000 1 581 3 588
1616218200 1 576 1 588
1616216400 1 515 3 574
1616214600 1 489 1 577
1616212800 1 583 3 592
1616211000 1 582 1 592
1616209200 1 579 3 587
1616207400 1 548 1 596
1616205600 1 610 3 623
1616203800 1 613 1 633
1616202000 1 612 3 633
1616200200 1 574 1 576
1616198400 1 561 3 569
1616196600 1 569 1 597
1616194800 1 597 3 603
1616193000 1 482 1 569
1616191200 1 492 3 496
1616189400 1 477 1 507
1616187600 1 527 3 549
1616185800 1 528 1 542
1616184000 1 535 3 610
1616182200 1 554 1 610
1616180400 1 496 3 513
1616178600 455 945 910 1377
1616176800 1 518 3 528
1616175000 1 535 1 569
1616173200 1 532 3 543
1616171400 1941 2467 3637 4144
1616169600 910 1458 1819 2385
1616167800 786 1307 1816 2335
1616166000 1 529 3 556
1616164200 1 499 1 556
1616162400 1 526 3 577
1616160600 1 538 1 577
1616158800 1 492 3 512
1616157000 1 495 1 628
1616155200 1 640 3 656
1616153400 1 584 1 616
1616151600 1 598 3 616
1616149800 1 522 1 610
1616148000 1 595 3 610
1616146200 1 587 1 607
1616144400 1 580 3 603
1616142600 1 596 1 608
1616140800 1 592 3 614
1616139000 1 596 1 614
1616137200 1 589 3 613
1616135400 1 534 1 599
1616133600 1 584 3 623
1616131800 1 589 1 623
1616130000 2 574 4 595
1616128200 1 585 1 600
1616126400 2 585 4 601
1616124600 1 581 1 601
1616122800 2 584 4 600
1616121000 1 502 1 617
1616119200 2 592 4 618
1616117400 1 592 1 622
1616115600 2 594 4 622
1616113800 1 585 1 620
1616112000 2 585 4 620
1616110200 1 585 1 616
1616108400 2 612 4 616
1616106600 1031 1576 1819 2384
1616104800 1820 2394 1822 2406
1616103000 910 1497 1819 2406
1616101200 787 1389 1817 2395
1616099400 1 598 1 650
1616097600 1 624 3 652
1616095800 1 618 1 652
1616094000 1 557 3 569
1616092200 1 537 1 569
1616090400 1 566 3 576
1616088600 1 472 1 487
1616086800 1 480 3 481
1616085000 1 503 1 536
1616083200 1 458 3 471
1616081400 1 464 1 471
1616079600 1 458 3 468
1616077800 1 430 1 474
1616076000 1 473 3 475
1616074200 1 460 1 467
1616072400 1 512 3 561
1616070600 1 558 1 569
1616068800 1 554 3 571
1616067000 1 560 1 571
1616065200 1 553 3 563
1616063400 1 508 1 567
1616061600 1 556 3 569
1616059800 1 562 1 569
1616058000 1 547 3 559
1616056200 1 568 1 578
1616054400 1 562 3 564
1616052600 1 556 1 557
1616050800 1 544 3 556
1616049000 1 512 1 645
1616047200 1 647 3 651
1616045400 1 653 1 657
1616043600 456 1044 912 1462
1616041800 455 1013 910 1473
1616040000 63 622 911 1475
1616038200 2273 2808 3633 4151
1616036400 395 866 911 1393
1616034600 1310 1794 12726 13218
1616032800 12177 12662 12729 13218
1616031000 1967 2407 4551 4997
1616029200 1 438 3 442
1616027400 123 554 1819 2252
1616025600 971 1413 2728 3133
1616023800 1242 1654 2728 3133
1616022000 395 826 910 1326
1616020200 1 428 1 461
1616018400 125 627 1819 2367
1616016600 786 1284 1819 2367
1616014800 125 604 1819 2295
1616013000 786 1292 1819 2295
1616011200 2 495 4 503
1616009400 1 483 1 492
1616007600 2 455 4 457
1616005800 1 440 1 474
1616004000 124 578 1819 2302
1616002200 1241 1706 1819 2302
1616000400 2 443 4 483
1615998600 1 505 1 524
1615996800 2 498 4 556
1615995000 1 506 1 556
1615993200 2 514 4 540
1615991400 909 1358 1819 2298
1615989600 2 463 4 503
1615987800 1 487 1 503
1615986000 63 529 910 1382
1615984200 393 893 910 1382
1615982400 1 570 3 594
1615980600 1 567 1 584
1615978800 1 549 3 561
1615977000 1 529 1 574
1615975200 1 566 3 574
1615973400 1 574 1 595
1615971600 1 573 3 586
1615969800 1 557 1 591
1615968000 1 578 3 591
1615966200 247 814 3637 4208
1615964400 2789 3354 4541 4978
1615962600 1965 2468 4541 4978
1615960800 1 575 3 597
1615959000 1 587 1 597
1615957200 309 862 4541 5102
1615955400 1965 2546 4541 5102
1615953600 1 562 3 575
1615951800 1 524 1 531
1615950000 123 590 1821 2250
1615948200 787 1240 1821 2250
1615946400 1 497 3 531
1615944600 1610 2172 3633 4132
1615942800 2027 2496 3633 4132
1615941000 1 449 1 455
1615939200 1 448 3 453
1615937400 428 858 6363 6810
1615935600 2755 3197 6363 6810
1615933800 1 423 1 442
1615932000 1 438 3 448
1615930200 1 454 1 461
1615928400 1 454 3 458
1615926600 1 466 1 516
1615924800 1 520 3 532
1615923000 455 925 911 1380
1615921200 1 469 3 481
1615919400 1 438 1 471
1615917600 1 445 3 473
1615915800 1 470 1 473
1615914000 1 448 3 456
1615912200 1 450 1 453
1615910400 1 455 3 462
1615908600 61 525 911 1406
1615906800 395 875 911 1406
1615905000 1 432 1 530
1615903200 1 548 3 575
1615901400 1 559 1 575
1615899600 1 473 3 549
1615897800 1 555 1 561
1615896000 1 563 3 569
1615894200 1 561 1 569
1615892400 2 553 4 563
1615890600 1 521 1 580
1615888800 2 559 4 584
1615887000 1 566 1 584
1615885200 2 555 4 575
1615883400 1 578 1 583
1615881600 2 569 4 577
1615879800 1 566 1 577
1615878000 2 548 4 566
1615876200 1 511 1 595
1615874400 2 574 4 580
1615872600 1 563 1 575
1615870800 63 626 910 1479
1615869000 394 971 910 1479
1615867200 2 580 4 583
1615865400 1 563 1 570
1615863600 971 1463 1821 2306
1615861800 394 843 910 1309
1615860000 62 553 910 1380
1615858200 2212 2682 3637 4109
1615856400 62 525 910 1395
1615854600 394 867 910 1395
1615852800 1 482 3 489
1615851000 1 479 1 508
1615849200 1 513 3 521
1615847400 1 523 1 550
1615845600 1 505 3 508
1615843800 1 495 1 498
1615842000 1 499 3 523
1615840200 1 529 1 542
1615838400 1 511 3 551
1615836600 1 518 1 551
1615834800 1 462 3 476
1615833000 455 899 909 1398
1615831200 1 532 3 552
1615829400 455 939 910 1381
1615827600 63 529 911 1400
1615825800 455 938 911 1400
1615824000 395 851 910 1397
1615822200 1 474 1 503
1615820400 1 470 3 478
1615818600 1 463 1 495
1615816800 1 460 3 468
1615815000 1 462 1 475
1615813200 1 520 3 616
1615811400 1 582 1 616
1615809600 1 563 3 567
1615807800 1 561 1 568
1615806000 1 554 3 572
1615804200 1 501 1 569
1615802400 1 563 3 569
1615800600 1 555 1 558
1615798800 1 550 3 559
1615797000 1 568 1 579
1615795200 1 558 3 575
1615793400 1 575 1 579
1615791600 1 566 3 579
1615789800 1 521 1 567
1615788000 1 575 3 640
1615786200 1 674 1 719
1615784400 1 568 3 571
1615782600 1 513 1 539
1615780800 1 526 3 535
1615779000 1 476 1 490
1615777200 456 924 911 1373
1615775400 1 437 1 509
1615773600 2 484 4 509
1615771800 1 470 1 509
1615770000 2 489 4 509
1615768200 1 470 1 484
1615766400 2 530 4 603
1615764600 1 581 1 603
1615762800 2 562 4 570
1615761000 1 550 1 577
1615759200 125 688 1819 2423
1615757400 1241 1846 1819 2423
1615755600 456 1052 913 1524
1615753800 1 506 1 558
1615752000 456 951 913 1415
1615750200 1 576 1 585
1615748400 2 556 4 577
1615746600 1 539 1 592
1615744800 1 477 3 498
1615743000 1 479 1 497
1615741200 1 465 3 478
1615739400 1 474 1 488
1615737600 1 468 3 488
1615735800 1 515 1 573
1615734000 1 557 3 573
1615732200 1 501 1 559
1615730400 1 546 3 558
1615728600 1 561 1 565
1615726800 1 557 3 563
1615725000 1 565 1 574
1615723200 1 575 3 580
1615721400 1 545 1 558
1615719600 1 550 3 564
1615717800 1 511 1 553
1615716000 1 555 3 561
1615714200 1 547 1 557
1615712400 1 518 3 578
1615710600 1 568 1 578
1615708800 63 624 910 1454
1615707000 2458 3012 3637 4204
1615705200 2027 2573 3637 4204
1615703400 1 511 1 557
1615701600 1 505 3 527
1615699800 1 474 1 498
1615698000 456 907 912 1369
1615696200 1 448 1 483
1615694400 1 507 3 531
1615692600 1 480 1 496
1615690800 1 448 3 462
1615689000 1 437 1 459
1615687200 1 444 3 461
1615685400 1 480 1 499
1615683600 1 479 3 494
1615681800 1 494 1 501
1615680000 1 471 3 481
1615678200 1 465 1 468
1615676400 1 446 3 467
1615674600 1 502 1 532
1615672800 1 547 3 567
1615671000 61 609 910 1505
1615669200 395 976 910 1505
1615667400 1 588 1 597
1615665600 1 588 3 595
1615663800 1 582 1 591
1615662000 1 548 3 557
1615660200 123 664 1819 2399
1615658400 788 1380 1819 2399
1615656600 1 558 1 573
1615654800 2 556 4 612
1615653000 1 582 1 612
1615651200 2 505 4 562
1615649400 1 562 1 567
1615647600 2 504 4 542
1615645800 1 521 1 563
1615644000 2 569 4 578
1615642200 1 550 1 558
1615640400 2 551 4 568
1615638600 1 557 1 568
1615636800 2 558 4 565
1615635000 1 554 1 577
1615633200 2 545 4 577
1615631400 1 549 1 600
1615629600 2 558 4 564
1615627800 1 546 1 557
1615626000 1 535 3 538
1615624200 1 546 1 553
1615622400 1 549 3 552
1615620600 1 540 1 556
1615618800 1 506 3 556
1615617000 1 534 1 569
1615615200 1 552 3 582
1615613400 1 567 1 582
1615611600 1 568 3 569
1615609800 1 561 1 568
1615608000 1 510 3 577
1615606200 1 596 1 617
1615604400 1 539 3 574
1615602600 1 553 1 569
1615600800 1 558 3 580
1615599000 1 569 1 580
1615597200 1 603 3 630
1615595400 1 614 1 638
1615593600 1 549 3 605
1615591800 1 446 1 457
1615590000 1 409 3 434
1615588200 1 430 1 445
1615586400 1 448 3 456
1615584600 1 438 1 444
1615582800 1 455 3 484
1615581000 1 480 1 484
1615579200 1 449 3 457
1615577400 1 440 1 452
1615575600 1 428 3 452
1615573800 1 448 1 461
1615572000 1 441 3 448
1615570200 1 427 1 439
1615568400 1 443 3 455
1615566600 1 447 1 455
1615564800 1 450 3 462
1615563000 1 446 1 449
1615561200 1 438 3 447
1615559400 1 499 1 549
1615557600 1 551 3 558
1615555800 1 559 1 563
1615554000 1 560 3 572
1615552200 1 573 1 576
1615550400 1 564 3 570
1615548600 1 570 1 577
1615546800 1 528 3 560
1615545000 1 560 1 574
1615543200 1 581 3 592
1615541400 1 567 1 572
1615539600 1 558 3 572
1615537800 1 563 1 579
1615536000 2 569 4 579
1615534200 1 571 1 573
1615532400 2 499 4 560
1615530600 1 612 11 690
1615528800 15 686 23 690
1615527000 123 782 1819 2484
1615525200 789 1382 1819 2484
1615523400 1 499 1 555
1615521600 2 581 4 605
1615519800 1 578 1 588
1615518000 2 524 4 585
1615516200 1 584 1 589
1615514400 2 563 4 586
1615512600 1 572 1 586
1615510800 2 558 4 566
1615509000 1 554 1 571
1615507200 1 539 3 571
1615505400 1 480 1 492
1615503600 13 453 26 492
1615501800 1 431 1 435
1615500000 456 889 913 1351
1615498200 1 461 1 470
1615496400 1 475 3 484
1615494600 1 496 1 539
1615492800 1 487 3 498
1615491000 1 446 1 476
1615489200 1 416 3 441
1615487400 1 441 1 466
1615485600 1 474 3 514
1615483800 1 504 1 514
1615482000 1 459 3 485
1615480200 1 454 1 468
1615478400 1 535 3 595
1615476600 1 506 1 560
1615474800 1 430 3 485
1615473000 1 479 1 498
1615471200 1 491 3 565
1615469400 1 559 1 565
1615467600 1 567 3 580
1615465800 1 550 1 560
1615464000 1 562 3 566
1615462200 1 555 1 578
1615460400 1 522 3 578
1615458600 1 564 1 567
1615456800 1 567 3 601
1615455000 1 659 1 718
1615453200 1 720 3 729
1615451400 1 738 1 746
1615449600 1 727 3 744
1615447800 1 730 1 736
1615446000 1 634 3 734
1615444200 1 724 1 734
1615442400 1 712 3 724
1615440600 1 654 1 661
1615438800 1 623 3 627
1615437000 1 622 1 632
1615435200 1 631 3 634
1615433400 1 620 1 630
1615431600 1 562 3 659
1615429800 1 620 1 659
1615428000 1 630 3 682
1615426200 1 694 1 709
1615424400 1 664 3 676
1615422600 1 647 1 661
1615420800 1 606 3 624
1615419000 1 612 1 633
1615417200 2 564 4 639
1615415400 1 645 1 655
1615413600 2 605 4 655
1615411800 1 576 1 593
1615410000 124 710 1819 2438
1615408200 1696 2304 1819 2438
1615406400 2 620 4 668
1615404600 1 642 1 668
1615402800 2 529 4 613
1615401000 1 649 1 705
1615399200 2 709 4 713
1615397400 1 686 1 710
1615395600 2 588 4 625
1615393800 1 564 1 576
1615392000 2 531 4 567
1615390200 1 469 1 473
1615388400 1 425 3 474
1615386600 1 472 1 477
1615384800 1 475 3 492
1615383000 1 489 1 492
1615381200 1 510 3 531
1615379400 1 535 1 551
1615377600 1 512 3 545
1615375800 1 541 1 560
1615374000 1 492 3 560
1615372200 1 551 1 555
1615370400 1 544 3 560
1615368600 1 559 1 561
1615366800 1 557 3 574
1615365000 455 1020 910 1470
1615363200 63 624 910 1484
1615361400 516 1086 1819 2395
1615359600 1241 1729 1819 2395
1615357800 2273 2894 4546 5086
1615356000 579 1650 1819 2378
1615354200 786 1338 1819 2378
1615352400 1365 1925 2730 3288
1615350600 1 552 1 566
1615348800 1 487 3 501
1615347000 1 460 1 487
1615345200 1 439 3 487
1615343400 1 465 1 470
1615341600 1 471 3 487
1615339800 1 471 1 511
1615338000 1 491 3 542
1615336200 1 490 1 542
1615334400 1 474 3 487
1615332600 1 469 1 481
1615330800 1 408 3 429
1615329000 1 445 1 534
1615327200 63 556 911 1402
1615325400 393 866 911 1402
1615323600 1 497 3 527
1615321800 1 494 1 522
1615320000 1 489 3 507
1615318200 1 434 1 449
1615316400 1 413 3 449
1615314600 1 429 1 441
1615312800 1 427 3 439
1615311000 1 437 1 439
1615309200 1 492 3 575
1615307400 1 525 1 575
1615305600 1 480 3 497
1615303800 1 475 1 497
1615302000 1 404 3 435
1615300200 1 454 1 470
1615298400 2 468 4 477
1615296600 1 503 1 585
1615294800 2 575 4 585
1615293000 1 571 1 579
1615291200 2 564 4 572
1615289400 1 559 1 567
1615287600 2 507 4 566
1615285800 1 550 1 557
1615284000 2 561 4 566
1615282200 1 561 1 563
1615280400 2 547 4 554
1615278600 1 560 1 570
1615276800 2 566 4 570
1615275000 1 564 1 568
1615273200 2 488 4 555
1615271400 1 546 1 558
1615269600 1 564 3 571
1615267800 1 577 1 582
1615266000 1 590 3 599
1615264200 1 547 1 590
1615262400 1 524 3 575
1615260600 1 546 1 575
1615258800 1 487 3 562
1615257000 1 553 1 562
1615255200 1 526 3 529
1615253400 1 514 1 521
1615251600 1 524 3 531
1615249800 1 506 1 531
1615248000 1 488 3 500
1615246200 1 496 1 505
1615244400 1 438 3 512
1615242600 1 538 1 564
1615240800 1 523 3 536
1615239000 123 620 1819 2330
1615237200 787 1304 1819 2330
1615235400 1 504 1 511
1615233600 1 533 3 572
1615231800 1 524 1 539
1615230000 1 480 3 496
1615228200 1 497 1 499
1615226400 1 497 3 499
1615224600 1 492 1 502
1615222800 1 492 3 557
1615221000 1 541 1 557
1615219200 910 1439 1821 2336
1615217400 1 541 1 548
1615215600 1 463 3 502
1615213800 1 494 1 533
1615212000 1 512 3 533
1615210200 1 514 1 561
1615208400 1 560 3 562
1615206600 1 564 1 579
1615204800 1 575 3 579
1615203000 1 541 3 591
1615197600 1 563 3 577
1615190400 1 562 3 640
1615183200 1 581 4 640
1615176000 1 543 4 568
1615168800 1 550 4 583
1615161600 40 591 105 937
1615154400 215 720 1012 1564
1615147200 102 695 105 808
1615140000 102 603 105 698
1615132800 102 638 105 685
1615125600 102 674 105 685
1615118400 102 664 105 694
1615111200 102 654 105 687
1615104000 102 651 105 729
1615096800 102 759 105 776
1615089600 102 711 105 852
1615082400 102 669 105 727
1615075200 52 563 105 698
1615068000 372 837 2731 3162
1615060800 1679 2116 3641 4066
1615053600 128359 141106 987906 993095
1615046400 39 578 235 789
1615039200 104 662 235 791
1615032000 64 594 199 675
1615024800 226 780 537 1093
1615017600 55 599 122 677
1615010400 136 639 352 871
1615003200 55 573 93 624
1614996000 106 641 213 717
1614988800 152 593 650 960
1614981600 11 506 49 547
1614974400 71 491 256 628
1614967200 177 602 366 787
1614960000 11 474 45 562
1614952800 113 673 271 823
1614945600 247 791 561 1122
1614938400 30 627 236 797
1614931200 187 750 271 849
1614924000 107 729 284 981
1614916800 22 699 172 919
1614909600 6 655 17 690
1614902400 399 1006 10003 10512
1614895200 1089 1621 10003 10512
1614888000 115 610 669 955
1614880800 324 806 1348 1792
1614873600 11 519 73 581
1614866400 57 637 224 778
1614859200 96 673 271 842
1614852000 140 732 257 843
1614844800 280 809 549 958
1614837600 455 981 664 1138
1614830400 356 831 661 1052
1614823200 86 554 170 696
1614816000 87 513 146 721
1614808800 10 576 44 642
1614801600 155 655 885 1247
1614794400 203 672 885 1247
1614787200 246 708 523 915
1614780000 9 462 35 550
1614772800 262 771 744 1230
1614765600 174 705 407 939
1614758400 217 765 423 911
1614751200 228 767 538 996
1614744000 125 597 538 996
1614736800 6 579 73 643
1614729600 2 581 2 581
1614722400 2 581 2 581
1614715200 2 581 2 581
1614708000 2 581 2 581
1614700800 2 581 2 581
1614693600 2 581 2 581
1614686400 2 581 2 581
1614679200 2 581 2 581
1614672000 2 581 2 581
1614664800 2 581 2 581
1614657600 2 581 2 581
1614650400 2 581 2 581
1614643200 0 196 2 612
1614636000 0 0 0 0
1614628800 0 0 0 0
1614621600 0 0 0 0
1614614400 0 0 0 0
1614607200 0 0 0 0
1614600000 0 0 0 0
1614592800 0 0 0 0
1614585600 0 0 0 0
1614578400 0 0 0 0
1614571200 0 0 0 0
1614564000 0 0 0 0
1614556800 0 0 0 0
1614549600 0 0 0 0
1614542400 0 0 0 0
1614535200 0 0 0 0
1614528000 0 0 0 0
1614520800 0 0 0 0
1614513600 0 0 0 0
1614506400 0 0 0 0
1614499200 0 0 0 0
1614492000 0 0 0 0
1614484800 0 0 0 0
1614477600 0 0 0 0
1614470400 0 0 0 0
1614463200 0 0 0 0
1614456000 0 0 0 0
1614448800 0 0 0 0
1614441600 0 0 0 0
1614434400 0 0 0 0
1614427200 0 0 0 0
1614420000 0 0 0 0
1614412800 0 0 0 0
1614405600 0 0 0 0
1614398400 0 0 0 0
1614391200 0 0 0 0
1614384000 0 0 0 0
1614376800 0 0 0 0
1614369600 0 0 0 0
1614362400 0 0 0 0
1614355200 0 0 0 0
1614348000 0 0 0 0
1614340800 0 0 0 0
1614333600 0 0 0 0
1614326400 0 0 0 0
1614319200 0 0 0 0
1614312000 0 0 0 0
1614304800 0 0 0 0
1614297600 0 0 0 0
1614290400 0 0 0 0
1614283200 0 0 0 0
1614276000 0 0 0 0
1614268800 0 0 0 0
1614261600 0 0 0 0
1614254400 0 0 0 0
1614247200 0 0 0 0
1614240000 0 0 0 0
1614232800 0 0 0 0
1614225600 0 0 0 0
1614218400 0 0 0 0
1614211200 0 0 0 0
1614204000 0 0 0 0
1614196800 0 0 0 0
1614189600 0 0 0 0
1614182400 0 0 0 0
1614175200 0 0 0 0
1614168000 0 0 0 0
1614160800 0 0 0 0
1614153600 0 0 0 0
1614146400 0 0 0 0
1614139200 0 0 0 0
1614132000 0 0 0 0
1614124800 0 0 0 0
1614117600 0 0 0 0
1614110400 0 0 0 0
1614103200 0 0 0 0
1614096000 0 0 0 0
1614088800 0 0 0 0
1614081600 0 0 0 0
1614074400 0 0 0 0
1614067200 0 0 0 0
1614060000 0 0 0 0
1614052800 0 0 0 0
1614045600 0 0 0 0
1614038400 0 0 0 0
1614031200 0 0 0 0
1614024000 0 0 0 0
1614016800 0 0 0 0
1614009600 0 0 0 0
1614002400 0 0 0 0
1613995200 0 0 0 0
1613988000 0 0 0 0
1613980800 0 0 0 0
1613973600 0 0 0 0
1613966400 0 0 0 0
1613959200 0 0 0 0
1613952000 0 0 0 0
1613944800 0 0 0 0
1613937600 0 0 0 0
1613930400 0 0 0 0
1613923200 0 0 0 0
1613916000 0 0 0 0
1613908800 0 0 0 0
1613901600 0 0 0 0
1613894400 0 0 0 0
1613887200 0 0 0 0
1613880000 0 0 0 0
1613872800 0 0 0 0
1613865600 0 0 0 0
1613858400 0 0 0 0
1613851200 0 0 0 0
1613844000 0 0 0 0
1613836800 0 0 0 0
1613829600 0 0 0 0
1613822400 0 0 0 0
1613815200 0 0 0 0
1613808000 0 0 0 0
1613800800 0 0 0 0
1613793600 0 0 0 0
1613786400 0 0 0 0
1613779200 0 0 0 0
1613772000 0 0 0 0
1613764800 0 0 0 0
1613757600 0 0 0 0
1613750400 0 0 0 0
1613743200 0 0 0 0
1613736000 0 0 0 0
1613728800 0 0 0 0
1613721600 0 0 0 0
1613714400 0 0 0 0
1613707200 0 0 0 0
1613700000 0 0 0 0
1613692800 0 0 0 0
1613685600 0 0 0 0
1613678400 0 0 0 0
1613671200 0 0 0 0
1613664000 0 0 0 0
1613656800 0 0 0 0
1613649600 0 0 0 0
1613642400 0 0 0 0
1613635200 0 0 0 0
1613628000 0 0 0 0
1613620800 0 0 0 0
1613613600 0 0 0 0
1613606400 0 0 0 0
1613599200 0 0 0 0
1613592000 0 0 0 0
1613584800 0 0 0 0
1613577600 0 0 0 0
1613570400 0 0 0 0
1613563200 0 0 0 0
1613556000 0 0 0 0
1613548800 0 0 0 0
1613541600 0 0 0 0
1613534400 0 0 0 0
1613527200 0 0 0 0
1613520000 0 0 0 0
1613512800 0 0 0 0
1613505600 0 0 0 0
1613498400 0 0 0 0
1613491200 0 0 0 0
1613484000 0 0 0 0
1613476800 0 0 0 0
1613469600 0 0 0 0
1613462400 0 0 0 0
1613455200 0 0 0 0
1613448000 0 0 0 0
1613440800 0 0 0 0
1613433600 0 0 0 0
1613426400 0 0 0 0
1613419200 0 0 0 0
1613412000 0 0 0 0
1613404800 0 0 0 0
1613397600 0 0 0 0
1613390400 0 0 0 0
1613383200 0 0 0 0
1613376000 0 0 0 0
1613368800 0 0 0 0
1613361600 0 0 0 0
1613354400 0 0 0 0
1613347200 0 0 0 0
1613340000 0 0 0 0
1613332800 0 0 0 0
1613325600 0 0 0 0
1613318400 0 0 0 0
1613311200 0 0 0 0
1613304000 0 0 0 0
1613296800 0 0 0 0
1613289600 0 0 0 0
1613282400 0 0 0 0
1613275200 0 0 0 0
1613268000 0 0 0 0
1613260800 0 0 0 0
1613253600 0 0 0 0
1613246400 0 0 0 0
1613239200 0 0 0 0
1613232000 0 0 0 0
1613224800 0 0 0 0
1613217600 0 0 0 0
1613210400 0 0 0 0
1613203200 0 0 0 0
1613196000 0 0 0 0
1613188800 0 0 0 0
1613181600 0 0 0 0
1613174400 0 0 0 0
1613167200 0 0 0 0
1613160000 0 0 0 0
1613152800 0 0 0 0
1613145600 0 0 0 0
1613138400 0 0 0 0
1613131200 0 0 0 0
1613124000 0 0 0 0
1613116800 0 0 0 0
1613109600 0 0 0 0
1613102400 0 0 0 0
1613095200 0 0 0 0
1613088000 0 0 0 0
1613080800 0 0 0 0
1613073600 0 0 0 0
1613066400 0 0 0 0
1613059200 0 0 0 0
1613052000 0 0 0 0
1613044800 0 0 0 0
1613037600 0 0 0 0
1613030400 0 0 0 0
1613023200 0 0 0 0
1613016000 0 0 0 0
1613008800 0 0 0 0
1613001600 0 0 0 0
1612994400 0 0 0 0
1612987200 0 0 0 0
1612980000 0 0 0 0
1612972800 0 0 0 0
1612965600 0 0 0 0
1612958400 0 0 0 0
1612951200 0 0 0 0
1612944000 0 0 0 0
1612936800 0 0 0 0
1612929600 0 0 0 0
1612922400 0 0 0 0
1612915200 0 0 0 0
1612908000 0 0 0 0
1612900800 0 0 0 0
1612893600 0 0 0 0
1612886400 0 0 0 0
1612879200 0 0 0 0
1612872000 0 0 0 0
1612864800 0 0 0 0
1612857600 0 0 0 0
1612850400 0 0 0 0
1612843200 0 0 0 0
1612836000 0 0 0 0
1612828800 0 0 0 0
1612821600 0 0 0 0
1612814400 0 0 0 0
1612807200 0 0 0 0
1612800000 0 0 0 0
1612792800 0 0 0 0
1612785600 0 0 0 0
1612778400 0 0 0 0
1612771200 0 0 0 0
1612764000 0 0 0 0
1612756800 0 0 0 0
1612749600 0 0 0 0
1612742400 0 0 0 0
1612735200 0 0 0 0
1612728000 0 0 0 0
1612720800 0 0 0 0
1612713600 0 0 0 0
1612706400 0 0 0 0
1612699200 0 0 0 0
1612692000 0 0 0 0
1612684800 0 0 0 0
1612677600 0 0 0 0
1612670400 0 0 0 0
1612663200 0 0 0 0
1612656000 0 0 0 0
1612648800 0 0 0 0
1612641600 0 0 0 0
1612634400 0 0 0 0
1612627200 0 0 0 0
1612620000 0 0 0 0
1612612800 0 0 0 0
1612605600 0 0 0 0
1612598400 0 0 0 0
1612591200 0 0 0 0
1612584000 0 0 0 0
1612576800 0 0 0 0
1612569600 0 0 0 0
1612562400 0 0 0 0
1612555200 0 0 0 0
1612548000 0 0 0 0
1612540800 0 0 0 0
1612533600 0 0 0 0
1612526400 0 0 0 0
1612519200 0 0 0 0
1612512000 0 0 0 0
1612504800 0 0 0 0
1612497600 0 0 0 0
1612490400 0 0 0 0
1612483200 0 0 0 0
1612476000 0 0 0 0
1612468800 0 0 0 0
1612461600 0 0 0 0
1612454400 0 0 0 0
1612447200 0 0 0 0
1612440000 0 0 0 0
1612432800 0 0 0 0
1612425600 0 0 0 0
1612418400 0 0 0 0
1612411200 0 0 0 0
1612404000 0 0 0 0
1612396800 0 0 0 0
1612389600 0 0 0 0
1612382400 0 0 0 0
1612375200 0 0 0 0
1612368000 0 0 0 0
1612360800 0 0 0 0
1612353600 0 0 0 0
1612346400 0 0 0 0
1612339200 0 0 0 0
1612332000 0 0 0 0
1612324800 0 0 0 0
1612317600 0 0 0 0
1612310400 0 0 0 0
1612303200 0 0 0 0
1612296000 0 0 0 0
1612288800 0 0 0 0
1612281600 0 0 0 0
1612274400 0 0 0 0
1612267200 0 0 0 0
1612260000 0 0 0 0
1612252800 0 0 0 0
1612245600 0 0 0 0
1612238400 0 0 0 0
1612231200 0 0 0 0
1612224000 0 0 0 0
1612216800 0 0 0 0
1612209600 0 0 0 0
1612202400 0 0 0 0
1612195200 0 0 0 0
1612188000 0 0 0 0
1612180800 0 0 0 0
1612173600 0 0 0 0
1612166400 0 0 0 0
1612159200 0 0 0 0
1612152000 0 0 0 0
1612144800 0 0 0 0
1612137600 0 0 0 0
1612130400 0 0 0 0
1612123200 0 0 0 0
1612116000 0 0 0 0
1612108800 0 0 0 0
1612101600 0 0 0 0
1612094400 0 0 0 0
1612087200 0 0 0 0
1612080000 0 0 0 0
1612072800 0 0 0 0
1612065600 0 0 0 0
1612058400 0 0 0 0
1612051200 0 0 0 0
1612044000 0 0 0 0
1612036800 0 0 0 0
1612029600 0 0 0 0
1612022400 0 0 0 0
1612015200 0 0 0 0
1612008000 0 0 0 0
1612000800 0 0 0 0
1611993600 0 0 0 0
1611986400 0 0 0 0
1611979200 0 0 0 0
1611972000 0 0 0 0
1611964800 0 0 0 0
1611957600 0 0 0 0
1611950400 0 0 0 0
1611943200 0 0 0 0
1611936000 0 0 0 0
1611928800 0 0 0 0
1611921600 0 0 0 0
1611914400 0 0 0 0
1611907200 0 0 0 0
1611900000 0 0 0 0
1611892800 0 0 0 0
1611885600 0 0 0 0
1611878400 0 0 0 0
1611871200 0 0 0 0
1611864000 0 0 0 0
1611856800 0 0 0 0
1611849600 0 0 0 0
1611842400 0 0 0 0
1611835200 0 0 0 0
1611828000 0 0 0 0
1611820800 0 0 0 0
1611813600 0 0 0 0
1611806400 0 0 0 0
1611799200 0 0 0 0
1611792000 0 0 0 0
1611784800 0 0 0 0
1611777600 0 0 0 0
1611770400 0 0 0 0
1611763200 0 0 0 0
1611756000 0 0 0 0
1611748800 0 0 0 0
1611741600 0 0 0 0
1611734400 0 0 0 0
1611727200 0 0 0 0
1611720000 0 0 0 0
1611712800 0 0 0 0
1611705600 0 0 0 0
1611698400 0 0 0 0
1611691200 0 0 0 0
1611684000 0 0 0 0
1611676800 0 0 0 0
1611669600 0 0 0 0
1611662400 0 0 0 0
1611655200 0 0 0 0
1611648000 0 0 0 0
1611640800 0 0 0 0
1611633600 0 0 0 0
1611626400 0 0 0 0
1611619200 0 0 0 0
1611612000 0 0 0 0
1611604800 0 0 0 0
1611597600 0 0 0 0
1611590400 0 0 0 0
1611583200 0 0 0 0
1611576000 0 0 0 0
1611568800 0 0 0 0
1611561600 0 0 0 0
1611554400 0 0 0 0
1611547200 0 0 0 0
1611540000 0 0 0 0
1611532800 0 0 0 0
1611525600 0 0 0 0
1611518400 0 0 0 0
1611511200 0 0 0 0
1611504000 0 0 0 0
1611496800 0 0 0 0
1611489600 0 0 0 0
1611482400 0 0 0 0
1611475200 0 0 0 0
1611468000 0 0 0 0
1611460800 0 0 0 0
1611453600 0 0 0 0
1611446400 0 0 0 0
1611439200 0 0 0 0
1611432000 0 0 0 0
1611424800 0 0 0 0
1611417600 0 0 0 0
1611410400 0 0 0 0
1611403200 0 0 0 0
1611396000 0 0 0 0
1611388800 0 0 0 0
1611381600 0 0 0 0
1611374400 0 0 0 0
1611367200 0 0 0 0
1611360000 0 0 0 0
1611352800 0 0 0 0
1611345600 0 0 0 0
1611338400 0 0 0 0
1611331200 0 0 0 0
1611324000 0 0 0 0
1611316800 0 0 0 0
1611309600 0 0 0 0
1611302400 0 0 0 0
1611295200 0 0 0 0
1611288000 0 0 0 0
1611280800 0 0 0 0
1611273600 0 0 0 0
1611266400 0 0 0 0
1611259200 0 0 0 0
1611252000 0 0 0 0
1611244800 0 0 0 0
1611237600 0 0 0 0
1611230400 0 0 0 0
1611223200 0 0 0 0
1611216000 0 0 0 0
1611208800 0 0 0 0
1611201600 0 0 0 0
1611194400 0 0 0 0
1611187200 0 0 0 0
1611180000 0 0 0 0
1611172800 0 0 0 0
1611165600 0 0 0 0
1611158400 0 0 0 0
1611151200 0 0 0 0
1611144000 0 0 0 0
1611136800 0 0 0 0
1611129600 0 0 0 0
1611122400 0 0 0 0
1611115200 0 0 0 0
1611108000 0 0 0 0
1611100800 0 0 0 0
1611093600 0 0 0 0
1611086400 0 0 0 0
1611079200 0 0 0 0
1611072000 0 0 0 0
1611064800 0 0 0 0
1611057600 0 0 0 0
1611050400 0 0 0 0
1611043200 0 0 0 0
1611036000 0 0 0 0
1611028800 0 0 0 0
1611021600 0 0 0 0
1611014400 0 0 0 0
1611007200 0 0 0 0
1611000000 0 0 0 0
1610992800 0 0 0 0
1610985600 0 0 0 0
1610978400 0 0 0 0
1610971200 0 0 0 0
1610964000 0 0 0 0
1610956800 0 0 0 0
1610949600 0 0 0 0
1610942400 0 0 0 0
1610935200 0 0 0 0
1610928000 0 0 0 0
1610920800 0 0 0 0
1610913600 0 0 0 0
1610906400 0 0 0 0
1610899200 0 0 0 0
1610892000 0 0 0 0
1610884800 0 0 0 0
1610877600 0 0 0 0
1610841600 0 0 0 0
1610755200 0 0 0 0
1610668800 0 0 0 0
1610582400 0 0 0 0
1610496000 0 0 0 0
1610409600 0 0 0 0
1610323200 0 0 0 0
1610236800 0 0 0 0
1610150400 0 0 0 0
1610064000 0 0 0 0
1609977600 0 0 0 0
1609891200 0 0 0 0
1609804800 0 0 0 0
1609718400 0 0 0 0
1609632000 0 0 0 0
1609545600 0 0 0 0
1609459200 0 0 0 0
1609372800 0 0 0 0
1609286400 0 0 0 0
1609200000 0 0 0 0
1609113600 0 0 0 0
1609027200 0 0 0 0
1608940800 0 0 0 0
1608854400 0 0 0 0
1608768000 0 0 0 0
1608681600 0 0 0 0
1608595200 0 0 0 0
1608508800 0 0 0 0
1608422400 0 0 0 0
1608336000 0 0 0 0
1608249600 0 0 0 0
1608163200 0 0 0 0
1608076800 0 0 0 0
1607990400 0 0 0 0
1607904000 0 0 0 0
1607817600 0 0 0 0
1607731200 0 0 0 0
1607644800 0 0 0 0
1607558400 0 0 0 0
1607472000 0 0 0 0
1607385600 0 0 0 0
1607299200 0 0 0 0
1607212800 0 0 0 0
1607126400 0 0 0 0
1607040000 0 0 0 0
1606953600 0 0 0 0
1606867200 0 0 0 0
1606780800 0 0 0 0
1606694400 0 0 0 0
1606608000 0 0 0 0
1606521600 0 0 0 0
1606435200 0 0 0 0
1606348800 0 0 0 0
1606262400 0 0 0 0
1606176000 0 0 0 0
1606089600 0 0 0 0
1606003200 0 0 0 0
1605916800 0 0 0 0
1605830400 0 0 0 0
1605744000 0 0 0 0
1605657600 0 0 0 0
1605571200 0 0 0 0
1605484800 0 0 0 0
1605398400 0 0 0 0
1605312000 0 0 0 0
1605225600 0 0 0 0
1605139200 0 0 0 0
1605052800 0 0 0 0
1604966400 0 0 0 0
1604880000 0 0 0 0
1604793600 0 0 0 0
1604707200 0 0 0 0
1604620800 0 0 0 0
1604534400 0 0 0 0
1604448000 0 0 0 0
1604361600 0 0 0 0
1604275200 0 0 0 0
1604188800 0 0 0 0
1604102400 0 0 0 0
1604016000 0 0 0 0
1603929600 0 0 0 0
1603843200 0 0 0 0
1603756800 0 0 0 0
1603670400 0 0 0 0
1603584000 0 0 0 0
1603497600 0 0 0 0
1603411200 0 0 0 0
1603324800 0 0 0 0
1603238400 0 0 0 0
1603152000 0 0 0 0
1603065600 0 0 0 0
1602979200 0 0 0 0
1602892800 0 0 0 0
1602806400 0 0 0 0
1602720000 0 0 0 0
1602633600 0 0 0 0
1602547200 0 0 0 0
1602460800 0 0 0 0
1602374400 0 0 0 0
1602288000 0 0 0 0
1602201600 0 0 0 0
1602115200 0 0 0 0
1602028800 0 0 0 0
1601942400 0 0 0 0
1601856000 0 0 0 0
1601769600 0 0 0 0
1601683200 0 0 0 0
1601596800 0 0 0 0
1601510400 0 0 0 0
1601424000 0 0 0 0
1601337600 0 0 0 0
1601251200 0 0 0 0
1601164800 0 0 0 0
1601078400 0 0 0 0
1600992000 0 0 0 0
1600905600 0 0 0 0
1600819200 0 0 0 0
1600732800 0 0 0 0
1600646400 0 0 0 0
1600560000 0 0 0 0
1600473600 0 0 0 0
1600387200 0 0 0 0
1600300800 0 0 0 0
1600214400 0 0 0 0
1600128000 0 0 0 0
1600041600 0 0 0 0
1599955200 0 0 0 0
1599868800 0 0 0 0
1599782400 0 0 0 0
1599696000 0 0 0 0
1599609600 0 0 0 0
1599523200 0 0 0 0
1599436800 0 0 0 0
1599350400 0 0 0 0
1599264000 0 0 0 0
1599177600 0 0 0 0
1599091200 0 0 0 0
1599004800 0 0 0 0
1598918400 0 0 0 0
1598832000 0 0 0 0
1598745600 0 0 0 0
1598659200 0 0 0 0
1598572800 0 0 0 0
1598486400 0 0 0 0
1598400000 0 0 0 0
1598313600 0 0 0 0
1598227200 0 0 0 0
1598140800 0 0 0 0
1598054400 0 0 0 0
1597968000 0 0 0 0
1597881600 0 0 0 0
1597795200 0 0 0 0
1597708800 0 0 0 0
1597622400 0 0 0 0
1597536000 0 0 0 0
1597449600 0 0 0 0
1597363200 0 0 0 0
1597276800 0 0 0 0
1597190400 0 0 0 0
1597104000 0 0 0 0
1597017600 0 0 0 0
1596931200 0 0 0 0
1596844800 0 0 0 0
1596758400 0 0 0 0
1596672000 0 0 0 0
1596585600 0 0 0 0
1596499200 0 0 0 0
1596412800 0 0 0 0
1596326400 0 0 0 0
1596240000 0 0 0 0
1596153600 0 0 0 0
1596067200 0 0 0 0
1595980800 0 0 0 0
1595894400 0 0 0 0
1595808000 0 0 0 0
1595721600 0 0 0 0
1595635200 0 0 0 0
1595548800 0 0 0 0
1595462400 0 0 0 0
1595376000 0 0 0 0
1595289600 0 0 0 0
1595203200 0 0 0 0
1595116800 0 0 0 0
1595030400 0 0 0 0
1594944000 0 0 0 0
1594857600 0 0 0 0
1594771200 0 0 0 0
1594684800 0 0 0 0
1594598400 0 0 0 0
1594512000 0 0 0 0
1594425600 0 0 0 0
1594339200 0 0 0 0
1594252800 0 0 0 0
1594166400 0 0 0 0
1594080000 0 0 0 0
1593993600 0 0 0 0
1593907200 0 0 0 0
1593820800 0 0 0 0
1593734400 0 0 0 0
1593648000 0 0 0 0
1593561600 0 0 0 0
1593475200 0 0 0 0
1593388800 0 0 0 0
1593302400 0 0 0 0
1593216000 0 0 0 0
1593129600 0 0 0 0
1593043200 0 0 0 0
1592956800 0 0 0 0
1592870400 0 0 0 0
1592784000 0 0 0 0
1592697600 0 0 0 0
1592611200 0 0 0 0
1592524800 0 0 0 0
1592438400 0 0 0 0
1592352000 0 0 0 0
1592265600 0 0 0 0
1592179200 0 0 0 0
1592092800 0 0 0 0
1592006400 0 0 0 0
1591920000 0 0 0 0
1591833600 0 0 0 0
1591747200 0 0 0 0
1591660800 0 0 0 0
1591574400 0 0 0 0
1591488000 0 0 0 0
1591401600 0 0 0 0
1591315200 0 0 0 0
1591228800 0 0 0 0
1591142400 0 0 0 0
1591056000 0 0 0 0
1590969600 0 0 0 0
1590883200 0 0 0 0
1590796800 0 0 0 0
1590710400 0 0 0 0
1590624000 0 0 0 0
1590537600 0 0 0 0
1590451200 0 0 0 0
1590364800 0 0 0 0
1590278400 0 0 0 0
1590192000 0 0 0 0
1590105600 0 0 0 0
1590019200 0 0 0 0
1589932800 0 0 0 0
1589846400 0 0 0 0
1589760000 0 0 0 0
1589673600 0 0 0 0
1589587200 0 0 0 0
1589500800 0 0 0 0
1589414400 0 0 0 0
1589328000 0 0 0 0
1589241600 0 0 0 0
1589155200 0 0 0 0
1589068800 0 0 0 0
1588982400 0 0 0 0
1588896000 0 0 0 0
1588809600 0 0 0 0
1588723200 0 0 0 0
1588636800 0 0 0 0
1588550400 0 0 0 0
1588464000 0 0 0 0
1588377600 0 0 0 0
1588291200 0 0 0 0
1588204800 0 0 0 0
1588118400 0 0 0 0
1588032000 0 0 0 0
1587945600 0 0 0 0
1587859200 0 0 0 0
1587772800 0 0 0 0
1587686400 0 0 0 0
1587600000 0 0 0 0
1587513600 0 0 0 0
1587427200 0 0 0 0
1587340800 0 0 0 0
1587254400 0 0 0 0
1587168000 0 0 0 0
1587081600 0 0 0 0
1586995200 0 0 0 0
1586908800 0 0 0 0
1586822400 0 0 0 0
1586736000 0 0 0 0
1586649600 0 0 0 0
1586563200 0 0 0 0
1586476800 0 0 0 0
1586390400 0 0 0 0
1586304000 0 0 0 0
1586217600 0 0 0 0
1586131200 0 0 0 0
1586044800 0 0 0 0
1585958400 0 0 0 0
1585872000 0 0 0 0
1585785600 0 0 0 0
1585699200 0 0 0 0
1585612800 0 0 0 0
1585526400 0 0 0 0
1585440000 0 0 0 0
1585353600 0 0 0 0
1585267200 0 0 0 0
1585180800 0 0 0 0
1585094400 0 0 0 0
1585008000 0 0 0 0
1584921600 0 0 0 0
1584835200 0 0 0 0
1584748800 0 0 0 0
1584662400 0 0 0 0
1584576000 0 0 0 0
1584489600 0 0 0 0
1584403200 0 0 0 0
1584316800 0 0 0 0
1584230400 0 0 0 0
1584144000 0 0 0 0
1584057600 0 0 0 0
1583971200 0 0 0 0
1583884800 0 0 0 0
1583798400 0 0 0 0
1583712000 0 0 0 0
1583625600 0 0 0 0
1583539200 0 0 0 0
1583452800 0 0 0 0
1583366400 0 0 0 0
1583280000 0 0 0 0
1583193600 0 0 0 0
1583107200 0 0 0 0
1583020800 0 0 0 0
1582934400 0 0 0 0
1582848000 0 0 0 0
1582761600 0 0 0 0
1582675200 0 0 0 0
1582588800 0 0 0 0
1582502400 0 0 0 0
1582416000 0 0 0 0
1582329600 0 0 0 0
1582243200 0 0 0 0
1582156800 0 0 0 0
1582070400 0 0 0 0
1581984000 0 0 0 0
1581897600 0 0 0 0
1581811200 0 0 0 0
1581724800 0 0 0 0
1581638400 0 0 0 0
1581552000 0 0 0 0
1581465600 0 0 0 0
1581379200 0 0 0 0
1581292800 0 0 0 0
1581206400 0 0 0 0
1581120000 0 0 0 0
1581033600 0 0 0 0
1580947200 0 0 0 0
1580860800 0 0 0 0
1580774400 0 0 0 0
1580688000 0 0 0 0
1580601600 0 0 0 0
1580515200 0 0 0 0
1580428800 0 0 0 0
1580342400 0 0 0 0
1580256000 0 0 0 0
1580169600 0 0 0 0
1580083200 0 0 0 0
1579996800 0 0 0 0
1579910400 0 0 0 0
1579824000 0 0 0 0
1579737600 0 0 0 0
1579651200 0 0 0 0
1579564800 0 0 0 0
1579478400 0 0 0 0
1579392000 0 0 0 0
1579305600 0 0 0 0
1579219200 0 0 0 0
1579132800 0 0 0 0
1579046400 0 0 0 0
1578960000 0 0 0 0
1578873600 0 0 0 0
1578787200 0 0 0 0
1578700800 0 0 0 0
1578614400 0 0 0 0
1578528000 0 0 0 0
1578441600 0 0 0 0
1578355200 0 0 0 0
1578268800 0 0 0 0
1578182400 0 0 0 0
1578096000 0 0 0 0
1578009600 0 0 0 0
1577923200 0 0 0 0
1577836800 0 0 0 0
1577750400 0 0 0 0
1577664000 0 0 0 0
1577577600 0 0 0 0
1577491200 0 0 0 0
1577404800 0 0 0 0
1577318400 0 0 0 0
1577232000 0 0 0 0
1577145600 0 0 0 0
1577059200 0 0 0 0
1576972800 0 0 0 0
1576886400 0 0 0 0
1576800000 0 0 0 0
1576713600 0 0 0 0
1576627200 0 0 0 0
1576540800 0 0 0 0
1576454400 0 0 0 0
1576368000 0 0 0 0
1576281600 0 0 0 0
1576195200 0 0 0 0
1576108800 0 0 0 0
1576022400 0 0 0 0
1575936000 0 0 0 0
1575849600 0 0 0 0
1575763200 0 0 0 0
1575676800 0 0 0 0
1575590400 0 0 0 0
1575504000 0 0 0 0
1575417600 0 0 0 0
1575331200 0 0 0 0
1575244800 0 0 0 0
1575158400 0 0 0 0
1575072000 0 0 0 0
1574985600 0 0 0 0
1574899200 0 0 0 0
1574812800 0 0 0 0
1574726400 0 0 0 0
1574640000 0 0 0 0
1574553600 0 0 0 0
1574467200 0 0 0 0
1574380800 0 0 0 0
1574294400 0 0 0 0
1574208000 0 0 0 0
1574121600 0 0 0 0
1574035200 0 0 0 0
1573948800 0 0 0 0
1573862400 0 0 0 0
1573776000 0 0 0 0
1573689600 0 0 0 0
1573603200 0 0 0 0
1573516800 0 0 0 0
1573430400 0 0 0 0
1573344000 0 0 0 0
1573257600 0 0 0 0
1573171200 0 0 0 0
1573084800 0 0 0 0
1572998400 0 0 0 0
1572912000 0 0 0 0
1572825600 0 0 0 0
1572739200 0 0 0 0
1572652800 0 0 0 0
1572566400 0 0 0 0
1572480000 0 0 0 0
1572393600 0 0 0 0
1572307200 0 0 0 0
1572220800 0 0 0 0
1572134400 0 0 0 0
1572048000 0 0 0 0
1571961600 0 0 0 0
1571875200 0 0 0 0
1571788800 0 0 0 0
1571702400 0 0 0 0
1571616000 0 0 0 0
1571529600 0 0 0 0
1571443200 0 0 0 0
1571356800 0 0 0 0
1571270400 0 0 0 0
1571184000 0 0 0 0
1571097600 0 0 0 0
1571011200 0 0 0 0
1570924800 0 0 0 0
1570838400 0 0 0 0
1570752000 0 0 0 0
1570665600 0 0 0 0
1570579200 0 0 0 0
1570492800 0 0 0 0
1570406400 0 0 0 0
1570320000 0 0 0 0
1570233600 0 0 0 0
1570147200 0 0 0 0
1570060800 0 0 0 0
1569974400 0 0 0 0
1569888000 0 0 0 0
1569801600 0 0 0 0
1569715200 0 0 0 0
1569628800 0 0 0 0
1569542400 0 0 0 0
1569456000 0 0 0 0
1569369600 0 0 0 0
1569283200 0 0 0 0
1569196800 0 0 0 0
1569110400 0 0 0 0
1569024000 0 0 0 0
1568937600 0 0 0 0
1568851200 0 0 0 0
1568764800 0 0 0 0
1568678400 0 0 0 0
1568592000 0 0 0 0
1568505600 0 0 0 0
1568419200 0 0 0 0
1568332800 0 0 0 0
1568246400 0 0 0 0
1568160000 0 0 0 0
1568073600 0 0 0 0
1567987200 0 0 0 0
1567900800 0 0 0 0
1567814400 0 0 0 0
1567728000 0 0 0 0
1567641600 0 0 0 0
1567555200 0 0 0 0
1567468800 0 0 0 0
1567382400 0 0 0 0
1567296000 0 0 0 0
1567209600 0 0 0 0
1567123200 0 0 0 0
1567036800 0 0 0 0
1566950400 0 0 0 0
1566864000 0 0 0 0
1566777600 0 0 0 0
1566691200 0 0 0 0
1566604800 0 0 0 0
1566518400 0 0 0 0
1566432000 0 0 0 0
1566345600 0 0 0 0
1566259200 0 0 0 0
1566172800 0 0 0 0
1566086400 0 0 0 0
1566000000 0 0 0 0
1565913600 0 0 0 0
1565827200 0 0 0 0
1565740800 0 0 0 0
1565654400 0 0 0 0
1565568000 0 0 0 0
1565481600 0 0 0 0
1565395200 0 0 0 0
1565308800 0 0 0 0
1565222400 0 0 0 0
1565136000 0 0 0 0
1565049600 0 0 0 0
1564963200 0 0 0 0
1564876800 0 0 0 0
1564790400 0 0 0 0
1564704000 0 0 0 0
1564617600 0 0 0 0
1564531200 0 0 0 0
1564444800 0 0 0 0
1564358400 0 0 0 0
1564272000 0 0 0 0
1564185600 0 0 0 0
1564099200 0 0 0 0
1564012800 0 0 0 0
1563926400 0 0 0 0
1563840000 0 0 0 0
1563753600 0 0 0 0
1563667200 0 0 0 0
1563580800 0 0 0 0
1563494400 0 0 0 0
1563408000 0 0 0 0
1563321600 0 0 0 0
1563235200 0 0 0 0
1563148800 0 0 0 0
1563062400 0 0 0 0
1562976000 0 0 0 0
1562889600 0 0 0 0
1562803200 0 0 0 0
1562716800 0 0 0 0
1562630400 0 0 0 0
1562544000 0 0 0 0
1562457600 0 0 0 0
1562371200 0 0 0 0
1562284800 0 0 0 0
1562198400 0 0 0 0
1562112000 0 0 0 0
1562025600 0 0 0 0
1561939200 0 0 0 0
1561852800 0 0 0 0
1561766400 0 0 0 0
1561680000 0 0 0 0
1561593600 0 0 0 0
1561507200 0 0 0 0
1561420800 0 0 0 0
1561334400 0 0 0 0
1561248000 0 0 0 0
1561161600 0 0 0 0
1561075200 0 0 0 0
1560988800 0 0 0 0
1560902400 0 0 0 0
1560816000 0 0 0 0
1560729600 0 0 0 0
1560643200 0 0 0 0
1560556800 0 0 0 0
1560470400 0 0 0 0
1560384000 0 0 0 0
1560297600 0 0 0 0
1560211200 0 0 0 0
1560124800 0 0 0 0
1560038400 0 0 0 0
1559952000 0 0 0 0
1559865600 0 0 0 0
1559779200 0 0 0 0
1559692800 0 0 0 0
1559606400 0 0 0 0
1559520000 0 0 0 0
1559433600 0 0 0 0
1559347200 0 0 0 0
1559260800 0 0 0 0
1559174400 0 0 0 0
1559088000 0 0 0 0
1559001600 0 0 0 0
1558915200 0 0 0 0
1558828800 0 0 0 0
1558742400 0 0 0 0
1558656000 0 0 0 0
1558569600 0 0 0 0
1558483200 0 0 0 0
1558396800 0 0 0 0
1558310400 0 0 0 0
1558224000 0 0 0 0
1558137600 0 0 0 0
1558051200 0 0 0 0
1557964800 0 0 0 0
1557878400 0 0 0 0
1557792000 0 0 0 0
1557705600 0 0 0 0
1557619200 0 0 0 0
1557532800 0 0 0 0
1557446400 0 0 0 0
1557360000 0 0 0 0
1557273600 0 0 0 0
1557187200 0 0 0 0
1557100800 0 0 0 0
1557014400 0 0 0 0
1556928000 0 0 0 0
1556841600 0 0 0 0
1556755200 0 0 0 0
1556668800 0 0 0 0
1556582400 0 0 0 0
1556496000 0 0 0 0
1556409600 0 0 0 0
1556323200 0 0 0 0
1556236800 0 0 0 0
1556150400 0 0 0 0
1556064000 0 0 0 0
1555977600 0 0 0 0
1555891200 0 0 0 0
1555804800 0 0 0 0
1555718400 0 0 0 0
1555632000 0 0 0 0
1555545600 0 0 0 0
1555459200 0 0 0 0
1555372800 0 0 0 0
1555286400 0 0 0 0
1555200000 0 0 0 0
1555113600 0 0 0 0
1555027200 0 0 0 0
1554940800 0 0 0 0
1554854400 0 0 0 0
1554768000 0 0 0 0
1554681600 0 0 0 0
1554595200 0 0 0 0
1554508800 0 0 0 0
1554422400 0 0 0 0
1554336000 0 0 0 0
1554249600 0 0 0 0
1554163200 0 0 0 0
1554076800 0 0 0 0
1553990400 0 0 0 0
1553904000 0 0 0 0
1553817600 0 0 0 0
1553731200 0 0 0 0
1553644800 0 0 0 0
1553558400 0 0 0 0
1553472000 0 0 0 0
1553385600 0 0 0 0
1553299200 0 0 0 0
1553212800 0 0 0 0
1553126400 0 0 0 0
1553040000 0 0 0 0
1552953600 0 0 0 0
1552867200 0 0 0 0
1552780800 0 0 0 0
1552694400 0 0 0 0
1552608000 0 0 0 0
1552521600 0 0 0 0
1552435200 0 0 0 0
1552348800 0 0 0 0
1552262400 0 0 0 0
1552176000 0 0 0 0
1552089600 0 0 0 0
1552003200 0 0 0 0
1551916800 0 0 0 0
1551830400 0 0 0 0
1551744000 0 0 0 0
1551657600 0 0 0 0
1551571200 0 0 0 0
1551484800 0 0 0 0
1551398400 0 0 0 0
1551312000 0 0 0 0
1551225600 0 0 0 0
1551139200 0 0 0 0
1551052800 0 0 0 0
1550966400 0 0 0 0
1550880000 0 0 0 0
1550793600 0 0 0 0
1550707200 0 0 0 0
1550620800 0 0 0 0
1550534400 0 0 0 0
1550448000 0 0 0 0
1550361600 0 0 0 0
1550275200 0 0 0 0
1550188800 0 0 0 0
1550102400 0 0 0 0
1550016000 0 0 0 0
1549929600 0 0 0 0
1549843200 0 0 0 0
1549756800 0 0 0 0
1549670400 0 0 0 0
1549584000 0 0 0 0
1549497600 0 0 0 0
1549411200 0 0 0 0
1549324800 0 0 0 0
1549238400 0 0 0 0
1549152000 0 0 0 0
1549065600 0 0 0 0
1548979200 0 0 0 0
1548892800 0 0 0 0
1548806400 0 0 0 0
1548720000 0 0 0 0
1548633600 0 0 0 0
1548547200 0 0 0 0
1548460800 0 0 0 0
1548374400 0 0 0 0
1548288000 0 0 0 0
1548201600 0 0 0 0
1548115200 0 0 0 0
1548028800 0 0 0 0
1547942400 0 0 0 0
1547856000 0 0 0 0
1547769600 0 0 0 0
1547683200 0 0 0 0
