1616464921 177600733 3361444150
1616464921 358 789 358 789
1616464021 358 792 358 792
1616463900 358 792 358 792
1616463600 358 792 358 792
1616463300 358 790 358 792
1616463000 358 789 358 789
1616462700 358 789 358 789
1616462400 358 790 358 792
1616462100 358 792 358 792
1616461800 358 792 358 792
1616461500 358 792 358 792
1616461200 358 792 358 792
1616460900 358 792 358 792
1616460600 358 792 358 793
1616460300 358 793 358 793
1616460000 358 793 358 793
1616459700 358 791 358 793
1616459400 358 789 358 789
1616459100 358 789 358 789
1616458800 358 791 358 794
1616458500 358 794 358 794
1616458200 358 794 358 794
1616457900 358 793 359 794
1616457600 359 793 359 793
1616457300 359 793 359 793
1616457000 358 790 359 793
1616456700 358 788 358 788
1616456400 358 788 358 788
1616456100 358 787 358 788
1616455800 358 787 358 787
1616455500 358 787 358 787
1616455200 358 787 358 787
1616454900 358 787 358 787
1616454600 358 787 358 787
1616454300 358 786 359 787
1616454000 359 786 359 786
1616453700 359 786 359 786
1616453400 358 785 359 786
1616453100 358 785 358 785
1616452800 358 785 358 785
1616452500 358 785 358 785
1616452200 358 785 358 785
1616451900 358 785 358 785
1616451600 358 783 359 785
1616451300 359 782 359 782
1616451000 359 782 359 782
1616450700 358 780 359 782
1616450400 358 779 358 779
1616450100 358 779 358 779
1616449800 358 778 359 779
1616449500 359 778 359 778
1616449200 359 778 359 778
1616448900 358 775 359 778
1616448600 358 773 358 773
1616448300 358 773 358 773
1616448000 358 772 358 773
1616447700 358 771 358 771
1616447400 358 771 358 771
1616447100 358 771 359 771
1616446800 359 771 359 771
1616446500 359 771 359 771
1616446200 358 769 359 771
1616445900 358 768 358 768
1616445600 358 768 358 768
1616445300 358 767 358 768
1616445000 358 767 358 767
1616444700 358 767 358 767
1616444400 358 767 358 767
1616444100 358 767 358 767
1616443800 358 767 358 767
1616443500 358 767 359 769
1616443200 359 769 359 769
1616442900 359 769 359 769
1616442600 358 769 359 769
1616442300 358 769 358 769
1616442000 358 769 358 769
1616441700 358 771 358 774
1616441400 358 774 358 774
1616441100 358 774 358 774
1616440800 358 774 358 774
1616440500 358 774 358 774
1616440200 358 774 358 774
1616439900 358 772 359 774
1616439600 359 770 359 770
1616439300 359 770 359 770
1616439000 358 771 359 773
1616438700 358 773 358 773
1616438400 358 773 358 773
1616438100 358 771 359 773
1616437800 359 770 359 770
1616437500 359 770 359 770
1616437200 369 906 386 1108
1616436900 386 1108 386 1108
1616436600 386 1108 386 1108
1616436300 374 968 386 1108
1616436000 358 766 358 766
1616435700 358 766 358 766
1616435400 358 763 358 766
1616435100 358 761 358 761
1616434800 358 761 358 761
1616434500 358 761 358 762
1616434200 358 762 358 762
1616433900 358 762 358 762
1616433600 358 761 359 762
1616433300 359 761 359 761
1616433000 359 761 359 761
1616432700 358 762 359 765
1616432400 358 765 358 765
1616432100 358 765 358 765
1616431800 358 764 358 765
1616431500 358 763 358 763
1616431200 358 763 358 763
1616430900 358 766 358 771
1616430600 358 771 358 771
1616430300 358 771 358 771
1616430000 358 770 358 771
1616429700 358 769 358 769
1616429400 358 769 358 769
1616429100 358 773 358 780
1616428800 358 780 358 780
1616428500 358 780 358 780
1616428200 358 782 358 786
1616427900 358 786 358 786
1616427600 358 786 358 786
1616427300 358 793 358 804
1616427000 358 804 358 804
1616426700 358 804 358 804
1616426400 358 803 358 804
1616426100 358 802 358 802
1616425800 358 802 358 802
1616425500 358 806 359 812
1616425200 359 812 359 812
1616424900 359 812 359 812
1616424600 358 811 359 812
1616424300 358 811 358 811
1616424000 358 811 358 811
1616423700 358 810 359 811
1616423400 359 809 359 809
1616423100 359 809 359 809
1616422800 358 832 359 868
1616422500 358 868 358 868
1616422200 358 868 358 868
1616421900 358 850 360 868
1616421600 360 824 360 824
1616421300 360 824 360 824
1616421000 359 820 360 824
1616420700 358 815 358 815
1616420400 358 815 358 815
1616420100 359 817 361 820
1616419800 361 820 361 820
1616419500 361 820 361 820
1616419200 360 817 361 820
1616418900 359 815 359 815
1616418600 359 815 359 815
1616418300 359 812 359 815
1616418000 359 809 359 809
1616417700 359 809 359 809
1616417400 377 927 405 1104
1616417100 405 1104 405 1104
1616416800 405 1104 405 1104
1616416500 386 984 405 1104
1616416200 358 807 358 807
1616415900 358 807 358 807
1616415600 358 806 359 807
1616415300 359 806 359 806
1616415000 359 806 359 806
1616414700 358 805 359 806
1616414400 358 805 358 805
1616414100 358 805 358 805
1616413800 358 805 358 806
1616413500 358 806 358 806
1616413200 358 806 358 806
1616412900 358 806 358 807
1616412600 358 807 358 807
1616412300 358 807 358 807
1616412000 358 807 358 807
1616411700 358 807 358 807
1616411400 358 807 358 807
1616411100 358 806 359 807
1616410800 359 805 359 805
1616410500 359 805 359 805
1616410200 358 805 359 807
1616409900 358 807 358 807
1616409600 358 807 358 807
1616409300 358 808 359 811
1616409000 359 811 359 811
1616408700 359 811 359 811
1616408400 358 803 359 811
1616408100 358 793 358 793
1616407800 358 793 358 793
1616407500 358 796 359 801
1616407200 359 801 359 801
1616406900 359 801 359 801
1616406600 358 803 359 806
1616406300 358 806 358 806
1616406000 358 806 358 806
1616405700 358 799 358 806
1616405400 358 790 358 790
1616405100 358 790 358 790
1616404800 358 788 358 790
1616404500 358 786 358 786
1616404200 358 786 358 786
1616403900 358 780 359 786
1616403600 359 773 359 773
1616403300 359 773 359 773
1616403000 358 769 359 773
1616402700 358 764 358 764
1616402400 358 764 358 764
1616402100 358 766 358 769
1616401800 358 769 358 769
1616401500 358 769 358 769
1616401200 358 768 359 769
1616400900 359 768 359 768
1616400600 359 768 359 768
1616400300 358 767 359 768
1616400000 358 766 358 766
1616399700 358 766 358 766
1616399400 358 768 359 772
1616399100 359 772 359 772
1616398800 359 772 359 772
1616398500 358 769 359 772
1616398200 358 765 358 765
1616397900 358 765 358 765
1616397600 358 765 358 767
1616397300 358 767 358 767
1616397000 358 767 358 767
1616396700 358 766 358 767
1616396400 358 765 358 765
1616396100 358 765 358 765
1616395800 358 765 358 767
1616395500 358 767 358 767
1616395200 358 767 358 767
1616394900 358 767 358 767
1616394600 358 767 358 767
1616394300 358 767 358 767
1616394000 358 767 358 768
1616393700 358 768 358 768
1616393400 358 768 358 768
1616393100 358 769 359 771
1616392800 359 771 359 771
1616392500 359 771 359 771
1616392200 325 787 359 813
1616391900 275 813 275 813
1616391600 275 813 275 813
1616391300 268 775 275 813
1616391000 259 722 259 722
1616390700 259 722 259 722
1616390400 259 721 259 722
1616390100 259 720 259 720
1616389800 259 720 259 720
1616389500 259 721 260 724
1616389200 260 724 260 724
1616388900 260 724 260 724
1616388600 259 721 260 724
1616388300 259 719 259 719
1616388000 259 719 259 719
1616387700 259 723 259 729
1616387400 259 729 259 729
1616387100 259 729 259 729
1616386800 259 723 259 729
1616386500 259 716 259 716
1616386200 259 716 259 716
1616385900 259 744 261 787
1616385600 261 787 261 787
1616385300 261 787 261 787
1616385000 261 761 262 787
1616384700 262 723 262 723
1616384400 262 723 262 723
1616384100 260 729 262 740
1616383800 259 740 259 740
1616383500 259 740 259 740
1616383200 280 773 313 823
1616382900 313 823 313 823
1616382600 313 823 313 823
1616382300 331 806 359 823
1616382000 359 782 359 782
1616381700 359 782 359 782
1616381400 359 784 359 787
1616381100 359 787 359 787
1616380800 359 787 359 787
1616380500 359 787 360 787
1616380200 360 787 360 787
1616379900 360 787 360 787
1616379600 359 810 360 844
1616379300 359 844 359 844
1616379000 359 844 359 844
1616378700 363 858 370 879
1616378400 370 879 370 879
1616378100 370 879 370 879
1616377800 374 880 382 883
1616377500 382 883 382 883
1616377200 382 883 382 883
1616376900 372 842 382 883
1616376600 358 783 358 783
1616376300 358 783 358 783
1616376000 358 783 358 784
1616375700 358 784 358 784
1616375400 358 784 358 784
1616375100 358 808 360 844
1616374800 360 844 360 844
1616374500 360 844 360 844
1616374200 359 819 360 844
1616373900 358 784 358 784
1616373600 358 784 358 784
1616373300 358 784 359 786
1616373000 359 786 359 786
1616372700 359 786 359 786
1616372400 363 838 369 917
1616372100 369 917 369 917
1616371800 369 917 369 917
1616371500 364 864 369 917
1616371200 359 787 359 787
1616370900 359 787 359 787
1616370600 358 786 359 787
1616370300 358 786 358 786
1616370000 358 786 358 786
1616369700 360 824 365 881
1616369400 365 881 365 881
1616369100 365 881 365 881
1616368800 362 843 365 881
1616368500 359 787 359 787
1616368200 359 787 359 787
1616367900 358 784 359 787
1616367600 358 782 358 782
1616367300 358 782 358 782
1616367000 358 784 359 788
1616366700 359 788 359 788
1616366400 359 788 359 788
1616366100 381 853 414 950
1616365800 414 950 414 950
1616365500 414 950 414 950
1616365200 391 885 414 950
1616364900 359 791 359 791
1616364600 359 791 359 791
1616364300 358 791 359 792
1616364000 358 792 358 792
1616363700 358 792 358 792
1616363400 358 792 358 794
1616363100 358 794 358 794
1616362800 358 794 358 794
1616362500 358 792 358 794
1616362200 358 791 358 791
1616361900 358 791 358 791
1616361600 358 789 358 791
1616361300 358 787 358 787
1616361000 358 787 358 787
1616360700 358 787 358 789
1616360400 358 789 358 789
1616360100 358 789 358 789
1616359800 358 786 358 789
1616359500 358 783 358 783
1616359200 358 783 358 783
1616358900 358 779 358 783
1616358600 358 774 358 774
1616358300 358 774 358 774
1616358000 358 774 358 775
1616357700 358 775 358 775
1616357400 358 775 358 775
1616357100 358 771 358 775
1616356800 358 767 358 767
1616356500 358 767 358 767
1616356200 358 769 358 772
1616355900 358 772 358 772
1616355600 358 772 358 772
1616355300 358 770 358 772
1616355000 358 768 358 768
1616354700 358 768 358 768
1616354400 358 769 358 771
1616354100 358 771 358 771
1616353800 358 771 358 771
1616353500 358 771 359 771
1616353200 359 771 359 771
1616352900 359 771 359 771
1616352600 358 771 359 773
1616352300 358 773 358 773
1616352000 358 773 358 773
1616351700 358 772 358 773
1616351400 358 772 358 772
1616351100 358 772 358 772
1616350800 358 771 358 772
1616350500 358 770 358 770
1616350200 358 770 358 770
1616349900 358 767 359 770
1616349600 359 763 359 763
1616349300 359 763 359 763
1616349000 358 764 359 767
1616348700 358 767 358 767
1616348400 358 767 358 767
1616348100 358 766 358 767
1616347800 358 766 358 766
1616347500 358 766 358 766
1616347200 358 766 358 766
1616346900 358 766 358 766
1616346600 358 766 358 766
1616346300 358 766 359 766
1616346000 359 766 359 766
1616345700 359 766 359 766
1616345400 358 767 359 770
1616345100 358 770 358 770
1616344800 358 770 358 770
1616344500 358 768 358 770
1616344200 358 767 358 767
1616343900 358 767 358 767
1616343600 358 767 358 768
1616343300 358 768 358 768
1616343000 358 768 358 768
1616342700 358 766 358 768
1616342400 358 765 358 765
1616342100 358 765 358 765
1616341800 358 764 358 765
1616341500 358 763 358 763
1616341200 358 763 358 763
1616340900 358 764 358 766
1616340600 358 766 358 766
1616340300 358 766 358 766
1616340000 358 763 358 766
1616339700 358 760 358 760
1616339400 358 760 358 760
1616339100 358 761 359 763
1616338800 359 763 359 763
1616338500 359 763 359 763
1616338200 358 763 359 765
1616337900 358 765 358 765
1616337600 358 765 358 765
1616337300 358 767 358 771
1616337000 358 771 358 771
1616336700 358 771 358 771
1616336400 358 773 358 776
1616336100 358 776 358 776
1616335800 358 776 358 776
1616335500 358 777 359 780
1616335200 359 780 359 780
1616334900 359 780 359 780
1616334600 357 780 359 782
1616334300 356 782 356 782
1616334000 356 782 356 782
1616333700 356 782 358 782
1616333400 358 782 358 782
1616333100 358 782 358 782
1616332800 358 783 360 785
1616332500 360 785 360 785
1616332200 360 785 360 785
1616331900 358 783 360 785
1616331600 356 782 356 782
1616331300 356 782 356 782
1616331000 357 782 359 783
1616330700 359 783 359 783
1616330400 359 783 359 783
1616330100 358 782 359 783
1616329800 358 782 358 782
1616329500 358 782 358 782
1616329200 358 781 358 782
1616328900 358 780 358 780
1616328600 358 780 358 780
1616328300 358 780 358 782
1616328000 358 782 358 782
1616327700 358 782 358 782
1616327400 358 781 358 782
1616327100 358 781 358 781
1616326800 358 781 358 781
1616326500 358 781 358 782
1616326200 358 782 358 782
1616325900 358 782 358 782
1616325600 358 783 358 786
1616325300 358 786 358 786
1616325000 358 786 358 786
1616324700 358 785 359 786
1616324400 359 785 359 785
1616324100 359 785 359 785
1616323800 358 785 359 787
1616323500 358 787 358 787
1616323200 358 787 358 787
1616322900 358 785 358 787
1616322600 358 784 358 784
1616322300 358 784 358 784
1616322000 358 782 358 784
1616321700 358 781 358 781
1616321400 358 781 358 781
1616321100 358 781 359 783
1616320800 359 783 359 783
1616320500 359 783 359 783
1616320200 358 782 359 783
1616319900 358 782 358 782
1616319600 358 782 358 782
1616319300 358 784 358 787
1616319000 358 787 358 787
1616318700 358 787 358 787
1616318400 358 787 358 788
1616318100 358 788 358 788
1616317800 358 788 358 788
1616317500 358 789 359 791
1616317200 359 791 359 791
1616316900 359 791 359 791
1616316600 358 792 359 794
1616316300 358 794 358 794
1616316000 358 794 358 794
1616315700 358 791 358 794
1616315400 358 788 358 788
1616315100 358 788 358 788
1616314800 358 785 358 788
1616314500 358 783 358 783
1616314200 358 783 358 783
1616313900 358 783 358 784
1616313600 358 784 358 784
1616313300 358 784 358 784
1616313000 358 779 358 784
1616312700 358 773 358 773
1616312400 358 773 358 773
1616312100 358 769 358 773
1616311800 358 764 358 764
1616311500 358 764 358 764
1616311200 358 766 358 770
1616310900 358 770 358 770
1616310600 358 770 358 770
1616310300 358 766 358 770
1616310000 358 762 358 762
1616309700 358 762 358 762
1616309400 358 762 358 763
1616309100 358 763 358 763
1616308800 358 763 358 763
1616308500 358 762 359 763
1616308200 359 762 359 762
1616307900 359 762 359 762
1616307600 358 762 359 763
1616307300 358 763 358 763
1616307000 358 763 358 763
1616306700 358 763 359 765
1616306400 359 765 359 765
1616306100 359 765 359 765
1616305800 358 763 359 765
1616305500 358 762 358 762
1616305200 358 762 358 762
1616304900 358 763 358 765
1616304600 358 765 358 765
1616304300 358 765 358 765
1616304000 358 764 358 765
1616303700 358 763 358 763
1616303400 358 763 358 763
1616303100 358 763 359 765
1616302800 359 765 359 765
1616302500 359 765 359 765
1616302200 358 765 359 766
1616301900 358 766 358 766
1616301600 358 766 358 766
1616301300 358 764 358 766
1616301000 358 763 358 763
1616300700 358 763 358 763
1616300400 358 763 358 764
1616300100 358 764 358 764
1616299800 358 764 358 764
1616299500 358 763 358 764
1616299200 358 762 358 762
1616298900 358 762 358 762
1616298600 358 761 358 762
1616298300 358 760 358 760
1616298000 358 760 358 760
1616297700 358 760 359 762
1616297400 359 762 359 762
1616297100 359 762 359 762
1616296800 358 762 359 763
1616296500 358 763 358 763
1616296200 358 763 358 763
1616295900 358 763 358 764
1616295600 358 764 358 764
1616295300 358 764 358 764
1616295000 358 764 360 765
1616294700 360 765 360 765
1616294400 360 765 360 765
1616294100 359 764 360 765
1616293800 359 764 359 764
1616293500 359 764 359 764
1616293200 358 766 359 769
1616292900 358 769 358 769
1616292600 358 769 358 769
1616292300 358 768 358 769
1616292000 358 768 358 768
1616291700 358 768 358 768
1616291400 358 771 358 776
1616291100 358 776 358 776
1616290800 358 776 358 776
1616290500 358 776 358 777
1616290200 358 777 358 777
1616289900 358 777 358 777
1616289600 358 780 358 786
1616289300 358 786 358 786
1616289000 358 786 358 786
1616288700 358 788 359 793
1616288400 359 793 359 793
1616288100 359 793 359 793
1616287800 358 791 359 793
1616287500 358 790 358 790
1616287200 358 790 358 790
1616286900 358 790 358 790
1616286600 358 790 358 790
1616286300 358 790 358 790
1616286000 358 790 359 791
1616285700 359 791 359 791
1616285400 359 791 359 791
1616285100 358 792 359 794
1616284800 358 794 358 794
1616284500 358 794 358 794
1616284200 358 795 358 796
1616283000 358 793 359 795
1616281200 358 788 358 790
1616279400 358 783 359 786
1616277600 358 787 359 789
1616275800 358 784 359 786
1616274000 358 782 359 783
1616272200 358 779 359 781
1616270400 358 779 359 781
1616268600 387 899 417 1021
1616266800 371 847 385 920
1616265000 380 839 403 896
1616263200 490 927 623 1088
1616261400 358 766 358 768
1616259600 358 767 359 771
1616257800 358 768 359 771
1616256000 358 767 359 770
1616254200 358 758 359 762
1616252400 358 759 359 762
1616250600 358 760 359 762
1616248800 358 760 359 762
1616247000 358 762 358 767
1616245200 358 771 359 784
1616243400 358 786 358 794
1616241600 358 792 359 794
1616239800 358 789 359 791
1616238000 358 788 359 791
1616236200 358 785 359 786
1616234400 358 785 359 789
1616232600 358 785 359 789
1616230800 358 783 359 784
1616229000 358 779 358 783
1616227200 358 777 359 780
1616225400 358 781 359 788
1616223600 358 782 359 788
1616221800 358 771 358 775
1616220000 358 767 358 770
1616218200 358 762 359 764
1616216400 358 764 359 769
1616214600 358 766 359 769
1616212800 357 765 359 767
1616211000 358 764 359 765
1616209200 358 760 359 763
1616207400 358 761 359 768
1616205600 358 767 358 768
1616203800 358 764 358 766
1616202000 358 763 358 767
1616200200 358 769 358 772
1616198400 358 774 359 785
1616196600 358 787 358 790
1616194800 358 785 358 786
1616193000 358 784 359 788
1616191200 358 786 359 788
1616189400 358 784 358 788
1616187600 358 784 358 788
1616185800 358 786 359 787
1616184000 358 784 359 786
1616182200 358 783 358 785
1616180400 358 782 358 784
1616178600 374 919 394 1058
1616176800 373 748 394 787
1616175000 358 715 358 719
1616173200 359 716 386 802
1616171400 376 820 386 934
1616169600 357 964 383 1000
1616167800 283 793 316 898
1616166000 259 717 260 721
1616164200 259 720 259 721
1616162400 259 720 259 722
1616160600 259 718 259 720
1616158800 259 719 259 721
1616157000 259 720 260 727
1616155200 259 730 260 740
1616153400 259 739 259 747
1616151600 259 747 260 756
1616149800 259 757 259 760
1616148000 259 758 259 760
1616146200 259 758 259 761
1616144400 259 754 260 761
1616142600 259 758 260 761
1616140800 259 755 260 757
1616139000 259 753 259 754
1616137200 259 753 259 757
1616135400 259 757 259 759
1616133600 259 754 259 756
1616131800 259 756 262 832
1616130000 260 783 262 832
1616128200 259 717 259 722
1616126400 259 711 259 717
1616124600 259 716 259 718
1616122800 259 718 259 720
1616121000 259 714 259 716
1616119200 259 715 259 721
1616117400 259 718 259 721
1616115600 259 716 259 719
1616113800 259 721 259 725
1616112000 259 722 259 723
1616110200 259 716 259 721
1616108400 259 725 259 733
1616106600 262 883 283 1018
1616104800 320 980 387 1093
1616103000 375 847 387 901
1616101200 358 789 358 792
1616099400 358 789 359 789
1616097600 358 790 358 792
1616095800 358 788 359 790
1616094000 358 785 359 787
1616092200 358 785 359 786
1616090400 358 784 359 787
1616088600 358 787 359 789
1616086800 358 784 359 786
1616085000 361 781 366 788
1616083200 358 773 358 775
1616081400 358 770 359 772
1616079600 358 770 359 771
1616077800 358 768 359 770
1616076000 358 766 359 770
1616074200 358 758 359 760
1616072400 358 758 359 760
1616070600 358 758 358 762
1616068800 358 762 359 764
1616067000 358 759 359 761
1616065200 358 755 359 757
1616063400 358 764 359 773
1616061600 358 779 359 786
1616059800 358 789 359 793
1616058000 358 791 359 793
1616056200 358 787 358 790
1616054400 358 787 359 789
1616052600 358 785 359 788
1616050800 357 782 359 785
1616049000 358 783 358 785
1616047200 356 778 358 782
1616045400 369 789 531 981
1616043600 434 872 531 981
1616041800 372 853 390 857
1616040000 371 878 416 941
1616038200 388 896 416 906
1616036400 363 847 366 1110
1616034600 404 1126 443 1177
1616032800 385 862 393 1008
1616031000 374 888 521 1343
1616029200 434 1064 521 1343
1616027400 358 741 359 769
1616025600 372 868 398 1006
1616023800 378 854 398 864
1616022000 386 866 401 977
1616020200 400 818 423 838
1616018400 359 765 361 944
1616016600 371 904 384 944
1616014800 355 845 364 948
1616013000 360 767 364 813
1616011200 368 768 379 807
1616009400 358 749 360 1058
1616007600 361 959 364 1058
1616005800 358 722 359 727
1616004000 357 726 359 727
1616002200 358 724 358 726
1616000400 376 780 396 838
1615998600 358 721 358 723
1615996800 358 723 358 723
1615995000 358 723 359 726
1615993200 358 720 359 722
1615991400 358 707 358 709
1615989600 358 704 366 719
1615987800 361 710 366 719
1615986000 358 703 358 704
1615984200 358 707 358 711
1615982400 358 738 365 1108
1615980600 361 880 365 1108
1615978800 358 706 358 708
1615977000 358 707 358 711
1615975200 358 710 358 712
1615973400 358 712 358 713
1615971600 357 711 358 711
1615969800 357 711 358 718
1615968000 358 722 374 747
1615966200 364 734 374 747
1615964400 358 725 359 727
1615962600 358 726 358 727
1615960800 358 722 358 724
1615959000 358 724 358 727
1615957200 366 959 376 1166
1615955400 365 969 382 1019
1615953600 374 853 393 966
1615951800 393 897 405 903
1615950000 390 879 406 937
1615948200 379 852 406 937
1615946400 365 875 383 910
1615944600 409 900 432 922
1615942800 482 986 546 1075
1615941000 382 811 392 832
1615939200 359 716 361 726
1615937400 358 707 367 725
1615935600 393 877 420 1093
1615933800 417 1069 457 1093
1615932000 406 975 421 1136
1615930200 362 853 364 881
1615928400 396 843 427 949
1615926600 361 837 412 923
1615924800 259 682 259 691
1615923000 259 690 260 691
1615921200 259 692 260 696
1615919400 259 690 259 694
1615917600 263 714 268 798
1615915800 309 809 359 831
1615914000 358 725 359 726
1615912200 358 722 358 724
1615910400 358 723 359 724
1615908600 358 720 359 727
1615906800 358 727 359 729
1615905000 358 725 359 728
1615903200 358 726 359 728
1615901400 358 723 359 723
1615899600 358 719 359 723
1615897800 358 713 358 716
1615896000 358 713 359 714
1615894200 357 707 359 709
1615892400 358 704 359 705
1615890600 358 704 359 708
1615888800 358 706 359 708
1615887000 358 704 359 705
1615885200 358 703 359 705
1615883400 358 704 359 711
1615881600 358 709 359 715
1615879800 358 717 359 731
1615878000 358 738 359 753
1615876200 358 753 359 756
1615874400 358 755 359 756
1615872600 358 753 359 755
1615870800 358 746 359 749
1615869000 358 745 359 747
1615867200 359 743 359 746
1615865400 371 982 383 1210
1615863600 359 778 362 824
1615861800 386 847 736 1416
1615860000 517 1125 736 1416
1615858200 359 848 362 1163
1615856400 361 963 387 1163
1615854600 334 831 387 909
1615852800 260 753 263 797
1615851000 259 719 260 721
1615849200 259 718 260 720
1615847400 259 720 260 721
1615845600 259 719 260 720
1615843800 259 717 260 718
1615842000 260 715 275 750
1615840200 265 729 275 750
1615838400 259 714 260 716
1615836600 259 711 260 713
1615834800 260 713 260 718
1615833000 260 723 286 770
1615831200 270 750 286 770
1615829400 259 742 260 743
1615827600 259 738 260 739
1615825800 321 853 376 944
1615824000 287 820 326 930
1615822200 259 739 260 740
1615820400 259 735 260 738
1615818600 259 734 260 736
1615816800 259 730 260 732
1615815000 259 731 259 734
1615813200 259 731 260 733
1615811400 259 731 260 732
1615809600 259 723 260 727
1615807800 259 717 260 721
1615806000 259 712 260 715
1615804200 259 713 260 715
1615802400 259 713 260 716
1615800600 259 712 260 716
1615798800 259 708 259 713
1615797000 259 711 260 713
1615795200 264 745 275 773
1615793400 265 736 275 767
1615791600 260 714 260 714
1615789800 259 712 260 714
1615788000 259 714 260 722
1615786200 259 723 260 734
1615784400 259 734 260 735
1615782600 259 732 260 734
1615780800 259 731 260 735
1615779000 259 736 260 739
1615777200 260 737 262 739
1615775400 272 761 286 786
1615773600 259 734 260 737
1615771800 259 734 260 735
1615770000 259 732 259 734
1615768200 259 736 268 760
1615766400 266 759 268 763
1615764600 259 730 260 734
1615762800 258 724 260 733
1615761000 259 713 260 715
1615759200 302 875 359 1033
1615757400 358 765 359 766
1615755600 358 765 359 767
1615753800 359 796 360 826
1615752000 384 889 406 1002
1615750200 370 797 386 821
1615748400 361 772 395 831
1615746600 376 803 395 910
1615744800 371 828 388 910
1615743000 359 765 359 772
1615741200 358 774 359 781
1615739400 358 779 359 793
1615737600 359 789 359 793
1615735800 359 786 359 786
1615734000 358 783 359 786
1615732200 358 782 359 784
1615730400 359 784 359 795
1615728600 359 790 359 795
1615726800 359 785 359 787
1615725000 358 781 359 783
1615723200 358 778 359 784
1615721400 359 782 359 785
1615719600 358 785 359 787
1615717800 358 783 359 787
1615716000 358 768 359 772
1615714200 359 766 359 768
1615712400 359 762 359 765
1615710600 359 767 359 770
1615708800 370 831 382 881
1615707000 361 811 365 862
1615705200 358 766 359 767
1615703400 361 857 403 941
1615701600 377 792 403 823
1615699800 358 774 359 778
1615698000 359 775 359 778
1615696200 359 772 359 778
1615694400 358 779 359 781
1615692600 358 787 359 792
1615690800 358 792 359 795
1615689000 358 790 359 795
1615687200 359 782 359 785
1615685400 368 817 378 857
1615683600 358 778 359 779
1615681800 358 780 359 787
1615680000 358 785 359 787
1615678200 358 782 360 787
1615676400 358 783 359 787
1615674600 359 787 359 790
1615672800 358 784 359 790
1615671000 358 781 359 783
1615669200 359 773 359 779
1615667400 359 766 359 770
1615665600 358 763 359 763
1615663800 359 763 359 765
1615662000 358 762 359 766
1615660200 358 766 359 769
1615658400 359 766 359 769
1615656600 359 765 381 802
1615654800 368 780 381 802
1615653000 358 764 359 766
1615651200 358 765 359 773
1615649400 359 775 359 781
1615647600 358 783 359 786
1615645800 358 785 359 786
1615644000 358 786 359 790
1615642200 359 786 359 788
1615640400 359 792 359 799
1615638600 358 786 359 788
1615636800 359 782 359 784
1615635000 359 780 359 781
1615633200 358 782 359 788
1615631400 358 786 359 788
1615629600 358 784 359 788
1615627800 358 777 359 782
1615626000 358 777 359 782
1615624200 358 768 359 770
1615622400 359 769 359 770
1615620600 359 769 359 772
1615618800 358 769 359 772
1615617000 358 770 359 771
1615615200 358 770 359 771
1615613400 359 770 359 772
1615611600 358 766 359 768
1615609800 359 764 359 768
1615608000 359 759 359 760
1615606200 359 760 359 764
1615604400 359 770 359 777
1615602600 359 782 359 798
1615600800 359 799 359 805
1615599000 358 807 359 811
1615597200 358 812 359 815
1615595400 358 813 359 815
1615593600 359 815 359 816
1615591800 358 809 359 811
1615590000 359 811 360 874
1615588200 359 842 360 884
1615586400 358 962 360 1029
1615584600 357 879 359 972
1615582800 358 809 359 811
1615581000 358 800 359 808
1615579200 359 780 359 784
1615577400 359 775 359 779
1615575600 358 797 359 830
1615573800 359 766 359 767
1615572000 359 767 359 768
1615570200 359 766 359 768
1615568400 358 766 359 766
1615566600 358 764 359 768
1615564800 358 768 359 769
1615563000 358 765 360 765
1615561200 358 763 360 765
1615559400 358 763 359 769
1615557600 358 771 359 778
1615555800 358 779 359 784
1615554000 358 785 359 787
1615552200 358 784 359 785
1615550400 359 784 359 787
1615548600 359 784 359 786
1615546800 359 780 359 782
1615545000 359 777 359 779
1615543200 359 780 359 782
1615541400 359 781 359 782
1615539600 358 779 359 783
1615537800 358 781 359 784
1615536000 359 783 359 785
1615534200 359 777 359 778
1615532400 359 770 359 773
1615530600 359 766 360 770
1615528800 359 768 365 771
1615527000 361 768 365 770
1615525200 359 768 359 770
1615523400 358 766 359 768
1615521600 358 766 359 768
1615519800 358 768 359 769
1615518000 358 769 359 771
1615516200 358 768 359 771
1615514400 363 803 367 834
1615512600 362 781 366 792
1615510800 358 778 359 781
1615509000 362 795 414 954
1615507200 382 858 414 954
1615505400 358 782 359 785
1615503600 371 796 386 817
1615501800 358 780 359 783
1615500000 358 781 359 783
1615498200 358 783 359 785
1615496400 359 784 359 786
1615494600 359 786 359 788
1615492800 359 788 359 790
1615491000 358 786 359 789
1615489200 360 823 362 860
1615487400 358 775 359 780
1615485600 358 765 359 767
1615483800 359 763 359 767
1615482000 359 763 359 767
1615480200 359 763 359 764
1615478400 357 760 359 767
1615476600 358 765 359 767
1615474800 358 762 359 764
1615473000 359 766 359 769
1615471200 358 764 359 768
1615469400 359 768 359 769
1615467600 358 768 359 777
1615465800 358 775 359 787
1615464000 358 785 359 788
1615462200 358 790 359 794
1615460400 358 792 359 794
1615458600 358 792 359 794
1615456800 359 789 359 794
1615455000 359 788 359 790
1615453200 359 788 359 790
1615451400 358 787 359 788
1615449600 358 784 359 787
1615447800 358 781 359 783
1615446000 358 782 359 785
1615444200 359 786 359 788
1615442400 358 786 359 787
1615440600 358 774 359 780
1615438800 359 769 359 771
1615437000 358 765 359 768
1615435200 358 769 359 771
1615433400 359 771 359 773
1615431600 358 770 359 771
1615429800 358 765 359 767
1615428000 358 763 359 764
1615426200 358 761 359 765
1615424400 359 791 359 820
1615422600 358 761 359 762
1615420800 358 762 359 766
1615419000 359 768 359 781
1615417200 359 787 359 793
1615415400 359 792 359 794
1615413600 358 790 359 792
1615411800 358 790 359 792
1615410000 359 793 373 898
1615408200 365 845 373 914
1615406400 359 840 363 914
1615404600 358 785 359 787
1615402800 358 782 360 836
1615401000 359 804 360 836
1615399200 358 777 359 782
1615397400 358 780 359 782
1615395600 358 777 359 778
1615393800 358 767 359 770
1615392000 359 765 359 768
1615390200 359 768 359 769
1615388400 358 768 359 769
1615386600 358 767 359 769
1615384800 358 765 359 767
1615383000 358 764 359 766
1615381200 358 761 359 763
1615379400 358 759 359 763
1615377600 359 765 359 768
1615375800 359 765 359 771
1615374000 359 773 359 778
1615372200 358 780 359 785
1615370400 358 783 359 785
1615368600 358 784 359 790
1615366800 359 790 359 793
1615365000 360 805 367 928
1615363200 362 848 367 928
1615361400 358 786 359 789
1615359600 358 789 359 790
1615357800 358 788 359 794
1615356000 359 792 359 794
1615354200 358 789 359 792
1615352400 359 797 364 986
1615350600 368 928 373 986
1615348800 359 778 359 782
1615347000 359 771 359 774
1615345200 358 768 359 771
1615343400 358 760 359 763
1615341600 359 760 359 764
1615339800 359 765 359 769
1615338000 359 769 359 771
1615336200 358 768 359 769
1615334400 358 768 359 769
1615332600 358 767 359 768
1615330800 362 773 367 783
1615329000 359 770 359 791
1615327200 359 792 359 802
1615325400 358 800 359 802
1615323600 359 802 359 803
1615321800 358 804 360 806
1615320000 359 806 360 813
1615318200 358 809 359 813
1615316400 359 804 359 810
1615314600 359 805 359 806
1615312800 358 803 359 807
1615311000 358 807 359 811
1615309200 358 811 359 814
1615307400 359 814 359 817
1615305600 358 797 359 808
1615303800 359 778 367 792
1615302000 361 773 367 792
1615300200 358 762 359 766
1615298400 359 764 359 766
1615296600 358 762 359 764
1615294800 358 759 359 761
1615293000 359 761 359 765
1615291200 359 765 359 767
1615289400 359 766 359 770
1615287600 358 770 359 771
1615285800 358 763 359 769
1615284000 358 764 359 766
1615282200 358 772 359 783
1615280400 358 785 359 793
1615278600 358 791 359 793
1615276800 358 783 359 786
1615275000 358 781 359 784
1615273200 359 783 359 785
1615271400 359 786 359 789
1615269600 358 787 359 789
1615267800 358 784 359 786
1615266000 359 781 359 782
1615264200 359 777 359 782
1615262400 358 784 359 787
1615260600 358 789 359 793
1615258800 358 783 359 785
1615257000 358 770 359 777
1615255200 359 766 359 769
1615253400 359 774 365 860
1615251600 361 808 365 860
1615249800 358 767 359 768
1615248000 359 763 359 766
1615246200 358 758 359 762
1615244400 358 756 359 760
1615242600 358 760 359 765
1615240800 359 765 359 767
1615239000 360 773 387 907
1615237200 370 826 387 907
1615235400 359 768 359 781
1615233600 358 781 359 785
1615231800 359 785 359 791
1615230000 359 787 359 791
1615228200 359 779 359 782
1615226400 358 777 359 780
1615224600 358 778 359 781
1615222800 358 781 359 782
1615221000 358 782 359 785
1615219200 359 778 359 782
1615217400 358 774 360 778
1615215600 358 776 360 781
1615213800 359 779 359 781
1615212000 358 776 359 780
1615210200 358 770 359 773
1615208400 358 764 359 766
1615206600 358 762 359 764
1615204800 359 763 359 770
1615203000 358 764 359 770
1615197600 357 764 361 769
1615190400 359 783 359 792
1615183200 358 785 359 792
1615176000 358 784 359 788
1615168800 358 770 360 785
1615161600 358 760 360 766
1615154400 361 833 396 950
1615147200 356 763 357 773
1615140000 356 773 357 785
1615132800 355 781 357 785
1615125600 356 775 356 784
1615118400 356 755 357 761
1615111200 356 760 356 764
1615104000 355 760 356 771
1615096800 355 777 356 785
1615089600 356 776 358 783
1615082400 357 833 371 1016
1615075200 370 811 432 1005
1615068000 375 819 424 1091
1615060800 355 754 357 765
1615053600 356 792 357 808
1615046400 356 800 357 806
1615039200 356 793 357 799
1615032000 355 782 357 801
1615024800 355 758 357 768
1615017600 356 754 357 758
1615010400 355 763 356 791
1615003200 356 783 356 791
1614996000 393 849 532 1117
1614988800 371 798 400 854
1614981600 374 814 455 1028
1614974400 355 758 357 762
1614967200 355 759 357 763
1614960000 356 773 358 825
1614952800 356 786 358 825
1614945600 355 777 357 785
1614938400 356 762 356 774
1614931200 355 759 357 765
1614924000 356 758 357 765
1614916800 356 768 357 781
1614909600 354 779 358 786
1614902400 364 839 424 1235
1614895200 355 772 357 783
1614888000 355 754 357 763
1614880800 432 904 1163 2117
1614873600 730 1390 1610 2808
1614866400 357 781 375 818
1614859200 356 774 356 782
1614852000 356 776 356 783
1614844800 355 762 357 770
1614837600 419 862 745 1397
1614830400 880 1620 2255 3766
1614823200 384 875 819 1670
1614816000 921 1758 1876 3353
1614808800 909 1829 1618 2914
1614801600 981 1868 1489 2732
1614794400 679 1402 1366 2602
1614787200 763 1484 1675 2977
1614780000 306 707 307 726
1614772800 306 727 307 732
1614765600 306 726 307 728
1614758400 348 790 651 1321
1614751200 482 1084 921 1823
1614744000 522 1506 619 1921
1614736800 262 782 986 2099
1614729600 248 748 248 748
1614722400 248 748 248 748
1614715200 248 748 248 748
1614708000 248 748 248 748
1614700800 248 748 248 748
1614693600 248 748 248 748
1614686400 248 748 248 748
1614679200 248 748 248 748
1614672000 248 748 248 748
1614664800 248 748 248 748
1614657600 248 748 248 748
1614650400 248 748 248 748
1614643200 83 240 258 836
1614636000 0 0 0 0
1614628800 0 0 0 0
1614621600 0 0 0 0
1614614400 0 0 0 0
1614607200 0 0 0 0
1614600000 0 0 0 0
1614592800 0 0 0 0
1614585600 0 0 0 0
1614578400 0 0 0 0
1614571200 0 0 0 0
1614564000 0 0 0 0
1614556800 0 0 0 0
1614549600 0 0 0 0
1614542400 0 0 0 0
1614535200 0 0 0 0
1614528000 0 0 0 0
1614520800 0 0 0 0
1614513600 0 0 0 0
1614506400 0 0 0 0
1614499200 0 0 0 0
1614492000 0 0 0 0
1614484800 0 0 0 0
1614477600 0 0 0 0
1614470400 0 0 0 0
1614463200 0 0 0 0
1614456000 0 0 0 0
1614448800 0 0 0 0
1614441600 0 0 0 0
1614434400 0 0 0 0
1614427200 0 0 0 0
1614420000 0 0 0 0
1614412800 0 0 0 0
1614405600 0 0 0 0
1614398400 0 0 0 0
1614391200 0 0 0 0
1614384000 0 0 0 0
1614376800 0 0 0 0
1614369600 0 0 0 0
1614362400 0 0 0 0
1614355200 0 0 0 0
1614348000 0 0 0 0
1614340800 0 0 0 0
1614333600 0 0 0 0
1614326400 0 0 0 0
1614319200 0 0 0 0
1614312000 0 0 0 0
1614304800 0 0 0 0
1614297600 0 0 0 0
1614290400 0 0 0 0
1614283200 0 0 0 0
1614276000 0 0 0 0
1614268800 0 0 0 0
1614261600 0 0 0 0
1614254400 0 0 0 0
1614247200 0 0 0 0
1614240000 0 0 0 0
1614232800 0 0 0 0
1614225600 0 0 0 0
1614218400 0 0 0 0
1614211200 0 0 0 0
1614204000 0 0 0 0
1614196800 0 0 0 0
1614189600 0 0 0 0
1614182400 0 0 0 0
1614175200 0 0 0 0
1614168000 0 0 0 0
1614160800 0 0 0 0
1614153600 0 0 0 0
1614146400 0 0 0 0
1614139200 0 0 0 0
1614132000 0 0 0 0
1614124800 0 0 0 0
1614117600 0 0 0 0
1614110400 0 0 0 0
1614103200 0 0 0 0
1614096000 0 0 0 0
1614088800 0 0 0 0
1614081600 0 0 0 0
1614074400 0 0 0 0
1614067200 0 0 0 0
1614060000 0 0 0 0
1614052800 0 0 0 0
1614045600 0 0 0 0
1614038400 0 0 0 0
1614031200 0 0 0 0
1614024000 0 0 0 0
1614016800 0 0 0 0
1614009600 0 0 0 0
1614002400 0 0 0 0
1613995200 0 0 0 0
1613988000 0 0 0 0
1613980800 0 0 0 0
1613973600 0 0 0 0
1613966400 0 0 0 0
1613959200 0 0 0 0
1613952000 0 0 0 0
1613944800 0 0 0 0
1613937600 0 0 0 0
1613930400 0 0 0 0
1613923200 0 0 0 0
1613916000 0 0 0 0
1613908800 0 0 0 0
1613901600 0 0 0 0
1613894400 0 0 0 0
1613887200 0 0 0 0
1613880000 0 0 0 0
1613872800 0 0 0 0
1613865600 0 0 0 0
1613858400 0 0 0 0
1613851200 0 0 0 0
1613844000 0 0 0 0
1613836800 0 0 0 0
1613829600 0 0 0 0
1613822400 0 0 0 0
1613815200 0 0 0 0
1613808000 0 0 0 0
1613800800 0 0 0 0
1613793600 0 0 0 0
1613786400 0 0 0 0
1613779200 0 0 0 0
1613772000 0 0 0 0
1613764800 0 0 0 0
1613757600 0 0 0 0
1613750400 0 0 0 0
1613743200 0 0 0 0
1613736000 0 0 0 0
1613728800 0 0 0 0
1613721600 0 0 0 0
1613714400 0 0 0 0
1613707200 0 0 0 0
1613700000 0 0 0 0
1613692800 0 0 0 0
1613685600 0 0 0 0
1613678400 0 0 0 0
1613671200 0 0 0 0
1613664000 0 0 0 0
1613656800 0 0 0 0
1613649600 0 0 0 0
1613642400 0 0 0 0
1613635200 0 0 0 0
1613628000 0 0 0 0
1613620800 0 0 0 0
1613613600 0 0 0 0
1613606400 0 0 0 0
1613599200 0 0 0 0
1613592000 0 0 0 0
1613584800 0 0 0 0
1613577600 0 0 0 0
1613570400 0 0 0 0
1613563200 0 0 0 0
1613556000 0 0 0 0
1613548800 0 0 0 0
1613541600 0 0 0 0
1613534400 0 0 0 0
1613527200 0 0 0 0
1613520000 0 0 0 0
1613512800 0 0 0 0
1613505600 0 0 0 0
1613498400 0 0 0 0
1613491200 0 0 0 0
1613484000 0 0 0 0
1613476800 0 0 0 0
1613469600 0 0 0 0
1613462400 0 0 0 0
1613455200 0 0 0 0
1613448000 0 0 0 0
1613440800 0 0 0 0
1613433600 0 0 0 0
1613426400 0 0 0 0
1613419200 0 0 0 0
1613412000 0 0 0 0
1613404800 0 0 0 0
1613397600 0 0 0 0
1613390400 0 0 0 0
1613383200 0 0 0 0
1613376000 0 0 0 0
1613368800 0 0 0 0
1613361600 0 0 0 0
1613354400 0 0 0 0
1613347200 0 0 0 0
1613340000 0 0 0 0
1613332800 0 0 0 0
1613325600 0 0 0 0
1613318400 0 0 0 0
1613311200 0 0 0 0
1613304000 0 0 0 0
1613296800 0 0 0 0
1613289600 0 0 0 0
1613282400 0 0 0 0
1613275200 0 0 0 0
1613268000 0 0 0 0
1613260800 0 0 0 0
1613253600 0 0 0 0
1613246400 0 0 0 0
1613239200 0 0 0 0
1613232000 0 0 0 0
1613224800 0 0 0 0
1613217600 0 0 0 0
1613210400 0 0 0 0
1613203200 0 0 0 0
1613196000 0 0 0 0
1613188800 0 0 0 0
1613181600 0 0 0 0
1613174400 0 0 0 0
1613167200 0 0 0 0
1613160000 0 0 0 0
1613152800 0 0 0 0
1613145600 0 0 0 0
1613138400 0 0 0 0
1613131200 0 0 0 0
1613124000 0 0 0 0
1613116800 0 0 0 0
1613109600 0 0 0 0
1613102400 0 0 0 0
1613095200 0 0 0 0
1613088000 0 0 0 0
1613080800 0 0 0 0
1613073600 0 0 0 0
1613066400 0 0 0 0
1613059200 0 0 0 0
1613052000 0 0 0 0
1613044800 0 0 0 0
1613037600 0 0 0 0
1613030400 0 0 0 0
1613023200 0 0 0 0
1613016000 0 0 0 0
1613008800 0 0 0 0
1613001600 0 0 0 0
1612994400 0 0 0 0
1612987200 0 0 0 0
1612980000 0 0 0 0
1612972800 0 0 0 0
1612965600 0 0 0 0
1612958400 0 0 0 0
1612951200 0 0 0 0
1612944000 0 0 0 0
1612936800 0 0 0 0
1612929600 0 0 0 0
1612922400 0 0 0 0
1612915200 0 0 0 0
1612908000 0 0 0 0
1612900800 0 0 0 0
1612893600 0 0 0 0
1612886400 0 0 0 0
1612879200 0 0 0 0
1612872000 0 0 0 0
1612864800 0 0 0 0
1612857600 0 0 0 0
1612850400 0 0 0 0
1612843200 0 0 0 0
1612836000 0 0 0 0
1612828800 0 0 0 0
1612821600 0 0 0 0
1612814400 0 0 0 0
1612807200 0 0 0 0
1612800000 0 0 0 0
1612792800 0 0 0 0
1612785600 0 0 0 0
1612778400 0 0 0 0
1612771200 0 0 0 0
1612764000 0 0 0 0
1612756800 0 0 0 0
1612749600 0 0 0 0
1612742400 0 0 0 0
1612735200 0 0 0 0
1612728000 0 0 0 0
1612720800 0 0 0 0
1612713600 0 0 0 0
1612706400 0 0 0 0
1612699200 0 0 0 0
1612692000 0 0 0 0
1612684800 0 0 0 0
1612677600 0 0 0 0
1612670400 0 0 0 0
1612663200 0 0 0 0
1612656000 0 0 0 0
1612648800 0 0 0 0
1612641600 0 0 0 0
1612634400 0 0 0 0
1612627200 0 0 0 0
1612620000 0 0 0 0
1612612800 0 0 0 0
1612605600 0 0 0 0
1612598400 0 0 0 0
1612591200 0 0 0 0
1612584000 0 0 0 0
1612576800 0 0 0 0
1612569600 0 0 0 0
1612562400 0 0 0 0
1612555200 0 0 0 0
1612548000 0 0 0 0
1612540800 0 0 0 0
1612533600 0 0 0 0
1612526400 0 0 0 0
1612519200 0 0 0 0
1612512000 0 0 0 0
1612504800 0 0 0 0
1612497600 0 0 0 0
1612490400 0 0 0 0
1612483200 0 0 0 0
1612476000 0 0 0 0
1612468800 0 0 0 0
1612461600 0 0 0 0
1612454400 0 0 0 0
1612447200 0 0 0 0
1612440000 0 0 0 0
1612432800 0 0 0 0
1612425600 0 0 0 0
1612418400 0 0 0 0
1612411200 0 0 0 0
1612404000 0 0 0 0
1612396800 0 0 0 0
1612389600 0 0 0 0
1612382400 0 0 0 0
1612375200 0 0 0 0
1612368000 0 0 0 0
1612360800 0 0 0 0
1612353600 0 0 0 0
1612346400 0 0 0 0
1612339200 0 0 0 0
1612332000 0 0 0 0
1612324800 0 0 0 0
1612317600 0 0 0 0
1612310400 0 0 0 0
1612303200 0 0 0 0
1612296000 0 0 0 0
1612288800 0 0 0 0
1612281600 0 0 0 0
1612274400 0 0 0 0
1612267200 0 0 0 0
1612260000 0 0 0 0
1612252800 0 0 0 0
1612245600 0 0 0 0
1612238400 0 0 0 0
1612231200 0 0 0 0
1612224000 0 0 0 0
1612216800 0 0 0 0
1612209600 0 0 0 0
1612202400 0 0 0 0
1612195200 0 0 0 0
1612188000 0 0 0 0
1612180800 0 0 0 0
1612173600 0 0 0 0
1612166400 0 0 0 0
1612159200 0 0 0 0
1612152000 0 0 0 0
1612144800 0 0 0 0
1612137600 0 0 0 0
1612130400 0 0 0 0
1612123200 0 0 0 0
1612116000 0 0 0 0
1612108800 0 0 0 0
1612101600 0 0 0 0
1612094400 0 0 0 0
1612087200 0 0 0 0
1612080000 0 0 0 0
1612072800 0 0 0 0
1612065600 0 0 0 0
1612058400 0 0 0 0
1612051200 0 0 0 0
1612044000 0 0 0 0
1612036800 0 0 0 0
1612029600 0 0 0 0
1612022400 0 0 0 0
1612015200 0 0 0 0
1612008000 0 0 0 0
1612000800 0 0 0 0
1611993600 0 0 0 0
1611986400 0 0 0 0
1611979200 0 0 0 0
1611972000 0 0 0 0
1611964800 0 0 0 0
1611957600 0 0 0 0
1611950400 0 0 0 0
1611943200 0 0 0 0
1611936000 0 0 0 0
1611928800 0 0 0 0
1611921600 0 0 0 0
1611914400 0 0 0 0
1611907200 0 0 0 0
1611900000 0 0 0 0
1611892800 0 0 0 0
1611885600 0 0 0 0
1611878400 0 0 0 0
1611871200 0 0 0 0
1611864000 0 0 0 0
1611856800 0 0 0 0
1611849600 0 0 0 0
1611842400 0 0 0 0
1611835200 0 0 0 0
1611828000 0 0 0 0
1611820800 0 0 0 0
1611813600 0 0 0 0
1611806400 0 0 0 0
1611799200 0 0 0 0
1611792000 0 0 0 0
1611784800 0 0 0 0
1611777600 0 0 0 0
1611770400 0 0 0 0
1611763200 0 0 0 0
1611756000 0 0 0 0
1611748800 0 0 0 0
1611741600 0 0 0 0
1611734400 0 0 0 0
1611727200 0 0 0 0
1611720000 0 0 0 0
1611712800 0 0 0 0
1611705600 0 0 0 0
1611698400 0 0 0 0
1611691200 0 0 0 0
1611684000 0 0 0 0
1611676800 0 0 0 0
1611669600 0 0 0 0
1611662400 0 0 0 0
1611655200 0 0 0 0
1611648000 0 0 0 0
1611640800 0 0 0 0
1611633600 0 0 0 0
1611626400 0 0 0 0
1611619200 0 0 0 0
1611612000 0 0 0 0
1611604800 0 0 0 0
1611597600 0 0 0 0
1611590400 0 0 0 0
1611583200 0 0 0 0
1611576000 0 0 0 0
1611568800 0 0 0 0
1611561600 0 0 0 0
1611554400 0 0 0 0
1611547200 0 0 0 0
1611540000 0 0 0 0
1611532800 0 0 0 0
1611525600 0 0 0 0
1611518400 0 0 0 0
1611511200 0 0 0 0
1611504000 0 0 0 0
1611496800 0 0 0 0
1611489600 0 0 0 0
1611482400 0 0 0 0
1611475200 0 0 0 0
1611468000 0 0 0 0
1611460800 0 0 0 0
1611453600 0 0 0 0
1611446400 0 0 0 0
1611439200 0 0 0 0
1611432000 0 0 0 0
1611424800 0 0 0 0
1611417600 0 0 0 0
1611410400 0 0 0 0
1611403200 0 0 0 0
1611396000 0 0 0 0
1611388800 0 0 0 0
1611381600 0 0 0 0
1611374400 0 0 0 0
1611367200 0 0 0 0
1611360000 0 0 0 0
1611352800 0 0 0 0
1611345600 0 0 0 0
1611338400 0 0 0 0
1611331200 0 0 0 0
1611324000 0 0 0 0
1611316800 0 0 0 0
1611309600 0 0 0 0
1611302400 0 0 0 0
1611295200 0 0 0 0
1611288000 0 0 0 0
1611280800 0 0 0 0
1611273600 0 0 0 0
1611266400 0 0 0 0
1611259200 0 0 0 0
1611252000 0 0 0 0
1611244800 0 0 0 0
1611237600 0 0 0 0
1611230400 0 0 0 0
1611223200 0 0 0 0
1611216000 0 0 0 0
1611208800 0 0 0 0
1611201600 0 0 0 0
1611194400 0 0 0 0
1611187200 0 0 0 0
1611180000 0 0 0 0
1611172800 0 0 0 0
1611165600 0 0 0 0
1611158400 0 0 0 0
1611151200 0 0 0 0
1611144000 0 0 0 0
1611136800 0 0 0 0
1611129600 0 0 0 0
1611122400 0 0 0 0
1611115200 0 0 0 0
1611108000 0 0 0 0
1611100800 0 0 0 0
1611093600 0 0 0 0
1611086400 0 0 0 0
1611079200 0 0 0 0
1611072000 0 0 0 0
1611064800 0 0 0 0
1611057600 0 0 0 0
1611050400 0 0 0 0
1611043200 0 0 0 0
1611036000 0 0 0 0
1611028800 0 0 0 0
1611021600 0 0 0 0
1611014400 0 0 0 0
1611007200 0 0 0 0
1611000000 0 0 0 0
1610992800 0 0 0 0
1610985600 0 0 0 0
1610978400 0 0 0 0
1610971200 0 0 0 0
1610964000 0 0 0 0
1610956800 0 0 0 0
1610949600 0 0 0 0
1610942400 0 0 0 0
1610935200 0 0 0 0
1610928000 0 0 0 0
1610920800 0 0 0 0
1610913600 0 0 0 0
1610906400 0 0 0 0
1610899200 0 0 0 0
1610892000 0 0 0 0
1610884800 0 0 0 0
1610877600 0 0 0 0
1610841600 0 0 0 0
1610755200 0 0 0 0
1610668800 0 0 0 0
1610582400 0 0 0 0
1610496000 0 0 0 0
1610409600 0 0 0 0
1610323200 0 0 0 0
1610236800 0 0 0 0
1610150400 0 0 0 0
1610064000 0 0 0 0
1609977600 0 0 0 0
1609891200 0 0 0 0
1609804800 0 0 0 0
1609718400 0 0 0 0
1609632000 0 0 0 0
1609545600 0 0 0 0
1609459200 0 0 0 0
1609372800 0 0 0 0
1609286400 0 0 0 0
1609200000 0 0 0 0
1609113600 0 0 0 0
1609027200 0 0 0 0
1608940800 0 0 0 0
1608854400 0 0 0 0
1608768000 0 0 0 0
1608681600 0 0 0 0
1608595200 0 0 0 0
1608508800 0 0 0 0
1608422400 0 0 0 0
1608336000 0 0 0 0
1608249600 0 0 0 0
1608163200 0 0 0 0
1608076800 0 0 0 0
1607990400 0 0 0 0
1607904000 0 0 0 0
1607817600 0 0 0 0
1607731200 0 0 0 0
1607644800 0 0 0 0
1607558400 0 0 0 0
1607472000 0 0 0 0
1607385600 0 0 0 0
1607299200 0 0 0 0
1607212800 0 0 0 0
1607126400 0 0 0 0
1607040000 0 0 0 0
1606953600 0 0 0 0
1606867200 0 0 0 0
1606780800 0 0 0 0
1606694400 0 0 0 0
1606608000 0 0 0 0
1606521600 0 0 0 0
1606435200 0 0 0 0
1606348800 0 0 0 0
1606262400 0 0 0 0
1606176000 0 0 0 0
1606089600 0 0 0 0
1606003200 0 0 0 0
1605916800 0 0 0 0
1605830400 0 0 0 0
1605744000 0 0 0 0
1605657600 0 0 0 0
1605571200 0 0 0 0
1605484800 0 0 0 0
1605398400 0 0 0 0
1605312000 0 0 0 0
1605225600 0 0 0 0
1605139200 0 0 0 0
1605052800 0 0 0 0
1604966400 0 0 0 0
1604880000 0 0 0 0
1604793600 0 0 0 0
1604707200 0 0 0 0
1604620800 0 0 0 0
1604534400 0 0 0 0
1604448000 0 0 0 0
1604361600 0 0 0 0
1604275200 0 0 0 0
1604188800 0 0 0 0
1604102400 0 0 0 0
1604016000 0 0 0 0
1603929600 0 0 0 0
1603843200 0 0 0 0
1603756800 0 0 0 0
1603670400 0 0 0 0
1603584000 0 0 0 0
1603497600 0 0 0 0
1603411200 0 0 0 0
1603324800 0 0 0 0
1603238400 0 0 0 0
1603152000 0 0 0 0
1603065600 0 0 0 0
1602979200 0 0 0 0
1602892800 0 0 0 0
1602806400 0 0 0 0
1602720000 0 0 0 0
1602633600 0 0 0 0
1602547200 0 0 0 0
1602460800 0 0 0 0
1602374400 0 0 0 0
1602288000 0 0 0 0
1602201600 0 0 0 0
1602115200 0 0 0 0
1602028800 0 0 0 0
1601942400 0 0 0 0
1601856000 0 0 0 0
1601769600 0 0 0 0
1601683200 0 0 0 0
1601596800 0 0 0 0
1601510400 0 0 0 0
1601424000 0 0 0 0
1601337600 0 0 0 0
1601251200 0 0 0 0
1601164800 0 0 0 0
1601078400 0 0 0 0
1600992000 0 0 0 0
1600905600 0 0 0 0
1600819200 0 0 0 0
1600732800 0 0 0 0
1600646400 0 0 0 0
1600560000 0 0 0 0
1600473600 0 0 0 0
1600387200 0 0 0 0
1600300800 0 0 0 0
1600214400 0 0 0 0
1600128000 0 0 0 0
1600041600 0 0 0 0
1599955200 0 0 0 0
1599868800 0 0 0 0
1599782400 0 0 0 0
1599696000 0 0 0 0
1599609600 0 0 0 0
1599523200 0 0 0 0
1599436800 0 0 0 0
1599350400 0 0 0 0
1599264000 0 0 0 0
1599177600 0 0 0 0
1599091200 0 0 0 0
1599004800 0 0 0 0
1598918400 0 0 0 0
1598832000 0 0 0 0
1598745600 0 0 0 0
1598659200 0 0 0 0
1598572800 0 0 0 0
1598486400 0 0 0 0
1598400000 0 0 0 0
1598313600 0 0 0 0
1598227200 0 0 0 0
1598140800 0 0 0 0
1598054400 0 0 0 0
1597968000 0 0 0 0
1597881600 0 0 0 0
1597795200 0 0 0 0
1597708800 0 0 0 0
1597622400 0 0 0 0
1597536000 0 0 0 0
1597449600 0 0 0 0
1597363200 0 0 0 0
1597276800 0 0 0 0
1597190400 0 0 0 0
1597104000 0 0 0 0
1597017600 0 0 0 0
1596931200 0 0 0 0
1596844800 0 0 0 0
1596758400 0 0 0 0
1596672000 0 0 0 0
1596585600 0 0 0 0
1596499200 0 0 0 0
1596412800 0 0 0 0
1596326400 0 0 0 0
1596240000 0 0 0 0
1596153600 0 0 0 0
1596067200 0 0 0 0
1595980800 0 0 0 0
1595894400 0 0 0 0
1595808000 0 0 0 0
1595721600 0 0 0 0
1595635200 0 0 0 0
1595548800 0 0 0 0
1595462400 0 0 0 0
1595376000 0 0 0 0
1595289600 0 0 0 0
1595203200 0 0 0 0
1595116800 0 0 0 0
1595030400 0 0 0 0
1594944000 0 0 0 0
1594857600 0 0 0 0
1594771200 0 0 0 0
1594684800 0 0 0 0
1594598400 0 0 0 0
1594512000 0 0 0 0
1594425600 0 0 0 0
1594339200 0 0 0 0
1594252800 0 0 0 0
1594166400 0 0 0 0
1594080000 0 0 0 0
1593993600 0 0 0 0
1593907200 0 0 0 0
1593820800 0 0 0 0
1593734400 0 0 0 0
1593648000 0 0 0 0
1593561600 0 0 0 0
1593475200 0 0 0 0
1593388800 0 0 0 0
1593302400 0 0 0 0
1593216000 0 0 0 0
1593129600 0 0 0 0
1593043200 0 0 0 0
1592956800 0 0 0 0
1592870400 0 0 0 0
1592784000 0 0 0 0
1592697600 0 0 0 0
1592611200 0 0 0 0
1592524800 0 0 0 0
1592438400 0 0 0 0
1592352000 0 0 0 0
1592265600 0 0 0 0
1592179200 0 0 0 0
1592092800 0 0 0 0
1592006400 0 0 0 0
1591920000 0 0 0 0
1591833600 0 0 0 0
1591747200 0 0 0 0
1591660800 0 0 0 0
1591574400 0 0 0 0
1591488000 0 0 0 0
1591401600 0 0 0 0
1591315200 0 0 0 0
1591228800 0 0 0 0
1591142400 0 0 0 0
1591056000 0 0 0 0
1590969600 0 0 0 0
1590883200 0 0 0 0
1590796800 0 0 0 0
1590710400 0 0 0 0
1590624000 0 0 0 0
1590537600 0 0 0 0
1590451200 0 0 0 0
1590364800 0 0 0 0
1590278400 0 0 0 0
1590192000 0 0 0 0
1590105600 0 0 0 0
1590019200 0 0 0 0
1589932800 0 0 0 0
1589846400 0 0 0 0
1589760000 0 0 0 0
1589673600 0 0 0 0
1589587200 0 0 0 0
1589500800 0 0 0 0
1589414400 0 0 0 0
1589328000 0 0 0 0
1589241600 0 0 0 0
1589155200 0 0 0 0
1589068800 0 0 0 0
1588982400 0 0 0 0
1588896000 0 0 0 0
1588809600 0 0 0 0
1588723200 0 0 0 0
1588636800 0 0 0 0
1588550400 0 0 0 0
1588464000 0 0 0 0
1588377600 0 0 0 0
1588291200 0 0 0 0
1588204800 0 0 0 0
1588118400 0 0 0 0
1588032000 0 0 0 0
1587945600 0 0 0 0
1587859200 0 0 0 0
1587772800 0 0 0 0
1587686400 0 0 0 0
1587600000 0 0 0 0
1587513600 0 0 0 0
1587427200 0 0 0 0
1587340800 0 0 0 0
1587254400 0 0 0 0
1587168000 0 0 0 0
1587081600 0 0 0 0
1586995200 0 0 0 0
1586908800 0 0 0 0
1586822400 0 0 0 0
1586736000 0 0 0 0
1586649600 0 0 0 0
1586563200 0 0 0 0
1586476800 0 0 0 0
1586390400 0 0 0 0
1586304000 0 0 0 0
1586217600 0 0 0 0
1586131200 0 0 0 0
1586044800 0 0 0 0
1585958400 0 0 0 0
1585872000 0 0 0 0
1585785600 0 0 0 0
1585699200 0 0 0 0
1585612800 0 0 0 0
1585526400 0 0 0 0
1585440000 0 0 0 0
1585353600 0 0 0 0
1585267200 0 0 0 0
1585180800 0 0 0 0
1585094400 0 0 0 0
1585008000 0 0 0 0
1584921600 0 0 0 0
1584835200 0 0 0 0
1584748800 0 0 0 0
1584662400 0 0 0 0
1584576000 0 0 0 0
1584489600 0 0 0 0
1584403200 0 0 0 0
1584316800 0 0 0 0
1584230400 0 0 0 0
1584144000 0 0 0 0
1584057600 0 0 0 0
1583971200 0 0 0 0
1583884800 0 0 0 0
1583798400 0 0 0 0
1583712000 0 0 0 0
1583625600 0 0 0 0
1583539200 0 0 0 0
1583452800 0 0 0 0
1583366400 0 0 0 0
1583280000 0 0 0 0
1583193600 0 0 0 0
1583107200 0 0 0 0
1583020800 0 0 0 0
1582934400 0 0 0 0
1582848000 0 0 0 0
1582761600 0 0 0 0
1582675200 0 0 0 0
1582588800 0 0 0 0
1582502400 0 0 0 0
1582416000 0 0 0 0
1582329600 0 0 0 0
1582243200 0 0 0 0
1582156800 0 0 0 0
1582070400 0 0 0 0
1581984000 0 0 0 0
1581897600 0 0 0 0
1581811200 0 0 0 0
1581724800 0 0 0 0
1581638400 0 0 0 0
1581552000 0 0 0 0
1581465600 0 0 0 0
1581379200 0 0 0 0
1581292800 0 0 0 0
1581206400 0 0 0 0
1581120000 0 0 0 0
1581033600 0 0 0 0
1580947200 0 0 0 0
1580860800 0 0 0 0
1580774400 0 0 0 0
1580688000 0 0 0 0
1580601600 0 0 0 0
1580515200 0 0 0 0
1580428800 0 0 0 0
1580342400 0 0 0 0
1580256000 0 0 0 0
1580169600 0 0 0 0
1580083200 0 0 0 0
1579996800 0 0 0 0
1579910400 0 0 0 0
1579824000 0 0 0 0
1579737600 0 0 0 0
1579651200 0 0 0 0
1579564800 0 0 0 0
1579478400 0 0 0 0
1579392000 0 0 0 0
1579305600 0 0 0 0
1579219200 0 0 0 0
1579132800 0 0 0 0
1579046400 0 0 0 0
1578960000 0 0 0 0
1578873600 0 0 0 0
1578787200 0 0 0 0
1578700800 0 0 0 0
1578614400 0 0 0 0
1578528000 0 0 0 0
1578441600 0 0 0 0
1578355200 0 0 0 0
1578268800 0 0 0 0
1578182400 0 0 0 0
1578096000 0 0 0 0
1578009600 0 0 0 0
1577923200 0 0 0 0
1577836800 0 0 0 0
1577750400 0 0 0 0
1577664000 0 0 0 0
1577577600 0 0 0 0
1577491200 0 0 0 0
1577404800 0 0 0 0
1577318400 0 0 0 0
1577232000 0 0 0 0
1577145600 0 0 0 0
1577059200 0 0 0 0
1576972800 0 0 0 0
1576886400 0 0 0 0
1576800000 0 0 0 0
1576713600 0 0 0 0
1576627200 0 0 0 0
1576540800 0 0 0 0
1576454400 0 0 0 0
1576368000 0 0 0 0
1576281600 0 0 0 0
1576195200 0 0 0 0
1576108800 0 0 0 0
1576022400 0 0 0 0
1575936000 0 0 0 0
1575849600 0 0 0 0
1575763200 0 0 0 0
1575676800 0 0 0 0
1575590400 0 0 0 0
1575504000 0 0 0 0
1575417600 0 0 0 0
1575331200 0 0 0 0
1575244800 0 0 0 0
1575158400 0 0 0 0
1575072000 0 0 0 0
1574985600 0 0 0 0
1574899200 0 0 0 0
1574812800 0 0 0 0
1574726400 0 0 0 0
1574640000 0 0 0 0
1574553600 0 0 0 0
1574467200 0 0 0 0
1574380800 0 0 0 0
1574294400 0 0 0 0
1574208000 0 0 0 0
1574121600 0 0 0 0
1574035200 0 0 0 0
1573948800 0 0 0 0
1573862400 0 0 0 0
1573776000 0 0 0 0
1573689600 0 0 0 0
1573603200 0 0 0 0
1573516800 0 0 0 0
1573430400 0 0 0 0
1573344000 0 0 0 0
1573257600 0 0 0 0
1573171200 0 0 0 0
1573084800 0 0 0 0
1572998400 0 0 0 0
1572912000 0 0 0 0
1572825600 0 0 0 0
1572739200 0 0 0 0
1572652800 0 0 0 0
1572566400 0 0 0 0
1572480000 0 0 0 0
1572393600 0 0 0 0
1572307200 0 0 0 0
1572220800 0 0 0 0
1572134400 0 0 0 0
1572048000 0 0 0 0
1571961600 0 0 0 0
1571875200 0 0 0 0
1571788800 0 0 0 0
1571702400 0 0 0 0
1571616000 0 0 0 0
1571529600 0 0 0 0
1571443200 0 0 0 0
1571356800 0 0 0 0
1571270400 0 0 0 0
1571184000 0 0 0 0
1571097600 0 0 0 0
1571011200 0 0 0 0
1570924800 0 0 0 0
1570838400 0 0 0 0
1570752000 0 0 0 0
1570665600 0 0 0 0
1570579200 0 0 0 0
1570492800 0 0 0 0
1570406400 0 0 0 0
1570320000 0 0 0 0
1570233600 0 0 0 0
1570147200 0 0 0 0
1570060800 0 0 0 0
1569974400 0 0 0 0
1569888000 0 0 0 0
1569801600 0 0 0 0
1569715200 0 0 0 0
1569628800 0 0 0 0
1569542400 0 0 0 0
1569456000 0 0 0 0
1569369600 0 0 0 0
1569283200 0 0 0 0
1569196800 0 0 0 0
1569110400 0 0 0 0
1569024000 0 0 0 0
1568937600 0 0 0 0
1568851200 0 0 0 0
1568764800 0 0 0 0
1568678400 0 0 0 0
1568592000 0 0 0 0
1568505600 0 0 0 0
1568419200 0 0 0 0
1568332800 0 0 0 0
1568246400 0 0 0 0
1568160000 0 0 0 0
1568073600 0 0 0 0
1567987200 0 0 0 0
1567900800 0 0 0 0
1567814400 0 0 0 0
1567728000 0 0 0 0
1567641600 0 0 0 0
1567555200 0 0 0 0
1567468800 0 0 0 0
1567382400 0 0 0 0
1567296000 0 0 0 0
1567209600 0 0 0 0
1567123200 0 0 0 0
1567036800 0 0 0 0
1566950400 0 0 0 0
1566864000 0 0 0 0
1566777600 0 0 0 0
1566691200 0 0 0 0
1566604800 0 0 0 0
1566518400 0 0 0 0
1566432000 0 0 0 0
1566345600 0 0 0 0
1566259200 0 0 0 0
1566172800 0 0 0 0
1566086400 0 0 0 0
1566000000 0 0 0 0
1565913600 0 0 0 0
1565827200 0 0 0 0
1565740800 0 0 0 0
1565654400 0 0 0 0
1565568000 0 0 0 0
1565481600 0 0 0 0
1565395200 0 0 0 0
1565308800 0 0 0 0
1565222400 0 0 0 0
1565136000 0 0 0 0
1565049600 0 0 0 0
1564963200 0 0 0 0
1564876800 0 0 0 0
1564790400 0 0 0 0
1564704000 0 0 0 0
1564617600 0 0 0 0
1564531200 0 0 0 0
1564444800 0 0 0 0
1564358400 0 0 0 0
1564272000 0 0 0 0
1564185600 0 0 0 0
1564099200 0 0 0 0
1564012800 0 0 0 0
1563926400 0 0 0 0
1563840000 0 0 0 0
1563753600 0 0 0 0
1563667200 0 0 0 0
1563580800 0 0 0 0
1563494400 0 0 0 0
1563408000 0 0 0 0
1563321600 0 0 0 0
1563235200 0 0 0 0
1563148800 0 0 0 0
1563062400 0 0 0 0
1562976000 0 0 0 0
1562889600 0 0 0 0
1562803200 0 0 0 0
1562716800 0 0 0 0
1562630400 0 0 0 0
1562544000 0 0 0 0
1562457600 0 0 0 0
1562371200 0 0 0 0
1562284800 0 0 0 0
1562198400 0 0 0 0
1562112000 0 0 0 0
1562025600 0 0 0 0
1561939200 0 0 0 0
1561852800 0 0 0 0
1561766400 0 0 0 0
1561680000 0 0 0 0
1561593600 0 0 0 0
1561507200 0 0 0 0
1561420800 0 0 0 0
1561334400 0 0 0 0
1561248000 0 0 0 0
1561161600 0 0 0 0
1561075200 0 0 0 0
1560988800 0 0 0 0
1560902400 0 0 0 0
1560816000 0 0 0 0
1560729600 0 0 0 0
1560643200 0 0 0 0
1560556800 0 0 0 0
1560470400 0 0 0 0
1560384000 0 0 0 0
1560297600 0 0 0 0
1560211200 0 0 0 0
1560124800 0 0 0 0
1560038400 0 0 0 0
1559952000 0 0 0 0
1559865600 0 0 0 0
1559779200 0 0 0 0
1559692800 0 0 0 0
1559606400 0 0 0 0
1559520000 0 0 0 0
1559433600 0 0 0 0
1559347200 0 0 0 0
1559260800 0 0 0 0
1559174400 0 0 0 0
1559088000 0 0 0 0
1559001600 0 0 0 0
1558915200 0 0 0 0
1558828800 0 0 0 0
1558742400 0 0 0 0
1558656000 0 0 0 0
1558569600 0 0 0 0
1558483200 0 0 0 0
1558396800 0 0 0 0
1558310400 0 0 0 0
1558224000 0 0 0 0
1558137600 0 0 0 0
1558051200 0 0 0 0
1557964800 0 0 0 0
1557878400 0 0 0 0
1557792000 0 0 0 0
1557705600 0 0 0 0
1557619200 0 0 0 0
1557532800 0 0 0 0
1557446400 0 0 0 0
1557360000 0 0 0 0
1557273600 0 0 0 0
1557187200 0 0 0 0
1557100800 0 0 0 0
1557014400 0 0 0 0
1556928000 0 0 0 0
1556841600 0 0 0 0
1556755200 0 0 0 0
1556668800 0 0 0 0
1556582400 0 0 0 0
1556496000 0 0 0 0
1556409600 0 0 0 0
1556323200 0 0 0 0
1556236800 0 0 0 0
1556150400 0 0 0 0
1556064000 0 0 0 0
1555977600 0 0 0 0
1555891200 0 0 0 0
1555804800 0 0 0 0
1555718400 0 0 0 0
1555632000 0 0 0 0
1555545600 0 0 0 0
1555459200 0 0 0 0
1555372800 0 0 0 0
1555286400 0 0 0 0
1555200000 0 0 0 0
1555113600 0 0 0 0
1555027200 0 0 0 0
1554940800 0 0 0 0
1554854400 0 0 0 0
1554768000 0 0 0 0
1554681600 0 0 0 0
1554595200 0 0 0 0
1554508800 0 0 0 0
1554422400 0 0 0 0
1554336000 0 0 0 0
1554249600 0 0 0 0
1554163200 0 0 0 0
1554076800 0 0 0 0
1553990400 0 0 0 0
1553904000 0 0 0 0
1553817600 0 0 0 0
1553731200 0 0 0 0
1553644800 0 0 0 0
1553558400 0 0 0 0
1553472000 0 0 0 0
1553385600 0 0 0 0
1553299200 0 0 0 0
1553212800 0 0 0 0
1553126400 0 0 0 0
1553040000 0 0 0 0
1552953600 0 0 0 0
1552867200 0 0 0 0
1552780800 0 0 0 0
1552694400 0 0 0 0
1552608000 0 0 0 0
1552521600 0 0 0 0
1552435200 0 0 0 0
1552348800 0 0 0 0
1552262400 0 0 0 0
1552176000 0 0 0 0
1552089600 0 0 0 0
1552003200 0 0 0 0
1551916800 0 0 0 0
1551830400 0 0 0 0
1551744000 0 0 0 0
1551657600 0 0 0 0
1551571200 0 0 0 0
1551484800 0 0 0 0
1551398400 0 0 0 0
1551312000 0 0 0 0
1551225600 0 0 0 0
1551139200 0 0 0 0
1551052800 0 0 0 0
1550966400 0 0 0 0
1550880000 0 0 0 0
1550793600 0 0 0 0
1550707200 0 0 0 0
1550620800 0 0 0 0
1550534400 0 0 0 0
1550448000 0 0 0 0
1550361600 0 0 0 0
1550275200 0 0 0 0
1550188800 0 0 0 0
1550102400 0 0 0 0
1550016000 0 0 0 0
1549929600 0 0 0 0
1549843200 0 0 0 0
1549756800 0 0 0 0
1549670400 0 0 0 0
1549584000 0 0 0 0
1549497600 0 0 0 0
1549411200 0 0 0 0
1549324800 0 0 0 0
1549238400 0 0 0 0
1549152000 0 0 0 0
1549065600 0 0 0 0
1548979200 0 0 0 0
1548892800 0 0 0 0
1548806400 0 0 0 0
1548720000 0 0 0 0
1548633600 0 0 0 0
1548547200 0 0 0 0
1548460800 0 0 0 0
1548374400 0 0 0 0
1548288000 0 0 0 0
1548201600 0 0 0 0
1548115200 0 0 0 0
1548028800 0 0 0 0
1547942400 0 0 0 0
1547856000 0 0 0 0
1547769600 0 0 0 0
1547683200 0 0 0 0
