1616464921 819325709 2197628289
1616464921 604 15 604 15
1616464021 631 16 631 16
1616463900 631 16 631 16
1616463600 631 16 631 16
1616463300 617 15 631 16
1616463000 598 15 598 15
1616462700 598 15 598 15
1616462400 589 15 598 15
1616462100 576 15 576 15
1616461800 576 15 576 15
1616461500 560 15 576 15
1616461200 538 15 538 15
1616460900 538 15 538 15
1616460600 540 15 545 16
1616460300 545 16 545 16
1616460000 545 16 545 16
1616459700 541 15 545 16
1616459400 537 15 537 15
1616459100 537 15 537 15
1616458800 544 15 556 15
1616458500 556 15 556 15
1616458200 556 15 556 15
1616457900 564 15 577 15
1616457600 577 15 577 15
1616457300 577 15 577 15
1616457000 557 15 577 16
1616456700 528 16 528 16
1616456400 528 16 528 16
1616456100 530 15 535 16
1616455800 535 15 535 15
1616455500 535 15 535 15
1616455200 540 15 548 15
1616454900 548 15 548 15
1616454600 548 15 548 15
1616454300 548 15 549 15
1616454000 549 15 549 15
1616453700 549 15 549 15
1616453400 549 15 551 16
1616453100 551 16 551 16
1616452800 551 16 551 16
1616452500 566 15 590 16
1616452200 590 15 590 15
1616451900 590 15 590 15
1616451600 585 15 590 15
1616451300 580 15 580 15
1616451000 580 15 580 15
1616450700 614 15 664 15
1616450400 664 15 664 15
1616450100 664 15 664 15
1616449800 659 15 664 16
1616449500 653 16 653 16
1616449200 653 16 653 16
1616448900 648 15 653 16
1616448600 643 15 643 15
1616448300 643 15 643 15
1616448000 602 15 643 15
1616447700 543 15 543 15
1616447400 543 15 543 15
1616447100 582 15 639 15
1616446800 639 15 639 15
1616446500 639 15 639 15
1616446200 601 15 639 16
1616445900 546 16 546 16
1616445600 546 16 546 16
1616445300 564 15 592 16
1616445000 592 15 592 15
1616444700 592 15 592 15
1616444400 598 15 609 15
1616444100 609 15 609 15
1616443800 609 15 609 15
1616443500 604 15 609 15
1616443200 597 15 597 15
1616442900 597 15 597 15
1616442600 579 15 597 16
1616442300 555 16 555 16
1616442000 555 16 555 16
1616441700 575 15 606 16
1616441400 606 15 606 15
1616441100 606 15 606 15
1616440800 614 15 627 15
1616440500 627 15 627 15
1616440200 627 15 627 15
1616439900 610 15 627 15
1616439600 586 15 586 15
1616439300 586 15 586 15
1616439000 569 15 586 16
1616438700 545 16 545 16
1616438400 545 16 545 16
1616438100 574 15 617 16
1616437800 617 15 617 15
1616437500 617 15 617 15
1616437200 598 15 617 15
1616436900 572 15 572 15
1616436600 572 15 572 15
1616436300 579 15 590 15
1616436000 590 15 590 15
1616435700 590 15 590 15
1616435400 577 15 590 16
1616435100 559 16 559 16
1616434800 559 16 559 16
1616434500 567 15 579 16
1616434200 579 15 579 15
1616433900 579 15 579 15
1616433600 600 15 633 15
1616433300 633 15 633 15
1616433000 633 15 633 15
1616432700 598 15 633 15
1616432400 547 15 547 15
1616432100 547 15 547 15
1616431800 560 15 580 16
1616431500 580 16 580 16
1616431200 580 16 580 16
1616430900 572 15 580 16
1616430600 562 15 562 15
1616430300 562 15 562 15
1616430000 571 15 586 15
1616429700 586 15 586 15
1616429400 586 15 586 15
1616429100 585 15 586 15
1616428800 585 15 585 15
1616428500 585 15 585 15
1616428200 579 15 585 15
1616427900 572 15 572 15
1616427600 572 15 572 15
1616427300 584 15 604 15
1616427000 604 15 604 15
1616426700 604 15 604 15
1616426400 616 15 635 15
1616426100 635 15 635 15
1616425800 635 15 635 15
1616425500 606 15 635 15
1616425200 564 15 564 15
1616424900 564 15 564 15
1616424600 572 15 585 15
1616424300 585 15 585 15
1616424000 585 15 585 15
1616423700 586 15 588 15
1616423400 588 15 588 15
1616423100 588 15 588 15
1616422800 616 15 659 15
1616422500 659 15 659 15
1616422200 659 15 659 15
1616421900 637 15 659 15
1616421600 606 15 606 15
1616421300 606 15 606 15
1616421000 608 15 613 16
1616420700 613 16 613 16
1616420400 613 16 613 16
1616420100 606 15 613 16
1616419800 597 15 597 15
1616419500 597 15 597 15
1616419200 590 15 597 15
1616418900 582 15 582 15
1616418600 582 15 582 15
1616418300 599 15 625 15
1616418000 625 15 625 15
1616417700 625 15 625 15
1616417400 618 15 625 16
1616417100 609 16 609 16
1616416800 609 16 609 16
1616416500 610 15 613 16
1616416200 613 15 613 15
1616415900 613 15 613 15
1616415600 625 15 645 15
1616415300 645 15 645 15
1616415000 645 15 645 15
1616414700 646 15 648 15
1616414400 648 15 648 15
1616414100 648 15 648 15
1616413800 631 15 648 16
1616413500 608 16 608 16
1616413200 608 16 608 16
1616412900 622 15 644 16
1616412600 644 15 644 15
1616412300 644 15 644 15
1616412000 646 15 650 15
1616411700 650 15 650 15
1616411400 650 15 650 15
1616411100 649 15 650 15
1616410800 649 15 649 15
1616410500 649 15 649 15
1616410200 646 15 649 16
1616409900 644 16 644 16
1616409600 644 16 644 16
1616409300 638 15 644 16
1616409000 630 15 630 15
1616408700 630 15 630 15
1616408400 637 15 649 15
1616408100 649 15 649 15
1616407800 649 15 649 15
1616407500 640 15 649 15
1616407200 629 15 629 15
1616406900 629 15 629 15
1616406600 631 15 635 16
1616406300 635 16 635 16
1616406000 635 16 635 16
1616405700 640 15 649 16
1616405400 649 15 649 15
1616405100 649 15 649 15
1616404800 681 15 729 15
1616404500 729 15 729 15
1616404200 729 15 729 15
1616403900 734 15 743 15
1616403600 743 15 743 15
1616403300 743 15 743 15
1616403000 742 15 743 17
1616402700 741 17 741 17
1616402400 741 17 741 17
1616402100 741 16 741 17
1616401800 741 15 741 15
1616401500 741 15 741 15
1616401200 746 15 754 15
1616400900 754 15 754 15
1616400600 754 15 754 15
1616400300 753 15 754 15
1616400000 752 15 752 15
1616399700 752 15 752 15
1616399400 747 15 752 16
1616399100 740 16 740 16
1616398800 740 16 740 16
1616398500 742 15 747 16
1616398200 747 15 747 15
1616397900 747 15 747 15
1616397600 750 15 756 15
1616397300 756 15 756 15
1616397000 756 15 756 15
1616396700 759 15 764 15
1616396400 764 15 764 15
1616396100 764 15 764 15
1616395800 758 15 764 16
1616395500 750 16 750 16
1616395200 750 16 750 16
1616394900 750 15 750 16
1616394600 750 15 750 15
1616394300 750 15 750 15
1616394000 746 15 750 15
1616393700 741 15 741 15
1616393400 741 15 741 15
1616393100 743 15 747 15
1616392800 747 15 747 15
1616392500 747 15 747 15
1616392200 747 15 747 16
1616391900 747 16 747 16
1616391600 747 16 747 16
1616391300 751 15 758 16
1616391000 758 15 758 15
1616390700 758 15 758 15
1616390400 755 15 758 15
1616390100 753 15 753 15
1616389800 753 15 753 15
1616389500 748 15 753 15
1616389200 741 15 741 15
1616388900 741 15 741 15
1616388600 743 15 748 16
1616388300 748 16 748 16
1616388000 748 16 748 16
1616387700 713 15 748 16
1616387400 662 15 662 15
1616387100 662 15 662 15
1616386800 675 15 695 15
1616386500 695 15 695 15
1616386200 695 15 695 15
1616385900 684 15 695 15
1616385600 670 15 670 15
1616385300 670 15 670 15
1616385000 627 15 670 16
1616384700 565 16 565 16
1616384400 565 16 565 16
1616384100 566 15 568 16
1616383800 568 15 568 15
1616383500 568 15 568 15
1616383200 576 15 590 15
1616382900 590 15 590 15
1616382600 590 15 590 15
1616382300 593 15 598 15
1616382000 598 15 598 15
1616381700 598 15 598 15
1616381400 605 15 617 16
1616381100 617 16 617 16
1616380800 617 16 617 16
1616380500 614 15 617 16
1616380200 610 15 610 15
1616379900 610 15 610 15
1616379600 627 15 654 15
1616379300 654 15 654 15
1616379000 654 15 654 15
1616378700 641 15 654 15
1616378400 624 15 624 15
1616378100 624 15 624 15
1616377800 629 15 637 16
1616377500 637 16 637 16
1616377200 637 16 637 16
1616376900 628 15 637 16
1616376600 615 15 615 15
1616376300 615 15 615 15
1616376000 618 15 624 15
1616375700 624 15 624 15
1616375400 624 15 624 15
1616375100 613 15 624 15
1616374800 599 15 599 15
1616374500 599 15 599 15
1616374200 607 15 620 16
1616373900 620 16 620 16
1616373600 620 16 620 16
1616373300 606 15 620 16
1616373000 588 15 588 15
1616372700 588 15 588 15
1616372400 593 15 602 15
1616372100 602 15 602 15
1616371800 602 15 602 15
1616371500 584 15 602 15
1616371200 560 15 560 15
1616370900 560 15 560 15
1616370600 563 15 569 16
1616370300 569 16 569 16
1616370000 569 16 569 16
1616369700 550 15 569 16
1616369400 523 15 523 15
1616369100 523 15 523 15
1616368800 528 15 537 15
1616368500 537 15 537 15
1616368200 537 15 537 15
1616367900 536 15 537 15
1616367600 535 15 535 15
1616367300 535 15 535 15
1616367000 540 15 549 16
1616366700 549 16 549 16
1616366400 549 16 549 16
1616366100 551 15 554 16
1616365800 554 15 554 15
1616365500 554 15 554 15
1616365200 532 15 554 15
1616364900 500 15 500 15
1616364600 500 15 500 15
1616364300 513 15 533 15
1616364000 533 15 533 15
1616363700 533 15 533 15
1616363400 528 15 533 16
1616363100 522 16 522 16
1616362800 522 16 522 16
1616362500 554 15 603 16
1616362200 603 15 603 15
1616361900 603 15 603 15
1616361600 612 15 626 15
1616361300 626 15 626 15
1616361000 626 15 626 15
1616360700 589 15 626 15
1616360400 537 15 537 15
1616360100 537 15 537 15
1616359800 544 15 556 16
1616359500 556 16 556 16
1616359200 556 16 556 16
1616358900 566 15 583 16
1616358600 583 15 583 15
1616358300 583 15 583 15
1616358000 580 15 583 15
1616357700 576 15 576 15
1616357400 576 15 576 15
1616357100 563 15 576 15
1616356800 544 15 544 15
1616356500 544 15 544 15
1616356200 542 15 544 16
1616355900 541 16 541 16
1616355600 541 16 541 16
1616355300 556 15 578 16
1616355000 578 15 578 15
1616354700 578 15 578 15
1616354400 563 15 578 15
1616354100 543 15 543 15
1616353800 543 15 543 15
1616353500 544 15 546 15
1616353200 546 15 546 15
1616352900 546 15 546 15
1616352600 538 15 546 16
1616352300 528 16 528 16
1616352000 528 16 528 16
1616351700 535 15 547 16
1616351400 547 15 547 15
1616351100 547 15 547 15
1616350800 544 15 547 15
1616350500 541 15 541 15
1616350200 541 15 541 15
1616349900 541 15 541 15
1616349600 541 15 541 15
1616349300 541 15 541 15
1616349000 543 15 547 16
1616348700 547 16 547 16
1616348400 547 16 547 16
1616348100 539 15 547 16
1616347800 529 15 529 15
1616347500 529 15 529 15
1616347200 548 15 577 15
1616346900 577 15 577 15
1616346600 577 15 577 15
1616346300 572 15 577 15
1616346000 565 15 565 15
1616345700 565 15 565 15
1616345400 605 15 664 16
1616345100 664 16 664 16
1616344800 664 16 664 16
1616344500 653 15 664 16
1616344200 639 15 639 15
1616343900 639 15 639 15
1616343600 626 15 639 15
1616343300 608 15 608 15
1616343000 608 15 608 15
1616342700 614 15 625 15
1616342400 625 15 625 15
1616342100 625 15 625 15
1616341800 616 15 625 16
1616341500 604 16 604 16
1616341200 604 16 604 16
1616340900 600 15 604 16
1616340600 595 15 595 15
1616340300 595 15 595 15
1616340000 606 15 624 15
1616339700 624 15 624 15
1616339400 624 15 624 15
1616339100 602 15 624 15
1616338800 570 15 570 15
1616338500 570 15 570 15
1616338200 571 15 574 16
1616337900 574 16 574 16
1616337600 574 16 574 16
1616337300 580 15 590 16
1616337000 590 15 590 15
1616336700 590 15 590 15
1616336400 584 15 590 15
1616336100 577 15 577 15
1616335800 577 15 577 15
1616335500 586 15 600 15
1616335200 600 15 600 15
1616334900 600 15 600 15
1616334600 583 15 600 15
1616334300 559 15 559 15
1616334000 559 15 559 15
1616333700 564 15 573 15
1616333400 573 15 573 15
1616333100 573 15 573 15
1616332800 570 15 573 15
1616332500 566 15 566 15
1616332200 566 15 566 15
1616331900 559 15 566 15
1616331600 550 15 550 15
1616331300 550 15 550 15
1616331000 554 15 561 16
1616330700 561 16 561 16
1616330400 561 16 561 16
1616330100 567 15 577 16
1616329800 577 15 577 15
1616329500 577 15 577 15
1616329200 577 15 577 15
1616328900 577 15 577 15
1616328600 577 15 577 15
1616328300 574 15 577 15
1616328000 571 15 571 15
1616327700 571 15 571 15
1616327400 564 15 571 16
1616327100 556 16 556 16
1616326800 556 16 556 16
1616326500 555 15 556 16
1616326200 555 15 555 15
1616325900 555 15 555 15
1616325600 564 15 578 15
1616325300 578 15 578 15
1616325000 578 15 578 15
1616324700 578 15 580 15
1616324400 580 15 580 15
1616324100 580 15 580 15
1616323800 577 15 580 16
1616323500 575 16 575 16
1616323200 575 16 575 16
1616322900 571 15 575 16
1616322600 567 15 567 15
1616322300 567 15 567 15
1616322000 566 15 567 15
1616321700 565 15 565 15
1616321400 565 15 565 15
1616321100 574 15 588 15
1616320800 588 15 588 15
1616320500 588 15 588 15
1616320200 578 15 588 16
1616319900 565 16 565 16
1616319600 565 16 565 16
1616319300 576 15 594 16
1616319000 594 15 594 15
1616318700 594 15 594 15
1616318400 584 15 594 15
1616318100 571 15 571 15
1616317800 571 15 571 15
1616317500 577 15 587 15
1616317200 587 15 587 15
1616316900 587 15 587 15
1616316600 580 15 587 16
1616316300 572 16 572 16
1616316000 572 16 572 16
1616315700 568 15 572 16
1616315400 563 15 563 15
1616315100 563 15 563 15
1616314800 565 15 569 15
1616314500 569 15 569 15
1616314200 569 15 569 15
1616313900 566 15 569 15
1616313600 562 15 562 15
1616313300 562 15 562 15
1616313000 562 15 563 16
1616312700 563 16 563 16
1616312400 563 16 563 16
1616312100 564 15 566 16
1616311800 566 15 566 15
1616311500 566 15 566 15
1616311200 566 15 566 15
1616310900 566 15 566 15
1616310600 566 15 566 15
1616310300 569 15 575 15
1616310000 575 15 575 15
1616309700 575 15 575 15
1616309400 566 15 575 16
1616309100 554 16 554 16
1616308800 554 16 554 16
1616308500 556 15 561 16
1616308200 561 15 561 15
1616307900 561 15 561 15
1616307600 563 15 566 15
1616307300 566 15 566 15
1616307000 566 15 566 15
1616306700 568 15 571 15
1616306400 571 15 571 15
1616306100 571 15 571 15
1616305800 569 15 571 16
1616305500 567 16 567 16
1616305200 567 16 567 16
1616304900 572 15 580 16
1616304600 580 15 580 15
1616304300 580 15 580 15
1616304000 571 15 580 15
1616303700 558 15 558 15
1616303400 558 15 558 15
1616303100 561 15 567 15
1616302800 567 15 567 15
1616302500 567 15 567 15
1616302200 567 15 567 16
1616301900 567 16 567 16
1616301600 567 16 567 16
1616301300 564 15 567 16
1616301000 561 15 561 15
1616300700 561 15 561 15
1616300400 547 15 561 15
1616300100 527 15 527 15
1616299800 527 15 527 15
1616299500 507 15 527 15
1616299200 480 15 480 15
1616298900 480 15 480 15
1616298600 466 15 480 16
1616298300 448 16 448 16
1616298000 448 16 448 16
1616297700 447 15 448 16
1616297400 446 15 446 15
1616297100 446 15 446 15
1616296800 447 15 450 15
1616296500 450 15 450 15
1616296200 450 15 450 15
1616295900 448 15 450 15
1616295600 447 15 447 15
1616295300 447 15 447 15
1616295000 453 15 462 16
1616294700 462 16 462 16
1616294400 462 16 462 16
1616294100 464 15 469 16
1616293800 469 15 469 15
1616293500 469 15 469 15
1616293200 469 15 471 15
1616292900 471 15 471 15
1616292600 471 15 471 15
1616292300 470 15 471 15
1616292000 469 15 469 15
1616291700 469 15 469 15
1616291400 488 15 517 16
1616291100 517 16 517 16
1616290800 517 16 517 16
1616290500 511 15 517 16
1616290200 503 15 503 15
1616289900 503 15 503 15
1616289600 529 15 569 15
1616289300 569 15 569 15
1616289000 569 15 569 15
1616288700 551 15 569 15
1616288400 525 15 525 15
1616288100 525 15 525 15
1616287800 516 15 525 16
1616287500 503 16 503 16
1616287200 503 16 503 16
1616286900 505 15 508 16
1616286600 508 15 508 15
1616286300 508 15 508 15
1616286000 505 15 508 15
1616285700 501 15 501 15
1616285400 501 15 501 15
1616285100 498 15 501 15
1616284800 494 15 494 15
1616284500 494 15 494 15
1616284200 487 15 494 16
1616283000 483 15 499 15
1616281200 480 15 499 16
1616279400 513 15 601 15
1616277600 577 15 601 16
1616275800 579 15 595 15
1616274000 585 15 595 16
1616272200 572 15 589 15
1616270400 557 15 560 16
1616268600 552 15 555 15
1616266800 555 15 562 16
1616265000 541 15 554 15
1616263200 574 15 641 16
1616261400 657 15 673 15
1616259600 637 15 642 16
1616257800 620 15 635 15
1616256000 636 15 663 16
1616254200 611 15 663 15
1616252400 567 15 571 16
1616250600 562 15 571 15
1616248800 568 15 571 16
1616247000 561 15 564 15
1616245200 560 15 574 16
1616243400 570 15 574 15
1616241600 582 15 592 15
1616239800 586 15 588 15
1616238000 579 15 586 16
1616236200 572 15 580 15
1616234400 579 15 586 16
1616232600 576 15 588 15
1616230800 588 15 589 16
1616229000 579 15 585 15
1616227200 576 15 597 16
1616225400 579 15 597 15
1616223600 573 15 586 16
1616221800 583 15 586 15
1616220000 576 15 588 16
1616218200 576 15 588 15
1616216400 514 15 575 16
1616214600 491 15 573 15
1616212800 579 15 593 16
1616211000 581 15 593 15
1616209200 577 15 585 16
1616207400 595 15 608 15
1616205600 604 15 614 16
1616203800 614 15 629 15
1616202000 608 15 629 16
1616200200 572 15 578 15
1616198400 561 15 571 16
1616196600 571 15 598 15
1616194800 596 15 598 15
1616193000 531 15 569 15
1616191200 487 15 496 16
1616189400 478 15 501 15
1616187600 519 15 538 16
1616185800 527 15 544 15
1616184000 529 15 603 16
1616182200 549 15 603 15
1616180400 489 15 505 16
1616178600 512 15 524 15
1616176800 511 15 524 16
1616175000 532 15 564 15
1616173200 527 15 537 16
1616171400 520 15 569 15
1616169600 545 15 569 16
1616167800 517 15 523 15
1616166000 524 15 547 16
1616164200 525 15 547 15
1616162400 523 15 566 16
1616160600 531 15 566 15
1616158800 489 15 511 16
1616157000 489 15 610 15
1616155200 632 15 658 16
1616153400 582 15 613 15
1616151600 597 15 613 16
1616149800 587 15 605 15
1616148000 593 15 605 16
1616146200 584 15 604 15
1616144400 578 15 604 16
1616142600 589 15 605 15
1616140800 591 15 605 16
1616139000 592 15 614 15
1616137200 586 15 614 16
1616135400 582 15 600 15
1616133600 584 15 616 16
1616131800 585 15 616 15
1616130000 574 15 582 16
1616128200 579 15 591 15
1616126400 581 15 591 16
1616124600 576 15 590 15
1616122800 588 15 600 16
1616121000 571 15 617 15
1616119200 589 15 617 16
1616117400 585 15 623 15
1616115600 596 15 623 16
1616113800 584 15 611 15
1616112000 581 15 611 16
1616110200 581 15 618 15
1616108400 615 15 641 16
1616106600 605 15 641 15
1616104800 574 15 583 16
1616103000 581 15 583 15
1616101200 602 15 620 16
1616099400 597 15 648 15
1616097600 622 15 650 16
1616095800 618 15 650 15
1616094000 559 15 596 15
1616092200 590 15 596 15
1616090400 564 15 574 16
1616088600 474 15 490 15
1616086800 478 15 481 16
1616085000 504 15 538 15
1616083200 455 15 467 16
1616081400 463 15 467 15
1616079600 462 15 464 16
1616077800 477 15 496 15
1616076000 470 15 472 16
1616074200 459 15 469 15
1616072400 510 15 555 16
1616070600 559 15 576 15
1616068800 551 15 572 16
1616067000 558 15 572 15
1616065200 554 15 560 16
1616063400 563 15 567 15
1616061600 553 15 570 16
1616059800 566 15 570 15
1616058000 551 15 564 16
1616056200 572 15 582 15
1616054400 566 15 569 16
1616052600 561 15 562 16
1616050800 556 15 562 16
1616049000 586 15 649 15
1616047200 650 15 656 15
1616045400 658 15 662 15
1616043600 595 15 643 16
1616041800 562 15 566 15
1616040000 565 15 570 16
1616038200 538 15 568 15
1616036400 478 15 488 16
1616034600 498 15 514 15
1616032800 489 15 495 16
1616031000 445 15 451 15
1616029200 445 15 447 16
1616027400 437 15 440 15
1616025600 449 15 464 16
1616023800 418 15 424 15
1616022000 442 15 458 16
1616020200 458 15 471 15
1616018400 508 15 555 16
1616016600 503 15 555 15
1616014800 485 15 507 16
1616013000 510 15 541 15
1616011200 497 15 503 16
1616009400 484 15 489 15
1616007600 462 15 482 16
1616005800 464 15 482 15
1616004000 459 15 485 16
1616002200 465 15 485 15
1616000400 447 15 486 16
1615998600 508 15 528 15
1615996800 500 15 557 16
1615995000 508 15 557 15
1615993200 516 15 534 16
1615991400 485 15 499 15
1615989600 467 15 502 16
1615987800 489 15 502 15
1615986000 467 15 477 16
1615984200 497 15 552 15
1615982400 572 15 594 16
1615980600 568 15 583 15
1615978800 557 15 576 16
1615977000 569 15 576 15
1615975200 565 15 575 16
1615973400 578 15 598 15
1615971600 573 15 586 16
1615969800 562 15 591 15
1615968000 578 15 591 16
1615966200 569 15 583 15
1615964400 572 15 578 16
1615962600 559 15 575 15
1615960800 576 15 597 16
1615959000 589 15 597 15
1615957200 558 15 564 16
1615955400 583 15 605 15
1615953600 562 15 571 16
1615951800 527 15 534 15
1615950000 478 15 511 16
1615948200 493 15 511 15
1615946400 497 15 535 16
1615944600 561 15 593 15
1615942800 475 15 505 16
1615941000 454 15 459 15
1615939200 453 15 457 16
1615937400 434 15 452 15
1615935600 452 15 474 16
1615933800 456 15 474 15
1615932000 442 15 454 16
1615930200 460 15 466 15
1615928400 460 15 465 16
1615926600 471 15 523 15
1615924800 526 15 536 16
1615923000 475 15 479 15
1615921200 480 15 492 16
1615919400 480 15 492 15
1615917600 451 15 477 16
1615915800 474 15 477 15
1615914000 453 15 461 16
1615912200 455 15 459 15
1615910400 461 15 467 16
1615908600 469 15 500 15
1615906800 488 15 500 16
1615905000 441 15 535 15
1615903200 554 15 580 16
1615901400 564 15 580 15
1615899600 480 15 550 16
1615897800 558 15 565 15
1615896000 568 15 574 16
1615894200 564 15 572 15
1615892400 567 15 570 16
1615890600 573 15 585 16
1615888800 564 15 587 16
1615887000 570 15 587 15
1615885200 560 15 578 16
1615883400 582 15 587 15
1615881600 573 15 581 16
1615879800 571 15 581 15
1615878000 563 15 569 16
1615876200 579 15 599 15
1615874400 578 15 584 16
1615872600 567 15 579 15
1615870800 570 15 577 16
1615869000 582 15 590 15
1615867200 583 15 588 16
1615865400 568 15 575 15
1615863600 504 15 520 16
1615861800 490 15 493 15
1615860000 497 15 505 16
1615858200 475 15 477 15
1615856400 469 15 490 16
1615854600 478 15 495 15
1615852800 488 15 495 16
1615851000 485 15 510 15
1615849200 521 15 598 16
1615847400 569 15 598 15
1615845600 508 15 511 16
1615843800 499 15 502 15
1615842000 502 15 526 16
1615840200 532 15 543 15
1615838400 513 15 553 16
1615836600 523 15 553 15
1615834800 471 15 481 16
1615833000 481 15 522 15
1615831200 536 15 554 16
1615829400 487 15 507 15
1615827600 473 15 492 16
1615825800 488 15 492 15
1615824000 461 15 491 16
1615822200 478 15 507 15
1615820400 477 15 493 16
1615818600 493 15 498 15
1615816800 464 15 472 16
1615815000 466 15 480 15
1615813200 526 15 617 16
1615811400 584 15 617 15
1615809600 569 15 571 16
1615807800 565 15 572 15
1615806000 569 15 577 16
1615804200 565 15 573 16
1615802400 567 15 573 16
1615800600 559 15 562 15
1615798800 554 15 563 16
1615797000 571 15 581 15
1615795200 563 15 578 16
1615793400 577 15 583 15
1615791600 577 15 583 16
1615789800 568 15 571 15
1615788000 579 15 641 16
1615786200 669 15 708 15
1615784400 574 15 577 16
1615782600 516 15 542 15
1615780800 531 15 541 16
1615779000 479 15 495 15
1615777200 481 15 495 16
1615775400 479 15 513 15
1615773600 489 15 513 16
1615771800 475 15 513 15
1615770000 495 15 513 16
1615768200 474 15 486 15
1615766400 536 15 608 16
1615764600 586 15 608 15
1615762800 574 15 614 16
1615761000 594 15 614 16
1615759200 570 15 606 16
1615757400 608 15 613 15
1615755600 602 15 621 16
1615753800 511 15 562 15
1615752000 499 15 574 16
1615750200 580 15 587 15
1615748400 567 15 581 16
1615746600 581 15 596 15
1615744800 481 15 503 16
1615743000 484 15 503 15
1615741200 469 15 484 16
1615739400 480 15 490 15
1615737600 471 15 490 16
1615735800 520 15 576 15
1615734000 574 15 577 16
1615732200 557 15 564 15
1615730400 550 15 563 16
1615728600 566 15 571 15
1615726800 561 15 568 16
1615725000 569 15 577 15
1615723200 578 15 582 16
1615721400 550 15 561 15
1615719600 561 15 568 16
1615717800 557 15 558 16
1615716000 560 15 565 16
1615714200 559 15 571 17
1615712400 567 15 581 17
1615710600 573 15 581 15
1615708800 566 15 575 16
1615707000 559 15 570 15
1615705200 571 15 574 16
1615703400 561 15 567 15
1615701600 509 15 533 16
1615699800 479 15 502 15
1615698000 457 15 465 16
1615696200 453 15 489 15
1615694400 509 15 530 16
1615692600 485 15 499 15
1615690800 456 15 475 16
1615689000 464 15 475 15
1615687200 449 15 465 16
1615685400 485 15 504 15
1615683600 485 15 498 16
1615681800 498 15 505 15
1615680000 476 15 487 16
1615678200 470 15 473 15
1615676400 475 15 560 16
1615674600 546 15 560 15
1615672800 553 15 574 16
1615671000 552 15 601 15
1615669200 588 15 601 16
1615667400 593 15 601 15
1615665600 594 15 601 16
1615663800 586 15 596 15
1615662000 570 15 582 16
1615660200 584 15 609 15
1615658400 600 15 620 16
1615656600 563 15 576 15
1615654800 563 15 615 16
1615653000 587 15 615 15
1615651200 512 15 566 16
1615649400 566 15 571 15
1615647600 547 15 563 16
1615645800 557 15 565 15
1615644000 573 15 584 16
1615642200 555 15 564 15
1615640400 555 15 570 16
1615638600 560 15 570 15
1615636800 563 15 570 16
1615635000 558 15 582 16
1615633200 572 15 582 16
1615631400 584 15 603 15
1615629600 562 15 568 16
1615627800 551 15 563 15
1615626000 539 15 545 16
1615624200 551 15 557 15
1615622400 552 15 555 16
1615620600 541 15 559 15
1615618800 549 15 559 16
1615617000 559 15 567 15
1615615200 554 15 584 16
1615613400 568 15 584 15
1615611600 564 15 566 16
1615609800 562 15 570 15
1615608000 507 15 572 16
1615606200 597 15 624 15
1615604400 567 15 582 16
1615602600 573 15 582 15
1615600800 557 15 573 16
1615599000 567 15 573 15
1615597200 598 15 625 16
1615595400 612 15 637 15
1615593600 543 15 601 16
1615591800 445 15 457 15
1615590000 437 15 439 16
1615588200 442 15 450 15
1615586400 452 15 459 16
1615584600 437 15 441 15
1615582800 454 15 489 16
1615581000 480 15 489 15
1615579200 447 15 452 16
1615577400 444 15 453 15
1615575600 439 15 453 16
1615573800 456 15 465 15
1615572000 440 15 447 16
1615570200 426 15 440 15
1615568400 442 15 450 16
1615566600 447 15 450 15
1615564800 447 15 459 16
1615563000 444 15 449 15
1615561200 469 15 490 16
1615559400 504 15 548 15
1615557600 550 15 558 16
1615555800 559 15 564 15
1615554000 561 15 567 16
1615552200 571 15 575 15
1615550400 566 15 572 16
1615548600 567 15 573 16
1615546800 564 15 566 16
1615545000 565 15 573 15
1615543200 581 15 592 16
1615541400 565 15 570 15
1615539600 560 15 570 16
1615537800 563 15 573 15
1615536000 566 15 573 16
1615534200 570 15 573 15
1615532400 562 15 563 16
1615530600 613 15 673 15
1615528800 669 15 673 16
1615527000 663 15 669 15
1615525200 594 15 660 16
1615523400 501 15 553 15
1615521600 581 15 607 16
1615519800 581 15 589 15
1615518000 569 15 593 16
1615516200 587 15 593 15
1615514400 564 15 583 16
1615512600 571 15 583 15
1615510800 558 15 564 16
1615509000 556 15 570 15
1615507200 536 15 570 16
1615505400 481 15 490 15
1615503600 469 15 490 16
1615501800 431 15 438 15
1615500000 433 15 463 16
1615498200 462 15 474 15
1615496400 476 15 482 16
1615494600 495 15 540 15
1615492800 485 15 494 16
1615491000 449 15 479 15
1615489200 434 15 438 16
1615487400 443 15 462 15
1615485600 471 15 514 16
1615483800 504 15 514 15
1615482000 458 15 482 16
1615480200 452 15 469 15
1615478400 535 15 599 15
1615476600 503 15 555 15
1615474800 469 15 487 16
1615473000 478 15 497 15
1615471200 490 15 570 16
1615469400 562 15 570 15
1615467600 564 15 573 16
1615465800 550 15 564 15
1615464000 561 15 564 16
1615462200 553 15 580 16
1615460400 571 15 580 16
1615458600 565 15 569 15
1615456800 564 15 583 16
1615455000 611 15 653 15
1615453200 641 15 653 16
1615451400 670 15 695 15
1615449600 647 15 695 16
1615447800 659 15 667 15
1615446000 653 15 663 16
1615444200 636 15 667 15
1615442400 637 15 667 16
1615440600 581 15 586 15
1615438800 552 15 555 16
1615437000 540 15 577 15
1615435200 563 15 577 16
1615433400 555 15 574 15
1615431600 523 15 605 16
1615429800 560 15 605 15
1615428000 573 15 623 16
1615426200 628 15 637 15
1615424400 581 15 601 16
1615422600 568 15 596 15
1615420800 547 15 563 16
1615419000 532 15 559 15
1615417200 561 15 600 16
1615415400 582 15 626 15
1615413600 594 15 626 16
1615411800 574 15 591 15
1615410000 586 15 621 16
1615408200 603 15 628 15
1615406400 622 15 665 16
1615404600 639 15 665 15
1615402800 588 15 614 16
1615401000 652 15 700 15
1615399200 705 15 711 16
1615397400 687 15 711 15
1615395600 588 15 624 16
1615393800 563 15 574 15
1615392000 527 15 563 16
1615390200 470 15 472 15
1615388400 468 15 472 16
1615386600 472 15 472 15
1615384800 472 15 499 16
1615383000 491 15 499 15
1615381200 508 15 529 16
1615379400 534 15 548 15
1615377600 517 15 550 16
1615375800 545 15 565 16
1615374000 550 15 565 16
1615372200 556 15 561 15
1615370400 549 15 562 16
1615368600 563 15 568 15
1615366800 560 15 575 16
1615365000 569 15 575 15
1615363200 565 15 580 16
1615361400 575 15 581 15
1615359600 567 15 581 16
1615357800 626 15 1733 15
1615356000 1073 15 1733 16
1615354200 559 15 571 15
1615352400 566 15 571 16
1615350600 556 15 570 15
1615348800 492 15 508 16
1615347000 465 15 491 15
1615345200 477 15 491 16
1615343400 468 15 471 15
1615341600 475 15 490 16
1615339800 475 15 516 15
1615338000 495 15 544 16
1615336200 495 15 544 15
1615334400 479 15 493 16
1615332600 474 15 486 15
1615330800 453 15 475 16
1615329000 449 15 540 15
1615327200 500 15 540 16
1615325400 476 15 496 15
1615323600 502 15 531 16
1615321800 498 15 525 15
1615320000 494 15 513 16
1615318200 440 15 451 15
1615316400 445 15 451 16
1615314600 433 15 445 15
1615312800 432 15 442 16
1615311000 440 15 442 15
1615309200 497 15 581 16
1615307400 529 15 581 15
1615305600 483 15 501 16
1615303800 478 15 501 15
1615302000 445 15 450 16
1615300200 458 15 473 15
1615298400 473 15 483 16
1615296600 509 15 587 15
1615294800 577 15 587 16
1615293000 574 15 583 15
1615291200 569 15 575 16
1615289400 561 15 570 16
1615287600 566 15 570 16
1615285800 555 15 561 15
1615284000 566 15 571 16
1615282200 566 15 568 15
1615280400 551 15 559 16
1615278600 564 15 574 15
1615276800 570 15 573 16
1615275000 572 15 576 15
1615273200 570 15 576 16
1615271400 551 15 561 15
1615269600 567 15 576 16
1615267800 580 15 585 15
1615266000 593 15 601 16
1615264200 551 15 593 15
1615262400 526 15 581 16
1615260600 551 15 581 15
1615258800 525 15 567 16
1615257000 556 15 567 15
1615255200 529 15 534 16
1615253400 514 15 523 15
1615251600 527 15 536 16
1615249800 510 15 536 15
1615248000 493 15 506 16
1615246200 502 15 510 15
1615244400 478 15 514 16
1615242600 540 15 568 15
1615240800 523 15 533 16
1615239000 501 15 515 15
1615237200 519 15 526 16
1615235400 507 15 512 15
1615233600 538 15 578 16
1615231800 531 15 543 15
1615230000 529 15 532 16
1615228200 500 15 504 15
1615226400 501 15 503 16
1615224600 495 15 503 15
1615222800 495 15 560 16
1615221000 543 15 560 15
1615219200 531 15 550 16
1615217400 547 15 550 15
1615215600 506 15 513 16
1615213800 498 15 537 15
1615212000 515 15 537 16
1615210200 517 15 566 15
1615208400 564 15 566 16
1615206600 566 15 584 15
1615204800 580 15 584 16
1615203000 567 15 581 16
1615197600 568 15 582 16
1615190400 579 15 619 16
1615183200 562 15 619 16
1615176000 536 15 558 16
1615168800 530 15 561 16
1615161600 540 15 816 16
1615154400 488 15 563 16
1615147200 602 15 704 16
1615140000 498 15 595 16
1615132800 548 15 577 16
1615125600 567 15 578 16
1615118400 569 15 586 16
1615111200 564 15 581 17
1615104000 561 15 621 16
1615096800 652 15 669 16
1615089600 617 15 746 16
1615082400 565 15 622 16
1615075200 521 15 600 16
1615068000 470 15 522 16
1615060800 451 15 471 16
1615053600 576 15 683 16
1615046400 561 15 572 16
1615039200 563 15 578 16
1615032000 561 15 596 16
1615024800 568 15 589 16
1615017600 566 15 580 16
1615010400 525 15 598 16
1615003200 552 15 608 16
1614996000 558 15 582 16
1614988800 490 15 578 16
1614981600 500 15 544 16
1614974400 450 15 484 16
1614967200 441 15 464 16
1614960000 473 15 561 16
1614952800 569 15 584 16
1614945600 585 15 612 16
1614938400 599 15 614 16
1614931200 598 15 605 16
1614924000 618 15 736 16
1614916800 682 15 739 16
1614909600 644 15 679 16
1614902400 619 15 672 16
1614895200 534 15 624 16
1614888000 532 15 564 16
1614880800 519 15 543 16
1614873600 521 15 552 16
1614866400 589 15 605 16
1614859200 599 15 610 16
1614852000 603 15 614 16
1614844800 572 15 606 16
1614837600 568 15 584 16
1614830400 511 15 594 16
1614823200 489 15 553 16
1614816000 459 15 636 16
1614808800 572 15 630 16
1614801600 530 15 616 16
1614794400 485 15 539 16
1614787200 502 15 531 16
1614780000 459 15 542 16
1614772800 546 15 566 16
1614765600 553 15 568 16
1614758400 590 15 614 16
1614751200 547 15 632 16
1614744000 392 10 599 16
1614736800 0 0 0 0
1614729600 0 0 0 0
1614722400 0 0 0 0
1614715200 0 0 0 0
1614708000 0 0 0 0
1614700800 0 0 0 0
1614693600 0 0 0 0
1614686400 0 0 0 0
1614679200 0 0 0 0
1614672000 0 0 0 0
1614664800 0 0 0 0
1614657600 0 0 0 0
1614650400 0 0 0 0
1614643200 0 0 0 0
1614636000 0 0 0 0
1614628800 0 0 0 0
1614621600 0 0 0 0
1614614400 0 0 0 0
1614607200 0 0 0 0
1614600000 0 0 0 0
1614592800 0 0 0 0
1614585600 0 0 0 0
1614578400 0 0 0 0
1614571200 0 0 0 0
1614564000 0 0 0 0
1614556800 0 0 0 0
1614549600 0 0 0 0
1614542400 0 0 0 0
1614535200 0 0 0 0
1614528000 0 0 0 0
1614520800 0 0 0 0
1614513600 0 0 0 0
1614506400 0 0 0 0
1614499200 0 0 0 0
1614492000 0 0 0 0
1614484800 0 0 0 0
1614477600 0 0 0 0
1614470400 0 0 0 0
1614463200 0 0 0 0
1614456000 0 0 0 0
1614448800 0 0 0 0
1614441600 0 0 0 0
1614434400 0 0 0 0
1614427200 0 0 0 0
1614420000 0 0 0 0
1614412800 0 0 0 0
1614405600 0 0 0 0
1614398400 0 0 0 0
1614391200 0 0 0 0
1614384000 0 0 0 0
1614376800 0 0 0 0
1614369600 0 0 0 0
1614362400 0 0 0 0
1614355200 0 0 0 0
1614348000 0 0 0 0
1614340800 0 0 0 0
1614333600 0 0 0 0
1614326400 0 0 0 0
1614319200 0 0 0 0
1614312000 0 0 0 0
1614304800 0 0 0 0
1614297600 0 0 0 0
1614290400 0 0 0 0
1614283200 0 0 0 0
1614276000 0 0 0 0
1614268800 0 0 0 0
1614261600 0 0 0 0
1614254400 0 0 0 0
1614247200 0 0 0 0
1614240000 0 0 0 0
1614232800 0 0 0 0
1614225600 0 0 0 0
1614218400 0 0 0 0
1614211200 0 0 0 0
1614204000 0 0 0 0
1614196800 0 0 0 0
1614189600 0 0 0 0
1614182400 0 0 0 0
1614175200 0 0 0 0
1614168000 0 0 0 0
1614160800 0 0 0 0
1614153600 0 0 0 0
1614146400 0 0 0 0
1614139200 0 0 0 0
1614132000 0 0 0 0
1614124800 0 0 0 0
1614117600 0 0 0 0
1614110400 0 0 0 0
1614103200 0 0 0 0
1614096000 0 0 0 0
1614088800 0 0 0 0
1614081600 0 0 0 0
1614074400 0 0 0 0
1614067200 0 0 0 0
1614060000 0 0 0 0
1614052800 0 0 0 0
1614045600 0 0 0 0
1614038400 0 0 0 0
1614031200 0 0 0 0
1614024000 0 0 0 0
1614016800 0 0 0 0
1614009600 0 0 0 0
1614002400 0 0 0 0
1613995200 0 0 0 0
1613988000 0 0 0 0
1613980800 0 0 0 0
1613973600 0 0 0 0
1613966400 0 0 0 0
1613959200 0 0 0 0
1613952000 0 0 0 0
1613944800 0 0 0 0
1613937600 0 0 0 0
1613930400 0 0 0 0
1613923200 0 0 0 0
1613916000 0 0 0 0
1613908800 0 0 0 0
1613901600 0 0 0 0
1613894400 0 0 0 0
1613887200 0 0 0 0
1613880000 0 0 0 0
1613872800 0 0 0 0
1613865600 0 0 0 0
1613858400 0 0 0 0
1613851200 0 0 0 0
1613844000 0 0 0 0
1613836800 0 0 0 0
1613829600 0 0 0 0
1613822400 0 0 0 0
1613815200 0 0 0 0
1613808000 0 0 0 0
1613800800 0 0 0 0
1613793600 0 0 0 0
1613786400 0 0 0 0
1613779200 0 0 0 0
1613772000 0 0 0 0
1613764800 0 0 0 0
1613757600 0 0 0 0
1613750400 0 0 0 0
1613743200 0 0 0 0
1613736000 0 0 0 0
1613728800 0 0 0 0
1613721600 0 0 0 0
1613714400 0 0 0 0
1613707200 0 0 0 0
1613700000 0 0 0 0
1613692800 0 0 0 0
1613685600 0 0 0 0
1613678400 0 0 0 0
1613671200 0 0 0 0
1613664000 0 0 0 0
1613656800 0 0 0 0
1613649600 0 0 0 0
1613642400 0 0 0 0
1613635200 0 0 0 0
1613628000 0 0 0 0
1613620800 0 0 0 0
1613613600 0 0 0 0
1613606400 0 0 0 0
1613599200 0 0 0 0
1613592000 0 0 0 0
1613584800 0 0 0 0
1613577600 0 0 0 0
1613570400 0 0 0 0
1613563200 0 0 0 0
1613556000 0 0 0 0
1613548800 0 0 0 0
1613541600 0 0 0 0
1613534400 0 0 0 0
1613527200 0 0 0 0
1613520000 0 0 0 0
1613512800 0 0 0 0
1613505600 0 0 0 0
1613498400 0 0 0 0
1613491200 0 0 0 0
1613484000 0 0 0 0
1613476800 0 0 0 0
1613469600 0 0 0 0
1613462400 0 0 0 0
1613455200 0 0 0 0
1613448000 0 0 0 0
1613440800 0 0 0 0
1613433600 0 0 0 0
1613426400 0 0 0 0
1613419200 0 0 0 0
1613412000 0 0 0 0
1613404800 0 0 0 0
1613397600 0 0 0 0
1613390400 0 0 0 0
1613383200 0 0 0 0
1613376000 0 0 0 0
1613368800 0 0 0 0
1613361600 0 0 0 0
1613354400 0 0 0 0
1613347200 0 0 0 0
1613340000 0 0 0 0
1613332800 0 0 0 0
1613325600 0 0 0 0
1613318400 0 0 0 0
1613311200 0 0 0 0
1613304000 0 0 0 0
1613296800 0 0 0 0
1613289600 0 0 0 0
1613282400 0 0 0 0
1613275200 0 0 0 0
1613268000 0 0 0 0
1613260800 0 0 0 0
1613253600 0 0 0 0
1613246400 0 0 0 0
1613239200 0 0 0 0
1613232000 0 0 0 0
1613224800 0 0 0 0
1613217600 0 0 0 0
1613210400 0 0 0 0
1613203200 0 0 0 0
1613196000 0 0 0 0
1613188800 0 0 0 0
1613181600 0 0 0 0
1613174400 0 0 0 0
1613167200 0 0 0 0
1613160000 0 0 0 0
1613152800 0 0 0 0
1613145600 0 0 0 0
1613138400 0 0 0 0
1613131200 0 0 0 0
1613124000 0 0 0 0
1613116800 0 0 0 0
1613109600 0 0 0 0
1613102400 0 0 0 0
1613095200 0 0 0 0
1613088000 0 0 0 0
1613080800 0 0 0 0
1613073600 0 0 0 0
1613066400 0 0 0 0
1613059200 0 0 0 0
1613052000 0 0 0 0
1613044800 0 0 0 0
1613037600 0 0 0 0
1613030400 0 0 0 0
1613023200 0 0 0 0
1613016000 0 0 0 0
1613008800 0 0 0 0
1613001600 0 0 0 0
1612994400 0 0 0 0
1612987200 0 0 0 0
1612980000 0 0 0 0
1612972800 0 0 0 0
1612965600 0 0 0 0
1612958400 0 0 0 0
1612951200 0 0 0 0
1612944000 0 0 0 0
1612936800 0 0 0 0
1612929600 0 0 0 0
1612922400 0 0 0 0
1612915200 0 0 0 0
1612908000 0 0 0 0
1612900800 0 0 0 0
1612893600 0 0 0 0
1612886400 0 0 0 0
1612879200 0 0 0 0
1612872000 0 0 0 0
1612864800 0 0 0 0
1612857600 0 0 0 0
1612850400 0 0 0 0
1612843200 0 0 0 0
1612836000 0 0 0 0
1612828800 0 0 0 0
1612821600 0 0 0 0
1612814400 0 0 0 0
1612807200 0 0 0 0
1612800000 0 0 0 0
1612792800 0 0 0 0
1612785600 0 0 0 0
1612778400 0 0 0 0
1612771200 0 0 0 0
1612764000 0 0 0 0
1612756800 0 0 0 0
1612749600 0 0 0 0
1612742400 0 0 0 0
1612735200 0 0 0 0
1612728000 0 0 0 0
1612720800 0 0 0 0
1612713600 0 0 0 0
1612706400 0 0 0 0
1612699200 0 0 0 0
1612692000 0 0 0 0
1612684800 0 0 0 0
1612677600 0 0 0 0
1612670400 0 0 0 0
1612663200 0 0 0 0
1612656000 0 0 0 0
1612648800 0 0 0 0
1612641600 0 0 0 0
1612634400 0 0 0 0
1612627200 0 0 0 0
1612620000 0 0 0 0
1612612800 0 0 0 0
1612605600 0 0 0 0
1612598400 0 0 0 0
1612591200 0 0 0 0
1612584000 0 0 0 0
1612576800 0 0 0 0
1612569600 0 0 0 0
1612562400 0 0 0 0
1612555200 0 0 0 0
1612548000 0 0 0 0
1612540800 0 0 0 0
1612533600 0 0 0 0
1612526400 0 0 0 0
1612519200 0 0 0 0
1612512000 0 0 0 0
1612504800 0 0 0 0
1612497600 0 0 0 0
1612490400 0 0 0 0
1612483200 0 0 0 0
1612476000 0 0 0 0
1612468800 0 0 0 0
1612461600 0 0 0 0
1612454400 0 0 0 0
1612447200 0 0 0 0
1612440000 0 0 0 0
1612432800 0 0 0 0
1612425600 0 0 0 0
1612418400 0 0 0 0
1612411200 0 0 0 0
1612404000 0 0 0 0
1612396800 0 0 0 0
1612389600 0 0 0 0
1612382400 0 0 0 0
1612375200 0 0 0 0
1612368000 0 0 0 0
1612360800 0 0 0 0
1612353600 0 0 0 0
1612346400 0 0 0 0
1612339200 0 0 0 0
1612332000 0 0 0 0
1612324800 0 0 0 0
1612317600 0 0 0 0
1612310400 0 0 0 0
1612303200 0 0 0 0
1612296000 0 0 0 0
1612288800 0 0 0 0
1612281600 0 0 0 0
1612274400 0 0 0 0
1612267200 0 0 0 0
1612260000 0 0 0 0
1612252800 0 0 0 0
1612245600 0 0 0 0
1612238400 0 0 0 0
1612231200 0 0 0 0
1612224000 0 0 0 0
1612216800 0 0 0 0
1612209600 0 0 0 0
1612202400 0 0 0 0
1612195200 0 0 0 0
1612188000 0 0 0 0
1612180800 0 0 0 0
1612173600 0 0 0 0
1612166400 0 0 0 0
1612159200 0 0 0 0
1612152000 0 0 0 0
1612144800 0 0 0 0
1612137600 0 0 0 0
1612130400 0 0 0 0
1612123200 0 0 0 0
1612116000 0 0 0 0
1612108800 0 0 0 0
1612101600 0 0 0 0
1612094400 0 0 0 0
1612087200 0 0 0 0
1612080000 0 0 0 0
1612072800 0 0 0 0
1612065600 0 0 0 0
1612058400 0 0 0 0
1612051200 0 0 0 0
1612044000 0 0 0 0
1612036800 0 0 0 0
1612029600 0 0 0 0
1612022400 0 0 0 0
1612015200 0 0 0 0
1612008000 0 0 0 0
1612000800 0 0 0 0
1611993600 0 0 0 0
1611986400 0 0 0 0
1611979200 0 0 0 0
1611972000 0 0 0 0
1611964800 0 0 0 0
1611957600 0 0 0 0
1611950400 0 0 0 0
1611943200 0 0 0 0
1611936000 0 0 0 0
1611928800 0 0 0 0
1611921600 0 0 0 0
1611914400 0 0 0 0
1611907200 0 0 0 0
1611900000 0 0 0 0
1611892800 0 0 0 0
1611885600 0 0 0 0
1611878400 0 0 0 0
1611871200 0 0 0 0
1611864000 0 0 0 0
1611856800 0 0 0 0
1611849600 0 0 0 0
1611842400 0 0 0 0
1611835200 0 0 0 0
1611828000 0 0 0 0
1611820800 0 0 0 0
1611813600 0 0 0 0
1611806400 0 0 0 0
1611799200 0 0 0 0
1611792000 0 0 0 0
1611784800 0 0 0 0
1611777600 0 0 0 0
1611770400 0 0 0 0
1611763200 0 0 0 0
1611756000 0 0 0 0
1611748800 0 0 0 0
1611741600 0 0 0 0
1611734400 0 0 0 0
1611727200 0 0 0 0
1611720000 0 0 0 0
1611712800 0 0 0 0
1611705600 0 0 0 0
1611698400 0 0 0 0
1611691200 0 0 0 0
1611684000 0 0 0 0
1611676800 0 0 0 0
1611669600 0 0 0 0
1611662400 0 0 0 0
1611655200 0 0 0 0
1611648000 0 0 0 0
1611640800 0 0 0 0
1611633600 0 0 0 0
1611626400 0 0 0 0
1611619200 0 0 0 0
1611612000 0 0 0 0
1611604800 0 0 0 0
1611597600 0 0 0 0
1611590400 0 0 0 0
1611583200 0 0 0 0
1611576000 0 0 0 0
1611568800 0 0 0 0
1611561600 0 0 0 0
1611554400 0 0 0 0
1611547200 0 0 0 0
1611540000 0 0 0 0
1611532800 0 0 0 0
1611525600 0 0 0 0
1611518400 0 0 0 0
1611511200 0 0 0 0
1611504000 0 0 0 0
1611496800 0 0 0 0
1611489600 0 0 0 0
1611482400 0 0 0 0
1611475200 0 0 0 0
1611468000 0 0 0 0
1611460800 0 0 0 0
1611453600 0 0 0 0
1611446400 0 0 0 0
1611439200 0 0 0 0
1611432000 0 0 0 0
1611424800 0 0 0 0
1611417600 0 0 0 0
1611410400 0 0 0 0
1611403200 0 0 0 0
1611396000 0 0 0 0
1611388800 0 0 0 0
1611381600 0 0 0 0
1611374400 0 0 0 0
1611367200 0 0 0 0
1611360000 0 0 0 0
1611352800 0 0 0 0
1611345600 0 0 0 0
1611338400 0 0 0 0
1611331200 0 0 0 0
1611324000 0 0 0 0
1611316800 0 0 0 0
1611309600 0 0 0 0
1611302400 0 0 0 0
1611295200 0 0 0 0
1611288000 0 0 0 0
1611280800 0 0 0 0
1611273600 0 0 0 0
1611266400 0 0 0 0
1611259200 0 0 0 0
1611252000 0 0 0 0
1611244800 0 0 0 0
1611237600 0 0 0 0
1611230400 0 0 0 0
1611223200 0 0 0 0
1611216000 0 0 0 0
1611208800 0 0 0 0
1611201600 0 0 0 0
1611194400 0 0 0 0
1611187200 0 0 0 0
1611180000 0 0 0 0
1611172800 0 0 0 0
1611165600 0 0 0 0
1611158400 0 0 0 0
1611151200 0 0 0 0
1611144000 0 0 0 0
1611136800 0 0 0 0
1611129600 0 0 0 0
1611122400 0 0 0 0
1611115200 0 0 0 0
1611108000 0 0 0 0
1611100800 0 0 0 0
1611093600 0 0 0 0
1611086400 0 0 0 0
1611079200 0 0 0 0
1611072000 0 0 0 0
1611064800 0 0 0 0
1611057600 0 0 0 0
1611050400 0 0 0 0
1611043200 0 0 0 0
1611036000 0 0 0 0
1611028800 0 0 0 0
1611021600 0 0 0 0
1611014400 0 0 0 0
1611007200 0 0 0 0
1611000000 0 0 0 0
1610992800 0 0 0 0
1610985600 0 0 0 0
1610978400 0 0 0 0
1610971200 0 0 0 0
1610964000 0 0 0 0
1610956800 0 0 0 0
1610949600 0 0 0 0
1610942400 0 0 0 0
1610935200 0 0 0 0
1610928000 0 0 0 0
1610920800 0 0 0 0
1610913600 0 0 0 0
1610906400 0 0 0 0
1610899200 0 0 0 0
1610892000 0 0 0 0
1610884800 0 0 0 0
1610877600 0 0 0 0
1610841600 0 0 0 0
1610755200 0 0 0 0
1610668800 0 0 0 0
1610582400 0 0 0 0
1610496000 0 0 0 0
1610409600 0 0 0 0
1610323200 0 0 0 0
1610236800 0 0 0 0
1610150400 0 0 0 0
1610064000 0 0 0 0
1609977600 0 0 0 0
1609891200 0 0 0 0
1609804800 0 0 0 0
1609718400 0 0 0 0
1609632000 0 0 0 0
1609545600 0 0 0 0
1609459200 0 0 0 0
1609372800 0 0 0 0
1609286400 0 0 0 0
1609200000 0 0 0 0
1609113600 0 0 0 0
1609027200 0 0 0 0
1608940800 0 0 0 0
1608854400 0 0 0 0
1608768000 0 0 0 0
1608681600 0 0 0 0
1608595200 0 0 0 0
1608508800 0 0 0 0
1608422400 0 0 0 0
1608336000 0 0 0 0
1608249600 0 0 0 0
1608163200 0 0 0 0
1608076800 0 0 0 0
1607990400 0 0 0 0
1607904000 0 0 0 0
1607817600 0 0 0 0
1607731200 0 0 0 0
1607644800 0 0 0 0
1607558400 0 0 0 0
1607472000 0 0 0 0
1607385600 0 0 0 0
1607299200 0 0 0 0
1607212800 0 0 0 0
1607126400 0 0 0 0
1607040000 0 0 0 0
1606953600 0 0 0 0
1606867200 0 0 0 0
1606780800 0 0 0 0
1606694400 0 0 0 0
1606608000 0 0 0 0
1606521600 0 0 0 0
1606435200 0 0 0 0
1606348800 0 0 0 0
1606262400 0 0 0 0
1606176000 0 0 0 0
1606089600 0 0 0 0
1606003200 0 0 0 0
1605916800 0 0 0 0
1605830400 0 0 0 0
1605744000 0 0 0 0
1605657600 0 0 0 0
1605571200 0 0 0 0
1605484800 0 0 0 0
1605398400 0 0 0 0
1605312000 0 0 0 0
1605225600 0 0 0 0
1605139200 0 0 0 0
1605052800 0 0 0 0
1604966400 0 0 0 0
1604880000 0 0 0 0
1604793600 0 0 0 0
1604707200 0 0 0 0
1604620800 0 0 0 0
1604534400 0 0 0 0
1604448000 0 0 0 0
1604361600 0 0 0 0
1604275200 0 0 0 0
1604188800 0 0 0 0
1604102400 0 0 0 0
1604016000 0 0 0 0
1603929600 0 0 0 0
1603843200 0 0 0 0
1603756800 0 0 0 0
1603670400 0 0 0 0
1603584000 0 0 0 0
1603497600 0 0 0 0
1603411200 0 0 0 0
1603324800 0 0 0 0
1603238400 0 0 0 0
1603152000 0 0 0 0
1603065600 0 0 0 0
1602979200 0 0 0 0
1602892800 0 0 0 0
1602806400 0 0 0 0
1602720000 0 0 0 0
1602633600 0 0 0 0
1602547200 0 0 0 0
1602460800 0 0 0 0
1602374400 0 0 0 0
1602288000 0 0 0 0
1602201600 0 0 0 0
1602115200 0 0 0 0
1602028800 0 0 0 0
1601942400 0 0 0 0
1601856000 0 0 0 0
1601769600 0 0 0 0
1601683200 0 0 0 0
1601596800 0 0 0 0
1601510400 0 0 0 0
1601424000 0 0 0 0
1601337600 0 0 0 0
1601251200 0 0 0 0
1601164800 0 0 0 0
1601078400 0 0 0 0
1600992000 0 0 0 0
1600905600 0 0 0 0
1600819200 0 0 0 0
1600732800 0 0 0 0
1600646400 0 0 0 0
1600560000 0 0 0 0
1600473600 0 0 0 0
1600387200 0 0 0 0
1600300800 0 0 0 0
1600214400 0 0 0 0
1600128000 0 0 0 0
1600041600 0 0 0 0
1599955200 0 0 0 0
1599868800 0 0 0 0
1599782400 0 0 0 0
1599696000 0 0 0 0
1599609600 0 0 0 0
1599523200 0 0 0 0
1599436800 0 0 0 0
1599350400 0 0 0 0
1599264000 0 0 0 0
1599177600 0 0 0 0
1599091200 0 0 0 0
1599004800 0 0 0 0
1598918400 0 0 0 0
1598832000 0 0 0 0
1598745600 0 0 0 0
1598659200 0 0 0 0
1598572800 0 0 0 0
1598486400 0 0 0 0
1598400000 0 0 0 0
1598313600 0 0 0 0
1598227200 0 0 0 0
1598140800 0 0 0 0
1598054400 0 0 0 0
1597968000 0 0 0 0
1597881600 0 0 0 0
1597795200 0 0 0 0
1597708800 0 0 0 0
1597622400 0 0 0 0
1597536000 0 0 0 0
1597449600 0 0 0 0
1597363200 0 0 0 0
1597276800 0 0 0 0
1597190400 0 0 0 0
1597104000 0 0 0 0
1597017600 0 0 0 0
1596931200 0 0 0 0
1596844800 0 0 0 0
1596758400 0 0 0 0
1596672000 0 0 0 0
1596585600 0 0 0 0
1596499200 0 0 0 0
1596412800 0 0 0 0
1596326400 0 0 0 0
1596240000 0 0 0 0
1596153600 0 0 0 0
1596067200 0 0 0 0
1595980800 0 0 0 0
1595894400 0 0 0 0
1595808000 0 0 0 0
1595721600 0 0 0 0
1595635200 0 0 0 0
1595548800 0 0 0 0
1595462400 0 0 0 0
1595376000 0 0 0 0
1595289600 0 0 0 0
1595203200 0 0 0 0
1595116800 0 0 0 0
1595030400 0 0 0 0
1594944000 0 0 0 0
1594857600 0 0 0 0
1594771200 0 0 0 0
1594684800 0 0 0 0
1594598400 0 0 0 0
1594512000 0 0 0 0
1594425600 0 0 0 0
1594339200 0 0 0 0
1594252800 0 0 0 0
1594166400 0 0 0 0
1594080000 0 0 0 0
1593993600 0 0 0 0
1593907200 0 0 0 0
1593820800 0 0 0 0
1593734400 0 0 0 0
1593648000 0 0 0 0
1593561600 0 0 0 0
1593475200 0 0 0 0
1593388800 0 0 0 0
1593302400 0 0 0 0
1593216000 0 0 0 0
1593129600 0 0 0 0
1593043200 0 0 0 0
1592956800 0 0 0 0
1592870400 0 0 0 0
1592784000 0 0 0 0
1592697600 0 0 0 0
1592611200 0 0 0 0
1592524800 0 0 0 0
1592438400 0 0 0 0
1592352000 0 0 0 0
1592265600 0 0 0 0
1592179200 0 0 0 0
1592092800 0 0 0 0
1592006400 0 0 0 0
1591920000 0 0 0 0
1591833600 0 0 0 0
1591747200 0 0 0 0
1591660800 0 0 0 0
1591574400 0 0 0 0
1591488000 0 0 0 0
1591401600 0 0 0 0
1591315200 0 0 0 0
1591228800 0 0 0 0
1591142400 0 0 0 0
1591056000 0 0 0 0
1590969600 0 0 0 0
1590883200 0 0 0 0
1590796800 0 0 0 0
1590710400 0 0 0 0
1590624000 0 0 0 0
1590537600 0 0 0 0
1590451200 0 0 0 0
1590364800 0 0 0 0
1590278400 0 0 0 0
1590192000 0 0 0 0
1590105600 0 0 0 0
1590019200 0 0 0 0
1589932800 0 0 0 0
1589846400 0 0 0 0
1589760000 0 0 0 0
1589673600 0 0 0 0
1589587200 0 0 0 0
1589500800 0 0 0 0
1589414400 0 0 0 0
1589328000 0 0 0 0
1589241600 0 0 0 0
1589155200 0 0 0 0
1589068800 0 0 0 0
1588982400 0 0 0 0
1588896000 0 0 0 0
1588809600 0 0 0 0
1588723200 0 0 0 0
1588636800 0 0 0 0
1588550400 0 0 0 0
1588464000 0 0 0 0
1588377600 0 0 0 0
1588291200 0 0 0 0
1588204800 0 0 0 0
1588118400 0 0 0 0
1588032000 0 0 0 0
1587945600 0 0 0 0
1587859200 0 0 0 0
1587772800 0 0 0 0
1587686400 0 0 0 0
1587600000 0 0 0 0
1587513600 0 0 0 0
1587427200 0 0 0 0
1587340800 0 0 0 0
1587254400 0 0 0 0
1587168000 0 0 0 0
1587081600 0 0 0 0
1586995200 0 0 0 0
1586908800 0 0 0 0
1586822400 0 0 0 0
1586736000 0 0 0 0
1586649600 0 0 0 0
1586563200 0 0 0 0
1586476800 0 0 0 0
1586390400 0 0 0 0
1586304000 0 0 0 0
1586217600 0 0 0 0
1586131200 0 0 0 0
1586044800 0 0 0 0
1585958400 0 0 0 0
1585872000 0 0 0 0
1585785600 0 0 0 0
1585699200 0 0 0 0
1585612800 0 0 0 0
1585526400 0 0 0 0
1585440000 0 0 0 0
1585353600 0 0 0 0
1585267200 0 0 0 0
1585180800 0 0 0 0
1585094400 0 0 0 0
1585008000 0 0 0 0
1584921600 0 0 0 0
1584835200 0 0 0 0
1584748800 0 0 0 0
1584662400 0 0 0 0
1584576000 0 0 0 0
1584489600 0 0 0 0
1584403200 0 0 0 0
1584316800 0 0 0 0
1584230400 0 0 0 0
1584144000 0 0 0 0
1584057600 0 0 0 0
1583971200 0 0 0 0
1583884800 0 0 0 0
1583798400 0 0 0 0
1583712000 0 0 0 0
1583625600 0 0 0 0
1583539200 0 0 0 0
1583452800 0 0 0 0
1583366400 0 0 0 0
1583280000 0 0 0 0
1583193600 0 0 0 0
1583107200 0 0 0 0
1583020800 0 0 0 0
1582934400 0 0 0 0
1582848000 0 0 0 0
1582761600 0 0 0 0
1582675200 0 0 0 0
1582588800 0 0 0 0
1582502400 0 0 0 0
1582416000 0 0 0 0
1582329600 0 0 0 0
1582243200 0 0 0 0
1582156800 0 0 0 0
1582070400 0 0 0 0
1581984000 0 0 0 0
1581897600 0 0 0 0
1581811200 0 0 0 0
1581724800 0 0 0 0
1581638400 0 0 0 0
1581552000 0 0 0 0
1581465600 0 0 0 0
1581379200 0 0 0 0
1581292800 0 0 0 0
1581206400 0 0 0 0
1581120000 0 0 0 0
1581033600 0 0 0 0
1580947200 0 0 0 0
1580860800 0 0 0 0
1580774400 0 0 0 0
1580688000 0 0 0 0
1580601600 0 0 0 0
1580515200 0 0 0 0
1580428800 0 0 0 0
1580342400 0 0 0 0
1580256000 0 0 0 0
1580169600 0 0 0 0
1580083200 0 0 0 0
1579996800 0 0 0 0
1579910400 0 0 0 0
1579824000 0 0 0 0
1579737600 0 0 0 0
1579651200 0 0 0 0
1579564800 0 0 0 0
1579478400 0 0 0 0
1579392000 0 0 0 0
1579305600 0 0 0 0
1579219200 0 0 0 0
1579132800 0 0 0 0
1579046400 0 0 0 0
1578960000 0 0 0 0
1578873600 0 0 0 0
1578787200 0 0 0 0
1578700800 0 0 0 0
1578614400 0 0 0 0
1578528000 0 0 0 0
1578441600 0 0 0 0
1578355200 0 0 0 0
1578268800 0 0 0 0
1578182400 0 0 0 0
1578096000 0 0 0 0
1578009600 0 0 0 0
1577923200 0 0 0 0
1577836800 0 0 0 0
1577750400 0 0 0 0
1577664000 0 0 0 0
1577577600 0 0 0 0
1577491200 0 0 0 0
1577404800 0 0 0 0
1577318400 0 0 0 0
1577232000 0 0 0 0
1577145600 0 0 0 0
1577059200 0 0 0 0
1576972800 0 0 0 0
1576886400 0 0 0 0
1576800000 0 0 0 0
1576713600 0 0 0 0
1576627200 0 0 0 0
1576540800 0 0 0 0
1576454400 0 0 0 0
1576368000 0 0 0 0
1576281600 0 0 0 0
1576195200 0 0 0 0
1576108800 0 0 0 0
1576022400 0 0 0 0
1575936000 0 0 0 0
1575849600 0 0 0 0
1575763200 0 0 0 0
1575676800 0 0 0 0
1575590400 0 0 0 0
1575504000 0 0 0 0
1575417600 0 0 0 0
1575331200 0 0 0 0
1575244800 0 0 0 0
1575158400 0 0 0 0
1575072000 0 0 0 0
1574985600 0 0 0 0
1574899200 0 0 0 0
1574812800 0 0 0 0
1574726400 0 0 0 0
1574640000 0 0 0 0
1574553600 0 0 0 0
1574467200 0 0 0 0
1574380800 0 0 0 0
1574294400 0 0 0 0
1574208000 0 0 0 0
1574121600 0 0 0 0
1574035200 0 0 0 0
1573948800 0 0 0 0
1573862400 0 0 0 0
1573776000 0 0 0 0
1573689600 0 0 0 0
1573603200 0 0 0 0
1573516800 0 0 0 0
1573430400 0 0 0 0
1573344000 0 0 0 0
1573257600 0 0 0 0
1573171200 0 0 0 0
1573084800 0 0 0 0
1572998400 0 0 0 0
1572912000 0 0 0 0
1572825600 0 0 0 0
1572739200 0 0 0 0
1572652800 0 0 0 0
1572566400 0 0 0 0
1572480000 0 0 0 0
1572393600 0 0 0 0
1572307200 0 0 0 0
1572220800 0 0 0 0
1572134400 0 0 0 0
1572048000 0 0 0 0
1571961600 0 0 0 0
1571875200 0 0 0 0
1571788800 0 0 0 0
1571702400 0 0 0 0
1571616000 0 0 0 0
1571529600 0 0 0 0
1571443200 0 0 0 0
1571356800 0 0 0 0
1571270400 0 0 0 0
1571184000 0 0 0 0
1571097600 0 0 0 0
1571011200 0 0 0 0
1570924800 0 0 0 0
1570838400 0 0 0 0
1570752000 0 0 0 0
1570665600 0 0 0 0
1570579200 0 0 0 0
1570492800 0 0 0 0
1570406400 0 0 0 0
1570320000 0 0 0 0
1570233600 0 0 0 0
1570147200 0 0 0 0
1570060800 0 0 0 0
1569974400 0 0 0 0
1569888000 0 0 0 0
1569801600 0 0 0 0
1569715200 0 0 0 0
1569628800 0 0 0 0
1569542400 0 0 0 0
1569456000 0 0 0 0
1569369600 0 0 0 0
1569283200 0 0 0 0
1569196800 0 0 0 0
1569110400 0 0 0 0
1569024000 0 0 0 0
1568937600 0 0 0 0
1568851200 0 0 0 0
1568764800 0 0 0 0
1568678400 0 0 0 0
1568592000 0 0 0 0
1568505600 0 0 0 0
1568419200 0 0 0 0
1568332800 0 0 0 0
1568246400 0 0 0 0
1568160000 0 0 0 0
1568073600 0 0 0 0
1567987200 0 0 0 0
1567900800 0 0 0 0
1567814400 0 0 0 0
1567728000 0 0 0 0
1567641600 0 0 0 0
1567555200 0 0 0 0
1567468800 0 0 0 0
1567382400 0 0 0 0
1567296000 0 0 0 0
1567209600 0 0 0 0
1567123200 0 0 0 0
1567036800 0 0 0 0
1566950400 0 0 0 0
1566864000 0 0 0 0
1566777600 0 0 0 0
1566691200 0 0 0 0
1566604800 0 0 0 0
1566518400 0 0 0 0
1566432000 0 0 0 0
1566345600 0 0 0 0
1566259200 0 0 0 0
1566172800 0 0 0 0
1566086400 0 0 0 0
1566000000 0 0 0 0
1565913600 0 0 0 0
1565827200 0 0 0 0
1565740800 0 0 0 0
1565654400 0 0 0 0
1565568000 0 0 0 0
1565481600 0 0 0 0
1565395200 0 0 0 0
1565308800 0 0 0 0
1565222400 0 0 0 0
1565136000 0 0 0 0
1565049600 0 0 0 0
1564963200 0 0 0 0
1564876800 0 0 0 0
1564790400 0 0 0 0
1564704000 0 0 0 0
1564617600 0 0 0 0
1564531200 0 0 0 0
1564444800 0 0 0 0
1564358400 0 0 0 0
1564272000 0 0 0 0
1564185600 0 0 0 0
1564099200 0 0 0 0
1564012800 0 0 0 0
1563926400 0 0 0 0
1563840000 0 0 0 0
1563753600 0 0 0 0
1563667200 0 0 0 0
1563580800 0 0 0 0
1563494400 0 0 0 0
1563408000 0 0 0 0
1563321600 0 0 0 0
1563235200 0 0 0 0
1563148800 0 0 0 0
1563062400 0 0 0 0
1562976000 0 0 0 0
1562889600 0 0 0 0
1562803200 0 0 0 0
1562716800 0 0 0 0
1562630400 0 0 0 0
1562544000 0 0 0 0
1562457600 0 0 0 0
1562371200 0 0 0 0
1562284800 0 0 0 0
1562198400 0 0 0 0
1562112000 0 0 0 0
1562025600 0 0 0 0
1561939200 0 0 0 0
1561852800 0 0 0 0
1561766400 0 0 0 0
1561680000 0 0 0 0
1561593600 0 0 0 0
1561507200 0 0 0 0
1561420800 0 0 0 0
1561334400 0 0 0 0
1561248000 0 0 0 0
1561161600 0 0 0 0
1561075200 0 0 0 0
1560988800 0 0 0 0
1560902400 0 0 0 0
1560816000 0 0 0 0
1560729600 0 0 0 0
1560643200 0 0 0 0
1560556800 0 0 0 0
1560470400 0 0 0 0
1560384000 0 0 0 0
1560297600 0 0 0 0
1560211200 0 0 0 0
1560124800 0 0 0 0
1560038400 0 0 0 0
1559952000 0 0 0 0
1559865600 0 0 0 0
1559779200 0 0 0 0
1559692800 0 0 0 0
1559606400 0 0 0 0
1559520000 0 0 0 0
1559433600 0 0 0 0
1559347200 0 0 0 0
1559260800 0 0 0 0
1559174400 0 0 0 0
1559088000 0 0 0 0
1559001600 0 0 0 0
1558915200 0 0 0 0
1558828800 0 0 0 0
1558742400 0 0 0 0
1558656000 0 0 0 0
1558569600 0 0 0 0
1558483200 0 0 0 0
1558396800 0 0 0 0
1558310400 0 0 0 0
1558224000 0 0 0 0
1558137600 0 0 0 0
1558051200 0 0 0 0
1557964800 0 0 0 0
1557878400 0 0 0 0
1557792000 0 0 0 0
1557705600 0 0 0 0
1557619200 0 0 0 0
1557532800 0 0 0 0
1557446400 0 0 0 0
1557360000 0 0 0 0
1557273600 0 0 0 0
1557187200 0 0 0 0
1557100800 0 0 0 0
1557014400 0 0 0 0
1556928000 0 0 0 0
1556841600 0 0 0 0
1556755200 0 0 0 0
1556668800 0 0 0 0
1556582400 0 0 0 0
1556496000 0 0 0 0
1556409600 0 0 0 0
1556323200 0 0 0 0
1556236800 0 0 0 0
1556150400 0 0 0 0
1556064000 0 0 0 0
1555977600 0 0 0 0
1555891200 0 0 0 0
1555804800 0 0 0 0
1555718400 0 0 0 0
1555632000 0 0 0 0
1555545600 0 0 0 0
1555459200 0 0 0 0
1555372800 0 0 0 0
1555286400 0 0 0 0
1555200000 0 0 0 0
1555113600 0 0 0 0
1555027200 0 0 0 0
1554940800 0 0 0 0
1554854400 0 0 0 0
1554768000 0 0 0 0
1554681600 0 0 0 0
1554595200 0 0 0 0
1554508800 0 0 0 0
1554422400 0 0 0 0
1554336000 0 0 0 0
1554249600 0 0 0 0
1554163200 0 0 0 0
1554076800 0 0 0 0
1553990400 0 0 0 0
1553904000 0 0 0 0
1553817600 0 0 0 0
1553731200 0 0 0 0
1553644800 0 0 0 0
1553558400 0 0 0 0
1553472000 0 0 0 0
1553385600 0 0 0 0
1553299200 0 0 0 0
1553212800 0 0 0 0
1553126400 0 0 0 0
1553040000 0 0 0 0
1552953600 0 0 0 0
1552867200 0 0 0 0
1552780800 0 0 0 0
1552694400 0 0 0 0
1552608000 0 0 0 0
1552521600 0 0 0 0
1552435200 0 0 0 0
1552348800 0 0 0 0
1552262400 0 0 0 0
1552176000 0 0 0 0
1552089600 0 0 0 0
1552003200 0 0 0 0
1551916800 0 0 0 0
1551830400 0 0 0 0
1551744000 0 0 0 0
1551657600 0 0 0 0
1551571200 0 0 0 0
1551484800 0 0 0 0
1551398400 0 0 0 0
1551312000 0 0 0 0
1551225600 0 0 0 0
1551139200 0 0 0 0
1551052800 0 0 0 0
1550966400 0 0 0 0
1550880000 0 0 0 0
1550793600 0 0 0 0
1550707200 0 0 0 0
1550620800 0 0 0 0
1550534400 0 0 0 0
1550448000 0 0 0 0
1550361600 0 0 0 0
1550275200 0 0 0 0
1550188800 0 0 0 0
1550102400 0 0 0 0
1550016000 0 0 0 0
1549929600 0 0 0 0
1549843200 0 0 0 0
1549756800 0 0 0 0
1549670400 0 0 0 0
1549584000 0 0 0 0
1549497600 0 0 0 0
1549411200 0 0 0 0
1549324800 0 0 0 0
1549238400 0 0 0 0
1549152000 0 0 0 0
1549065600 0 0 0 0
1548979200 0 0 0 0
1548892800 0 0 0 0
1548806400 0 0 0 0
1548720000 0 0 0 0
1548633600 0 0 0 0
1548547200 0 0 0 0
1548460800 0 0 0 0
1548374400 0 0 0 0
1548288000 0 0 0 0
1548201600 0 0 0 0
1548115200 0 0 0 0
1548028800 0 0 0 0
1547942400 0 0 0 0
1547856000 0 0 0 0
1547769600 0 0 0 0
1547683200 0 0 0 0
