1616464921 448993 2000454550
1616464921 0 550 0 550
1616464021 0 634 0 634
1616463900 0 634 0 634
1616463600 0 634 0 634
1616463300 0 621 0 634
1616463000 0 603 0 603
1616462700 0 603 0 603
1616462400 0 594 0 603
1616462100 0 582 0 582
1616461800 0 582 0 582
1616461500 0 566 0 582
1616461200 0 543 0 543
1616460900 0 543 0 543
1616460600 0 545 0 549
1616460300 0 549 0 549
1616460000 0 549 0 549
1616459700 0 545 0 549
1616459400 0 541 0 541
1616459100 0 541 0 541
1616458800 0 549 0 561
1616458500 0 561 0 561
1616458200 0 561 0 561
1616457900 0 569 0 583
1616457600 0 583 0 583
1616457300 0 583 0 583
1616457000 0 561 0 583
1616456700 0 530 0 530
1616456400 0 530 0 530
1616456100 0 534 0 541
1616455800 0 541 0 541
1616455500 0 541 0 541
1616455200 0 546 0 555
1616454900 0 555 0 555
1616454600 0 555 0 555
1616454300 0 554 0 555
1616454000 0 553 0 553
1616453700 0 553 0 553
1616453400 0 553 0 554
1616453100 0 554 0 554
1616452800 0 554 0 554
1616452500 0 570 0 596
1616452200 0 596 0 596
1616451900 0 596 0 596
1616451600 0 539 0 596
1616451300 0 456 0 456
1616451000 0 456 0 456
1616450700 0 515 0 602
1616450400 0 602 0 602
1616450100 0 602 0 602
1616449800 0 623 0 655
1616449500 0 655 0 655
1616449200 0 655 0 655
1616448900 0 652 0 655
1616448600 0 649 0 649
1616448300 0 649 0 649
1616448000 0 607 0 649
1616447700 0 547 0 547
1616447400 0 547 0 547
1616447100 0 586 0 644
1616446800 0 644 0 644
1616446500 0 644 0 644
1616446200 0 605 0 644
1616445900 0 549 0 549
1616445600 0 549 0 549
1616445300 0 567 0 596
1616445000 0 596 0 596
1616444700 0 596 0 596
1616444400 0 603 0 614
1616444100 0 614 0 614
1616443800 0 614 0 614
1616443500 0 609 0 614
1616443200 0 602 0 602
1616442900 0 602 0 602
1616442600 0 584 0 602
1616442300 0 558 0 558
1616442000 0 558 0 558
1616441700 0 579 0 611
1616441400 0 611 0 611
1616441100 0 611 0 611
1616440800 0 620 0 634
1616440500 0 634 0 634
1616440200 0 634 0 634
1616439900 0 616 0 634
1616439600 0 591 0 591
1616439300 0 591 0 591
1616439000 0 573 0 591
1616438700 0 548 0 548
1616438400 0 548 0 548
1616438100 0 578 0 622
1616437800 0 622 0 622
1616437500 0 622 0 622
1616437200 0 604 0 622
1616436900 0 578 0 578
1616436600 0 578 0 578
1616436300 0 575 0 578
1616436000 0 573 0 573
1616435700 0 573 0 573
1616435400 0 568 0 573
1616435100 0 561 0 561
1616434800 0 561 0 561
1616434500 0 570 0 585
1616434200 0 585 0 585
1616433900 0 585 0 585
1616433600 0 606 0 638
1616433300 0 638 0 638
1616433000 0 638 0 638
1616432700 0 603 0 638
1616432400 0 552 0 552
1616432100 0 552 0 552
1616431800 0 564 0 584
1616431500 0 584 0 584
1616431200 0 584 0 584
1616430900 0 576 0 584
1616430600 0 566 0 566
1616430300 0 566 0 566
1616430000 0 576 0 591
1616429700 0 591 0 591
1616429400 0 591 0 591
1616429100 0 591 0 591
1616428800 0 591 0 591
1616428500 0 591 0 591
1616428200 0 584 0 591
1616427900 0 574 0 574
1616427600 0 574 0 574
1616427300 0 587 0 608
1616427000 0 608 0 608
1616426700 0 608 0 608
1616426400 0 620 0 640
1616426100 0 640 0 640
1616425800 0 640 0 640
1616425500 0 611 0 640
1616425200 0 569 0 569
1616424900 0 569 0 569
1616424600 0 577 0 589
1616424300 0 589 0 589
1616424000 0 589 0 589
1616423700 0 590 0 593
1616423400 0 593 0 593
1616423100 0 593 0 593
1616422800 0 591 0 593
1616422500 0 589 0 589
1616422200 0 589 0 589
1616421900 0 589 0 590
1616421600 0 590 0 590
1616421300 0 590 0 590
1616421000 0 600 0 615
1616420700 0 615 0 615
1616420400 0 615 0 615
1616420100 0 609 0 615
1616419800 0 601 0 601
1616419500 0 601 0 601
1616419200 0 595 0 601
1616418900 0 587 0 587
1616418600 0 587 0 587
1616418300 0 604 0 631
1616418000 0 631 0 631
1616417700 0 631 0 631
1616417400 0 623 0 631
1616417100 0 612 0 612
1616416800 0 612 0 612
1616416500 0 614 0 619
1616416200 0 619 0 619
1616415900 0 619 0 619
1616415600 0 631 0 651
1616415300 0 651 0 651
1616415000 0 651 0 651
1616414700 0 651 0 653
1616414400 0 653 0 653
1616414100 0 653 0 653
1616413800 0 635 0 653
1616413500 0 610 0 610
1616413200 0 610 0 610
1616412900 0 625 0 649
1616412600 0 649 0 649
1616412300 0 649 0 649
1616412000 0 651 0 655
1616411700 0 655 0 655
1616411400 0 655 0 655
1616411100 0 654 0 655
1616410800 0 654 0 654
1616410500 0 654 0 654
1616410200 0 650 0 654
1616409900 0 646 0 646
1616409600 0 646 0 646
1616409300 0 641 0 646
1616409000 0 635 0 635
1616408700 0 635 0 635
1616408400 0 582 0 635
1616408100 0 506 0 506
1616407800 0 506 0 506
1616407500 0 550 0 615
1616407200 0 615 0 615
1616406900 0 615 0 615
1616406600 0 624 0 638
1616406300 0 638 0 638
1616406000 0 638 0 638
1616405700 0 644 0 654
1616405400 0 654 0 654
1616405100 0 654 0 654
1616404800 0 686 0 735
1616404500 0 735 0 735
1616404200 0 735 0 735
1616403900 0 739 0 747
1616403600 0 747 0 747
1616403300 0 747 0 747
1616403000 0 660 0 747
1616402700 0 532 0 532
1616402400 0 532 0 532
1616402100 0 618 0 747
1616401800 0 747 0 747
1616401500 0 747 0 747
1616401200 0 752 0 760
1616400900 0 760 0 760
1616400600 0 760 0 760
1616400300 0 759 0 760
1616400000 0 758 0 758
1616399700 0 758 0 758
1616399400 0 750 0 758
1616399100 0 740 0 740
1616398800 0 740 0 740
1616398500 0 745 0 753
1616398200 0 753 0 753
1616397900 0 753 0 753
1616397600 0 755 0 760
1616397300 0 760 0 760
1616397000 0 760 0 760
1616396700 0 764 0 770
1616396400 0 770 0 770
1616396100 0 770 0 770
1616395800 0 763 0 770
1616395500 0 753 0 753
1616395200 0 753 0 753
1616394900 0 754 0 756
1616394600 0 756 0 756
1616394300 0 756 0 756
1616394000 0 694 0 756
1616393700 0 603 0 603
1616393400 0 603 0 603
1616393100 0 658 0 740
1616392800 0 740 0 740
1616392500 0 740 0 740
1616392200 0 743 0 749
1616391900 0 749 0 749
1616391600 0 749 0 749
1616391300 0 754 0 763
1616391000 0 763 0 763
1616390700 0 763 0 763
1616390400 0 760 0 763
1616390100 0 758 0 758
1616389800 0 758 0 758
1616389500 0 752 0 758
1616389200 0 744 0 744
1616388900 0 744 0 744
1616388600 0 748 0 754
1616388300 0 754 0 754
1616388000 0 754 0 754
1616387700 0 718 0 754
1616387400 0 667 0 667
1616387100 0 667 0 667
1616386800 0 680 0 700
1616386500 0 700 0 700
1616386200 0 700 0 700
1616385900 0 689 0 700
1616385600 0 675 0 675
1616385300 0 675 0 675
1616385000 0 632 0 675
1616384700 0 569 0 569
1616384400 0 569 0 569
1616384100 0 570 0 573
1616383800 0 573 0 573
1616383500 0 573 0 573
1616383200 0 581 0 594
1616382900 0 594 0 594
1616382600 0 594 0 594
1616382300 0 598 0 604
1616382000 0 604 0 604
1616381700 0 604 0 604
1616381400 0 610 0 619
1616381100 0 619 0 619
1616380800 0 619 0 619
1616380500 0 617 0 619
1616380200 0 615 0 615
1616379900 0 615 0 615
1616379600 0 556 0 615
1616379300 0 471 0 471
1616379000 0 471 0 471
1616378700 0 534 0 629
1616378400 0 629 0 629
1616378100 0 629 0 629
1616377800 0 633 0 640
1616377500 0 640 0 640
1616377200 0 640 0 640
1616376900 0 631 0 640
1616376600 0 620 0 620
1616376300 0 620 0 620
1616376000 0 624 0 631
1616375700 0 631 0 631
1616375400 0 631 0 631
1616375100 0 619 0 631
1616374800 0 603 0 603
1616374500 0 603 0 603
1616374200 0 611 0 624
1616373900 0 624 0 624
1616373600 0 624 0 624
1616373300 0 611 0 624
1616373000 0 594 0 594
1616372700 0 594 0 594
1616372400 0 598 0 606
1616372100 0 606 0 606
1616371800 0 606 0 606
1616371500 0 589 0 606
1616371200 0 566 0 566
1616370900 0 566 0 566
1616370600 0 568 0 571
1616370300 0 571 0 571
1616370000 0 571 0 571
1616369700 0 554 0 571
1616369400 0 529 0 529
1616369100 0 529 0 529
1616368800 0 534 0 543
1616368500 0 543 0 543
1616368200 0 543 0 543
1616367900 0 541 0 543
1616367600 0 540 0 540
1616367300 0 540 0 540
1616367000 0 544 0 550
1616366700 0 550 0 550
1616366400 0 550 0 550
1616366100 0 553 0 558
1616365800 0 558 0 558
1616365500 0 558 0 558
1616365200 0 499 0 558
1616364900 0 412 0 412
1616364600 0 412 0 412
1616364300 0 463 0 539
1616364000 0 539 0 539
1616363700 0 539 0 539
1616363400 0 533 0 539
1616363100 0 525 0 525
1616362800 0 525 0 525
1616362500 0 558 0 608
1616362200 0 608 0 608
1616361900 0 608 0 608
1616361600 0 617 0 631
1616361300 0 631 0 631
1616361000 0 631 0 631
1616360700 0 595 0 631
1616360400 0 543 0 543
1616360100 0 543 0 543
1616359800 0 549 0 558
1616359500 0 558 0 558
1616359200 0 558 0 558
1616358900 0 570 0 588
1616358600 0 588 0 588
1616358300 0 588 0 588
1616358000 0 585 0 588
1616357700 0 582 0 582
1616357400 0 582 0 582
1616357100 0 568 0 582
1616356800 0 549 0 549
1616356500 0 549 0 549
1616356200 0 546 0 549
1616355900 0 544 0 544
1616355600 0 544 0 544
1616355300 0 559 0 583
1616355000 0 583 0 583
1616354700 0 583 0 583
1616354400 0 568 0 583
1616354100 0 548 0 548
1616353800 0 548 0 548
1616353500 0 549 0 551
1616353200 0 551 0 551
1616352900 0 551 0 551
1616352600 0 542 0 551
1616352300 0 531 0 531
1616352000 0 531 0 531
1616351700 0 539 0 552
1616351400 0 552 0 552
1616351100 0 552 0 552
1616350800 0 496 0 552
1616350500 0 414 0 414
1616350200 0 414 0 414
1616349900 0 467 0 546
1616349600 0 546 0 546
1616349300 0 546 0 546
1616349000 0 547 0 549
1616348700 0 549 0 549
1616348400 0 549 0 549
1616348100 0 543 0 549
1616347800 0 535 0 535
1616347500 0 535 0 535
1616347200 0 553 0 582
1616346900 0 582 0 582
1616346600 0 582 0 582
1616346300 0 577 0 582
1616346000 0 570 0 570
1616345700 0 570 0 570
1616345400 0 609 0 668
1616345100 0 668 0 668
1616344800 0 668 0 668
1616344500 0 658 0 668
1616344200 0 645 0 645
1616343900 0 645 0 645
1616343600 0 632 0 645
1616343300 0 613 0 613
1616343000 0 613 0 613
1616342700 0 619 0 630
1616342400 0 630 0 630
1616342100 0 630 0 630
1616341800 0 620 0 630
1616341500 0 606 0 606
1616341200 0 606 0 606
1616340900 0 603 0 606
1616340600 0 600 0 600
1616340300 0 600 0 600
1616340000 0 612 0 630
1616339700 0 630 0 630
1616339400 0 630 0 630
1616339100 0 607 0 630
1616338800 0 575 0 575
1616338500 0 575 0 575
1616338200 0 575 0 575
1616337900 0 575 0 575
1616337600 0 575 0 575
1616337300 0 583 0 595
1616337000 0 595 0 595
1616336700 0 595 0 595
1616336400 0 544 0 595
1616336100 0 471 0 471
1616335800 0 471 0 471
1616335500 0 525 0 607
1616335200 0 607 0 607
1616334900 0 607 0 607
1616334600 0 589 0 607
1616334300 0 563 0 563
1616334000 0 563 0 563
1616333700 0 568 0 577
1616333400 0 577 0 577
1616333100 0 577 0 577
1616332800 0 574 0 577
1616332500 0 571 0 571
1616332200 0 571 0 571
1616331900 0 564 0 571
1616331600 0 556 0 556
1616331300 0 556 0 556
1616331000 0 559 0 564
1616330700 0 564 0 564
1616330400 0 564 0 564
1616330100 0 571 0 582
1616329800 0 582 0 582
1616329500 0 582 0 582
1616329200 0 582 0 582
1616328900 0 582 0 582
1616328600 0 582 0 582
1616328300 0 579 0 582
1616328000 0 577 0 577
1616327700 0 577 0 577
1616327400 0 569 0 577
1616327100 0 559 0 559
1616326800 0 559 0 559
1616326500 0 559 0 561
1616326200 0 561 0 561
1616325900 0 561 0 561
1616325600 0 569 0 583
1616325300 0 583 0 583
1616325000 0 583 0 583
1616324700 0 583 0 585
1616324400 0 585 0 585
1616324100 0 585 0 585
1616323800 0 580 0 585
1616323500 0 575 0 575
1616323200 0 575 0 575
1616322900 0 573 0 575
1616322600 0 572 0 572
1616322300 0 572 0 572
1616322000 0 509 0 572
1616321700 0 418 0 418
1616321400 0 418 0 418
1616321100 0 488 0 593
1616320800 0 593 0 593
1616320500 0 593 0 593
1616320200 0 583 0 593
1616319900 0 569 0 569
1616319600 0 569 0 569
1616319300 0 581 0 599
1616319000 0 599 0 599
1616318700 0 599 0 599
1616318400 0 589 0 599
1616318100 0 575 0 575
1616317800 0 575 0 575
1616317500 0 581 0 592
1616317200 0 592 0 592
1616316900 0 592 0 592
1616316600 0 584 0 592
1616316300 0 574 0 574
1616316000 0 574 0 574
1616315700 0 572 0 574
1616315400 0 570 0 570
1616315100 0 570 0 570
1616314800 0 570 0 572
1616314500 0 572 0 572
1616314200 0 572 0 572
1616313900 0 570 0 572
1616313600 0 568 0 568
1616313300 0 568 0 568
1616313000 0 567 0 568
1616312700 0 567 0 567
1616312400 0 567 0 567
1616312100 0 569 0 572
1616311800 0 572 0 572
1616311500 0 572 0 572
1616311200 0 571 0 572
1616310900 0 571 0 571
1616310600 0 571 0 571
1616310300 0 574 0 580
1616310000 0 580 0 580
1616309700 0 580 0 580
1616309400 0 571 0 580
1616309100 0 559 0 559
1616308800 0 559 0 559
1616308500 0 561 0 565
1616308200 0 565 0 565
1616307900 0 565 0 565
1616307600 0 522 0 565
1616307300 0 459 0 459
1616307000 0 459 0 459
1616306700 0 506 0 576
1616306400 0 576 0 576
1616306100 0 576 0 576
1616305800 0 573 0 576
1616305500 0 571 0 571
1616305200 0 571 0 571
1616304900 0 576 0 585
1616304600 0 585 0 585
1616304300 0 585 0 585
1616304000 0 576 0 585
1616303700 0 563 0 563
1616303400 0 563 0 563
1616303100 0 566 0 572
1616302800 0 572 0 572
1616302500 0 572 0 572
1616302200 0 571 0 572
1616301900 0 571 0 571
1616301600 0 571 0 571
1616301300 0 568 0 571
1616301000 0 566 0 566
1616300700 0 566 0 566
1616300400 0 552 0 566
1616300100 0 532 0 532
1616299800 0 532 0 532
1616299500 0 513 0 532
1616299200 0 485 0 485
1616298900 0 485 0 485
1616298600 0 471 0 485
1616298300 0 451 0 451
1616298000 0 451 0 451
1616297700 0 451 0 452
1616297400 0 452 0 452
1616297100 0 452 0 452
1616296800 0 453 0 456
1616296500 0 456 0 456
1616296200 0 456 0 456
1616295900 0 453 0 456
1616295600 0 451 0 451
1616295300 0 451 0 451
1616295000 0 456 0 465
1616294700 0 465 0 465
1616294400 0 465 0 465
1616294100 0 469 0 475
1616293800 0 475 0 475
1616293500 0 475 0 475
1616293200 0 443 0 475
1616292900 0 396 0 396
1616292600 0 396 0 396
1616292300 0 427 0 474
1616292000 0 474 0 474
1616291700 0 474 0 474
1616291400 0 487 0 508
1616291100 0 508 0 508
1616290800 0 508 0 508
1616290500 0 508 0 508
1616290200 0 508 0 508
1616289900 0 508 0 508
1616289600 0 535 0 575
1616289300 0 575 0 575
1616289000 0 575 0 575
1616288700 0 556 0 575
1616288400 0 529 0 529
1616288100 0 529 0 529
1616287800 0 520 0 529
1616287500 0 507 0 507
1616287200 0 507 0 507
1616286900 0 509 0 513
1616286600 0 513 0 513
1616286300 0 513 0 513
1616286000 0 510 0 513
1616285700 0 507 0 507
1616285400 0 507 0 507
1616285100 0 504 0 507
1616284800 0 500 0 500
1616284500 0 500 0 500
1616284200 0 491 0 500
1616283000 0 489 0 505
1616281200 0 484 0 505
1616279400 0 472 0 606
1616277600 0 579 0 606
1616275800 0 585 0 599
1616274000 0 588 0 599
1616272200 0 578 0 594
1616270400 0 562 0 566
1616268600 0 557 0 559
1616266800 0 559 0 565
1616265000 0 472 0 560
1616263200 0 578 0 649
1616261400 0 662 0 677
1616259600 0 641 0 647
1616257800 0 625 0 639
1616256000 0 642 0 668
1616254200 0 616 0 668
1616252400 0 570 0 577
1616250600 0 508 0 577
1616248800 0 573 0 577
1616247000 0 566 0 569
1616245200 0 563 0 580
1616243400 0 576 0 580
1616241600 0 586 0 595
1616239800 0 592 0 594
1616238000 0 582 0 587
1616236200 0 537 0 586
1616234400 0 583 0 591
1616232600 0 581 0 592
1616230800 0 592 0 593
1616229000 0 584 0 591
1616227200 0 581 0 601
1616225400 0 584 0 601
1616223600 0 577 0 591
1616221800 0 525 0 591
1616220000 0 581 0 594
1616218200 0 582 0 594
1616216400 0 518 0 580
1616214600 0 496 0 578
1616212800 0 583 0 599
1616211000 0 586 0 599
1616209200 0 581 0 590
1616207400 0 552 0 600
1616205600 0 609 0 619
1616203800 0 619 0 634
1616202000 0 612 0 634
1616200200 0 578 0 582
1616198400 0 564 0 577
1616196600 0 575 0 603
1616194800 0 599 0 603
1616193000 0 489 0 574
1616191200 0 491 0 501
1616189400 0 483 0 507
1616187600 0 524 0 542
1616185800 0 532 0 550
1616184000 0 533 0 607
1616182200 0 554 0 607
1616180400 0 492 0 511
1616178600 0 489 0 530
1616176800 0 516 0 530
1616175000 0 537 0 571
1616173200 0 531 0 543
1616171400 0 526 0 574
1616169600 0 550 0 574
1616167800 0 522 0 528
1616166000 0 529 0 551
1616164200 0 499 0 551
1616162400 0 526 0 572
1616160600 0 536 0 572
1616158800 0 493 0 517
1616157000 0 495 0 615
1616155200 0 636 0 660
1616153400 0 588 0 620
1616151600 0 596 0 620
1616149800 0 523 0 611
1616148000 0 597 0 611
1616146200 0 588 0 608
1616144400 0 582 0 608
1616142600 0 595 0 610
1616140800 0 595 0 610
1616139000 0 596 0 620
1616137200 0 590 0 620
1616135400 0 534 0 603
1616133600 0 589 0 622
1616131800 0 590 0 622
1616130000 0 578 0 588
1616128200 0 585 0 596
1616126400 0 585 0 596
1616124600 0 582 0 596
1616122800 0 587 0 603
1616121000 0 502 0 622
1616119200 0 592 0 622
1616117400 0 590 0 628
1616115600 0 600 0 628
1616113800 0 590 0 618
1616112000 0 586 0 618
1616110200 0 586 0 623
1616108400 0 616 0 623
1616106600 0 546 0 606
1616104800 0 577 0 588
1616103000 0 586 0 588
1616101200 0 606 0 624
1616099400 0 603 0 654
1616097600 0 626 0 656
1616095800 0 622 0 656
1616094000 0 561 0 572
1616092200 0 542 0 572
1616090400 0 568 0 578
1616088600 0 479 0 495
1616086800 0 483 0 487
1616085000 0 509 0 543
1616083200 0 460 0 473
1616081400 0 468 0 473
1616079600 0 463 0 469
1616077800 0 435 0 476
1616076000 0 474 0 476
1616074200 0 464 0 474
1616072400 0 514 0 559
1616070600 0 565 0 581
1616068800 0 555 0 577
1616067000 0 563 0 577
1616065200 0 554 0 561
1616063400 0 513 0 573
1616061600 0 559 0 576
1616059800 0 571 0 576
1616058000 0 555 0 568
1616056200 0 577 0 587
1616054400 0 570 0 574
1616052600 0 567 0 567
1616050800 0 553 0 567
1616049000 0 523 0 655
1616047200 0 654 0 661
1616045400 0 663 0 667
1616043600 0 599 0 649
1616041800 0 567 0 572
1616040000 0 569 0 574
1616038200 0 543 0 572
1616036400 0 482 0 494
1616034600 0 495 0 503
1616032800 0 494 0 502
1616031000 0 449 0 456
1616029200 0 449 0 453
1616027400 0 442 0 446
1616025600 0 453 0 466
1616023800 0 424 0 429
1616022000 0 443 0 462
1616020200 0 439 0 471
1616018400 0 512 0 560
1616016600 0 508 0 560
1616014800 0 489 0 513
1616013000 0 515 0 545
1616011200 0 501 0 509
1616009400 0 489 0 494
1616007600 0 465 0 467
1616005800 0 447 0 480
1616004000 0 464 0 490
1616002200 0 470 0 490
1616000400 0 451 0 492
1615998600 0 514 0 533
1615996800 0 503 0 563
1615995000 0 513 0 563
1615993200 0 516 0 540
1615991400 0 456 0 482
1615989600 0 472 0 507
1615987800 0 495 0 507
1615986000 0 472 0 483
1615984200 0 502 0 557
1615982400 0 576 0 596
1615980600 0 574 0 588
1615978800 0 557 0 570
1615977000 0 534 0 581
1615975200 0 571 0 581
1615973400 0 582 0 602
1615971600 0 577 0 588
1615969800 0 567 0 597
1615968000 0 582 0 597
1615966200 0 575 0 588
1615964400 0 568 0 580
1615962600 0 511 0 580
1615960800 0 580 0 602
1615959000 0 594 0 602
1615957200 0 562 0 569
1615955400 0 589 0 610
1615953600 0 567 0 575
1615951800 0 533 0 540
1615950000 0 477 0 511
1615948200 0 460 0 485
1615946400 0 501 0 540
1615944600 0 566 0 598
1615942800 0 478 0 510
1615941000 0 460 0 464
1615939200 0 457 0 460
1615937400 0 441 0 457
1615935600 0 452 0 457
1615933800 0 433 0 453
1615932000 0 447 0 459
1615930200 0 464 0 470
1615928400 0 464 0 467
1615926600 0 477 0 527
1615924800 0 529 0 538
1615923000 0 480 0 485
1615921200 0 478 0 490
1615919400 0 448 0 480
1615917600 0 455 0 482
1615915800 0 480 0 482
1615914000 0 457 0 466
1615912200 0 460 0 464
1615910400 0 465 0 473
1615908600 0 474 0 506
1615906800 0 491 0 506
1615905000 0 443 0 540
1615903200 0 558 0 584
1615901400 0 568 0 584
1615899600 0 483 0 557
1615897800 0 564 0 571
1615896000 0 571 0 578
1615894200 0 570 0 578
1615892400 0 563 0 571
1615890600 0 531 0 589
1615888800 0 569 0 592
1615887000 0 575 0 592
1615885200 0 564 0 584
1615883400 0 588 0 593
1615881600 0 577 0 587
1615879800 0 575 0 587
1615878000 0 558 0 574
1615876200 0 521 0 604
1615874400 0 583 0 589
1615872600 0 572 0 584
1615870800 0 573 0 580
1615869000 0 587 0 595
1615867200 0 587 0 589
1615865400 0 573 0 580
1615863600 0 500 0 526
1615861800 0 460 0 499
1615860000 0 501 0 508
1615858200 0 480 0 483
1615856400 0 473 0 496
1615854600 0 484 0 500
1615852800 0 491 0 500
1615851000 0 489 0 516
1615849200 0 519 0 525
1615847400 0 533 0 559
1615845600 0 511 0 513
1615843800 0 504 0 507
1615842000 0 506 0 532
1615840200 0 538 0 550
1615838400 0 516 0 559
1615836600 0 528 0 559
1615834800 0 470 0 486
1615833000 0 455 0 527
1615831200 0 540 0 557
1615829400 0 494 0 512
1615827600 0 476 0 497
1615825800 0 493 0 497
1615824000 0 465 0 497
1615822200 0 484 0 513
1615820400 0 477 0 484
1615818600 0 472 0 503
1615816800 0 468 0 474
1615815000 0 472 0 485
1615813200 0 529 0 623
1615811400 0 590 0 623
1615809600 0 572 0 577
1615807800 0 570 0 577
1615806000 0 563 0 579
1615804200 0 511 0 579
1615802400 0 571 0 579
1615800600 0 565 0 567
1615798800 0 557 0 568
1615797000 0 576 0 587
1615795200 0 568 0 584
1615793400 0 583 0 588
1615791600 0 574 0 588
1615789800 0 531 0 575
1615788000 0 584 0 646
1615786200 0 675 0 714
1615784400 0 577 0 580
1615782600 0 521 0 547
1615780800 0 535 0 543
1615779000 0 485 0 500
1615777200 0 479 0 500
1615775400 0 449 0 519
1615773600 0 492 0 519
1615771800 0 480 0 520
1615770000 0 500 0 520
1615768200 0 479 0 492
1615766400 0 539 0 613
1615764600 0 591 0 613
1615762800 0 572 0 580
1615761000 0 560 0 587
1615759200 0 575 0 611
1615757400 0 613 0 618
1615755600 0 606 0 624
1615753800 0 516 0 568
1615752000 0 503 0 580
1615750200 0 586 0 592
1615748400 0 566 0 586
1615746600 0 550 0 602
1615744800 0 485 0 508
1615743000 0 489 0 508
1615741200 0 473 0 489
1615739400 0 485 0 496
1615737600 0 475 0 496
1615735800 0 525 0 581
1615734000 0 564 0 581
1615732200 0 513 0 569
1615730400 0 553 0 569
1615728600 0 571 0 576
1615726800 0 564 0 573
1615725000 0 574 0 582
1615723200 0 581 0 583
1615721400 0 555 0 567
1615719600 0 558 0 570
1615717800 0 520 0 562
1615716000 0 563 0 567
1615714200 0 557 0 567
1615712400 0 525 0 586
1615710600 0 578 0 586
1615708800 0 571 0 582
1615707000 0 564 0 575
1615705200 0 555 0 575
1615703400 0 521 0 566
1615701600 0 512 0 538
1615699800 0 484 0 507
1615698000 0 461 0 468
1615696200 0 458 0 494
1615694400 0 514 0 533
1615692600 0 490 0 504
1615690800 0 456 0 470
1615689000 0 444 0 464
1615687200 0 453 0 470
1615685400 0 489 0 508
1615683600 0 489 0 503
1615681800 0 504 0 510
1615680000 0 481 0 490
1615678200 0 475 0 478
1615676400 0 457 0 478
1615674600 0 513 0 542
1615672800 0 558 0 577
1615671000 0 558 0 607
1615669200 0 592 0 607
1615667400 0 598 0 607
1615665600 0 598 0 604
1615663800 0 592 0 601
1615662000 0 558 0 566
1615660200 0 552 0 615
1615658400 0 603 0 622
1615656600 0 569 0 583
1615654800 0 566 0 621
1615653000 0 592 0 621
1615651200 0 516 0 572
1615649400 0 572 0 576
1615647600 0 513 0 551
1615645800 0 531 0 572
1615644000 0 578 0 585
1615642200 0 560 0 569
1615640400 0 559 0 576
1615638600 0 566 0 576
1615636800 0 565 0 571
1615635000 0 564 0 587
1615633200 0 555 0 587
1615631400 0 558 0 609
1615629600 0 567 0 573
1615627800 0 557 0 568
1615626000 0 543 0 549
1615624200 0 556 0 563
1615622400 0 556 0 560
1615620600 0 546 0 564
1615618800 0 509 0 564
1615617000 0 539 0 573
1615615200 0 558 0 589
1615613400 0 573 0 589
1615611600 0 568 0 572
1615609800 0 566 0 574
1615608000 0 512 0 580
1615606200 0 602 0 627
1615604400 0 541 0 576
1615602600 0 557 0 575
1615600800 0 562 0 579
1615599000 0 572 0 579
1615597200 0 602 0 628
1615595400 0 617 0 643
1615593600 0 547 0 607
1615591800 0 450 0 464
1615590000 0 414 0 440
1615588200 0 439 0 454
1615586400 0 457 0 463
1615584600 0 443 0 447
1615582800 0 457 0 495
1615581000 0 485 0 495
1615579200 0 450 0 454
1615577400 0 449 0 459
1615575600 0 432 0 459
1615573800 0 455 0 471
1615572000 0 444 0 449
1615570200 0 431 0 445
1615568400 0 445 0 455
1615566600 0 452 0 455
1615564800 0 450 0 462
1615563000 0 449 0 454
1615561200 0 444 0 454
1615559400 0 502 0 553
1615557600 0 553 0 563
1615555800 0 564 0 569
1615554000 0 566 0 572
1615552200 0 576 0 581
1615550400 0 569 0 577
1615548600 0 572 0 579
1615546800 0 535 0 567
1615545000 0 562 0 578
1615543200 0 584 0 592
1615541400 0 570 0 576
1615539600 0 564 0 576
1615537800 0 568 0 578
1615536000 0 571 0 578
1615534200 0 575 0 579
1615532400 0 506 0 567
1615530600 0 614 0 677
1615528800 0 673 0 677
1615527000 0 668 0 673
1615525200 0 597 0 665
1615523400 0 506 0 559
1615521600 0 585 0 607
1615519800 0 586 0 594
1615518000 0 528 0 592
1615516200 0 590 0 592
1615514400 0 568 0 588
1615512600 0 576 0 588
1615510800 0 561 0 570
1615509000 0 561 0 575
1615507200 0 540 0 575
1615505400 0 487 0 494
1615503600 0 441 0 494
1615501800 0 436 0 443
1615500000 0 438 0 467
1615498200 0 467 0 479
1615496400 0 479 0 483
1615494600 0 500 0 545
1615492800 0 490 0 498
1615491000 0 454 0 484
1615489200 0 418 0 443
1615487400 0 448 0 468
1615485600 0 476 0 518
1615483800 0 508 0 518
1615482000 0 462 0 487
1615480200 0 457 0 474
1615478400 0 538 0 601
1615476600 0 509 0 560
1615474800 0 435 0 492
1615473000 0 483 0 503
1615471200 0 494 0 575
1615469400 0 567 0 575
1615467600 0 568 0 576
1615465800 0 555 0 570
1615464000 0 564 0 570
1615462200 0 558 0 585
1615460400 0 526 0 585
1615458600 0 571 0 574
1615456800 0 569 0 588
1615455000 0 616 0 656
1615453200 0 646 0 656
1615451400 0 674 0 700
1615449600 0 651 0 700
1615447800 0 665 0 673
1615446000 0 571 0 668
1615444200 0 642 0 672
1615442400 0 640 0 672
1615440600 0 587 0 591
1615438800 0 555 0 558
1615437000 0 546 0 581
1615435200 0 567 0 581
1615433400 0 560 0 578
1615431600 0 493 0 611
1615429800 0 565 0 611
1615428000 0 577 0 628
1615426200 0 633 0 642
1615424400 0 584 0 606
1615422600 0 575 0 601
1615420800 0 550 0 566
1615419000 0 538 0 563
1615417200 0 498 0 605
1615415400 0 588 0 633
1615413600 0 598 0 633
1615411800 0 580 0 596
1615410000 0 589 0 626
1615408200 0 608 0 633
1615406400 0 625 0 670
1615404600 0 644 0 670
1615402800 0 533 0 620
1615401000 0 657 0 705
1615399200 0 709 0 716
1615397400 0 692 0 716
1615395600 0 593 0 629
1615393800 0 569 0 580
1615392000 0 532 0 568
1615390200 0 475 0 479
1615388400 0 430 0 478
1615386600 0 477 0 478
1615384800 0 476 0 503
1615383000 0 495 0 503
1615381200 0 512 0 534
1615379400 0 540 0 554
1615377600 0 519 0 550
1615375800 0 549 0 570
1615374000 0 501 0 570
1615372200 0 561 0 566
1615370400 0 552 0 569
1615368600 0 569 0 572
1615366800 0 564 0 582
1615365000 0 575 0 582
1615363200 0 569 0 586
1615361400 0 581 0 586
1615359600 0 497 0 585
1615357800 0 632 0 1740
1615356000 0 1080 0 1740
1615354200 0 563 0 575
1615352400 0 569 0 575
1615350600 0 562 0 576
1615348800 0 494 0 511
1615347000 0 470 0 496
1615345200 0 450 0 496
1615343400 0 473 0 477
1615341600 0 479 0 493
1615339800 0 482 0 519
1615338000 0 499 0 549
1615336200 0 500 0 549
1615334400 0 483 0 497
1615332600 0 479 0 492
1615330800 0 419 0 439
1615329000 0 454 0 546
1615327200 0 504 0 546
1615325400 0 482 0 501
1615323600 0 505 0 532
1615321800 0 503 0 531
1615320000 0 498 0 518
1615318200 0 444 0 457
1615316400 0 422 0 457
1615314600 0 438 0 450
1615312800 0 436 0 447
1615311000 0 445 0 447
1615309200 0 501 0 585
1615307400 0 535 0 585
1615305600 0 489 0 505
1615303800 0 483 0 505
1615302000 0 415 0 445
1615300200 0 463 0 478
1615298400 0 477 0 486
1615296600 0 513 0 592
1615294800 0 580 0 592
1615293000 0 579 0 588
1615291200 0 573 0 581
1615289400 0 566 0 575
1615287600 0 516 0 575
1615285800 0 560 0 567
1615284000 0 570 0 574
1615282200 0 571 0 573
1615280400 0 556 0 564
1615278600 0 570 0 580
1615276800 0 574 0 578
1615275000 0 574 0 578
1615273200 0 499 0 564
1615271400 0 556 0 566
1615269600 0 572 0 581
1615267800 0 586 0 591
1615266000 0 596 0 603
1615264200 0 557 0 599
1615262400 0 531 0 585
1615260600 0 555 0 585
1615258800 0 495 0 573
1615257000 0 562 0 573
1615255200 0 531 0 533
1615253400 0 519 0 529
1615251600 0 530 0 541
1615249800 0 515 0 541
1615248000 0 496 0 511
1615246200 0 505 0 514
1615244400 0 445 0 520
1615242600 0 546 0 572
1615240800 0 525 0 532
1615239000 0 506 0 520
1615237200 0 523 0 528
1615235400 0 513 0 518
1615233600 0 541 0 580
1615231800 0 535 0 548
1615230000 0 487 0 503
1615228200 0 505 0 508
1615226400 0 506 0 508
1615224600 0 500 0 508
1615222800 0 499 0 565
1615221000 0 549 0 565
1615219200 0 534 0 555
1615217400 0 550 0 556
1615215600 0 471 0 510
1615213800 0 504 0 542
1615212000 0 519 0 542
1615210200 0 523 0 571
1615208400 0 568 0 571
1615206600 0 572 0 589
1615204800 0 583 0 589
1615203000 0 546 0 586
1615197600 0 572 0 587
1615190400 0 568 0 624
1615183200 0 567 0 624
1615176000 0 533 0 562
1615168800 0 534 0 567
1615161600 0 534 0 820
1615154400 0 492 0 568
1615147200 0 596 0 709
1615140000 0 503 0 600
1615132800 0 536 0 576
1615125600 0 571 0 581
1615118400 0 563 0 591
1615111200 0 553 0 585
1615104000 0 550 0 627
1615096800 0 657 0 674
1615089600 0 610 0 750
1615082400 0 570 0 626
1615075200 0 517 0 604
1615068000 0 474 0 526
1615060800 0 446 0 476
1615053600 0 581 0 690
1615046400 0 552 0 576
1615039200 0 568 0 583
1615032000 0 547 0 601
1615024800 0 572 0 594
1615017600 0 557 0 583
1615010400 0 530 0 603
1615003200 0 538 0 613
1614996000 0 562 0 585
1614988800 0 487 0 584
1614981600 0 504 0 547
1614974400 0 446 0 489
1614967200 0 445 0 470
1614960000 0 471 0 565
1614952800 0 573 0 589
1614945600 0 569 0 616
1614938400 0 604 0 616
1614931200 0 587 0 611
1614924000 0 623 0 741
1614916800 0 678 0 744
1614909600 0 649 0 681
1614902400 0 610 0 677
1614895200 0 539 0 629
1614888000 0 530 0 569
1614880800 0 523 0 548
1614873600 0 517 0 557
1614866400 0 593 0 610
1614859200 0 591 0 615
1614852000 0 608 0 618
1614844800 0 561 0 606
1614837600 0 573 0 589
1614830400 0 511 0 596
1614823200 0 494 0 558
1614816000 0 455 0 640
1614808800 0 576 0 634
1614801600 0 518 0 622
1614794400 0 490 0 544
1614787200 0 492 0 526
1614780000 0 464 0 547
1614772800 0 538 0 570
1614765600 0 557 0 574
1614758400 0 573 0 611
1614751200 0 552 0 633
1614744000 0 512 0 535
1614736800 0 582 0 643
1614729600 0 589 0 589
1614722400 0 589 0 589
1614715200 0 589 0 589
1614708000 0 589 0 589
1614700800 0 589 0 589
1614693600 0 589 0 589
1614686400 0 589 0 589
1614679200 0 589 0 589
1614672000 0 589 0 589
1614664800 0 589 0 589
1614657600 0 589 0 589
1614650400 0 589 0 589
1614643200 0 199 0 618
1614636000 0 0 0 0
1614628800 0 0 0 0
1614621600 0 0 0 0
1614614400 0 0 0 0
1614607200 0 0 0 0
1614600000 0 0 0 0
1614592800 0 0 0 0
1614585600 0 0 0 0
1614578400 0 0 0 0
1614571200 0 0 0 0
1614564000 0 0 0 0
1614556800 0 0 0 0
1614549600 0 0 0 0
1614542400 0 0 0 0
1614535200 0 0 0 0
1614528000 0 0 0 0
1614520800 0 0 0 0
1614513600 0 0 0 0
1614506400 0 0 0 0
1614499200 0 0 0 0
1614492000 0 0 0 0
1614484800 0 0 0 0
1614477600 0 0 0 0
1614470400 0 0 0 0
1614463200 0 0 0 0
1614456000 0 0 0 0
1614448800 0 0 0 0
1614441600 0 0 0 0
1614434400 0 0 0 0
1614427200 0 0 0 0
1614420000 0 0 0 0
1614412800 0 0 0 0
1614405600 0 0 0 0
1614398400 0 0 0 0
1614391200 0 0 0 0
1614384000 0 0 0 0
1614376800 0 0 0 0
1614369600 0 0 0 0
1614362400 0 0 0 0
1614355200 0 0 0 0
1614348000 0 0 0 0
1614340800 0 0 0 0
1614333600 0 0 0 0
1614326400 0 0 0 0
1614319200 0 0 0 0
1614312000 0 0 0 0
1614304800 0 0 0 0
1614297600 0 0 0 0
1614290400 0 0 0 0
1614283200 0 0 0 0
1614276000 0 0 0 0
1614268800 0 0 0 0
1614261600 0 0 0 0
1614254400 0 0 0 0
1614247200 0 0 0 0
1614240000 0 0 0 0
1614232800 0 0 0 0
1614225600 0 0 0 0
1614218400 0 0 0 0
1614211200 0 0 0 0
1614204000 0 0 0 0
1614196800 0 0 0 0
1614189600 0 0 0 0
1614182400 0 0 0 0
1614175200 0 0 0 0
1614168000 0 0 0 0
1614160800 0 0 0 0
1614153600 0 0 0 0
1614146400 0 0 0 0
1614139200 0 0 0 0
1614132000 0 0 0 0
1614124800 0 0 0 0
1614117600 0 0 0 0
1614110400 0 0 0 0
1614103200 0 0 0 0
1614096000 0 0 0 0
1614088800 0 0 0 0
1614081600 0 0 0 0
1614074400 0 0 0 0
1614067200 0 0 0 0
1614060000 0 0 0 0
1614052800 0 0 0 0
1614045600 0 0 0 0
1614038400 0 0 0 0
1614031200 0 0 0 0
1614024000 0 0 0 0
1614016800 0 0 0 0
1614009600 0 0 0 0
1614002400 0 0 0 0
1613995200 0 0 0 0
1613988000 0 0 0 0
1613980800 0 0 0 0
1613973600 0 0 0 0
1613966400 0 0 0 0
1613959200 0 0 0 0
1613952000 0 0 0 0
1613944800 0 0 0 0
1613937600 0 0 0 0
1613930400 0 0 0 0
1613923200 0 0 0 0
1613916000 0 0 0 0
1613908800 0 0 0 0
1613901600 0 0 0 0
1613894400 0 0 0 0
1613887200 0 0 0 0
1613880000 0 0 0 0
1613872800 0 0 0 0
1613865600 0 0 0 0
1613858400 0 0 0 0
1613851200 0 0 0 0
1613844000 0 0 0 0
1613836800 0 0 0 0
1613829600 0 0 0 0
1613822400 0 0 0 0
1613815200 0 0 0 0
1613808000 0 0 0 0
1613800800 0 0 0 0
1613793600 0 0 0 0
1613786400 0 0 0 0
1613779200 0 0 0 0
1613772000 0 0 0 0
1613764800 0 0 0 0
1613757600 0 0 0 0
1613750400 0 0 0 0
1613743200 0 0 0 0
1613736000 0 0 0 0
1613728800 0 0 0 0
1613721600 0 0 0 0
1613714400 0 0 0 0
1613707200 0 0 0 0
1613700000 0 0 0 0
1613692800 0 0 0 0
1613685600 0 0 0 0
1613678400 0 0 0 0
1613671200 0 0 0 0
1613664000 0 0 0 0
1613656800 0 0 0 0
1613649600 0 0 0 0
1613642400 0 0 0 0
1613635200 0 0 0 0
1613628000 0 0 0 0
1613620800 0 0 0 0
1613613600 0 0 0 0
1613606400 0 0 0 0
1613599200 0 0 0 0
1613592000 0 0 0 0
1613584800 0 0 0 0
1613577600 0 0 0 0
1613570400 0 0 0 0
1613563200 0 0 0 0
1613556000 0 0 0 0
1613548800 0 0 0 0
1613541600 0 0 0 0
1613534400 0 0 0 0
1613527200 0 0 0 0
1613520000 0 0 0 0
1613512800 0 0 0 0
1613505600 0 0 0 0
1613498400 0 0 0 0
1613491200 0 0 0 0
1613484000 0 0 0 0
1613476800 0 0 0 0
1613469600 0 0 0 0
1613462400 0 0 0 0
1613455200 0 0 0 0
1613448000 0 0 0 0
1613440800 0 0 0 0
1613433600 0 0 0 0
1613426400 0 0 0 0
1613419200 0 0 0 0
1613412000 0 0 0 0
1613404800 0 0 0 0
1613397600 0 0 0 0
1613390400 0 0 0 0
1613383200 0 0 0 0
1613376000 0 0 0 0
1613368800 0 0 0 0
1613361600 0 0 0 0
1613354400 0 0 0 0
1613347200 0 0 0 0
1613340000 0 0 0 0
1613332800 0 0 0 0
1613325600 0 0 0 0
1613318400 0 0 0 0
1613311200 0 0 0 0
1613304000 0 0 0 0
1613296800 0 0 0 0
1613289600 0 0 0 0
1613282400 0 0 0 0
1613275200 0 0 0 0
1613268000 0 0 0 0
1613260800 0 0 0 0
1613253600 0 0 0 0
1613246400 0 0 0 0
1613239200 0 0 0 0
1613232000 0 0 0 0
1613224800 0 0 0 0
1613217600 0 0 0 0
1613210400 0 0 0 0
1613203200 0 0 0 0
1613196000 0 0 0 0
1613188800 0 0 0 0
1613181600 0 0 0 0
1613174400 0 0 0 0
1613167200 0 0 0 0
1613160000 0 0 0 0
1613152800 0 0 0 0
1613145600 0 0 0 0
1613138400 0 0 0 0
1613131200 0 0 0 0
1613124000 0 0 0 0
1613116800 0 0 0 0
1613109600 0 0 0 0
1613102400 0 0 0 0
1613095200 0 0 0 0
1613088000 0 0 0 0
1613080800 0 0 0 0
1613073600 0 0 0 0
1613066400 0 0 0 0
1613059200 0 0 0 0
1613052000 0 0 0 0
1613044800 0 0 0 0
1613037600 0 0 0 0
1613030400 0 0 0 0
1613023200 0 0 0 0
1613016000 0 0 0 0
1613008800 0 0 0 0
1613001600 0 0 0 0
1612994400 0 0 0 0
1612987200 0 0 0 0
1612980000 0 0 0 0
1612972800 0 0 0 0
1612965600 0 0 0 0
1612958400 0 0 0 0
1612951200 0 0 0 0
1612944000 0 0 0 0
1612936800 0 0 0 0
1612929600 0 0 0 0
1612922400 0 0 0 0
1612915200 0 0 0 0
1612908000 0 0 0 0
1612900800 0 0 0 0
1612893600 0 0 0 0
1612886400 0 0 0 0
1612879200 0 0 0 0
1612872000 0 0 0 0
1612864800 0 0 0 0
1612857600 0 0 0 0
1612850400 0 0 0 0
1612843200 0 0 0 0
1612836000 0 0 0 0
1612828800 0 0 0 0
1612821600 0 0 0 0
1612814400 0 0 0 0
1612807200 0 0 0 0
1612800000 0 0 0 0
1612792800 0 0 0 0
1612785600 0 0 0 0
1612778400 0 0 0 0
1612771200 0 0 0 0
1612764000 0 0 0 0
1612756800 0 0 0 0
1612749600 0 0 0 0
1612742400 0 0 0 0
1612735200 0 0 0 0
1612728000 0 0 0 0
1612720800 0 0 0 0
1612713600 0 0 0 0
1612706400 0 0 0 0
1612699200 0 0 0 0
1612692000 0 0 0 0
1612684800 0 0 0 0
1612677600 0 0 0 0
1612670400 0 0 0 0
1612663200 0 0 0 0
1612656000 0 0 0 0
1612648800 0 0 0 0
1612641600 0 0 0 0
1612634400 0 0 0 0
1612627200 0 0 0 0
1612620000 0 0 0 0
1612612800 0 0 0 0
1612605600 0 0 0 0
1612598400 0 0 0 0
1612591200 0 0 0 0
1612584000 0 0 0 0
1612576800 0 0 0 0
1612569600 0 0 0 0
1612562400 0 0 0 0
1612555200 0 0 0 0
1612548000 0 0 0 0
1612540800 0 0 0 0
1612533600 0 0 0 0
1612526400 0 0 0 0
1612519200 0 0 0 0
1612512000 0 0 0 0
1612504800 0 0 0 0
1612497600 0 0 0 0
1612490400 0 0 0 0
1612483200 0 0 0 0
1612476000 0 0 0 0
1612468800 0 0 0 0
1612461600 0 0 0 0
1612454400 0 0 0 0
1612447200 0 0 0 0
1612440000 0 0 0 0
1612432800 0 0 0 0
1612425600 0 0 0 0
1612418400 0 0 0 0
1612411200 0 0 0 0
1612404000 0 0 0 0
1612396800 0 0 0 0
1612389600 0 0 0 0
1612382400 0 0 0 0
1612375200 0 0 0 0
1612368000 0 0 0 0
1612360800 0 0 0 0
1612353600 0 0 0 0
1612346400 0 0 0 0
1612339200 0 0 0 0
1612332000 0 0 0 0
1612324800 0 0 0 0
1612317600 0 0 0 0
1612310400 0 0 0 0
1612303200 0 0 0 0
1612296000 0 0 0 0
1612288800 0 0 0 0
1612281600 0 0 0 0
1612274400 0 0 0 0
1612267200 0 0 0 0
1612260000 0 0 0 0
1612252800 0 0 0 0
1612245600 0 0 0 0
1612238400 0 0 0 0
1612231200 0 0 0 0
1612224000 0 0 0 0
1612216800 0 0 0 0
1612209600 0 0 0 0
1612202400 0 0 0 0
1612195200 0 0 0 0
1612188000 0 0 0 0
1612180800 0 0 0 0
1612173600 0 0 0 0
1612166400 0 0 0 0
1612159200 0 0 0 0
1612152000 0 0 0 0
1612144800 0 0 0 0
1612137600 0 0 0 0
1612130400 0 0 0 0
1612123200 0 0 0 0
1612116000 0 0 0 0
1612108800 0 0 0 0
1612101600 0 0 0 0
1612094400 0 0 0 0
1612087200 0 0 0 0
1612080000 0 0 0 0
1612072800 0 0 0 0
1612065600 0 0 0 0
1612058400 0 0 0 0
1612051200 0 0 0 0
1612044000 0 0 0 0
1612036800 0 0 0 0
1612029600 0 0 0 0
1612022400 0 0 0 0
1612015200 0 0 0 0
1612008000 0 0 0 0
1612000800 0 0 0 0
1611993600 0 0 0 0
1611986400 0 0 0 0
1611979200 0 0 0 0
1611972000 0 0 0 0
1611964800 0 0 0 0
1611957600 0 0 0 0
1611950400 0 0 0 0
1611943200 0 0 0 0
1611936000 0 0 0 0
1611928800 0 0 0 0
1611921600 0 0 0 0
1611914400 0 0 0 0
1611907200 0 0 0 0
1611900000 0 0 0 0
1611892800 0 0 0 0
1611885600 0 0 0 0
1611878400 0 0 0 0
1611871200 0 0 0 0
1611864000 0 0 0 0
1611856800 0 0 0 0
1611849600 0 0 0 0
1611842400 0 0 0 0
1611835200 0 0 0 0
1611828000 0 0 0 0
1611820800 0 0 0 0
1611813600 0 0 0 0
1611806400 0 0 0 0
1611799200 0 0 0 0
1611792000 0 0 0 0
1611784800 0 0 0 0
1611777600 0 0 0 0
1611770400 0 0 0 0
1611763200 0 0 0 0
1611756000 0 0 0 0
1611748800 0 0 0 0
1611741600 0 0 0 0
1611734400 0 0 0 0
1611727200 0 0 0 0
1611720000 0 0 0 0
1611712800 0 0 0 0
1611705600 0 0 0 0
1611698400 0 0 0 0
1611691200 0 0 0 0
1611684000 0 0 0 0
1611676800 0 0 0 0
1611669600 0 0 0 0
1611662400 0 0 0 0
1611655200 0 0 0 0
1611648000 0 0 0 0
1611640800 0 0 0 0
1611633600 0 0 0 0
1611626400 0 0 0 0
1611619200 0 0 0 0
1611612000 0 0 0 0
1611604800 0 0 0 0
1611597600 0 0 0 0
1611590400 0 0 0 0
1611583200 0 0 0 0
1611576000 0 0 0 0
1611568800 0 0 0 0
1611561600 0 0 0 0
1611554400 0 0 0 0
1611547200 0 0 0 0
1611540000 0 0 0 0
1611532800 0 0 0 0
1611525600 0 0 0 0
1611518400 0 0 0 0
1611511200 0 0 0 0
1611504000 0 0 0 0
1611496800 0 0 0 0
1611489600 0 0 0 0
1611482400 0 0 0 0
1611475200 0 0 0 0
1611468000 0 0 0 0
1611460800 0 0 0 0
1611453600 0 0 0 0
1611446400 0 0 0 0
1611439200 0 0 0 0
1611432000 0 0 0 0
1611424800 0 0 0 0
1611417600 0 0 0 0
1611410400 0 0 0 0
1611403200 0 0 0 0
1611396000 0 0 0 0
1611388800 0 0 0 0
1611381600 0 0 0 0
1611374400 0 0 0 0
1611367200 0 0 0 0
1611360000 0 0 0 0
1611352800 0 0 0 0
1611345600 0 0 0 0
1611338400 0 0 0 0
1611331200 0 0 0 0
1611324000 0 0 0 0
1611316800 0 0 0 0
1611309600 0 0 0 0
1611302400 0 0 0 0
1611295200 0 0 0 0
1611288000 0 0 0 0
1611280800 0 0 0 0
1611273600 0 0 0 0
1611266400 0 0 0 0
1611259200 0 0 0 0
1611252000 0 0 0 0
1611244800 0 0 0 0
1611237600 0 0 0 0
1611230400 0 0 0 0
1611223200 0 0 0 0
1611216000 0 0 0 0
1611208800 0 0 0 0
1611201600 0 0 0 0
1611194400 0 0 0 0
1611187200 0 0 0 0
1611180000 0 0 0 0
1611172800 0 0 0 0
1611165600 0 0 0 0
1611158400 0 0 0 0
1611151200 0 0 0 0
1611144000 0 0 0 0
1611136800 0 0 0 0
1611129600 0 0 0 0
1611122400 0 0 0 0
1611115200 0 0 0 0
1611108000 0 0 0 0
1611100800 0 0 0 0
1611093600 0 0 0 0
1611086400 0 0 0 0
1611079200 0 0 0 0
1611072000 0 0 0 0
1611064800 0 0 0 0
1611057600 0 0 0 0
1611050400 0 0 0 0
1611043200 0 0 0 0
1611036000 0 0 0 0
1611028800 0 0 0 0
1611021600 0 0 0 0
1611014400 0 0 0 0
1611007200 0 0 0 0
1611000000 0 0 0 0
1610992800 0 0 0 0
1610985600 0 0 0 0
1610978400 0 0 0 0
1610971200 0 0 0 0
1610964000 0 0 0 0
1610956800 0 0 0 0
1610949600 0 0 0 0
1610942400 0 0 0 0
1610935200 0 0 0 0
1610928000 0 0 0 0
1610920800 0 0 0 0
1610913600 0 0 0 0
1610906400 0 0 0 0
1610899200 0 0 0 0
1610892000 0 0 0 0
1610884800 0 0 0 0
1610877600 0 0 0 0
1610841600 0 0 0 0
1610755200 0 0 0 0
1610668800 0 0 0 0
1610582400 0 0 0 0
1610496000 0 0 0 0
1610409600 0 0 0 0
1610323200 0 0 0 0
1610236800 0 0 0 0
1610150400 0 0 0 0
1610064000 0 0 0 0
1609977600 0 0 0 0
1609891200 0 0 0 0
1609804800 0 0 0 0
1609718400 0 0 0 0
1609632000 0 0 0 0
1609545600 0 0 0 0
1609459200 0 0 0 0
1609372800 0 0 0 0
1609286400 0 0 0 0
1609200000 0 0 0 0
1609113600 0 0 0 0
1609027200 0 0 0 0
1608940800 0 0 0 0
1608854400 0 0 0 0
1608768000 0 0 0 0
1608681600 0 0 0 0
1608595200 0 0 0 0
1608508800 0 0 0 0
1608422400 0 0 0 0
1608336000 0 0 0 0
1608249600 0 0 0 0
1608163200 0 0 0 0
1608076800 0 0 0 0
1607990400 0 0 0 0
1607904000 0 0 0 0
1607817600 0 0 0 0
1607731200 0 0 0 0
1607644800 0 0 0 0
1607558400 0 0 0 0
1607472000 0 0 0 0
1607385600 0 0 0 0
1607299200 0 0 0 0
1607212800 0 0 0 0
1607126400 0 0 0 0
1607040000 0 0 0 0
1606953600 0 0 0 0
1606867200 0 0 0 0
1606780800 0 0 0 0
1606694400 0 0 0 0
1606608000 0 0 0 0
1606521600 0 0 0 0
1606435200 0 0 0 0
1606348800 0 0 0 0
1606262400 0 0 0 0
1606176000 0 0 0 0
1606089600 0 0 0 0
1606003200 0 0 0 0
1605916800 0 0 0 0
1605830400 0 0 0 0
1605744000 0 0 0 0
1605657600 0 0 0 0
1605571200 0 0 0 0
1605484800 0 0 0 0
1605398400 0 0 0 0
1605312000 0 0 0 0
1605225600 0 0 0 0
1605139200 0 0 0 0
1605052800 0 0 0 0
1604966400 0 0 0 0
1604880000 0 0 0 0
1604793600 0 0 0 0
1604707200 0 0 0 0
1604620800 0 0 0 0
1604534400 0 0 0 0
1604448000 0 0 0 0
1604361600 0 0 0 0
1604275200 0 0 0 0
1604188800 0 0 0 0
1604102400 0 0 0 0
1604016000 0 0 0 0
1603929600 0 0 0 0
1603843200 0 0 0 0
1603756800 0 0 0 0
1603670400 0 0 0 0
1603584000 0 0 0 0
1603497600 0 0 0 0
1603411200 0 0 0 0
1603324800 0 0 0 0
1603238400 0 0 0 0
1603152000 0 0 0 0
1603065600 0 0 0 0
1602979200 0 0 0 0
1602892800 0 0 0 0
1602806400 0 0 0 0
1602720000 0 0 0 0
1602633600 0 0 0 0
1602547200 0 0 0 0
1602460800 0 0 0 0
1602374400 0 0 0 0
1602288000 0 0 0 0
1602201600 0 0 0 0
1602115200 0 0 0 0
1602028800 0 0 0 0
1601942400 0 0 0 0
1601856000 0 0 0 0
1601769600 0 0 0 0
1601683200 0 0 0 0
1601596800 0 0 0 0
1601510400 0 0 0 0
1601424000 0 0 0 0
1601337600 0 0 0 0
1601251200 0 0 0 0
1601164800 0 0 0 0
1601078400 0 0 0 0
1600992000 0 0 0 0
1600905600 0 0 0 0
1600819200 0 0 0 0
1600732800 0 0 0 0
1600646400 0 0 0 0
1600560000 0 0 0 0
1600473600 0 0 0 0
1600387200 0 0 0 0
1600300800 0 0 0 0
1600214400 0 0 0 0
1600128000 0 0 0 0
1600041600 0 0 0 0
1599955200 0 0 0 0
1599868800 0 0 0 0
1599782400 0 0 0 0
1599696000 0 0 0 0
1599609600 0 0 0 0
1599523200 0 0 0 0
1599436800 0 0 0 0
1599350400 0 0 0 0
1599264000 0 0 0 0
1599177600 0 0 0 0
1599091200 0 0 0 0
1599004800 0 0 0 0
1598918400 0 0 0 0
1598832000 0 0 0 0
1598745600 0 0 0 0
1598659200 0 0 0 0
1598572800 0 0 0 0
1598486400 0 0 0 0
1598400000 0 0 0 0
1598313600 0 0 0 0
1598227200 0 0 0 0
1598140800 0 0 0 0
1598054400 0 0 0 0
1597968000 0 0 0 0
1597881600 0 0 0 0
1597795200 0 0 0 0
1597708800 0 0 0 0
1597622400 0 0 0 0
1597536000 0 0 0 0
1597449600 0 0 0 0
1597363200 0 0 0 0
1597276800 0 0 0 0
1597190400 0 0 0 0
1597104000 0 0 0 0
1597017600 0 0 0 0
1596931200 0 0 0 0
1596844800 0 0 0 0
1596758400 0 0 0 0
1596672000 0 0 0 0
1596585600 0 0 0 0
1596499200 0 0 0 0
1596412800 0 0 0 0
1596326400 0 0 0 0
1596240000 0 0 0 0
1596153600 0 0 0 0
1596067200 0 0 0 0
1595980800 0 0 0 0
1595894400 0 0 0 0
1595808000 0 0 0 0
1595721600 0 0 0 0
1595635200 0 0 0 0
1595548800 0 0 0 0
1595462400 0 0 0 0
1595376000 0 0 0 0
1595289600 0 0 0 0
1595203200 0 0 0 0
1595116800 0 0 0 0
1595030400 0 0 0 0
1594944000 0 0 0 0
1594857600 0 0 0 0
1594771200 0 0 0 0
1594684800 0 0 0 0
1594598400 0 0 0 0
1594512000 0 0 0 0
1594425600 0 0 0 0
1594339200 0 0 0 0
1594252800 0 0 0 0
1594166400 0 0 0 0
1594080000 0 0 0 0
1593993600 0 0 0 0
1593907200 0 0 0 0
1593820800 0 0 0 0
1593734400 0 0 0 0
1593648000 0 0 0 0
1593561600 0 0 0 0
1593475200 0 0 0 0
1593388800 0 0 0 0
1593302400 0 0 0 0
1593216000 0 0 0 0
1593129600 0 0 0 0
1593043200 0 0 0 0
1592956800 0 0 0 0
1592870400 0 0 0 0
1592784000 0 0 0 0
1592697600 0 0 0 0
1592611200 0 0 0 0
1592524800 0 0 0 0
1592438400 0 0 0 0
1592352000 0 0 0 0
1592265600 0 0 0 0
1592179200 0 0 0 0
1592092800 0 0 0 0
1592006400 0 0 0 0
1591920000 0 0 0 0
1591833600 0 0 0 0
1591747200 0 0 0 0
1591660800 0 0 0 0
1591574400 0 0 0 0
1591488000 0 0 0 0
1591401600 0 0 0 0
1591315200 0 0 0 0
1591228800 0 0 0 0
1591142400 0 0 0 0
1591056000 0 0 0 0
1590969600 0 0 0 0
1590883200 0 0 0 0
1590796800 0 0 0 0
1590710400 0 0 0 0
1590624000 0 0 0 0
1590537600 0 0 0 0
1590451200 0 0 0 0
1590364800 0 0 0 0
1590278400 0 0 0 0
1590192000 0 0 0 0
1590105600 0 0 0 0
1590019200 0 0 0 0
1589932800 0 0 0 0
1589846400 0 0 0 0
1589760000 0 0 0 0
1589673600 0 0 0 0
1589587200 0 0 0 0
1589500800 0 0 0 0
1589414400 0 0 0 0
1589328000 0 0 0 0
1589241600 0 0 0 0
1589155200 0 0 0 0
1589068800 0 0 0 0
1588982400 0 0 0 0
1588896000 0 0 0 0
1588809600 0 0 0 0
1588723200 0 0 0 0
1588636800 0 0 0 0
1588550400 0 0 0 0
1588464000 0 0 0 0
1588377600 0 0 0 0
1588291200 0 0 0 0
1588204800 0 0 0 0
1588118400 0 0 0 0
1588032000 0 0 0 0
1587945600 0 0 0 0
1587859200 0 0 0 0
1587772800 0 0 0 0
1587686400 0 0 0 0
1587600000 0 0 0 0
1587513600 0 0 0 0
1587427200 0 0 0 0
1587340800 0 0 0 0
1587254400 0 0 0 0
1587168000 0 0 0 0
1587081600 0 0 0 0
1586995200 0 0 0 0
1586908800 0 0 0 0
1586822400 0 0 0 0
1586736000 0 0 0 0
1586649600 0 0 0 0
1586563200 0 0 0 0
1586476800 0 0 0 0
1586390400 0 0 0 0
1586304000 0 0 0 0
1586217600 0 0 0 0
1586131200 0 0 0 0
1586044800 0 0 0 0
1585958400 0 0 0 0
1585872000 0 0 0 0
1585785600 0 0 0 0
1585699200 0 0 0 0
1585612800 0 0 0 0
1585526400 0 0 0 0
1585440000 0 0 0 0
1585353600 0 0 0 0
1585267200 0 0 0 0
1585180800 0 0 0 0
1585094400 0 0 0 0
1585008000 0 0 0 0
1584921600 0 0 0 0
1584835200 0 0 0 0
1584748800 0 0 0 0
1584662400 0 0 0 0
1584576000 0 0 0 0
1584489600 0 0 0 0
1584403200 0 0 0 0
1584316800 0 0 0 0
1584230400 0 0 0 0
1584144000 0 0 0 0
1584057600 0 0 0 0
1583971200 0 0 0 0
1583884800 0 0 0 0
1583798400 0 0 0 0
1583712000 0 0 0 0
1583625600 0 0 0 0
1583539200 0 0 0 0
1583452800 0 0 0 0
1583366400 0 0 0 0
1583280000 0 0 0 0
1583193600 0 0 0 0
1583107200 0 0 0 0
1583020800 0 0 0 0
1582934400 0 0 0 0
1582848000 0 0 0 0
1582761600 0 0 0 0
1582675200 0 0 0 0
1582588800 0 0 0 0
1582502400 0 0 0 0
1582416000 0 0 0 0
1582329600 0 0 0 0
1582243200 0 0 0 0
1582156800 0 0 0 0
1582070400 0 0 0 0
1581984000 0 0 0 0
1581897600 0 0 0 0
1581811200 0 0 0 0
1581724800 0 0 0 0
1581638400 0 0 0 0
1581552000 0 0 0 0
1581465600 0 0 0 0
1581379200 0 0 0 0
1581292800 0 0 0 0
1581206400 0 0 0 0
1581120000 0 0 0 0
1581033600 0 0 0 0
1580947200 0 0 0 0
1580860800 0 0 0 0
1580774400 0 0 0 0
1580688000 0 0 0 0
1580601600 0 0 0 0
1580515200 0 0 0 0
1580428800 0 0 0 0
1580342400 0 0 0 0
1580256000 0 0 0 0
1580169600 0 0 0 0
1580083200 0 0 0 0
1579996800 0 0 0 0
1579910400 0 0 0 0
1579824000 0 0 0 0
1579737600 0 0 0 0
1579651200 0 0 0 0
1579564800 0 0 0 0
1579478400 0 0 0 0
1579392000 0 0 0 0
1579305600 0 0 0 0
1579219200 0 0 0 0
1579132800 0 0 0 0
1579046400 0 0 0 0
1578960000 0 0 0 0
1578873600 0 0 0 0
1578787200 0 0 0 0
1578700800 0 0 0 0
1578614400 0 0 0 0
1578528000 0 0 0 0
1578441600 0 0 0 0
1578355200 0 0 0 0
1578268800 0 0 0 0
1578182400 0 0 0 0
1578096000 0 0 0 0
1578009600 0 0 0 0
1577923200 0 0 0 0
1577836800 0 0 0 0
1577750400 0 0 0 0
1577664000 0 0 0 0
1577577600 0 0 0 0
1577491200 0 0 0 0
1577404800 0 0 0 0
1577318400 0 0 0 0
1577232000 0 0 0 0
1577145600 0 0 0 0
1577059200 0 0 0 0
1576972800 0 0 0 0
1576886400 0 0 0 0
1576800000 0 0 0 0
1576713600 0 0 0 0
1576627200 0 0 0 0
1576540800 0 0 0 0
1576454400 0 0 0 0
1576368000 0 0 0 0
1576281600 0 0 0 0
1576195200 0 0 0 0
1576108800 0 0 0 0
1576022400 0 0 0 0
1575936000 0 0 0 0
1575849600 0 0 0 0
1575763200 0 0 0 0
1575676800 0 0 0 0
1575590400 0 0 0 0
1575504000 0 0 0 0
1575417600 0 0 0 0
1575331200 0 0 0 0
1575244800 0 0 0 0
1575158400 0 0 0 0
1575072000 0 0 0 0
1574985600 0 0 0 0
1574899200 0 0 0 0
1574812800 0 0 0 0
1574726400 0 0 0 0
1574640000 0 0 0 0
1574553600 0 0 0 0
1574467200 0 0 0 0
1574380800 0 0 0 0
1574294400 0 0 0 0
1574208000 0 0 0 0
1574121600 0 0 0 0
1574035200 0 0 0 0
1573948800 0 0 0 0
1573862400 0 0 0 0
1573776000 0 0 0 0
1573689600 0 0 0 0
1573603200 0 0 0 0
1573516800 0 0 0 0
1573430400 0 0 0 0
1573344000 0 0 0 0
1573257600 0 0 0 0
1573171200 0 0 0 0
1573084800 0 0 0 0
1572998400 0 0 0 0
1572912000 0 0 0 0
1572825600 0 0 0 0
1572739200 0 0 0 0
1572652800 0 0 0 0
1572566400 0 0 0 0
1572480000 0 0 0 0
1572393600 0 0 0 0
1572307200 0 0 0 0
1572220800 0 0 0 0
1572134400 0 0 0 0
1572048000 0 0 0 0
1571961600 0 0 0 0
1571875200 0 0 0 0
1571788800 0 0 0 0
1571702400 0 0 0 0
1571616000 0 0 0 0
1571529600 0 0 0 0
1571443200 0 0 0 0
1571356800 0 0 0 0
1571270400 0 0 0 0
1571184000 0 0 0 0
1571097600 0 0 0 0
1571011200 0 0 0 0
1570924800 0 0 0 0
1570838400 0 0 0 0
1570752000 0 0 0 0
1570665600 0 0 0 0
1570579200 0 0 0 0
1570492800 0 0 0 0
1570406400 0 0 0 0
1570320000 0 0 0 0
1570233600 0 0 0 0
1570147200 0 0 0 0
1570060800 0 0 0 0
1569974400 0 0 0 0
1569888000 0 0 0 0
1569801600 0 0 0 0
1569715200 0 0 0 0
1569628800 0 0 0 0
1569542400 0 0 0 0
1569456000 0 0 0 0
1569369600 0 0 0 0
1569283200 0 0 0 0
1569196800 0 0 0 0
1569110400 0 0 0 0
1569024000 0 0 0 0
1568937600 0 0 0 0
1568851200 0 0 0 0
1568764800 0 0 0 0
1568678400 0 0 0 0
1568592000 0 0 0 0
1568505600 0 0 0 0
1568419200 0 0 0 0
1568332800 0 0 0 0
1568246400 0 0 0 0
1568160000 0 0 0 0
1568073600 0 0 0 0
1567987200 0 0 0 0
1567900800 0 0 0 0
1567814400 0 0 0 0
1567728000 0 0 0 0
1567641600 0 0 0 0
1567555200 0 0 0 0
1567468800 0 0 0 0
1567382400 0 0 0 0
1567296000 0 0 0 0
1567209600 0 0 0 0
1567123200 0 0 0 0
1567036800 0 0 0 0
1566950400 0 0 0 0
1566864000 0 0 0 0
1566777600 0 0 0 0
1566691200 0 0 0 0
1566604800 0 0 0 0
1566518400 0 0 0 0
1566432000 0 0 0 0
1566345600 0 0 0 0
1566259200 0 0 0 0
1566172800 0 0 0 0
1566086400 0 0 0 0
1566000000 0 0 0 0
1565913600 0 0 0 0
1565827200 0 0 0 0
1565740800 0 0 0 0
1565654400 0 0 0 0
1565568000 0 0 0 0
1565481600 0 0 0 0
1565395200 0 0 0 0
1565308800 0 0 0 0
1565222400 0 0 0 0
1565136000 0 0 0 0
1565049600 0 0 0 0
1564963200 0 0 0 0
1564876800 0 0 0 0
1564790400 0 0 0 0
1564704000 0 0 0 0
1564617600 0 0 0 0
1564531200 0 0 0 0
1564444800 0 0 0 0
1564358400 0 0 0 0
1564272000 0 0 0 0
1564185600 0 0 0 0
1564099200 0 0 0 0
1564012800 0 0 0 0
1563926400 0 0 0 0
1563840000 0 0 0 0
1563753600 0 0 0 0
1563667200 0 0 0 0
1563580800 0 0 0 0
1563494400 0 0 0 0
1563408000 0 0 0 0
1563321600 0 0 0 0
1563235200 0 0 0 0
1563148800 0 0 0 0
1563062400 0 0 0 0
1562976000 0 0 0 0
1562889600 0 0 0 0
1562803200 0 0 0 0
1562716800 0 0 0 0
1562630400 0 0 0 0
1562544000 0 0 0 0
1562457600 0 0 0 0
1562371200 0 0 0 0
1562284800 0 0 0 0
1562198400 0 0 0 0
1562112000 0 0 0 0
1562025600 0 0 0 0
1561939200 0 0 0 0
1561852800 0 0 0 0
1561766400 0 0 0 0
1561680000 0 0 0 0
1561593600 0 0 0 0
1561507200 0 0 0 0
1561420800 0 0 0 0
1561334400 0 0 0 0
1561248000 0 0 0 0
1561161600 0 0 0 0
1561075200 0 0 0 0
1560988800 0 0 0 0
1560902400 0 0 0 0
1560816000 0 0 0 0
1560729600 0 0 0 0
1560643200 0 0 0 0
1560556800 0 0 0 0
1560470400 0 0 0 0
1560384000 0 0 0 0
1560297600 0 0 0 0
1560211200 0 0 0 0
1560124800 0 0 0 0
1560038400 0 0 0 0
1559952000 0 0 0 0
1559865600 0 0 0 0
1559779200 0 0 0 0
1559692800 0 0 0 0
1559606400 0 0 0 0
1559520000 0 0 0 0
1559433600 0 0 0 0
1559347200 0 0 0 0
1559260800 0 0 0 0
1559174400 0 0 0 0
1559088000 0 0 0 0
1559001600 0 0 0 0
1558915200 0 0 0 0
1558828800 0 0 0 0
1558742400 0 0 0 0
1558656000 0 0 0 0
1558569600 0 0 0 0
1558483200 0 0 0 0
1558396800 0 0 0 0
1558310400 0 0 0 0
1558224000 0 0 0 0
1558137600 0 0 0 0
1558051200 0 0 0 0
1557964800 0 0 0 0
1557878400 0 0 0 0
1557792000 0 0 0 0
1557705600 0 0 0 0
1557619200 0 0 0 0
1557532800 0 0 0 0
1557446400 0 0 0 0
1557360000 0 0 0 0
1557273600 0 0 0 0
1557187200 0 0 0 0
1557100800 0 0 0 0
1557014400 0 0 0 0
1556928000 0 0 0 0
1556841600 0 0 0 0
1556755200 0 0 0 0
1556668800 0 0 0 0
1556582400 0 0 0 0
1556496000 0 0 0 0
1556409600 0 0 0 0
1556323200 0 0 0 0
1556236800 0 0 0 0
1556150400 0 0 0 0
1556064000 0 0 0 0
1555977600 0 0 0 0
1555891200 0 0 0 0
1555804800 0 0 0 0
1555718400 0 0 0 0
1555632000 0 0 0 0
1555545600 0 0 0 0
1555459200 0 0 0 0
1555372800 0 0 0 0
1555286400 0 0 0 0
1555200000 0 0 0 0
1555113600 0 0 0 0
1555027200 0 0 0 0
1554940800 0 0 0 0
1554854400 0 0 0 0
1554768000 0 0 0 0
1554681600 0 0 0 0
1554595200 0 0 0 0
1554508800 0 0 0 0
1554422400 0 0 0 0
1554336000 0 0 0 0
1554249600 0 0 0 0
1554163200 0 0 0 0
1554076800 0 0 0 0
1553990400 0 0 0 0
1553904000 0 0 0 0
1553817600 0 0 0 0
1553731200 0 0 0 0
1553644800 0 0 0 0
1553558400 0 0 0 0
1553472000 0 0 0 0
1553385600 0 0 0 0
1553299200 0 0 0 0
1553212800 0 0 0 0
1553126400 0 0 0 0
1553040000 0 0 0 0
1552953600 0 0 0 0
1552867200 0 0 0 0
1552780800 0 0 0 0
1552694400 0 0 0 0
1552608000 0 0 0 0
1552521600 0 0 0 0
1552435200 0 0 0 0
1552348800 0 0 0 0
1552262400 0 0 0 0
1552176000 0 0 0 0
1552089600 0 0 0 0
1552003200 0 0 0 0
1551916800 0 0 0 0
1551830400 0 0 0 0
1551744000 0 0 0 0
1551657600 0 0 0 0
1551571200 0 0 0 0
1551484800 0 0 0 0
1551398400 0 0 0 0
1551312000 0 0 0 0
1551225600 0 0 0 0
1551139200 0 0 0 0
1551052800 0 0 0 0
1550966400 0 0 0 0
1550880000 0 0 0 0
1550793600 0 0 0 0
1550707200 0 0 0 0
1550620800 0 0 0 0
1550534400 0 0 0 0
1550448000 0 0 0 0
1550361600 0 0 0 0
1550275200 0 0 0 0
1550188800 0 0 0 0
1550102400 0 0 0 0
1550016000 0 0 0 0
1549929600 0 0 0 0
1549843200 0 0 0 0
1549756800 0 0 0 0
1549670400 0 0 0 0
1549584000 0 0 0 0
1549497600 0 0 0 0
1549411200 0 0 0 0
1549324800 0 0 0 0
1549238400 0 0 0 0
1549152000 0 0 0 0
1549065600 0 0 0 0
1548979200 0 0 0 0
1548892800 0 0 0 0
1548806400 0 0 0 0
1548720000 0 0 0 0
1548633600 0 0 0 0
1548547200 0 0 0 0
1548460800 0 0 0 0
1548374400 0 0 0 0
1548288000 0 0 0 0
1548201600 0 0 0 0
1548115200 0 0 0 0
1548028800 0 0 0 0
1547942400 0 0 0 0
1547856000 0 0 0 0
1547769600 0 0 0 0
1547683200 0 0 0 0
