1616464921 1823388228 3091088925
1616464921 414 738 414 738
1616464021 505 879 505 879
1616463900 505 879 505 879
1616463600 505 879 505 879
1616463300 516 874 534 879
1616463000 534 867 534 867
1616462700 534 867 534 867
1616462400 568 885 620 914
1616462100 620 914 620 914
1616461800 620 914 620 914
1616461500 720 976 867 1068
1616461200 867 1068 867 1068
1616460900 867 1068 867 1068
1616460600 882 1078 906 1095
1616460300 906 1095 906 1095
1616460000 906 1095 906 1095
1616459700 816 1014 906 1095
1616459400 686 897 686 897
1616459100 686 897 686 897
1616458800 653 883 686 897
1616458500 605 863 605 863
1616458200 605 863 605 863
1616457900 612 875 624 894
1616457600 624 894 624 894
1616457300 624 894 624 894
1616457000 663 899 721 908
1616456700 721 908 721 908
1616456400 721 908 721 908
1616456100 678 877 721 908
1616455800 615 832 615 832
1616455500 615 832 615 832
1616455200 571 819 615 832
1616454900 508 801 508 801
1616454600 508 801 508 801
1616454300 511 798 517 801
1616454000 517 795 517 795
1616453700 517 795 517 795
1616453400 509 1158 517 1697
1616453100 499 1697 499 1697
1616452800 499 1697 499 1697
1616452500 450 1318 499 1697
1616452200 379 759 379 759
1616451900 379 759 379 759
1616451600 373 700 379 759
1616451300 365 613 365 613
1616451000 365 613 365 613
1616450700 336 651 365 708
1616450400 296 708 296 708
1616450100 296 708 296 708
1616449800 321 747 359 806
1616449500 359 806 359 806
1616449200 359 806 359 806
1616448900 354 796 359 806
1616448600 348 783 348 783
1616448300 348 783 348 783
1616448000 385 763 440 783
1616447700 440 736 440 736
1616447400 440 736 440 736
1616447100 444 779 451 842
1616446800 451 842 451 842
1616446500 451 842 451 842
1616446200 564 893 730 969
1616445900 730 969 730 969
1616445600 730 969 730 969
1616445300 811 1050 931 1170
1616445000 931 1170 931 1170
1616444700 931 1170 931 1170
1616444400 920 1154 931 1170
1616444100 905 1132 905 1132
1616443800 905 1132 905 1132
1616443500 788 1040 905 1132
1616443200 615 906 615 906
1616442900 615 906 615 906
1616442600 579 868 615 906
1616442300 528 812 528 812
1616442000 528 812 528 812
1616441700 518 827 528 851
1616441400 505 851 505 851
1616441100 505 851 505 851
1616440800 509 865 515 888
1616440500 515 888 515 888
1616440200 515 888 515 888
1616439900 524 875 539 888
1616439600 539 858 539 858
1616439300 539 858 539 858
1616439000 534 836 539 858
1616438700 528 804 528 804
1616438400 528 804 528 804
1616438100 521 843 528 902
1616437800 513 902 513 902
1616437500 513 902 513 902
1616437200 1306 1632 2480 2714
1616436900 2480 2714 2480 2714
1616436600 2480 2714 2480 2714
1616436300 1665 1937 2480 2714
1616436000 476 804 476 804
1616435700 476 804 476 804
1616435400 444 774 476 804
1616435100 399 731 399 731
1616434800 399 731 399 731
1616434500 409 752 424 785
1616434200 424 785 424 785
1616433900 424 785 424 785
1616433600 423 793 424 806
1616433300 422 806 422 806
1616433000 422 806 422 806
1616432700 414 775 422 806
1616432400 403 731 403 731
1616432100 403 731 403 731
1616431800 413 750 430 780
1616431500 430 780 430 780
1616431200 430 780 430 780
1616430900 424 772 430 780
1616430600 416 761 416 761
1616430300 416 761 416 761
1616430000 391 747 416 761
1616429700 356 727 356 727
1616429400 356 727 356 727
1616429100 372 747 397 777
1616428800 397 777 397 777
1616428500 397 777 397 777
1616428200 523 867 711 1001
1616427900 711 1001 711 1001
1616427600 711 1001 711 1001
1616427300 573 904 711 1001
1616427000 370 761 370 761
1616426700 370 761 370 761
1616426400 384 786 407 824
1616426100 407 824 407 824
1616425800 407 824 407 824
1616425500 794 1169 1368 1681
1616425200 1368 1681 1368 1681
1616424900 1368 1681 1368 1681
1616424600 1104 1414 1368 1681
1616424300 715 1021 715 1021
1616424000 715 1021 715 1021
1616423700 744 1041 787 1073
1616423400 787 1073 787 1073
1616423100 787 1073 787 1073
1616422800 774 1055 787 1073
1616422500 757 1030 757 1030
1616422200 757 1030 757 1030
1616421900 646 945 757 1030
1616421600 483 820 483 820
1616421300 483 820 483 820
1616421000 506 841 542 873
1616420700 542 873 542 873
1616420400 542 873 542 873
1616420100 559 874 584 877
1616419800 584 877 584 877
1616419500 584 877 584 877
1616419200 569 880 584 886
1616418900 548 886 548 886
1616418600 548 886 548 886
1616418300 543 884 548 886
1616418000 537 882 537 882
1616417700 537 882 537 882
1616417400 558 946 590 1042
1616417100 590 1042 590 1042
1616416800 590 1042 590 1042
1616416500 585 1027 590 1042
1616416200 580 1007 580 1007
1616415900 580 1007 580 1007
1616415600 570 1000 580 1007
1616415300 556 990 556 990
1616415000 556 990 556 990
1616414700 587 979 635 990
1616414400 635 965 635 965
1616414100 635 965 635 965
1616413800 751 1045 921 1164
1616413500 921 1164 921 1164
1616413200 921 1164 921 1164
1616412900 880 1146 921 1164
1616412600 821 1121 821 1121
1616412300 821 1121 821 1121
1616412000 710 1039 821 1121
1616411700 548 918 548 918
1616411400 548 918 548 918
1616411100 609 1423 701 2172
1616410800 701 2172 701 2172
1616410500 701 2172 701 2172
1616410200 589 1630 701 2172
1616409900 427 840 427 840
1616409600 427 840 427 840
1616409300 444 841 471 843
1616409000 471 843 471 843
1616408700 471 843 471 843
1616408400 462 787 471 843
1616408100 449 705 449 705
1616407800 449 705 449 705
1616407500 463 759 485 840
1616407200 485 840 485 840
1616406900 485 840 485 840
1616406600 491 856 501 880
1616406300 501 880 501 880
1616406000 501 880 501 880
1616405700 466 859 501 880
1616405400 415 829 415 829
1616405100 415 829 415 829
1616404800 403 855 415 895
1616404500 387 895 387 895
1616404200 387 895 387 895
1616403900 384 899 387 906
1616403600 382 906 382 906
1616403300 382 906 382 906
1616403000 420 831 476 906
1616402700 476 722 476 722
1616402400 476 722 476 722
1616402100 465 811 476 943
1616401800 451 943 451 943
1616401500 451 943 451 943
1616401200 478 965 520 1000
1616400900 520 1000 520 1000
1616400600 520 1000 520 1000
1616400300 497 984 520 1000
1616400000 463 962 463 962
1616399700 463 962 463 962
1616399400 434 941 463 962
1616399100 393 912 393 912
1616398800 393 912 393 912
1616398500 398 918 407 929
1616398200 407 929 407 929
1616397900 407 929 407 929
1616397600 564 1073 795 1285
1616397300 795 1285 795 1285
1616397000 795 1285 795 1285
1616396700 896 1341 1044 1424
1616396400 1044 1424 1044 1424
1616396100 1044 1424 1044 1424
1616395800 1175 1511 1370 1641
1616395500 1370 1641 1370 1641
1616395200 1370 1641 1370 1641
1616394900 1344 1630 1370 1641
1616394600 1308 1615 1308 1615
1616394300 1308 1615 1308 1615
1616394000 1415 1612 1574 1615
1616393700 1574 1610 1574 1610
1616393400 1574 1610 1574 1610
1616393100 1205 1418 1574 1610
1616392800 661 1136 661 1136
1616392500 661 1136 661 1136
1616392200 650 1127 661 1136
1616391900 634 1115 634 1115
1616391600 634 1115 634 1115
1616391300 588 1084 634 1115
1616391000 521 1041 521 1041
1616390700 521 1041 521 1041
1616390400 531 1062 547 1094
1616390100 547 1094 547 1094
1616389800 547 1094 547 1094
1616389500 624 1158 740 1253
1616389200 740 1253 740 1253
1616388900 740 1253 740 1253
1616388600 731 1242 740 1253
1616388300 719 1228 719 1228
1616388000 719 1228 719 1228
1616387700 744 1209 783 1228
1616387400 783 1183 783 1183
1616387100 783 1183 783 1183
1616386800 665 1091 783 1183
1616386500 492 957 492 957
1616386200 492 957 492 957
1616385900 495 958 501 961
1616385600 501 961 501 961
1616385300 501 961 501 961
1616385000 522 931 554 961
1616384700 554 889 554 889
1616384400 554 889 554 889
1616384100 545 880 554 889
1616383800 533 869 533 869
1616383500 533 869 533 869
1616383200 466 819 533 869
1616382900 369 746 369 746
1616382600 369 746 369 746
1616382300 396 775 436 818
1616382000 436 818 436 818
1616381700 436 818 436 818
1616381400 461 834 498 859
1616381100 498 859 498 859
1616380800 498 859 498 859
1616380500 637 983 842 1166
1616380200 842 1166 842 1166
1616379900 842 1166 842 1166
1616379600 784 1048 842 1166
1616379300 701 878 701 878
1616379000 701 878 701 878
1616378700 667 920 701 983
1616378400 617 983 617 983
1616378100 617 983 617 983
1616377800 640 994 675 1012
1616377500 675 1012 675 1012
1616377200 675 1012 675 1012
1616376900 749 1043 860 1091
1616376600 860 1091 860 1091
1616376300 860 1091 860 1091
1616376000 883 1119 918 1162
1616375700 918 1162 918 1162
1616375400 918 1162 918 1162
1616375100 933 1158 957 1162
1616374800 957 1154 957 1154
1616374500 957 1154 957 1154
1616374200 899 1112 957 1154
1616373900 815 1052 815 1052
1616373600 815 1052 815 1052
1616373300 802 1033 815 1052
1616373000 784 1005 784 1005
1616372700 784 1005 784 1005
1616372400 795 1019 813 1042
1616372100 813 1042 813 1042
1616371800 813 1042 813 1042
1616371500 766 993 813 1042
1616371200 697 921 697 921
1616370900 697 921 697 921
1616370600 681 917 697 921
1616370300 659 912 659 912
1616370000 659 912 659 912
1616369700 651 892 659 912
1616369400 640 863 640 863
1616369100 640 863 640 863
1616368800 655 877 678 899
1616368500 678 899 678 899
1616368200 678 899 678 899
1616367900 785 919 944 950
1616367600 944 950 944 950
1616367300 944 950 944 950
1616367000 895 1296 944 1809
1616366700 823 1809 823 1809
1616366400 823 1809 823 1809
1616366100 1165 1832 1673 1867
1616365800 1673 1867 1673 1867
1616365500 1673 1867 1673 1867
1616365200 1272 1441 1673 1867
1616364900 681 811 681 811
1616364600 681 811 681 811
1616364300 701 856 731 924
1616364000 731 924 731 924
1616363700 731 924 731 924
1616363400 1124 915 1707 924
1616363100 1707 902 1707 902
1616362800 1707 902 1707 902
1616362500 1297 919 1707 946
1616362200 692 946 692 946
1616361900 692 946 692 946
1616361600 667 966 692 998
1616361300 631 998 631 998
1616361000 631 998 631 998
1616360700 659 971 702 998
1616360400 702 933 702 933
1616360100 702 933 702 933
1616359800 779 1016 894 1141
1616359500 894 1141 894 1141
1616359200 894 1141 894 1141
1616358900 2768 2917 5541 5546
1616358600 5541 5546 5541 5546
1616358300 5541 5546 5541 5546
1616358000 4696 4810 5541 5546
1616357700 3447 3722 3447 3722
1616357400 3447 3722 3447 3722
1616357100 2300 2574 3447 3722
1616356800 604 877 604 877
1616356500 604 877 604 877
1616356200 636 889 683 907
1616355900 683 907 683 907
1616355600 683 907 683 907
1616355300 655 900 683 907
1616355000 614 890 614 890
1616354700 614 890 614 890
1616354400 640 888 679 890
1616354100 679 886 679 886
1616353800 679 886 679 886
1616353500 572 827 679 886
1616353200 417 741 417 741
1616352900 417 741 417 741
1616352600 405 728 417 741
1616352300 389 711 389 711
1616352000 389 711 389 711
1616351700 366 702 389 711
1616351400 334 689 334 689
1616351100 334 689 334 689
1616350800 354 646 384 689
1616350500 384 583 384 583
1616350200 384 583 384 583
1616349900 459 4129 571 9377
1616349600 571 9377 571 9377
1616349300 571 9377 571 9377
1616349000 471 5841 571 9377
1616348700 327 683 327 683
1616348400 327 683 327 683
1616348100 324 686 327 692
1616347800 320 692 320 692
1616347500 320 692 320 692
1616347200 317 699 320 710
1616346900 314 710 314 710
1616346600 314 710 314 710
1616346300 318 706 325 710
1616346000 325 701 325 701
1616345700 325 701 325 701
1616345400 336 746 353 813
1616345100 353 813 353 813
1616344800 353 813 353 813
1616344500 349 805 353 813
1616344200 345 795 345 795
1616343900 345 795 345 795
1616343600 343 781 345 795
1616343300 342 762 342 762
1616343000 342 762 342 762
1616342700 335 763 342 765
1616342400 327 765 327 765
1616342100 327 765 327 765
1616341800 329 759 334 765
1616341500 334 751 334 751
1616341200 334 751 334 751
1616340900 350 754 374 760
1616340600 374 760 374 760
1616340300 374 760 374 760
1616340000 378 775 384 798
1616339700 384 798 384 798
1616339400 384 798 384 798
1616339100 388 777 394 798
1616338800 394 746 394 746
1616338500 394 746 394 746
1616338200 398 746 404 746
1616337900 404 746 404 746
1616337600 404 746 404 746
1616337300 394 749 404 755
1616337000 380 755 380 755
1616336700 380 755 380 755
1616336400 387 707 399 755
1616336100 399 637 399 637
1616335800 399 637 399 637
1616335500 408 695 423 783
1616335200 423 783 423 783
1616334900 423 783 423 783
1616334600 439 782 464 783
1616334300 464 782 464 782
1616334000 464 782 464 782
1616333700 426 761 464 782
1616333400 372 731 372 731
1616333100 372 731 372 731
1616332800 377 735 386 742
1616332500 386 742 386 742
1616332200 386 742 386 742
1616331900 395 736 410 742
1616331600 410 728 410 728
1616331300 410 728 410 728
1616331000 444 763 496 817
1616330700 496 817 496 817
1616330400 496 817 496 817
1616330100 486 806 496 817
1616329800 472 790 472 790
1616329500 472 790 472 790
1616329200 495 822 530 871
1616328900 530 871 530 871
1616328600 530 871 530 871
1616328300 503 836 530 871
1616328000 465 787 465 787
1616327700 465 787 465 787
1616327400 473 786 486 787
1616327100 486 786 486 786
1616326800 486 786 486 786
1616326500 461 767 486 786
1616326200 425 739 425 739
1616325900 425 739 425 739
1616325600 440 760 462 791
1616325300 462 791 462 791
1616325000 462 791 462 791
1616324700 548 882 674 1016
1616324400 674 1016 674 1016
1616324100 674 1016 674 1016
1616323800 612 936 674 1016
1616323500 523 820 523 820
1616323200 523 820 523 820
1616322900 505 809 523 820
1616322600 481 795 481 795
1616322300 481 795 481 795
1616322000 464 726 481 795
1616321700 440 626 440 626
1616321400 440 626 440 626
1616321100 452 701 472 812
1616320800 472 812 472 812
1616320500 472 812 472 812
1616320200 573 875 721 969
1616319900 721 969 721 969
1616319600 721 969 721 969
1616319300 705 960 721 969
1616319000 682 947 682 947
1616318700 682 947 682 947
1616318400 688 939 699 947
1616318100 699 928 699 928
1616317800 699 928 699 928
1616317500 709 940 724 960
1616317200 724 960 724 960
1616316900 724 960 724 960
1616316600 690 932 724 960
1616316300 641 892 641 892
1616316000 641 892 641 892
1616315700 618 872 641 892
1616315400 586 844 586 844
1616315100 586 844 586 844
1616314800 553 825 586 844
1616314500 505 798 505 798
1616314200 505 798 505 798
1616313900 481 785 505 798
1616313600 447 766 447 766
1616313300 447 766 447 766
1616313000 431 758 447 766
1616312700 409 748 409 748
1616312400 409 748 409 748
1616312100 460 796 537 868
1616311800 537 868 537 868
1616311500 537 868 537 868
1616311200 491 822 537 868
1616310900 423 756 423 756
1616310600 423 756 423 756
1616310300 418 757 423 759
1616310000 411 759 411 759
1616309700 411 759 411 759
1616309400 419 755 432 759
1616309100 432 750 432 750
1616308800 432 750 432 750
1616308500 468 773 522 808
1616308200 522 808 522 808
1616307900 522 808 522 808
1616307600 550 784 592 808
1616307300 592 749 592 749
1616307000 592 749 592 749
1616306700 619 808 659 897
1616306400 659 897 659 897
1616306100 659 897 659 897
1616305800 683 910 720 929
1616305500 720 929 720 929
1616305200 720 929 720 929
1616304900 748 958 790 1002
1616304600 790 1002 790 1002
1616304300 790 1002 790 1002
1616304000 800 996 816 1002
1616303700 816 988 816 988
1616303400 816 988 816 988
1616303100 860 1036 926 1109
1616302800 926 1109 926 1109
1616302500 926 1109 926 1109
1616302200 902 1081 926 1109
1616301900 867 1042 867 1042
1616301600 867 1042 867 1042
1616301300 901 1071 953 1114
1616301000 953 1114 953 1114
1616300700 953 1114 953 1114
1616300400 943 1093 953 1114
1616300100 929 1063 929 1063
1616299800 929 1063 929 1063
1616299500 935 1049 946 1063
1616299200 946 1030 946 1030
1616298900 946 1030 946 1030
1616298600 841 933 946 1030
1616298300 686 790 686 790
1616298000 686 790 686 790
1616297700 635 768 686 790
1616297400 560 736 560 736
1616297100 560 736 560 736
1616296800 705 857 918 1034
1616296500 918 1034 918 1034
1616296200 918 1034 918 1034
1616295900 863 990 918 1034
1616295600 782 927 782 927
1616295300 782 927 782 927
1616295000 740 898 782 927
1616294700 679 856 679 856
1616294400 679 856 679 856
1616294100 588 789 679 856
1616293800 455 692 455 692
1616293500 455 692 455 692
1616293200 445 646 455 692
1616292900 432 580 432 580
1616292600 432 580 432 580
1616292300 444 624 462 690
1616292000 462 690 462 690
1616291700 462 690 462 690
1616291400 495 721 546 769
1616291100 546 769 546 769
1616290800 546 769 546 769
1616290500 543 768 546 769
1616290200 539 768 539 768
1616289900 539 768 539 768
1616289600 545 802 555 853
1616289300 555 853 555 853
1616289000 555 853 555 853
1616288700 556 833 558 853
1616288400 558 804 558 804
1616288100 558 804 558 804
1616287800 646 873 777 977
1616287500 777 977 777 977
1616287200 777 977 777 977
1616286900 681 913 777 977
1616286600 540 819 540 819
1616286300 540 819 540 819
1616286000 661 885 840 983
1616285700 840 983 840 983
1616285400 840 983 840 983
1616285100 747 902 840 983
1616284800 612 785 612 785
1616284500 612 785 612 785
1616284200 670 837 699 858
1616283000 536 753 548 761
1616281200 592 1231 688 1727
1616279400 569 772 656 979
1616277600 723 974 798 983
1616275800 633 896 659 944
1616274000 753 974 829 1009
1616272200 792 1007 806 1025
1616270400 633 890 644 906
1616268600 589 1474 599 2082
1616266800 724 7822 912 14826
1616265000 455 715 782 981
1616263200 33979 8517 67235 16076
1616261400 416 886 471 958
1616259600 443 858 513 911
1616257800 451 843 816 1136
1616256000 812 1144 851 1181
1616254200 489 853 522 925
1616252400 520 823 524 830
1616250600 519 762 688 912
1616248800 737 947 779 978
1616247000 781 973 824 1004
1616245200 676 898 777 964
1616243400 823 982 944 1080
1616241600 1037 1181 1163 1297
1616239800 631 927 711 983
1616238000 472 795 604 910
1616236200 624 850 663 910
1616234400 692 924 830 1051
1616232600 862 1057 1272 1397
1616230800 1272 1409 1339 1467
1616229000 644 939 791 1069
1616227200 558 866 598 888
1616225400 405 774 476 807
1616223600 441 790 476 807
1616221800 460 729 565 858
1616220000 558 846 650 919
1616218200 631 894 691 929
1616216400 863 1004 1050 1101
1616214600 626 820 863 1103
1616212800 818 1073 863 1103
1616211000 523 841 783 1040
1616209200 1040 1205 1309 1381
1616207400 1249 1300 1309 1381
1616205600 1356 1526 1560 1718
1616203800 892 1168 1071 1315
1616202000 603 913 650 922
1616200200 663 923 789 981
1616198400 763 963 793 993
1616196600 807 999 836 1015
1616194800 671 996 689 1753
1616193000 610 1176 626 1753
1616191200 603 783 702 805
1616189400 641 775 702 803
1616187600 465 728 547 760
1616185800 413 717 746 971
1616184000 736 968 746 1009
1616182200 570 859 704 1009
1616180400 553 704 2068 761
1616178600 2164 1150 2471 1649
1616176800 513 770 537 780
1616175000 427 729 480 794
1616173200 544 782 761 854
1616171400 3286 2876 5543 4632
1616169600 1674 1835 2746 2829
1616167800 1324 1536 2482 2606
1616166000 442 730 763 973
1616164200 845 990 976 1107
1616162400 878 1017 976 1107
1616160600 639 850 665 878
1616158800 661 821 677 852
1616157000 702 837 736 929
1616155200 660 983 703 1045
1616153400 650 913 893 1154
1616151600 877 1123 893 1154
1616149800 682 903 816 1037
1616148000 513 842 818 1081
1616146200 812 1071 822 1081
1616144400 693 1736 1443 12920
1616142600 1309 6368 1443 12920
1616140800 842 1101 1060 1294
1616139000 998 1228 1060 1294
1616137200 637 920 743 1036
1616135400 664 884 898 1167
1616133600 870 1145 898 1167
1616131800 669 899 1075 960
1616130000 1057 915 1106 960
1616128200 602 892 639 923
1616126400 636 906 639 923
1616124600 605 866 628 894
1616122800 593 867 616 891
1616121000 834 985 1008 1183
1616119200 832 1059 955 1183
1616117400 569 867 633 929
1616115600 450 795 512 822
1616113800 538 834 573 893
1616112000 521 833 573 893
1616110200 483 812 516 866
1616108400 524 924 797 1983
1616106600 2138 2471 5610 2966
1616104800 4105 2915 5610 2966
1616103000 2331 1888 3965 2832
1616101200 1596 1778 2767 2832
1616099400 6916 1227 12728 3290
1616097600 1918 1878 3853 3290
1616095800 505 860 520 883
1616094000 474 772 512 789
1616092200 425 720 443 739
1616090400 477 771 536 813
1616088600 517 731 1274 1265
1616086800 838 956 1274 1265
1616085000 609 5280 719 9850
1616083200 440 648 564 756
1616081400 753 890 1000 1046
1616079600 723 850 1000 1046
1616077800 458 633 774 920
1616076000 806 940 847 996
1616074200 684 833 847 996
1616072400 540 770 616 869
1616070600 563 839 626 879
1616068800 589 845 626 879
1616067000 536 816 580 862
1616065200 566 824 605 848
1616063400 926 1074 1253 1383
1616061600 979 1155 1253 1383
1616059800 669 899 679 913
1616058000 730 912 772 959
1616056200 1086 998 4998 1183
1616054400 4470 2911 4998 4686
1616052600 540 832 542 842
1616050800 550 814 574 827
1616049000 690 815 871 1011
1616047200 975 1151 1246 1262
1616045400 931 1129 1246 1262
1616043600 1263 1455 1811 1899
1616041800 2317 2136 3004 2736
1616040000 1872 1716 2185 2138
1616038200 4420 4024 6543 5830
1616036400 2905 2188 3151 2742
1616034600 4090 3244 15477 14490
1616032800 17028 14049 19347 14695
1616031000 5617 3964 9781 6414
1616029200 2995 2057 3211 2472
1616027400 2780 2017 3388 3002
1616025600 2242 2145 4786 4015
1616023800 4509 2715 4786 4015
1616022000 2306 1692 2937 2268
1616020200 1737 1276 1878 1360
1616018400 1366 2023 3665 3585
1616016600 2463 2334 3665 3585
1616014800 2537 1727 3534 3514
1616013000 3721 2233 4202 3514
1616011200 1461 1307 1640 1444
1616009400 858 930 1695 1007
1616007600 998 677 1695 762
1616005800 350 573 371 612
1616004000 530 762 2601 2708
1616002200 2074 2154 2601 2708
1616000400 792 837 887 939
1615998600 775 915 887 939
1615996800 751 912 992 1161
1615995000 1083 1207 1222 1295
1615993200 682 1715 725 2599
1615991400 1893 1948 3176 3182
1615989600 724 781 759 822
1615987800 945 1034 1365 1214
1615986000 1093 1070 2205 1995
1615984200 2050 1523 8790 1995
1615982400 7810 1984 8790 2361
1615980600 3566 1392 9074 1679
1615978800 6648 3130 9074 4707
1615977000 715 916 834 1054
1615975200 733 992 805 1054
1615973400 485 814 589 917
1615971600 491 767 608 786
1615969800 648 921 1155 1152
1615968000 1021 1123 1671 1309
1615966200 1711 1530 5511 5064
1615964400 4361 4098 5895 5636
1615962600 9359 3119 17615 5636
1615960800 15205 1665 17615 2039
1615959000 1174 1039 1308 1151
1615957200 2036 1794 6279 6079
1615955400 3617 3463 6279 6079
1615953600 1574 1487 1849 1782
1615951800 2662 2082 6977 2335
1615950000 4270 2023 6977 4116
1615948200 7202 2917 59669 4227
1615946400 26483 2531 59669 4227
1615944600 3188 3135 7091 6901
1615942800 4567 4351 7091 6901
1615941000 2506 1958 2602 2138
1615939200 1513 1491 1598 1555
1615937400 1394 1383 8040 7379
1615935600 4783 4251 8040 7379
1615933800 2259 1566 2699 1699
1615932000 1447 1420 1874 1699
1615930200 1136 1205 1264 1352
1615928400 843 952 1192 1221
1615926600 1144 1126 1192 1221
1615924800 627 827 894 832
1615923000 1180 1228 1516 1657
1615921200 576 751 614 777
1615919400 610 747 644 810
1615917600 745 840 862 969
1615915800 772 905 844 969
1615914000 549 725 694 842
1615912200 575 755 694 842
1615910400 447 676 517 765
1615908600 727 923 1851 1960
1615906800 1239 1400 1851 1960
1615905000 599 780 750 858
1615903200 425 739 437 763
1615901400 461 771 503 789
1615899600 697 861 1083 1224
1615897800 7315 7508 13332 94597
1615896000 1715 42594 2703 94597
1615894200 1191 8199 1424 17455
1615892400 877 1023 909 1048
1615890600 682 870 706 931
1615888800 619 870 664 908
1615887000 777 991 989 1140
1615885200 1033 1187 1074 1224
1615883400 1030 1224 1246 1401
1615881600 1326 1456 1397 1505
1615879800 1059 1239 1316 1459
1615878000 717 939 940 995
1615876200 848 962 940 999
1615874400 811 1000 1040 1181
1615872600 1181 1223 1518 1273
1615870800 2528 1254 3803 1885
1615869000 1953 1281 3803 1885
1615867200 599 832 1368 1068
1615865400 1772 1193 5111 1520
1615863600 5409 2382 6059 3152
1615861800 1901 1667 2850 2215
1615860000 1974 1358 2850 2075
1615858200 3366 3301 4765 4649
1615856400 1254 1213 3093 2280
1615854600 2815 1974 3093 2280
1615852800 1047 1273 1684 1557
1615851000 1275 1049 1684 1087
1615849200 863 1040 975 1935
1615847400 900 1401 975 1935
1615845600 791 918 865 967
1615843800 710 859 771 904
1615842000 750 885 816 1010
1615840200 930 1000 2551 1010
1615838400 1490 917 2551 960
1615836600 2008 1666 3294 2399
1615834800 1978 3393 6071 31571
1615833000 14143 29607 22662 31571
1615831200 1991 19418 2628 27876
1615829400 7456 1373 14141 1841
1615827600 757 1736 2604 14989
1615825800 1899 7864 2604 14989
1615824000 1131 1209 1960 1934
1615822200 696 886 823 1013
1615820400 651 818 810 948
1615818600 564 750 647 845
1615816800 532 715 722 868
1615815000 782 928 829 974
1615813200 758 962 820 973
1615811400 619 898 629 916
1615809600 686 943 765 1005
1615807800 825 1071 1267 1394
1615806000 1116 1270 1267 1394
1615804200 890 1023 958 1164
1615802400 812 1030 958 1164
1615800600 624 867 641 872
1615798800 722 984 893 1148
1615797000 787 1068 893 1148
1615795200 436 758 546 848
1615793400 583 871 642 949
1615791600 907 1156 1116 1335
1615789800 942 1119 1068 1175
1615788000 666 946 759 998
1615786200 575 955 587 995
1615784400 690 944 843 1060
1615782600 909 1087 1171 1273
1615780800 1061 1169 1171 1273
1615779000 950 1042 968 1120
1615777200 1442 1411 1982 1870
1615775400 801 880 833 904
1615773600 552 768 632 832
1615771800 574 778 618 818
1615770000 575 770 666 817
1615768200 769 881 914 992
1615766400 988 1090 1164 1216
1615764600 1283 1602 2737 1971
1615762800 1827 1281 2737 1344
1615761000 1066 1546 1681 2103
1615759200 1555 1304 3126 3013
1615757400 2466 2442 3126 3013
1615755600 1640 1699 2366 2408
1615753800 1222 1038 1623 1076
1615752000 2734 1459 4593 1946
1615750200 1021 1179 1170 1293
1615748400 927 1073 1057 1114
1615746600 945 1068 1057 1157
1615744800 1002 1104 1034 1157
1615743000 734 864 802 940
1615741200 634 787 676 873
1615739400 812 943 959 1023
1615737600 570 757 644 816
1615735800 798 898 1192 1170
1615734000 999 1034 1192 1170
1615732200 566 708 857 709
1615730400 990 10536 1611 20218
1615728600 374 1116 436 1672
1615726800 330 693 412 762
1615725000 609 1246 920 6029
1615723200 680 3069 920 6029
1615721400 421 732 465 775
1615719600 447 756 465 775
1615717800 407 693 440 726
1615716000 371 714 397 726
1615714200 435 747 518 774
1615712400 600 818 720 976
1615710600 862 1082 977 1171
1615708800 848 1065 1889 1963
1615707000 3637 3637 5367 4999
1615705200 3550 3241 5367 4999
1615703400 1095 1095 1221 1156
1615701600 798 982 840 2188
1615699800 659 1386 784 2188
1615698000 1214 1236 1681 1702
1615696200 481 676 560 794
1615694400 515 767 560 794
1615692600 572 772 872 949
1615690800 1033 1079 1166 1194
1615689000 908 955 1094 1075
1615687200 660 787 669 796
1615685400 896 4828 4046 60305
1615683600 2096 26554 4046 60305
1615681800 593 851 619 859
1615680000 741 4046 2918 42665
1615678200 2832 38351 3072 42665
1615676400 508 713 518 757
1615674600 724 1360 943 2000
1615672800 693 934 759 953
1615671000 819 3303 3541 36583
1615669200 1903 16356 3541 36583
1615667400 1106 1301 1187 1383
1615665600 578 890 612 902
1615663800 519 863 540 871
1615662000 492 783 536 795
1615660200 763 2475 4086 25926
1615658400 2498 17306 4086 25926
1615656600 721 4160 3403 50167
1615654800 2734 40337 3403 50167
1615653000 382 760 396 799
1615651200 376 681 389 737
1615649400 496 1557 1244 12333
1615647600 1483 15831 1785 20891
1615645800 1025 1121 1567 1594
1615644000 1455 4412 2002 44941
1615642200 3335 23098 29885 46214
1615640400 14374 38444 29885 46214
1615638600 1917 20886 2089 22493
1615636800 497 818 509 850
1615635000 424 747 450 789
1615633200 441 752 450 789
1615631400 352 698 459 764
1615629600 446 758 459 764
1615627800 473 772 786 1017
1615626000 800 1017 849 1050
1615624200 815 1034 849 1050
1615622400 798 1025 815 1039
1615620600 707 957 887 1100
1615618800 1181 1287 1702 1701
1615617000 1535 1605 1702 1701
1615615200 952 1170 1028 1227
1615613400 803 1047 808 1063
1615611600 794 1027 852 1059
1615609800 860 1055 874 1063
1615608000 872 1017 876 1066
1615606200 840 1095 857 1127
1615604400 865 1045 878 1055
1615602600 844 1060 868 1101
1615600800 925 1116 1011 1204
1615599000 1017 1209 1045 1224
1615597200 889 1125 931 1141
1615595400 831 1110 882 1181
1615593600 2054 22468 3266 43889
1615591800 1481 927 12969 1005
1615590000 6049 878 12969 939
1615588200 894 1433 1068 1902
1615586400 919 1040 1125 1141
1615584600 1113 1145 1128 1187
1615582800 828 918 932 974
1615581000 708 893 753 952
1615579200 756 850 1122 1131
1615577400 1115 1129 1158 1166
1615575600 748 855 757 859
1615573800 670 808 698 839
1615572000 523 682 558 691
1615570200 469 637 476 654
1615568400 422 634 454 654
1615566600 413 631 486 664
1615564800 661 823 896 993
1615563000 764 892 896 993
1615561200 518 679 611 738
1615559400 753 913 1189 1314
1615557600 1199 1314 1212 1317
1615555800 809 1024 1169 1296
1615554000 599 855 656 908
1615552200 644 904 690 918
1615550400 685 912 755 1000
1615548600 782 1000 829 1019
1615546800 852 1010 892 1019
1615545000 733 1456 1030 8421
1615543200 936 4273 1030 8421
1615541400 444 774 481 798
1615539600 407 747 762 1032
1615537800 880 1122 1006 1225
1615536000 855 1093 1006 1225
1615534200 661 932 771 1035
1615532400 734 908 976 1136
1615530600 910 1158 976 1199
1615528800 793 1137 1024 1291
1615527000 1144 1422 2640 2897
1615525200 1586 1800 2640 2897
1615523400 989 1092 1381 1438
1615521600 1151 1286 1381 1438
1615519800 632 895 690 923
1615518000 860 1043 1005 1176
1615516200 1005 1289 1159 1438
1615514400 802 1040 959 1169
1615512600 752 994 959 1169
1615510800 556 834 582 859
1615509000 582 854 632 926
1615507200 613 868 673 926
1615505400 714 876 801 942
1615503600 790 906 802 942
1615501800 611 844 747 1748
1615500000 1339 1779 1865 1870
1615498200 1186 1237 1262 1321
1615496400 918 1031 1060 1127
1615494600 725 885 764 907
1615492800 619 804 652 816
1615491000 501 699 541 771
1615489200 497 835 520 1013
1615487400 640 4558 772 8428
1615485600 491 720 533 726
1615483800 429 709 446 719
1615482000 369 613 400 663
1615480200 330 582 608 777
1615478400 620 862 668 959
1615476600 344 643 391 694
1615474800 408 616 498 717
1615473000 498 723 552 763
1615471200 556 759 565 841
1615469400 593 857 616 871
1615467600 717 942 806 1014
1615465800 753 929 769 941
1615464000 610 860 638 881
1615462200 464 759 472 785
1615460400 491 750 693 959
1615458600 643 922 693 959
1615456800 469 781 541 825
1615455000 575 887 613 942
1615453200 1324 883 12469 940
1615451400 5684 944 12469 1050
1615449600 595 948 653 1050
1615447800 815 1105 1023 1273
1615446000 1121 1249 1219 1273
1615444200 842 1081 1036 1236
1615442400 594 923 647 988
1615440600 6675 1094 12723 1317
1615438800 776 897 833 948
1615437000 598 883 685 948
1615435200 429 778 439 789
1615433400 423 748 521 783
1615431600 635 827 891 1117
1615429800 898 1080 929 1117
1615428000 662 910 726 961
1615426200 670 971 692 987
1615424400 759 946 832 957
1615422600 639 894 661 930
1615420800 658 900 662 911
1615419000 639 849 657 890
1615417200 682 880 707 1526
1615415400 983 8309 1263 15020
1615413600 1001 1588 1060 2070
1615411800 1021 1206 1051 1213
1615410000 944 1148 2363 2699
1615408200 2360 2585 2601 2709
1615406400 500 867 556 929
1615404600 458 870 513 874
1615402800 514 776 534 882
1615401000 510 901 534 927
1615399200 503 938 532 948
1615397400 557 945 756 1036
1615395600 725 979 756 1036
1615393800 601 877 811 1014
1615392000 842 996 870 1014
1615390200 700 839 870 959
1615388400 828 897 893 920
1615386600 689 846 903 1001
1615384800 705 844 903 1001
1615383000 544 743 758 903
1615381200 766 938 780 968
1615379400 702 935 728 956
1615377600 539 789 645 863
1615375800 683 898 833 1050
1615374000 788 930 833 1050
1615372200 773 954 797 980
1615370400 805 969 817 973
1615368600 742 949 781 973
1615366800 612 874 680 955
1615365000 1262 1462 1762 1913
1615363200 1491 1571 2841 2736
1615361400 2181 2160 2900 3009
1615359600 2081 2183 2900 3009
1615357800 2920 3176 5275 5354
1615356000 1467 2171 2710 2817
1615354200 1555 1728 2710 2817
1615352400 2205 2344 3515 3668
1615350600 804 1031 896 1119
1615348800 843 936 882 944
1615347000 848 902 882 925
1615345200 747 833 758 898
1615343400 817 908 889 967
1615341600 861 963 889 984
1615339800 574 765 598 789
1615338000 540 749 572 789
1615336200 595 803 833 981
1615334400 877 986 1043 1116
1615332600 911 1006 1043 1116
1615330800 676 789 692 796
1615329000 664 875 779 1782
1615327200 855 1360 2041 2024
1615325400 1413 1424 2041 2024
1615323600 334 633 354 648
1615321800 370 659 386 692
1615320000 378 652 418 668
1615318200 574 752 1012 1093
1615316400 800 887 1012 1093
1615314600 613 755 618 773
1615312800 569 709 572 714
1615311000 593 744 628 779
1615309200 619 822 623 884
1615307400 544 796 606 884
1615305600 530 731 556 774
1615303800 555 749 638 774
1615302000 637 733 645 754
1615300200 581 734 655 788
1615298400 713 882 808 962
1615296600 831 1484 888 2057
1615294800 1032 1138 1234 1304
1615293000 1136 1241 1234 1304
1615291200 815 1015 953 1096
1615289400 923 1076 953 1096
1615287600 627 846 735 1001
1615285800 493 781 501 787
1615284000 498 798 649 910
1615282200 826 1043 968 1150
1615280400 724 953 918 1111
1615278600 851 1078 878 1116
1615276800 493 804 553 847
1615275000 602 902 775 995
1615273200 761 945 783 995
1615271400 481 791 516 822
1615269600 489 796 642 912
1615267800 783 1032 951 1167
1615266000 793 1043 951 1167
1615264200 679 900 710 925
1615262400 710 889 800 999
1615260600 872 991 1249 999
1615258800 1341 1280 1500 1581
1615257000 783 969 804 982
1615255200 768 924 779 930
1615253400 728 883 907 984
1615251600 1517 1007 1996 1058
1615249800 2009 1057 2026 1064
1615248000 2009 1011 2036 1030
1615246200 2034 1040 2051 1059
1615244400 2157 3709 2288 6438
1615242600 2215 8248 2397 15440
1615240800 3180 1153 15810 1457
1615239000 8050 1307 15810 2844
1615237200 3111 1899 4294 2844
1615235400 2218 1168 2276 1229
1615233600 2102 1127 2133 1150
1615231800 2209 1212 2489 1395
1615230000 2263 1215 2489 1395
1615228200 1970 997 2009 1006
1615226400 1863 922 1899 965
1615224600 1884 945 1943 965
1615222800 1962 982 2021 1084
1615221000 2044 1082 2098 1115
1615219200 3076 2034 4055 2953
1615217400 2119 1134 2341 1249
1615215600 2403 1274 2490 1315
1615213800 2102 1106 2162 1137
1615212000 1965 1003 2003 1019
1615210200 1984 1007 2003 1053
1615208400 1979 1056 2003 1078
1615206600 2001 1070 2013 1097
1615204800 2019 1097 2260 1280
1615203000 2198 1221 2347 1380
1615197600 2017 1116 2269 1320
1615190400 2013 1084 2194 1236
1615183200 2353 1304 2619 1476
1615176000 2094 1095 2336 1274
1615168800 2439 1367 3978 2418
1615161600 3553 2275 4189 2679
1615154400 2436 1462 3494 2360
1615147200 2022 1135 2076 1255
1615140000 1944 996 2178 1203
1615132800 1996 1055 2120 1153
1615125600 2112 1155 2333 1293
1615118400 2177 1191 3001 1696
1615111200 2699 1705 3111 2578
1615104000 2328 1289 2472 1367
1615096800 1983 1173 2072 1216
1615089600 2093 1206 2423 1422
1615082400 2261 1281 2578 1513
1615075200 2429 1314 2782 1513
1615068000 2728 1661 4931 3802
1615060800 3860 2763 5882 4708
1615053600 1943 1129 2109 1239
1615046400 1910 1017 2029 1125
1615039200 2103 1197 2206 1291
1615032000 2081 1141 2560 1366
1615024800 2180 1424 2825 2532
1615017600 2033 1121 2271 1279
1615010400 2011 1099 2336 1412
1615003200 1907 1014 2035 1114
1614996000 2382 1174 3655 1381
1614988800 2112 1047 2356 1105
1614981600 2144 1076 2693 1202
1614974400 2006 1114 2177 1793
1614967200 2119 1069 2394 1286
1614960000 1953 973 2477 1222
1614952800 2099 1172 2477 1360
1614945600 2219 1259 2763 1710
1614938400 1931 1702 2112 6160
1614931200 2151 1243 2254 1348
1614924000 2000 1156 2194 1370
1614916800 1990 1178 2112 1350
1614909600 3416 1144 13873 1407
1614902400 2674 1554 12909 11097
1614895200 3093 2104 12909 11097
1614888000 1954 1160 2148 1843
1614880800 11104 1639 64164 2549
1614873600 6714 5417 17882 30671
1614866400 1982 1985 2655 9595
1614859200 1883 1064 2177 1302
1614852000 1942 1123 2123 1267
1614844800 2059 1174 2359 1431
1614837600 3428 1773 7644 2794
1614830400 9534 2523 25976 4454
1614823200 2709 1157 7902 1763
1614816000 9870 2230 22023 3349
1614808800 10150 2302 19338 3353
1614801600 11013 2611 17298 4270
1614794400 7054 8719 16342 42975
1614787200 7749 1858 19054 3184
1614780000 1494 970 1552 2056
1614772800 1746 1087 2362 1581
1614765600 1738 1109 2149 1383
1614758400 2499 1300 6351 1817
1614751200 4471 1534 9319 2099
1614744000 2652 1476 5981 1926
1614736800 804 942 1227 1053
1614729600 776 936 776 936
1614722400 776 936 776 936
1614715200 776 936 776 936
1614708000 776 936 776 936
1614700800 776 936 776 936
1614693600 776 936 776 936
1614686400 776 936 776 936
1614679200 776 936 776 936
1614672000 776 936 776 936
1614664800 776 936 776 936
1614657600 776 936 776 936
1614650400 776 936 776 936
1614643200 219 303 776 936
1614636000 0 0 0 0
1614628800 0 0 0 0
1614621600 0 0 0 0
1614614400 0 0 0 0
1614607200 0 0 0 0
1614600000 0 0 0 0
1614592800 0 0 0 0
1614585600 0 0 0 0
1614578400 0 0 0 0
1614571200 0 0 0 0
1614564000 0 0 0 0
1614556800 0 0 0 0
1614549600 0 0 0 0
1614542400 0 0 0 0
1614535200 0 0 0 0
1614528000 0 0 0 0
1614520800 0 0 0 0
1614513600 0 0 0 0
1614506400 0 0 0 0
1614499200 0 0 0 0
1614492000 0 0 0 0
1614484800 0 0 0 0
1614477600 0 0 0 0
1614470400 0 0 0 0
1614463200 0 0 0 0
1614456000 0 0 0 0
1614448800 0 0 0 0
1614441600 0 0 0 0
1614434400 0 0 0 0
1614427200 0 0 0 0
1614420000 0 0 0 0
1614412800 0 0 0 0
1614405600 0 0 0 0
1614398400 0 0 0 0
1614391200 0 0 0 0
1614384000 0 0 0 0
1614376800 0 0 0 0
1614369600 0 0 0 0
1614362400 0 0 0 0
1614355200 0 0 0 0
1614348000 0 0 0 0
1614340800 0 0 0 0
1614333600 0 0 0 0
1614326400 0 0 0 0
1614319200 0 0 0 0
1614312000 0 0 0 0
1614304800 0 0 0 0
1614297600 0 0 0 0
1614290400 0 0 0 0
1614283200 0 0 0 0
1614276000 0 0 0 0
1614268800 0 0 0 0
1614261600 0 0 0 0
1614254400 0 0 0 0
1614247200 0 0 0 0
1614240000 0 0 0 0
1614232800 0 0 0 0
1614225600 0 0 0 0
1614218400 0 0 0 0
1614211200 0 0 0 0
1614204000 0 0 0 0
1614196800 0 0 0 0
1614189600 0 0 0 0
1614182400 0 0 0 0
1614175200 0 0 0 0
1614168000 0 0 0 0
1614160800 0 0 0 0
1614153600 0 0 0 0
1614146400 0 0 0 0
1614139200 0 0 0 0
1614132000 0 0 0 0
1614124800 0 0 0 0
1614117600 0 0 0 0
1614110400 0 0 0 0
1614103200 0 0 0 0
1614096000 0 0 0 0
1614088800 0 0 0 0
1614081600 0 0 0 0
1614074400 0 0 0 0
1614067200 0 0 0 0
1614060000 0 0 0 0
1614052800 0 0 0 0
1614045600 0 0 0 0
1614038400 0 0 0 0
1614031200 0 0 0 0
1614024000 0 0 0 0
1614016800 0 0 0 0
1614009600 0 0 0 0
1614002400 0 0 0 0
1613995200 0 0 0 0
1613988000 0 0 0 0
1613980800 0 0 0 0
1613973600 0 0 0 0
1613966400 0 0 0 0
1613959200 0 0 0 0
1613952000 0 0 0 0
1613944800 0 0 0 0
1613937600 0 0 0 0
1613930400 0 0 0 0
1613923200 0 0 0 0
1613916000 0 0 0 0
1613908800 0 0 0 0
1613901600 0 0 0 0
1613894400 0 0 0 0
1613887200 0 0 0 0
1613880000 0 0 0 0
1613872800 0 0 0 0
1613865600 0 0 0 0
1613858400 0 0 0 0
1613851200 0 0 0 0
1613844000 0 0 0 0
1613836800 0 0 0 0
1613829600 0 0 0 0
1613822400 0 0 0 0
1613815200 0 0 0 0
1613808000 0 0 0 0
1613800800 0 0 0 0
1613793600 0 0 0 0
1613786400 0 0 0 0
1613779200 0 0 0 0
1613772000 0 0 0 0
1613764800 0 0 0 0
1613757600 0 0 0 0
1613750400 0 0 0 0
1613743200 0 0 0 0
1613736000 0 0 0 0
1613728800 0 0 0 0
1613721600 0 0 0 0
1613714400 0 0 0 0
1613707200 0 0 0 0
1613700000 0 0 0 0
1613692800 0 0 0 0
1613685600 0 0 0 0
1613678400 0 0 0 0
1613671200 0 0 0 0
1613664000 0 0 0 0
1613656800 0 0 0 0
1613649600 0 0 0 0
1613642400 0 0 0 0
1613635200 0 0 0 0
1613628000 0 0 0 0
1613620800 0 0 0 0
1613613600 0 0 0 0
1613606400 0 0 0 0
1613599200 0 0 0 0
1613592000 0 0 0 0
1613584800 0 0 0 0
1613577600 0 0 0 0
1613570400 0 0 0 0
1613563200 0 0 0 0
1613556000 0 0 0 0
1613548800 0 0 0 0
1613541600 0 0 0 0
1613534400 0 0 0 0
1613527200 0 0 0 0
1613520000 0 0 0 0
1613512800 0 0 0 0
1613505600 0 0 0 0
1613498400 0 0 0 0
1613491200 0 0 0 0
1613484000 0 0 0 0
1613476800 0 0 0 0
1613469600 0 0 0 0
1613462400 0 0 0 0
1613455200 0 0 0 0
1613448000 0 0 0 0
1613440800 0 0 0 0
1613433600 0 0 0 0
1613426400 0 0 0 0
1613419200 0 0 0 0
1613412000 0 0 0 0
1613404800 0 0 0 0
1613397600 0 0 0 0
1613390400 0 0 0 0
1613383200 0 0 0 0
1613376000 0 0 0 0
1613368800 0 0 0 0
1613361600 0 0 0 0
1613354400 0 0 0 0
1613347200 0 0 0 0
1613340000 0 0 0 0
1613332800 0 0 0 0
1613325600 0 0 0 0
1613318400 0 0 0 0
1613311200 0 0 0 0
1613304000 0 0 0 0
1613296800 0 0 0 0
1613289600 0 0 0 0
1613282400 0 0 0 0
1613275200 0 0 0 0
1613268000 0 0 0 0
1613260800 0 0 0 0
1613253600 0 0 0 0
1613246400 0 0 0 0
1613239200 0 0 0 0
1613232000 0 0 0 0
1613224800 0 0 0 0
1613217600 0 0 0 0
1613210400 0 0 0 0
1613203200 0 0 0 0
1613196000 0 0 0 0
1613188800 0 0 0 0
1613181600 0 0 0 0
1613174400 0 0 0 0
1613167200 0 0 0 0
1613160000 0 0 0 0
1613152800 0 0 0 0
1613145600 0 0 0 0
1613138400 0 0 0 0
1613131200 0 0 0 0
1613124000 0 0 0 0
1613116800 0 0 0 0
1613109600 0 0 0 0
1613102400 0 0 0 0
1613095200 0 0 0 0
1613088000 0 0 0 0
1613080800 0 0 0 0
1613073600 0 0 0 0
1613066400 0 0 0 0
1613059200 0 0 0 0
1613052000 0 0 0 0
1613044800 0 0 0 0
1613037600 0 0 0 0
1613030400 0 0 0 0
1613023200 0 0 0 0
1613016000 0 0 0 0
1613008800 0 0 0 0
1613001600 0 0 0 0
1612994400 0 0 0 0
1612987200 0 0 0 0
1612980000 0 0 0 0
1612972800 0 0 0 0
1612965600 0 0 0 0
1612958400 0 0 0 0
1612951200 0 0 0 0
1612944000 0 0 0 0
1612936800 0 0 0 0
1612929600 0 0 0 0
1612922400 0 0 0 0
1612915200 0 0 0 0
1612908000 0 0 0 0
1612900800 0 0 0 0
1612893600 0 0 0 0
1612886400 0 0 0 0
1612879200 0 0 0 0
1612872000 0 0 0 0
1612864800 0 0 0 0
1612857600 0 0 0 0
1612850400 0 0 0 0
1612843200 0 0 0 0
1612836000 0 0 0 0
1612828800 0 0 0 0
1612821600 0 0 0 0
1612814400 0 0 0 0
1612807200 0 0 0 0
1612800000 0 0 0 0
1612792800 0 0 0 0
1612785600 0 0 0 0
1612778400 0 0 0 0
1612771200 0 0 0 0
1612764000 0 0 0 0
1612756800 0 0 0 0
1612749600 0 0 0 0
1612742400 0 0 0 0
1612735200 0 0 0 0
1612728000 0 0 0 0
1612720800 0 0 0 0
1612713600 0 0 0 0
1612706400 0 0 0 0
1612699200 0 0 0 0
1612692000 0 0 0 0
1612684800 0 0 0 0
1612677600 0 0 0 0
1612670400 0 0 0 0
1612663200 0 0 0 0
1612656000 0 0 0 0
1612648800 0 0 0 0
1612641600 0 0 0 0
1612634400 0 0 0 0
1612627200 0 0 0 0
1612620000 0 0 0 0
1612612800 0 0 0 0
1612605600 0 0 0 0
1612598400 0 0 0 0
1612591200 0 0 0 0
1612584000 0 0 0 0
1612576800 0 0 0 0
1612569600 0 0 0 0
1612562400 0 0 0 0
1612555200 0 0 0 0
1612548000 0 0 0 0
1612540800 0 0 0 0
1612533600 0 0 0 0
1612526400 0 0 0 0
1612519200 0 0 0 0
1612512000 0 0 0 0
1612504800 0 0 0 0
1612497600 0 0 0 0
1612490400 0 0 0 0
1612483200 0 0 0 0
1612476000 0 0 0 0
1612468800 0 0 0 0
1612461600 0 0 0 0
1612454400 0 0 0 0
1612447200 0 0 0 0
1612440000 0 0 0 0
1612432800 0 0 0 0
1612425600 0 0 0 0
1612418400 0 0 0 0
1612411200 0 0 0 0
1612404000 0 0 0 0
1612396800 0 0 0 0
1612389600 0 0 0 0
1612382400 0 0 0 0
1612375200 0 0 0 0
1612368000 0 0 0 0
1612360800 0 0 0 0
1612353600 0 0 0 0
1612346400 0 0 0 0
1612339200 0 0 0 0
1612332000 0 0 0 0
1612324800 0 0 0 0
1612317600 0 0 0 0
1612310400 0 0 0 0
1612303200 0 0 0 0
1612296000 0 0 0 0
1612288800 0 0 0 0
1612281600 0 0 0 0
1612274400 0 0 0 0
1612267200 0 0 0 0
1612260000 0 0 0 0
1612252800 0 0 0 0
1612245600 0 0 0 0
1612238400 0 0 0 0
1612231200 0 0 0 0
1612224000 0 0 0 0
1612216800 0 0 0 0
1612209600 0 0 0 0
1612202400 0 0 0 0
1612195200 0 0 0 0
1612188000 0 0 0 0
1612180800 0 0 0 0
1612173600 0 0 0 0
1612166400 0 0 0 0
1612159200 0 0 0 0
1612152000 0 0 0 0
1612144800 0 0 0 0
1612137600 0 0 0 0
1612130400 0 0 0 0
1612123200 0 0 0 0
1612116000 0 0 0 0
1612108800 0 0 0 0
1612101600 0 0 0 0
1612094400 0 0 0 0
1612087200 0 0 0 0
1612080000 0 0 0 0
1612072800 0 0 0 0
1612065600 0 0 0 0
1612058400 0 0 0 0
1612051200 0 0 0 0
1612044000 0 0 0 0
1612036800 0 0 0 0
1612029600 0 0 0 0
1612022400 0 0 0 0
1612015200 0 0 0 0
1612008000 0 0 0 0
1612000800 0 0 0 0
1611993600 0 0 0 0
1611986400 0 0 0 0
1611979200 0 0 0 0
1611972000 0 0 0 0
1611964800 0 0 0 0
1611957600 0 0 0 0
1611950400 0 0 0 0
1611943200 0 0 0 0
1611936000 0 0 0 0
1611928800 0 0 0 0
1611921600 0 0 0 0
1611914400 0 0 0 0
1611907200 0 0 0 0
1611900000 0 0 0 0
1611892800 0 0 0 0
1611885600 0 0 0 0
1611878400 0 0 0 0
1611871200 0 0 0 0
1611864000 0 0 0 0
1611856800 0 0 0 0
1611849600 0 0 0 0
1611842400 0 0 0 0
1611835200 0 0 0 0
1611828000 0 0 0 0
1611820800 0 0 0 0
1611813600 0 0 0 0
1611806400 0 0 0 0
1611799200 0 0 0 0
1611792000 0 0 0 0
1611784800 0 0 0 0
1611777600 0 0 0 0
1611770400 0 0 0 0
1611763200 0 0 0 0
1611756000 0 0 0 0
1611748800 0 0 0 0
1611741600 0 0 0 0
1611734400 0 0 0 0
1611727200 0 0 0 0
1611720000 0 0 0 0
1611712800 0 0 0 0
1611705600 0 0 0 0
1611698400 0 0 0 0
1611691200 0 0 0 0
1611684000 0 0 0 0
1611676800 0 0 0 0
1611669600 0 0 0 0
1611662400 0 0 0 0
1611655200 0 0 0 0
1611648000 0 0 0 0
1611640800 0 0 0 0
1611633600 0 0 0 0
1611626400 0 0 0 0
1611619200 0 0 0 0
1611612000 0 0 0 0
1611604800 0 0 0 0
1611597600 0 0 0 0
1611590400 0 0 0 0
1611583200 0 0 0 0
1611576000 0 0 0 0
1611568800 0 0 0 0
1611561600 0 0 0 0
1611554400 0 0 0 0
1611547200 0 0 0 0
1611540000 0 0 0 0
1611532800 0 0 0 0
1611525600 0 0 0 0
1611518400 0 0 0 0
1611511200 0 0 0 0
1611504000 0 0 0 0
1611496800 0 0 0 0
1611489600 0 0 0 0
1611482400 0 0 0 0
1611475200 0 0 0 0
1611468000 0 0 0 0
1611460800 0 0 0 0
1611453600 0 0 0 0
1611446400 0 0 0 0
1611439200 0 0 0 0
1611432000 0 0 0 0
1611424800 0 0 0 0
1611417600 0 0 0 0
1611410400 0 0 0 0
1611403200 0 0 0 0
1611396000 0 0 0 0
1611388800 0 0 0 0
1611381600 0 0 0 0
1611374400 0 0 0 0
1611367200 0 0 0 0
1611360000 0 0 0 0
1611352800 0 0 0 0
1611345600 0 0 0 0
1611338400 0 0 0 0
1611331200 0 0 0 0
1611324000 0 0 0 0
1611316800 0 0 0 0
1611309600 0 0 0 0
1611302400 0 0 0 0
1611295200 0 0 0 0
1611288000 0 0 0 0
1611280800 0 0 0 0
1611273600 0 0 0 0
1611266400 0 0 0 0
1611259200 0 0 0 0
1611252000 0 0 0 0
1611244800 0 0 0 0
1611237600 0 0 0 0
1611230400 0 0 0 0
1611223200 0 0 0 0
1611216000 0 0 0 0
1611208800 0 0 0 0
1611201600 0 0 0 0
1611194400 0 0 0 0
1611187200 0 0 0 0
1611180000 0 0 0 0
1611172800 0 0 0 0
1611165600 0 0 0 0
1611158400 0 0 0 0
1611151200 0 0 0 0
1611144000 0 0 0 0
1611136800 0 0 0 0
1611129600 0 0 0 0
1611122400 0 0 0 0
1611115200 0 0 0 0
1611108000 0 0 0 0
1611100800 0 0 0 0
1611093600 0 0 0 0
1611086400 0 0 0 0
1611079200 0 0 0 0
1611072000 0 0 0 0
1611064800 0 0 0 0
1611057600 0 0 0 0
1611050400 0 0 0 0
1611043200 0 0 0 0
1611036000 0 0 0 0
1611028800 0 0 0 0
1611021600 0 0 0 0
1611014400 0 0 0 0
1611007200 0 0 0 0
1611000000 0 0 0 0
1610992800 0 0 0 0
1610985600 0 0 0 0
1610978400 0 0 0 0
1610971200 0 0 0 0
1610964000 0 0 0 0
1610956800 0 0 0 0
1610949600 0 0 0 0
1610942400 0 0 0 0
1610935200 0 0 0 0
1610928000 0 0 0 0
1610920800 0 0 0 0
1610913600 0 0 0 0
1610906400 0 0 0 0
1610899200 0 0 0 0
1610892000 0 0 0 0
1610884800 0 0 0 0
1610877600 0 0 0 0
1610841600 0 0 0 0
1610755200 0 0 0 0
1610668800 0 0 0 0
1610582400 0 0 0 0
1610496000 0 0 0 0
1610409600 0 0 0 0
1610323200 0 0 0 0
1610236800 0 0 0 0
1610150400 0 0 0 0
1610064000 0 0 0 0
1609977600 0 0 0 0
1609891200 0 0 0 0
1609804800 0 0 0 0
1609718400 0 0 0 0
1609632000 0 0 0 0
1609545600 0 0 0 0
1609459200 0 0 0 0
1609372800 0 0 0 0
1609286400 0 0 0 0
1609200000 0 0 0 0
1609113600 0 0 0 0
1609027200 0 0 0 0
1608940800 0 0 0 0
1608854400 0 0 0 0
1608768000 0 0 0 0
1608681600 0 0 0 0
1608595200 0 0 0 0
1608508800 0 0 0 0
1608422400 0 0 0 0
1608336000 0 0 0 0
1608249600 0 0 0 0
1608163200 0 0 0 0
1608076800 0 0 0 0
1607990400 0 0 0 0
1607904000 0 0 0 0
1607817600 0 0 0 0
1607731200 0 0 0 0
1607644800 0 0 0 0
1607558400 0 0 0 0
1607472000 0 0 0 0
1607385600 0 0 0 0
1607299200 0 0 0 0
1607212800 0 0 0 0
1607126400 0 0 0 0
1607040000 0 0 0 0
1606953600 0 0 0 0
1606867200 0 0 0 0
1606780800 0 0 0 0
1606694400 0 0 0 0
1606608000 0 0 0 0
1606521600 0 0 0 0
1606435200 0 0 0 0
1606348800 0 0 0 0
1606262400 0 0 0 0
1606176000 0 0 0 0
1606089600 0 0 0 0
1606003200 0 0 0 0
1605916800 0 0 0 0
1605830400 0 0 0 0
1605744000 0 0 0 0
1605657600 0 0 0 0
1605571200 0 0 0 0
1605484800 0 0 0 0
1605398400 0 0 0 0
1605312000 0 0 0 0
1605225600 0 0 0 0
1605139200 0 0 0 0
1605052800 0 0 0 0
1604966400 0 0 0 0
1604880000 0 0 0 0
1604793600 0 0 0 0
1604707200 0 0 0 0
1604620800 0 0 0 0
1604534400 0 0 0 0
1604448000 0 0 0 0
1604361600 0 0 0 0
1604275200 0 0 0 0
1604188800 0 0 0 0
1604102400 0 0 0 0
1604016000 0 0 0 0
1603929600 0 0 0 0
1603843200 0 0 0 0
1603756800 0 0 0 0
1603670400 0 0 0 0
1603584000 0 0 0 0
1603497600 0 0 0 0
1603411200 0 0 0 0
1603324800 0 0 0 0
1603238400 0 0 0 0
1603152000 0 0 0 0
1603065600 0 0 0 0
1602979200 0 0 0 0
1602892800 0 0 0 0
1602806400 0 0 0 0
1602720000 0 0 0 0
1602633600 0 0 0 0
1602547200 0 0 0 0
1602460800 0 0 0 0
1602374400 0 0 0 0
1602288000 0 0 0 0
1602201600 0 0 0 0
1602115200 0 0 0 0
1602028800 0 0 0 0
1601942400 0 0 0 0
1601856000 0 0 0 0
1601769600 0 0 0 0
1601683200 0 0 0 0
1601596800 0 0 0 0
1601510400 0 0 0 0
1601424000 0 0 0 0
1601337600 0 0 0 0
1601251200 0 0 0 0
1601164800 0 0 0 0
1601078400 0 0 0 0
1600992000 0 0 0 0
1600905600 0 0 0 0
1600819200 0 0 0 0
1600732800 0 0 0 0
1600646400 0 0 0 0
1600560000 0 0 0 0
1600473600 0 0 0 0
1600387200 0 0 0 0
1600300800 0 0 0 0
1600214400 0 0 0 0
1600128000 0 0 0 0
1600041600 0 0 0 0
1599955200 0 0 0 0
1599868800 0 0 0 0
1599782400 0 0 0 0
1599696000 0 0 0 0
1599609600 0 0 0 0
1599523200 0 0 0 0
1599436800 0 0 0 0
1599350400 0 0 0 0
1599264000 0 0 0 0
1599177600 0 0 0 0
1599091200 0 0 0 0
1599004800 0 0 0 0
1598918400 0 0 0 0
1598832000 0 0 0 0
1598745600 0 0 0 0
1598659200 0 0 0 0
1598572800 0 0 0 0
1598486400 0 0 0 0
1598400000 0 0 0 0
1598313600 0 0 0 0
1598227200 0 0 0 0
1598140800 0 0 0 0
1598054400 0 0 0 0
1597968000 0 0 0 0
1597881600 0 0 0 0
1597795200 0 0 0 0
1597708800 0 0 0 0
1597622400 0 0 0 0
1597536000 0 0 0 0
1597449600 0 0 0 0
1597363200 0 0 0 0
1597276800 0 0 0 0
1597190400 0 0 0 0
1597104000 0 0 0 0
1597017600 0 0 0 0
1596931200 0 0 0 0
1596844800 0 0 0 0
1596758400 0 0 0 0
1596672000 0 0 0 0
1596585600 0 0 0 0
1596499200 0 0 0 0
1596412800 0 0 0 0
1596326400 0 0 0 0
1596240000 0 0 0 0
1596153600 0 0 0 0
1596067200 0 0 0 0
1595980800 0 0 0 0
1595894400 0 0 0 0
1595808000 0 0 0 0
1595721600 0 0 0 0
1595635200 0 0 0 0
1595548800 0 0 0 0
1595462400 0 0 0 0
1595376000 0 0 0 0
1595289600 0 0 0 0
1595203200 0 0 0 0
1595116800 0 0 0 0
1595030400 0 0 0 0
1594944000 0 0 0 0
1594857600 0 0 0 0
1594771200 0 0 0 0
1594684800 0 0 0 0
1594598400 0 0 0 0
1594512000 0 0 0 0
1594425600 0 0 0 0
1594339200 0 0 0 0
1594252800 0 0 0 0
1594166400 0 0 0 0
1594080000 0 0 0 0
1593993600 0 0 0 0
1593907200 0 0 0 0
1593820800 0 0 0 0
1593734400 0 0 0 0
1593648000 0 0 0 0
1593561600 0 0 0 0
1593475200 0 0 0 0
1593388800 0 0 0 0
1593302400 0 0 0 0
1593216000 0 0 0 0
1593129600 0 0 0 0
1593043200 0 0 0 0
1592956800 0 0 0 0
1592870400 0 0 0 0
1592784000 0 0 0 0
1592697600 0 0 0 0
1592611200 0 0 0 0
1592524800 0 0 0 0
1592438400 0 0 0 0
1592352000 0 0 0 0
1592265600 0 0 0 0
1592179200 0 0 0 0
1592092800 0 0 0 0
1592006400 0 0 0 0
1591920000 0 0 0 0
1591833600 0 0 0 0
1591747200 0 0 0 0
1591660800 0 0 0 0
1591574400 0 0 0 0
1591488000 0 0 0 0
1591401600 0 0 0 0
1591315200 0 0 0 0
1591228800 0 0 0 0
1591142400 0 0 0 0
1591056000 0 0 0 0
1590969600 0 0 0 0
1590883200 0 0 0 0
1590796800 0 0 0 0
1590710400 0 0 0 0
1590624000 0 0 0 0
1590537600 0 0 0 0
1590451200 0 0 0 0
1590364800 0 0 0 0
1590278400 0 0 0 0
1590192000 0 0 0 0
1590105600 0 0 0 0
1590019200 0 0 0 0
1589932800 0 0 0 0
1589846400 0 0 0 0
1589760000 0 0 0 0
1589673600 0 0 0 0
1589587200 0 0 0 0
1589500800 0 0 0 0
1589414400 0 0 0 0
1589328000 0 0 0 0
1589241600 0 0 0 0
1589155200 0 0 0 0
1589068800 0 0 0 0
1588982400 0 0 0 0
1588896000 0 0 0 0
1588809600 0 0 0 0
1588723200 0 0 0 0
1588636800 0 0 0 0
1588550400 0 0 0 0
1588464000 0 0 0 0
1588377600 0 0 0 0
1588291200 0 0 0 0
1588204800 0 0 0 0
1588118400 0 0 0 0
1588032000 0 0 0 0
1587945600 0 0 0 0
1587859200 0 0 0 0
1587772800 0 0 0 0
1587686400 0 0 0 0
1587600000 0 0 0 0
1587513600 0 0 0 0
1587427200 0 0 0 0
1587340800 0 0 0 0
1587254400 0 0 0 0
1587168000 0 0 0 0
1587081600 0 0 0 0
1586995200 0 0 0 0
1586908800 0 0 0 0
1586822400 0 0 0 0
1586736000 0 0 0 0
1586649600 0 0 0 0
1586563200 0 0 0 0
1586476800 0 0 0 0
1586390400 0 0 0 0
1586304000 0 0 0 0
1586217600 0 0 0 0
1586131200 0 0 0 0
1586044800 0 0 0 0
1585958400 0 0 0 0
1585872000 0 0 0 0
1585785600 0 0 0 0
1585699200 0 0 0 0
1585612800 0 0 0 0
1585526400 0 0 0 0
1585440000 0 0 0 0
1585353600 0 0 0 0
1585267200 0 0 0 0
1585180800 0 0 0 0
1585094400 0 0 0 0
1585008000 0 0 0 0
1584921600 0 0 0 0
1584835200 0 0 0 0
1584748800 0 0 0 0
1584662400 0 0 0 0
1584576000 0 0 0 0
1584489600 0 0 0 0
1584403200 0 0 0 0
1584316800 0 0 0 0
1584230400 0 0 0 0
1584144000 0 0 0 0
1584057600 0 0 0 0
1583971200 0 0 0 0
1583884800 0 0 0 0
1583798400 0 0 0 0
1583712000 0 0 0 0
1583625600 0 0 0 0
1583539200 0 0 0 0
1583452800 0 0 0 0
1583366400 0 0 0 0
1583280000 0 0 0 0
1583193600 0 0 0 0
1583107200 0 0 0 0
1583020800 0 0 0 0
1582934400 0 0 0 0
1582848000 0 0 0 0
1582761600 0 0 0 0
1582675200 0 0 0 0
1582588800 0 0 0 0
1582502400 0 0 0 0
1582416000 0 0 0 0
1582329600 0 0 0 0
1582243200 0 0 0 0
1582156800 0 0 0 0
1582070400 0 0 0 0
1581984000 0 0 0 0
1581897600 0 0 0 0
1581811200 0 0 0 0
1581724800 0 0 0 0
1581638400 0 0 0 0
1581552000 0 0 0 0
1581465600 0 0 0 0
1581379200 0 0 0 0
1581292800 0 0 0 0
1581206400 0 0 0 0
1581120000 0 0 0 0
1581033600 0 0 0 0
1580947200 0 0 0 0
1580860800 0 0 0 0
1580774400 0 0 0 0
1580688000 0 0 0 0
1580601600 0 0 0 0
1580515200 0 0 0 0
1580428800 0 0 0 0
1580342400 0 0 0 0
1580256000 0 0 0 0
1580169600 0 0 0 0
1580083200 0 0 0 0
1579996800 0 0 0 0
1579910400 0 0 0 0
1579824000 0 0 0 0
1579737600 0 0 0 0
1579651200 0 0 0 0
1579564800 0 0 0 0
1579478400 0 0 0 0
1579392000 0 0 0 0
1579305600 0 0 0 0
1579219200 0 0 0 0
1579132800 0 0 0 0
1579046400 0 0 0 0
1578960000 0 0 0 0
1578873600 0 0 0 0
1578787200 0 0 0 0
1578700800 0 0 0 0
1578614400 0 0 0 0
1578528000 0 0 0 0
1578441600 0 0 0 0
1578355200 0 0 0 0
1578268800 0 0 0 0
1578182400 0 0 0 0
1578096000 0 0 0 0
1578009600 0 0 0 0
1577923200 0 0 0 0
1577836800 0 0 0 0
1577750400 0 0 0 0
1577664000 0 0 0 0
1577577600 0 0 0 0
1577491200 0 0 0 0
1577404800 0 0 0 0
1577318400 0 0 0 0
1577232000 0 0 0 0
1577145600 0 0 0 0
1577059200 0 0 0 0
1576972800 0 0 0 0
1576886400 0 0 0 0
1576800000 0 0 0 0
1576713600 0 0 0 0
1576627200 0 0 0 0
1576540800 0 0 0 0
1576454400 0 0 0 0
1576368000 0 0 0 0
1576281600 0 0 0 0
1576195200 0 0 0 0
1576108800 0 0 0 0
1576022400 0 0 0 0
1575936000 0 0 0 0
1575849600 0 0 0 0
1575763200 0 0 0 0
1575676800 0 0 0 0
1575590400 0 0 0 0
1575504000 0 0 0 0
1575417600 0 0 0 0
1575331200 0 0 0 0
1575244800 0 0 0 0
1575158400 0 0 0 0
1575072000 0 0 0 0
1574985600 0 0 0 0
1574899200 0 0 0 0
1574812800 0 0 0 0
1574726400 0 0 0 0
1574640000 0 0 0 0
1574553600 0 0 0 0
1574467200 0 0 0 0
1574380800 0 0 0 0
1574294400 0 0 0 0
1574208000 0 0 0 0
1574121600 0 0 0 0
1574035200 0 0 0 0
1573948800 0 0 0 0
1573862400 0 0 0 0
1573776000 0 0 0 0
1573689600 0 0 0 0
1573603200 0 0 0 0
1573516800 0 0 0 0
1573430400 0 0 0 0
1573344000 0 0 0 0
1573257600 0 0 0 0
1573171200 0 0 0 0
1573084800 0 0 0 0
1572998400 0 0 0 0
1572912000 0 0 0 0
1572825600 0 0 0 0
1572739200 0 0 0 0
1572652800 0 0 0 0
1572566400 0 0 0 0
1572480000 0 0 0 0
1572393600 0 0 0 0
1572307200 0 0 0 0
1572220800 0 0 0 0
1572134400 0 0 0 0
1572048000 0 0 0 0
1571961600 0 0 0 0
1571875200 0 0 0 0
1571788800 0 0 0 0
1571702400 0 0 0 0
1571616000 0 0 0 0
1571529600 0 0 0 0
1571443200 0 0 0 0
1571356800 0 0 0 0
1571270400 0 0 0 0
1571184000 0 0 0 0
1571097600 0 0 0 0
1571011200 0 0 0 0
1570924800 0 0 0 0
1570838400 0 0 0 0
1570752000 0 0 0 0
1570665600 0 0 0 0
1570579200 0 0 0 0
1570492800 0 0 0 0
1570406400 0 0 0 0
1570320000 0 0 0 0
1570233600 0 0 0 0
1570147200 0 0 0 0
1570060800 0 0 0 0
1569974400 0 0 0 0
1569888000 0 0 0 0
1569801600 0 0 0 0
1569715200 0 0 0 0
1569628800 0 0 0 0
1569542400 0 0 0 0
1569456000 0 0 0 0
1569369600 0 0 0 0
1569283200 0 0 0 0
1569196800 0 0 0 0
1569110400 0 0 0 0
1569024000 0 0 0 0
1568937600 0 0 0 0
1568851200 0 0 0 0
1568764800 0 0 0 0
1568678400 0 0 0 0
1568592000 0 0 0 0
1568505600 0 0 0 0
1568419200 0 0 0 0
1568332800 0 0 0 0
1568246400 0 0 0 0
1568160000 0 0 0 0
1568073600 0 0 0 0
1567987200 0 0 0 0
1567900800 0 0 0 0
1567814400 0 0 0 0
1567728000 0 0 0 0
1567641600 0 0 0 0
1567555200 0 0 0 0
1567468800 0 0 0 0
1567382400 0 0 0 0
1567296000 0 0 0 0
1567209600 0 0 0 0
1567123200 0 0 0 0
1567036800 0 0 0 0
1566950400 0 0 0 0
1566864000 0 0 0 0
1566777600 0 0 0 0
1566691200 0 0 0 0
1566604800 0 0 0 0
1566518400 0 0 0 0
1566432000 0 0 0 0
1566345600 0 0 0 0
1566259200 0 0 0 0
1566172800 0 0 0 0
1566086400 0 0 0 0
1566000000 0 0 0 0
1565913600 0 0 0 0
1565827200 0 0 0 0
1565740800 0 0 0 0
1565654400 0 0 0 0
1565568000 0 0 0 0
1565481600 0 0 0 0
1565395200 0 0 0 0
1565308800 0 0 0 0
1565222400 0 0 0 0
1565136000 0 0 0 0
1565049600 0 0 0 0
1564963200 0 0 0 0
1564876800 0 0 0 0
1564790400 0 0 0 0
1564704000 0 0 0 0
1564617600 0 0 0 0
1564531200 0 0 0 0
1564444800 0 0 0 0
1564358400 0 0 0 0
1564272000 0 0 0 0
1564185600 0 0 0 0
1564099200 0 0 0 0
1564012800 0 0 0 0
1563926400 0 0 0 0
1563840000 0 0 0 0
1563753600 0 0 0 0
1563667200 0 0 0 0
1563580800 0 0 0 0
1563494400 0 0 0 0
1563408000 0 0 0 0
1563321600 0 0 0 0
1563235200 0 0 0 0
1563148800 0 0 0 0
1563062400 0 0 0 0
1562976000 0 0 0 0
1562889600 0 0 0 0
1562803200 0 0 0 0
1562716800 0 0 0 0
1562630400 0 0 0 0
1562544000 0 0 0 0
1562457600 0 0 0 0
1562371200 0 0 0 0
1562284800 0 0 0 0
1562198400 0 0 0 0
1562112000 0 0 0 0
1562025600 0 0 0 0
1561939200 0 0 0 0
1561852800 0 0 0 0
1561766400 0 0 0 0
1561680000 0 0 0 0
1561593600 0 0 0 0
1561507200 0 0 0 0
1561420800 0 0 0 0
1561334400 0 0 0 0
1561248000 0 0 0 0
1561161600 0 0 0 0
1561075200 0 0 0 0
1560988800 0 0 0 0
1560902400 0 0 0 0
1560816000 0 0 0 0
1560729600 0 0 0 0
1560643200 0 0 0 0
1560556800 0 0 0 0
1560470400 0 0 0 0
1560384000 0 0 0 0
1560297600 0 0 0 0
1560211200 0 0 0 0
1560124800 0 0 0 0
1560038400 0 0 0 0
1559952000 0 0 0 0
1559865600 0 0 0 0
1559779200 0 0 0 0
1559692800 0 0 0 0
1559606400 0 0 0 0
1559520000 0 0 0 0
1559433600 0 0 0 0
1559347200 0 0 0 0
1559260800 0 0 0 0
1559174400 0 0 0 0
1559088000 0 0 0 0
1559001600 0 0 0 0
1558915200 0 0 0 0
1558828800 0 0 0 0
1558742400 0 0 0 0
1558656000 0 0 0 0
1558569600 0 0 0 0
1558483200 0 0 0 0
1558396800 0 0 0 0
1558310400 0 0 0 0
1558224000 0 0 0 0
1558137600 0 0 0 0
1558051200 0 0 0 0
1557964800 0 0 0 0
1557878400 0 0 0 0
1557792000 0 0 0 0
1557705600 0 0 0 0
1557619200 0 0 0 0
1557532800 0 0 0 0
1557446400 0 0 0 0
1557360000 0 0 0 0
1557273600 0 0 0 0
1557187200 0 0 0 0
1557100800 0 0 0 0
1557014400 0 0 0 0
1556928000 0 0 0 0
1556841600 0 0 0 0
1556755200 0 0 0 0
1556668800 0 0 0 0
1556582400 0 0 0 0
1556496000 0 0 0 0
1556409600 0 0 0 0
1556323200 0 0 0 0
1556236800 0 0 0 0
1556150400 0 0 0 0
1556064000 0 0 0 0
1555977600 0 0 0 0
1555891200 0 0 0 0
1555804800 0 0 0 0
1555718400 0 0 0 0
1555632000 0 0 0 0
1555545600 0 0 0 0
1555459200 0 0 0 0
1555372800 0 0 0 0
1555286400 0 0 0 0
1555200000 0 0 0 0
1555113600 0 0 0 0
1555027200 0 0 0 0
1554940800 0 0 0 0
1554854400 0 0 0 0
1554768000 0 0 0 0
1554681600 0 0 0 0
1554595200 0 0 0 0
1554508800 0 0 0 0
1554422400 0 0 0 0
1554336000 0 0 0 0
1554249600 0 0 0 0
1554163200 0 0 0 0
1554076800 0 0 0 0
1553990400 0 0 0 0
1553904000 0 0 0 0
1553817600 0 0 0 0
1553731200 0 0 0 0
1553644800 0 0 0 0
1553558400 0 0 0 0
1553472000 0 0 0 0
1553385600 0 0 0 0
1553299200 0 0 0 0
1553212800 0 0 0 0
1553126400 0 0 0 0
1553040000 0 0 0 0
1552953600 0 0 0 0
1552867200 0 0 0 0
1552780800 0 0 0 0
1552694400 0 0 0 0
1552608000 0 0 0 0
1552521600 0 0 0 0
1552435200 0 0 0 0
1552348800 0 0 0 0
1552262400 0 0 0 0
1552176000 0 0 0 0
1552089600 0 0 0 0
1552003200 0 0 0 0
1551916800 0 0 0 0
1551830400 0 0 0 0
1551744000 0 0 0 0
1551657600 0 0 0 0
1551571200 0 0 0 0
1551484800 0 0 0 0
1551398400 0 0 0 0
1551312000 0 0 0 0
1551225600 0 0 0 0
1551139200 0 0 0 0
1551052800 0 0 0 0
1550966400 0 0 0 0
1550880000 0 0 0 0
1550793600 0 0 0 0
1550707200 0 0 0 0
1550620800 0 0 0 0
1550534400 0 0 0 0
1550448000 0 0 0 0
1550361600 0 0 0 0
1550275200 0 0 0 0
1550188800 0 0 0 0
1550102400 0 0 0 0
1550016000 0 0 0 0
1549929600 0 0 0 0
1549843200 0 0 0 0
1549756800 0 0 0 0
1549670400 0 0 0 0
1549584000 0 0 0 0
1549497600 0 0 0 0
1549411200 0 0 0 0
1549324800 0 0 0 0
1549238400 0 0 0 0
1549152000 0 0 0 0
1549065600 0 0 0 0
1548979200 0 0 0 0
1548892800 0 0 0 0
1548806400 0 0 0 0
1548720000 0 0 0 0
1548633600 0 0 0 0
1548547200 0 0 0 0
1548460800 0 0 0 0
1548374400 0 0 0 0
1548288000 0 0 0 0
1548201600 0 0 0 0
1548115200 0 0 0 0
1548028800 0 0 0 0
1547942400 0 0 0 0
1547856000 0 0 0 0
1547769600 0 0 0 0
1547683200 0 0 0 0
