1616464921 1761608185 2695887334
1616464921 15 111 15 111
1616464021 15 111 15 111
1616463900 15 111 15 111
1616463600 15 111 15 111
1616463300 15 111 15 111
1616463000 15 111 15 111
1616462700 15 111 15 111
1616462400 15 111 15 111
1616462100 15 111 15 111
1616461800 15 111 15 111
1616461500 15 111 15 111
1616461200 15 111 15 111
1616460900 15 111 15 111
1616460600 15 111 15 111
1616460300 15 111 15 111
1616460000 15 111 15 111
1616459700 15 111 15 111
1616459400 15 111 15 111
1616459100 15 111 15 111
1616458800 15 111 15 111
1616458500 15 111 15 111
1616458200 15 111 15 111
1616457900 15 111 15 111
1616457600 15 111 15 111
1616457300 15 111 15 111
1616457000 15 111 15 111
1616456700 15 111 15 111
1616456400 15 111 15 111
1616456100 15 111 15 111
1616455800 15 111 15 111
1616455500 15 111 15 111
1616455200 15 111 15 111
1616454900 15 111 15 111
1616454600 15 111 15 111
1616454300 15 111 15 111
1616454000 15 111 15 111
1616453700 15 111 15 111
1616453400 15 111 15 111
1616453100 15 111 15 111
1616452800 15 111 15 111
1616452500 15 111 15 111
1616452200 15 111 15 111
1616451900 15 111 15 111
1616451600 15 111 15 111
1616451300 15 111 15 111
1616451000 15 111 15 111
1616450700 15 111 15 111
1616450400 15 111 15 111
1616450100 15 111 15 111
1616449800 15 111 15 111
1616449500 15 111 15 111
1616449200 15 111 15 111
1616448900 15 111 15 111
1616448600 15 111 15 111
1616448300 15 111 15 111
1616448000 15 111 15 111
1616447700 15 111 15 111
1616447400 15 111 15 111
1616447100 15 111 15 111
1616446800 15 111 15 111
1616446500 15 111 15 111
1616446200 15 111 15 111
1616445900 15 111 15 111
1616445600 15 111 15 111
1616445300 15 111 15 111
1616445000 15 111 15 111
1616444700 15 111 15 111
1616444400 15 111 15 111
1616444100 15 111 15 111
1616443800 15 111 15 111
1616443500 15 111 15 112
1616443200 15 112 15 112
1616442900 15 112 15 112
1616442600 15 111 15 112
1616442300 15 110 15 110
1616442000 15 110 15 110
1616441700 15 110 15 111
1616441400 15 111 15 111
1616441100 15 111 15 111
1616440800 15 111 15 111
1616440500 15 111 15 111
1616440200 15 111 15 111
1616439900 15 111 15 112
1616439600 15 112 15 112
1616439300 15 112 15 112
1616439000 15 111 15 112
1616438700 15 111 15 111
1616438400 15 111 15 111
1616438100 15 111 15 111
1616437800 15 111 15 111
1616437500 15 111 15 111
1616437200 17 113 21 116
1616436900 21 116 21 116
1616436600 21 116 21 116
1616436300 18 113 21 116
1616436000 15 110 15 110
1616435700 15 110 15 110
1616435400 15 110 15 111
1616435100 15 111 15 111
1616434800 15 111 15 111
1616434500 15 110 15 111
1616434200 15 110 15 110
1616433900 15 110 15 110
1616433600 15 110 15 111
1616433300 15 111 15 111
1616433000 15 111 15 111
1616432700 15 111 15 111
1616432400 15 111 15 111
1616432100 15 111 15 111
1616431800 15 111 15 111
1616431500 15 111 15 111
1616431200 15 111 15 111
1616430900 15 111 15 111
1616430600 15 111 15 111
1616430300 15 111 15 111
1616430000 15 111 15 111
1616429700 15 111 15 111
1616429400 15 111 15 111
1616429100 15 111 15 111
1616428800 15 111 15 111
1616428500 15 111 15 111
1616428200 15 111 15 111
1616427900 15 111 15 111
1616427600 15 111 15 111
1616427300 15 111 15 111
1616427000 15 111 15 111
1616426700 15 111 15 111
1616426400 15 110 15 111
1616426100 15 110 15 110
1616425800 15 110 15 110
1616425500 15 111 15 114
1616425200 15 114 15 114
1616424900 15 114 15 114
1616424600 15 112 15 114
1616424300 15 111 15 111
1616424000 15 111 15 111
1616423700 15 111 15 111
1616423400 15 111 15 111
1616423100 15 111 15 111
1616422800 15 111 15 111
1616422500 15 111 15 111
1616422200 15 111 15 111
1616421900 17 113 21 117
1616421600 21 117 21 117
1616421300 21 117 21 117
1616421000 21 116 21 117
1616420700 21 116 21 116
1616420400 21 116 21 116
1616420100 18 113 21 116
1616419800 15 111 15 111
1616419500 15 111 15 111
1616419200 15 111 15 111
1616418900 15 111 15 111
1616418600 15 111 15 111
1616418300 15 111 15 111
1616418000 15 111 15 111
1616417700 15 111 15 111
1616417400 18 114 23 119
1616417100 23 119 23 119
1616416800 23 119 23 119
1616416500 20 116 23 119
1616416200 18 113 18 113
1616415900 18 113 18 113
1616415600 16 112 18 113
1616415300 15 111 15 111
1616415000 15 111 15 111
1616414700 15 111 15 111
1616414400 15 111 15 111
1616414100 15 111 15 111
1616413800 15 111 15 111
1616413500 15 111 15 111
1616413200 15 111 15 111
1616412900 15 111 15 111
1616412600 15 111 15 111
1616412300 15 111 15 111
1616412000 15 111 15 111
1616411700 15 111 15 111
1616411400 15 111 15 111
1616411100 15 111 15 112
1616410800 15 112 15 112
1616410500 15 112 15 112
1616410200 15 111 15 112
1616409900 15 111 15 111
1616409600 15 111 15 111
1616409300 15 111 15 111
1616409000 15 111 15 111
1616408700 15 111 15 111
1616408400 15 110 15 111
1616408100 15 110 15 110
1616407800 15 110 15 110
1616407500 15 110 15 112
1616407200 15 112 15 112
1616406900 15 112 15 112
1616406600 15 111 15 112
1616406300 15 110 15 110
1616406000 15 110 15 110
1616405700 15 110 15 111
1616405400 15 111 15 111
1616405100 15 111 15 111
1616404800 15 111 15 111
1616404500 15 111 15 111
1616404200 15 111 15 111
1616403900 15 110 15 111
1616403600 15 110 15 110
1616403300 15 110 15 110
1616403000 15 110 15 111
1616402700 15 111 15 111
1616402400 15 111 15 111
1616402100 15 111 15 111
1616401800 15 111 15 111
1616401500 15 111 15 111
1616401200 15 111 15 111
1616400900 15 111 15 111
1616400600 15 111 15 111
1616400300 15 110 15 111
1616400000 15 110 15 110
1616399700 15 110 15 110
1616399400 15 110 15 111
1616399100 15 111 15 111
1616398800 15 111 15 111
1616398500 15 111 15 111
1616398200 15 111 15 111
1616397900 15 111 15 111
1616397600 15 111 15 111
1616397300 15 111 15 111
1616397000 15 111 15 111
1616396700 15 111 15 111
1616396400 15 111 15 111
1616396100 15 111 15 111
1616395800 15 111 15 111
1616395500 15 111 15 111
1616395200 15 111 15 111
1616394900 15 111 15 111
1616394600 15 111 15 111
1616394300 15 111 15 111
1616394000 15 111 15 111
1616393700 15 111 15 111
1616393400 15 111 15 111
1616393100 15 111 15 112
1616392800 15 112 15 112
1616392500 15 112 15 112
1616392200 17 89 21 112
1616391900 21 56 21 56
1616391600 21 56 21 56
1616391300 18 51 21 56
1616391000 15 45 15 45
1616390700 15 45 15 45
1616390400 15 45 15 45
1616390100 15 45 15 45
1616389800 15 45 15 45
1616389500 15 45 15 45
1616389200 15 45 15 45
1616388900 15 45 15 45
1616388600 15 45 15 45
1616388300 15 45 15 45
1616388000 15 45 15 45
1616387700 15 45 15 45
1616387400 15 45 15 45
1616387100 15 45 15 45
1616386800 15 45 15 45
1616386500 15 45 15 45
1616386200 15 45 15 45
1616385900 15 45 15 47
1616385600 15 47 15 47
1616385300 15 47 15 47
1616385000 15 47 15 49
1616384700 15 49 15 49
1616384400 15 49 15 49
1616384100 15 47 15 49
1616383800 15 46 15 46
1616383500 15 46 15 46
1616383200 15 60 15 81
1616382900 15 81 15 81
1616382600 15 81 15 81
1616382300 15 93 15 111
1616382000 15 111 15 111
1616381700 15 111 15 111
1616381400 15 111 15 111
1616381100 15 111 15 111
1616380800 15 111 15 111
1616380500 15 111 15 111
1616380200 15 111 15 111
1616379900 15 111 15 111
1616379600 15 111 15 111
1616379300 15 111 15 111
1616379000 15 111 15 111
1616378700 15 111 15 111
1616378400 15 111 15 111
1616378100 15 111 15 111
1616377800 15 111 15 111
1616377500 15 111 15 111
1616377200 15 111 15 111
1616376900 15 111 15 111
1616376600 15 111 15 111
1616376300 15 111 15 111
1616376000 15 110 15 111
1616375700 15 110 15 110
1616375400 15 110 15 110
1616375100 15 110 15 112
1616374800 15 112 15 112
1616374500 15 112 15 112
1616374200 15 111 15 112
1616373900 15 110 15 110
1616373600 15 110 15 110
1616373300 15 110 15 111
1616373000 15 111 15 111
1616372700 15 111 15 111
1616372400 15 110 15 111
1616372100 15 110 15 110
1616371800 15 110 15 110
1616371500 15 110 15 111
1616371200 15 111 15 111
1616370900 15 111 15 111
1616370600 15 111 15 111
1616370300 15 111 15 111
1616370000 15 111 15 111
1616369700 15 111 15 111
1616369400 15 111 15 111
1616369100 15 111 15 111
1616368800 15 111 15 111
1616368500 15 111 15 111
1616368200 15 111 15 111
1616367900 15 111 15 111
1616367600 15 111 15 111
1616367300 15 111 15 111
1616367000 15 111 15 111
1616366700 15 111 15 111
1616366400 15 111 15 111
1616366100 18 114 24 120
1616365800 24 120 24 120
1616365500 24 120 24 120
1616365200 20 116 24 120
1616364900 15 111 15 111
1616364600 15 111 15 111
1616364300 15 111 15 111
1616364000 15 111 15 111
1616363700 15 111 15 111
1616363400 15 111 15 111
1616363100 15 111 15 111
1616362800 15 111 15 111
1616362500 15 111 15 111
1616362200 15 111 15 111
1616361900 15 111 15 111
1616361600 15 111 15 111
1616361300 15 111 15 111
1616361000 15 111 15 111
1616360700 15 111 15 111
1616360400 15 111 15 111
1616360100 15 111 15 111
1616359800 15 111 15 111
1616359500 15 111 15 111
1616359200 15 111 15 111
1616358900 15 113 15 117
1616358600 15 117 15 117
1616358300 15 117 15 117
1616358000 15 115 15 117
1616357700 15 113 15 113
1616357400 15 113 15 113
1616357100 15 112 15 113
1616356800 15 111 15 111
1616356500 15 111 15 111
1616356200 15 110 15 111
1616355900 15 110 15 110
1616355600 15 110 15 110
1616355300 15 110 15 111
1616355000 15 111 15 111
1616354700 15 111 15 111
1616354400 15 111 15 111
1616354100 15 111 15 111
1616353800 15 111 15 111
1616353500 15 111 15 111
1616353200 15 111 15 111
1616352900 15 111 15 111
1616352600 15 111 15 111
1616352300 15 111 15 111
1616352000 15 111 15 111
1616351700 15 111 15 111
1616351400 15 111 15 111
1616351100 15 111 15 111
1616350800 15 111 15 111
1616350500 15 111 15 111
1616350200 15 111 15 111
1616349900 15 111 15 111
1616349600 15 111 15 111
1616349300 15 111 15 111
1616349000 15 111 15 111
1616348700 15 111 15 111
1616348400 15 111 15 111
1616348100 15 111 15 111
1616347800 15 111 15 111
1616347500 15 111 15 111
1616347200 15 111 15 111
1616346900 15 111 15 111
1616346600 15 111 15 111
1616346300 15 111 15 111
1616346000 15 111 15 111
1616345700 15 111 15 111
1616345400 15 111 15 111
1616345100 15 111 15 111
1616344800 15 111 15 111
1616344500 15 111 15 111
1616344200 15 111 15 111
1616343900 15 111 15 111
1616343600 15 111 15 111
1616343300 15 111 15 111
1616343000 15 111 15 111
1616342700 15 111 15 111
1616342400 15 111 15 111
1616342100 15 111 15 111
1616341800 15 111 15 111
1616341500 15 111 15 111
1616341200 15 111 15 111
1616340900 15 111 15 111
1616340600 15 111 15 111
1616340300 15 111 15 111
1616340000 15 111 15 111
1616339700 15 111 15 111
1616339400 15 111 15 111
1616339100 15 111 15 111
1616338800 15 111 15 111
1616338500 15 111 15 111
1616338200 15 111 15 111
1616337900 15 111 15 111
1616337600 15 111 15 111
1616337300 15 111 15 111
1616337000 15 111 15 111
1616336700 15 111 15 111
1616336400 15 111 15 111
1616336100 15 111 15 111
1616335800 15 111 15 111
1616335500 15 111 15 111
1616335200 15 111 15 111
1616334900 15 111 15 111
1616334600 15 111 15 111
1616334300 15 111 15 111
1616334000 15 111 15 111
1616333700 15 111 15 111
1616333400 15 111 15 111
1616333100 15 111 15 111
1616332800 15 111 16 111
1616332500 16 111 16 111
1616332200 16 111 16 111
1616331900 15 111 16 111
1616331600 15 111 15 111
1616331300 15 111 15 111
1616331000 15 111 15 111
1616330700 15 111 15 111
1616330400 15 111 15 111
1616330100 15 110 15 111
1616329800 15 110 15 110
1616329500 15 110 15 110
1616329200 15 110 15 111
1616328900 15 111 15 111
1616328600 15 111 15 111
1616328300 15 111 15 111
1616328000 15 111 15 111
1616327700 15 111 15 111
1616327400 15 111 15 111
1616327100 15 111 15 111
1616326800 15 111 15 111
1616326500 15 111 15 111
1616326200 15 111 15 111
1616325900 15 111 15 111
1616325600 15 111 15 111
1616325300 15 111 15 111
1616325000 15 111 15 111
1616324700 15 111 15 111
1616324400 15 111 15 111
1616324100 15 111 15 111
1616323800 15 111 15 111
1616323500 15 111 15 111
1616323200 15 111 15 111
1616322900 15 111 15 111
1616322600 15 111 15 111
1616322300 15 111 15 111
1616322000 15 111 15 111
1616321700 15 111 15 111
1616321400 15 111 15 111
1616321100 15 111 15 111
1616320800 15 111 15 111
1616320500 15 111 15 111
1616320200 15 111 15 111
1616319900 15 111 15 111
1616319600 15 111 15 111
1616319300 15 111 15 111
1616319000 15 111 15 111
1616318700 15 111 15 111
1616318400 15 111 15 111
1616318100 15 111 15 111
1616317800 15 111 15 111
1616317500 15 111 15 111
1616317200 15 111 15 111
1616316900 15 111 15 111
1616316600 15 111 15 111
1616316300 15 111 15 111
1616316000 15 111 15 111
1616315700 15 111 15 111
1616315400 15 111 15 111
1616315100 15 111 15 111
1616314800 15 111 15 111
1616314500 15 111 15 111
1616314200 15 111 15 111
1616313900 15 111 15 111
1616313600 15 111 15 111
1616313300 15 111 15 111
1616313000 15 111 15 111
1616312700 15 111 15 111
1616312400 15 111 15 111
1616312100 15 111 15 111
1616311800 15 111 15 111
1616311500 15 111 15 111
1616311200 15 111 15 111
1616310900 15 111 15 111
1616310600 15 111 15 111
1616310300 15 111 15 111
1616310000 15 111 15 111
1616309700 15 111 15 111
1616309400 15 111 15 111
1616309100 15 111 15 111
1616308800 15 111 15 111
1616308500 15 111 15 111
1616308200 15 111 15 111
1616307900 15 111 15 111
1616307600 15 111 15 111
1616307300 15 111 15 111
1616307000 15 111 15 111
1616306700 15 111 15 111
1616306400 15 111 15 111
1616306100 15 111 15 111
1616305800 15 111 15 111
1616305500 15 111 15 111
1616305200 15 111 15 111
1616304900 15 111 15 111
1616304600 15 111 15 111
1616304300 15 111 15 111
1616304000 15 111 15 111
1616303700 15 111 15 111
1616303400 15 111 15 111
1616303100 15 111 15 111
1616302800 15 111 15 111
1616302500 15 111 15 111
1616302200 15 111 15 111
1616301900 15 111 15 111
1616301600 15 111 15 111
1616301300 15 111 15 111
1616301000 15 111 15 111
1616300700 15 111 15 111
1616300400 15 111 15 111
1616300100 15 111 15 111
1616299800 15 111 15 111
1616299500 15 111 15 111
1616299200 15 111 15 111
1616298900 15 111 15 111
1616298600 15 111 15 111
1616298300 15 111 15 111
1616298000 15 111 15 111
1616297700 15 111 15 111
1616297400 15 111 15 111
1616297100 15 111 15 111
1616296800 15 111 15 111
1616296500 15 111 15 111
1616296200 15 111 15 111
1616295900 15 111 15 111
1616295600 15 111 15 111
1616295300 15 111 15 111
1616295000 15 111 15 111
1616294700 15 111 15 111
1616294400 15 111 15 111
1616294100 15 111 15 111
1616293800 15 111 15 111
1616293500 15 111 15 111
1616293200 15 111 15 111
1616292900 15 111 15 111
1616292600 15 111 15 111
1616292300 15 111 15 111
1616292000 15 111 15 111
1616291700 15 111 15 111
1616291400 15 111 15 111
1616291100 15 111 15 111
1616290800 15 111 15 111
1616290500 15 111 15 111
1616290200 15 111 15 111
1616289900 15 111 15 111
1616289600 15 111 15 111
1616289300 15 111 15 111
1616289000 15 111 15 111
1616288700 15 111 15 111
1616288400 15 111 15 111
1616288100 15 111 15 111
1616287800 15 111 15 111
1616287500 15 111 15 111
1616287200 15 111 15 111
1616286900 15 111 15 111
1616286600 15 111 15 111
1616286300 15 111 15 111
1616286000 15 111 15 111
1616285700 15 111 15 111
1616285400 15 111 15 111
1616285100 15 111 15 111
1616284800 15 111 15 111
1616284500 15 111 15 111
1616284200 15 111 15 111
1616283000 15 111 15 111
1616281200 15 111 15 111
1616279400 15 111 15 111
1616277600 15 111 15 111
1616275800 15 111 15 111
1616274000 15 111 15 111
1616272200 15 111 15 111
1616270400 15 111 15 111
1616268600 22 118 31 126
1616266800 18 114 23 118
1616265000 19 115 23 119
1616263200 16 111 18 113
1616261400 15 111 15 111
1616259600 15 111 15 111
1616257800 15 111 15 111
1616256000 15 110 15 111
1616254200 15 111 15 111
1616252400 15 111 15 111
1616250600 15 111 15 111
1616248800 15 111 15 111
1616247000 15 111 15 111
1616245200 15 111 15 111
1616243400 15 111 15 111
1616241600 15 111 15 111
1616239800 15 111 15 111
1616238000 15 111 15 111
1616236200 15 111 15 111
1616234400 15 111 15 111
1616232600 15 111 15 111
1616230800 15 111 15 111
1616229000 15 111 15 111
1616227200 15 111 15 111
1616225400 15 111 15 111
1616223600 15 111 15 111
1616221800 15 111 15 111
1616220000 15 111 15 111
1616218200 15 111 15 111
1616216400 15 111 15 111
1616214600 15 111 15 111
1616212800 15 110 15 111
1616211000 15 111 15 111
1616209200 15 111 15 111
1616207400 15 111 15 111
1616205600 15 111 15 111
1616203800 15 111 15 111
1616202000 15 111 15 111
1616200200 15 111 15 111
1616198400 15 111 15 111
1616196600 15 111 15 111
1616194800 15 111 15 111
1616193000 15 111 15 112
1616191200 15 111 15 112
1616189400 15 111 15 111
1616187600 15 111 15 111
1616185800 15 111 15 111
1616184000 15 111 15 111
1616182200 15 111 15 111
1616180400 15 111 15 111
1616178600 15 126 23 141
1616176800 18 114 23 118
1616175000 15 111 15 111
1616173200 15 111 25 119
1616171400 23 122 25 127
1616169600 19 77 22 113
1616167800 18 49 22 57
1616166000 15 45 15 45
1616164200 15 45 15 45
1616162400 15 45 15 45
1616160600 15 45 15 45
1616158800 15 45 15 45
1616157000 15 45 15 45
1616155200 15 45 15 45
1616153400 15 45 15 45
1616151600 15 45 15 45
1616149800 15 45 15 45
1616148000 15 45 15 45
1616146200 15 45 15 45
1616144400 15 45 15 45
1616142600 15 45 15 45
1616140800 15 45 15 45
1616139000 15 45 15 45
1616137200 15 45 15 45
1616135400 15 45 15 45
1616133600 15 45 15 45
1616131800 15 45 15 45
1616130000 17 47 21 50
1616128200 15 45 15 45
1616126400 15 45 15 45
1616124600 15 45 15 45
1616122800 15 45 15 45
1616121000 15 45 15 45
1616119200 15 45 15 45
1616117400 15 45 15 45
1616115600 15 45 15 45
1616113800 15 45 15 45
1616112000 15 45 15 45
1616110200 15 45 15 45
1616108400 15 45 15 45
1616106600 15 50 23 72
1616104800 19 84 23 120
1616103000 20 117 21 120
1616101200 15 112 15 114
1616099400 15 111 15 111
1616097600 15 111 15 111
1616095800 15 111 15 111
1616094000 15 110 15 111
1616092200 15 110 15 111
1616090400 15 111 15 111
1616088600 15 111 15 111
1616086800 15 111 15 111
1616085000 15 111 15 111
1616083200 15 111 15 111
1616081400 15 111 15 111
1616079600 15 111 15 111
1616077800 15 111 15 111
1616076000 15 110 15 111
1616074200 15 110 15 111
1616072400 15 111 15 111
1616070600 15 111 15 111
1616068800 15 111 15 111
1616067000 15 111 15 111
1616065200 15 111 15 111
1616063400 15 111 15 111
1616061600 15 111 15 111
1616059800 15 111 15 111
1616058000 15 111 15 111
1616056200 15 111 15 111
1616054400 15 111 15 111
1616052600 15 111 15 111
1616050800 15 111 15 111
1616049000 15 111 15 111
1616047200 15 111 16 111
1616045400 16 111 29 123
1616043600 21 117 29 123
1616041800 30 124 34 129
1616040000 25 119 29 124
1616038200 32 130 38 138
1616036400 25 120 33 128
1616034600 33 153 40 503
1616032800 30 301 34 503
1616031000 21 132 29 162
1616029200 43 134 75 169
1616027400 43 138 75 169
1616025600 18 115 26 125
1616023800 24 121 26 125
1616022000 22 118 23 121
1616020200 18 114 23 119
1616018400 16 113 44 141
1616016600 72 167 105 198
1616014800 17 108 21 113
1616013000 20 116 26 121
1616011200 25 120 37 131
1616009400 15 111 15 111
1616007600 15 111 15 111
1616005800 15 111 15 111
1616004000 15 111 15 115
1616002200 15 113 15 115
1616000400 22 118 31 126
1615998600 15 110 15 111
1615996800 15 110 15 111
1615995000 15 111 15 111
1615993200 15 111 15 111
1615991400 15 111 15 113
1615989600 15 111 15 111
1615987800 15 111 15 111
1615986000 15 111 15 113
1615984200 15 111 15 113
1615982400 15 111 15 111
1615980600 15 111 15 111
1615978800 15 111 15 111
1615977000 15 111 15 111
1615975200 15 111 15 111
1615973400 15 111 15 111
1615971600 15 110 15 111
1615969800 15 111 15 111
1615968000 15 111 26 121
1615966200 19 115 26 121
1615964400 15 115 15 119
1615962600 15 114 15 119
1615960800 15 111 15 111
1615959000 15 111 15 111
1615957200 17 114 26 152
1615955400 20 128 26 152
1615953600 20 115 21 116
1615951800 17 113 21 116
1615950000 16 112 39 140
1615948200 25 123 39 140
1615946400 15 110 15 111
1615944600 15 113 15 117
1615942800 15 114 15 117
1615941000 15 111 18 114
1615939200 16 112 18 114
1615937400 15 111 15 121
1615935600 25 125 37 132
1615933800 15 111 15 112
1615932000 15 111 15 111
1615930200 15 111 15 111
1615928400 23 119 32 127
1615926600 24 105 32 127
1615924800 15 45 15 45
1615923000 15 46 15 49
1615921200 17 47 21 50
1615919400 15 45 15 45
1615917600 17 49 21 53
1615915800 16 73 18 111
1615914000 15 111 15 111
1615912200 15 111 15 111
1615910400 15 111 15 111
1615908600 15 111 15 113
1615906800 15 111 15 113
1615905000 15 111 15 111
1615903200 15 110 15 111
1615901400 15 110 15 111
1615899600 15 111 15 111
1615897800 15 111 15 111
1615896000 15 110 15 111
1615894200 15 110 15 111
1615892400 15 111 15 111
1615890600 15 111 15 111
1615888800 15 111 15 111
1615887000 15 111 15 111
1615885200 15 111 15 111
1615883400 15 111 15 111
1615881600 15 111 15 111
1615879800 15 111 15 111
1615878000 15 111 15 111
1615876200 15 111 15 111
1615874400 15 111 15 111
1615872600 15 111 15 111
1615870800 15 111 15 113
1615869000 15 111 15 113
1615867200 16 112 18 114
1615865400 15 111 15 111
1615863600 15 111 15 113
1615861800 15 109 16 113
1615860000 15 86 16 113
1615858200 16 115 18 120
1615856400 15 111 15 114
1615854600 15 85 15 114
1615852800 15 44 15 45
1615851000 15 44 15 45
1615849200 15 45 15 45
1615847400 15 45 15 45
1615845600 15 45 15 45
1615843800 15 45 15 45
1615842000 15 45 15 45
1615840200 15 45 15 45
1615838400 15 45 15 45
1615836600 15 45 15 45
1615834800 17 47 21 51
1615833000 15 46 15 49
1615831200 15 45 15 45
1615829400 17 49 21 54
1615827600 15 45 15 49
1615825800 31 63 47 77
1615824000 22 56 29 69
1615822200 15 45 15 45
1615820400 15 45 15 45
1615818600 15 45 15 45
1615816800 15 45 15 45
1615815000 15 45 15 45
1615813200 15 45 15 45
1615811400 15 45 15 45
1615809600 15 45 15 45
1615807800 15 45 15 45
1615806000 15 45 15 45
1615804200 15 45 15 45
1615802400 15 45 15 45
1615800600 15 45 15 45
1615798800 15 45 15 45
1615797000 15 45 15 45
1615795200 15 45 15 45
1615793400 15 45 15 45
1615791600 15 45 15 45
1615789800 15 45 15 45
1615788000 15 45 15 45
1615786200 15 45 15 45
1615784400 15 45 15 45
1615782600 15 45 15 45
1615780800 15 45 15 45
1615779000 15 45 15 45
1615777200 15 57 15 70
1615775400 18 48 23 53
1615773600 15 45 15 45
1615771800 15 45 15 45
1615770000 15 45 15 45
1615768200 15 45 15 45
1615766400 19 48 24 53
1615764600 15 45 15 45
1615762800 15 45 15 45
1615761000 15 45 15 45
1615759200 18 65 23 136
1615757400 16 128 18 136
1615755600 15 116 15 123
1615753800 15 110 15 111
1615752000 15 565 16 1020
1615750200 15 111 15 111
1615748400 15 111 21 116
1615746600 17 113 26 121
1615744800 19 115 26 121
1615743000 15 111 15 111
1615741200 15 110 15 111
1615739400 15 111 15 111
1615737600 15 111 15 111
1615735800 15 111 15 111
1615734000 15 111 15 111
1615732200 15 111 15 111
1615730400 15 111 15 111
1615728600 17 113 21 116
1615726800 15 111 15 111
1615725000 15 111 15 111
1615723200 15 111 15 111
1615721400 15 110 15 111
1615719600 15 111 15 111
1615717800 15 111 15 111
1615716000 15 111 15 111
1615714200 15 111 15 111
1615712400 15 111 15 111
1615710600 15 111 15 111
1615708800 15 111 15 123
1615707000 15 143 16 160
1615705200 15 138 16 160
1615703400 15 110 15 111
1615701600 15 111 15 111
1615699800 15 111 15 111
1615698000 15 116 15 123
1615696200 15 111 15 111
1615694400 15 111 15 111
1615692600 15 111 15 111
1615690800 15 111 15 111
1615689000 15 111 15 111
1615687200 15 111 15 111
1615685400 15 111 15 111
1615683600 15 111 15 111
1615681800 15 111 15 111
1615680000 15 111 15 111
1615678200 17 113 21 117
1615676400 15 111 15 111
1615674600 15 111 15 111
1615672800 15 111 15 111
1615671000 15 111 15 123
1615669200 15 115 15 123
1615667400 15 111 15 111
1615665600 15 111 15 111
1615663800 15 111 15 111
1615662000 15 111 15 111
1615660200 15 112 15 136
1615658400 15 121 15 136
1615656600 15 111 23 119
1615654800 18 114 23 119
1615653000 15 111 15 111
1615651200 15 111 15 111
1615649400 15 111 15 111
1615647600 15 111 15 111
1615645800 15 111 15 111
1615644000 15 111 15 111
1615642200 15 111 15 111
1615640400 15 111 15 111
1615638600 15 111 15 111
1615636800 15 111 15 111
1615635000 15 111 15 111
1615633200 15 110 15 111
1615631400 15 111 15 111
1615629600 15 111 15 111
1615627800 15 111 15 111
1615626000 15 110 15 111
1615624200 15 110 15 111
1615622400 15 111 15 111
1615620600 15 111 15 111
1615618800 15 111 15 111
1615617000 15 111 15 111
1615615200 15 110 15 111
1615613400 15 111 15 111
1615611600 15 111 15 111
1615609800 15 111 15 111
1615608000 15 111 15 111
1615606200 15 111 15 111
1615604400 15 111 15 111
1615602600 15 111 15 111
1615600800 15 111 15 111
1615599000 15 111 15 111
1615597200 15 111 15 111
1615595400 15 111 15 111
1615593600 15 111 15 111
1615591800 15 111 15 111
1615590000 15 110 15 111
1615588200 15 109 15 111
1615586400 15 107 15 109
1615584600 15 109 15 111
1615582800 15 111 15 111
1615581000 15 111 15 111
1615579200 15 111 15 111
1615577400 15 111 15 111
1615575600 15 109 15 111
1615573800 15 111 15 111
1615572000 15 111 15 111
1615570200 15 111 15 111
1615568400 15 111 15 111
1615566600 15 111 15 111
1615564800 15 111 15 111
1615563000 15 111 15 111
1615561200 15 111 15 111
1615559400 15 111 15 111
1615557600 15 111 15 111
1615555800 15 110 15 111
1615554000 15 111 15 111
1615552200 15 111 15 111
1615550400 15 111 15 111
1615548600 15 111 15 111
1615546800 15 111 15 111
1615545000 15 111 15 111
1615543200 15 111 15 111
1615541400 15 111 15 111
1615539600 15 110 15 111
1615537800 15 110 15 111
1615536000 15 111 15 111
1615534200 15 111 15 111
1615532400 15 111 22 116
1615530600 18 112 22 116
1615528800 15 111 15 111
1615527000 16 113 18 136
1615525200 15 121 15 136
1615523400 15 111 15 111
1615521600 15 111 15 111
1615519800 15 111 15 111
1615518000 17 113 21 116
1615516200 15 110 15 111
1615514400 15 110 15 111
1615512600 15 110 15 111
1615510800 15 111 15 111
1615509000 15 111 15 111
1615507200 15 111 26 122
1615505400 20 116 26 122
1615503600 18 114 23 118
1615501800 15 111 15 111
1615500000 15 116 15 123
1615498200 15 111 15 111
1615496400 15 111 15 111
1615494600 15 111 15 111
1615492800 15 111 15 111
1615491000 15 111 15 111
1615489200 18 114 23 118
1615487400 15 110 15 111
1615485600 15 111 15 111
1615483800 15 111 15 111
1615482000 15 111 15 111
1615480200 15 111 15 111
1615478400 15 111 15 111
1615476600 15 111 15 111
1615474800 15 111 15 111
1615473000 15 111 15 111
1615471200 15 111 15 111
1615469400 15 111 15 111
1615467600 15 111 15 111
1615465800 15 111 15 111
1615464000 15 111 15 111
1615462200 15 111 15 111
1615460400 15 111 15 111
1615458600 15 111 15 111
1615456800 15 111 15 111
1615455000 15 111 15 111
1615453200 15 110 15 111
1615451400 15 111 15 111
1615449600 15 111 15 111
1615447800 15 111 15 111
1615446000 15 111 15 111
1615444200 15 111 15 111
1615442400 15 111 15 111
1615440600 15 111 15 111
1615438800 15 111 15 111
1615437000 15 110 15 111
1615435200 15 111 15 111
1615433400 15 111 15 111
1615431600 15 111 15 111
1615429800 15 111 15 111
1615428000 15 111 15 111
1615426200 15 111 15 111
1615424400 15 111 15 111
1615422600 15 111 15 111
1615420800 15 111 15 111
1615419000 15 111 15 111
1615417200 15 111 15 111
1615415400 15 111 15 111
1615413600 15 111 15 111
1615411800 15 111 15 111
1615410000 15 113 31 151
1615408200 29 147 51 151
1615406400 33 127 51 145
1615404600 15 110 15 111
1615402800 15 111 29 124
1615401000 21 116 29 124
1615399200 15 111 15 111
1615397400 15 111 15 111
1615395600 15 111 15 111
1615393800 15 111 15 111
1615392000 15 111 15 111
1615390200 15 111 15 111
1615388400 15 110 15 111
1615386600 15 111 15 111
1615384800 15 111 15 111
1615383000 15 111 15 111
1615381200 15 110 15 111
1615379400 15 110 15 111
1615377600 15 111 15 111
1615375800 15 111 15 111
1615374000 15 111 15 111
1615372200 15 111 15 111
1615370400 15 111 15 111
1615368600 15 111 15 111
1615366800 15 111 15 111
1615365000 20 121 26 133
1615363200 17 113 21 123
1615361400 15 117 15 135
1615359600 15 127 15 135
1615357800 15 141 16 172
1615356000 15 118 15 136
1615354200 15 121 21 136
1615352400 17 131 21 148
1615350600 24 120 45 140
1615348800 27 123 45 140
1615347000 17 112 21 116
1615345200 15 110 15 111
1615343400 15 110 15 111
1615341600 15 111 15 111
1615339800 15 111 15 111
1615338000 15 111 15 111
1615336200 15 111 15 111
1615334400 15 111 15 111
1615332600 15 111 15 111
1615330800 15 111 15 111
1615329000 15 111 15 111
1615327200 15 111 15 123
1615325400 15 115 15 123
1615323600 15 111 15 111
1615321800 15 111 15 111
1615320000 15 111 15 111
1615318200 15 111 15 111
1615316400 15 111 15 111
1615314600 15 111 15 111
1615312800 15 111 15 111
1615311000 15 111 15 111
1615309200 15 111 15 111
1615307400 15 111 15 111
1615305600 15 111 15 111
1615303800 15 111 15 111
1615302000 15 111 15 111
1615300200 15 111 15 111
1615298400 15 111 15 111
1615296600 15 111 15 111
1615294800 15 111 15 111
1615293000 15 111 15 111
1615291200 15 111 15 111
1615289400 15 111 15 111
1615287600 15 111 15 111
1615285800 15 111 15 111
1615284000 15 111 15 111
1615282200 15 111 15 111
1615280400 15 110 15 111
1615278600 15 110 15 111
1615276800 15 111 15 111
1615275000 15 111 15 111
1615273200 15 111 15 111
1615271400 15 111 15 111
1615269600 15 111 15 111
1615267800 15 111 15 111
1615266000 15 111 15 111
1615264200 15 111 15 111
1615262400 15 110 15 111
1615260600 15 110 15 111
1615258800 15 111 15 111
1615257000 15 111 15 111
1615255200 15 111 15 111
1615253400 15 110 15 112
1615251600 15 110 15 112
1615249800 15 111 15 111
1615248000 15 111 15 111
1615246200 15 111 15 111
1615244400 15 111 15 111
1615242600 15 111 15 111
1615240800 15 111 15 111
1615239000 15 112 15 136
1615237200 15 120 15 136
1615235400 15 110 15 111
1615233600 15 111 15 111
1615231800 15 111 15 111
1615230000 15 111 15 111
1615228200 15 111 15 111
1615226400 15 110 15 111
1615224600 15 110 15 111
1615222800 15 111 15 111
1615221000 15 111 15 111
1615219200 15 122 15 135
1615217400 15 111 15 112
1615215600 15 111 15 112
1615213800 15 111 15 111
1615212000 15 111 15 111
1615210200 15 111 15 111
1615208400 15 111 15 111
1615206600 15 111 15 111
1615204800 15 111 15 111
1615203000 15 111 15 111
1615197600 15 111 15 111
1615190400 15 111 15 111
1615183200 15 110 15 111
1615176000 15 111 15 111
1615168800 15 110 15 111
1615161600 15 110 15 111
1615154400 15 112 24 131
1615147200 15 110 15 111
1615140000 15 110 15 112
1615132800 15 110 15 112
1615125600 15 111 15 111
1615118400 15 110 15 111
1615111200 15 111 15 111
1615104000 15 110 15 111
1615096800 15 110 15 111
1615089600 15 111 15 111
1615082400 15 109 18 114
1615075200 15 111 20 116
1615068000 19 119 36 148
1615060800 15 132 16 160
1615053600 15 111 15 111
1615046400 15 111 15 111
1615039200 15 111 15 111
1615032000 15 111 15 111
1615024800 15 111 15 111
1615017600 15 111 15 111
1615010400 15 111 15 111
1615003200 15 111 15 111
1614996000 15 111 15 111
1614988800 15 111 15 111
1614981600 15 110 15 111
1614974400 15 111 15 111
1614967200 15 111 15 111
1614960000 15 111 15 111
1614952800 15 111 15 111
1614945600 15 111 15 111
1614938400 15 111 15 111
1614931200 15 111 15 111
1614924000 15 111 15 111
1614916800 15 110 15 112
1614909600 15 110 16 112
1614902400 15 114 16 246
1614895200 15 124 16 246
1614888000 15 110 15 111
1614880800 15 111 15 123
1614873600 15 111 15 111
1614866400 15 110 15 111
1614859200 15 111 21 116
1614852000 15 111 15 111
1614844800 15 111 15 111
1614837600 15 111 15 111
1614830400 15 110 15 111
1614823200 15 111 21 116
1614816000 15 110 15 111
1614808800 15 111 15 111
1614801600 15 110 15 111
1614794400 15 110 15 111
1614787200 15 111 15 111
1614780000 15 110 15 111
1614772800 15 111 15 111
1614765600 15 111 15 111
1614758400 15 110 15 111
1614751200 15 111 15 111
1614744000 11 114 16 119
1614736800 15 111 21 114
1614729600 15 111 15 111
1614722400 15 111 15 111
1614715200 15 111 15 111
1614708000 15 111 15 111
1614700800 15 111 15 111
1614693600 15 111 15 111
1614686400 15 111 15 111
1614679200 15 111 15 111
1614672000 15 111 15 111
1614664800 15 111 15 111
1614657600 15 111 15 111
1614650400 15 111 15 111
1614643200 4 36 15 111
1614636000 0 0 0 0
1614628800 0 0 0 0
1614621600 0 0 0 0
1614614400 0 0 0 0
1614607200 0 0 0 0
1614600000 0 0 0 0
1614592800 0 0 0 0
1614585600 0 0 0 0
1614578400 0 0 0 0
1614571200 0 0 0 0
1614564000 0 0 0 0
1614556800 0 0 0 0
1614549600 0 0 0 0
1614542400 0 0 0 0
1614535200 0 0 0 0
1614528000 0 0 0 0
1614520800 0 0 0 0
1614513600 0 0 0 0
1614506400 0 0 0 0
1614499200 0 0 0 0
1614492000 0 0 0 0
1614484800 0 0 0 0
1614477600 0 0 0 0
1614470400 0 0 0 0
1614463200 0 0 0 0
1614456000 0 0 0 0
1614448800 0 0 0 0
1614441600 0 0 0 0
1614434400 0 0 0 0
1614427200 0 0 0 0
1614420000 0 0 0 0
1614412800 0 0 0 0
1614405600 0 0 0 0
1614398400 0 0 0 0
1614391200 0 0 0 0
1614384000 0 0 0 0
1614376800 0 0 0 0
1614369600 0 0 0 0
1614362400 0 0 0 0
1614355200 0 0 0 0
1614348000 0 0 0 0
1614340800 0 0 0 0
1614333600 0 0 0 0
1614326400 0 0 0 0
1614319200 0 0 0 0
1614312000 0 0 0 0
1614304800 0 0 0 0
1614297600 0 0 0 0
1614290400 0 0 0 0
1614283200 0 0 0 0
1614276000 0 0 0 0
1614268800 0 0 0 0
1614261600 0 0 0 0
1614254400 0 0 0 0
1614247200 0 0 0 0
1614240000 0 0 0 0
1614232800 0 0 0 0
1614225600 0 0 0 0
1614218400 0 0 0 0
1614211200 0 0 0 0
1614204000 0 0 0 0
1614196800 0 0 0 0
1614189600 0 0 0 0
1614182400 0 0 0 0
1614175200 0 0 0 0
1614168000 0 0 0 0
1614160800 0 0 0 0
1614153600 0 0 0 0
1614146400 0 0 0 0
1614139200 0 0 0 0
1614132000 0 0 0 0
1614124800 0 0 0 0
1614117600 0 0 0 0
1614110400 0 0 0 0
1614103200 0 0 0 0
1614096000 0 0 0 0
1614088800 0 0 0 0
1614081600 0 0 0 0
1614074400 0 0 0 0
1614067200 0 0 0 0
1614060000 0 0 0 0
1614052800 0 0 0 0
1614045600 0 0 0 0
1614038400 0 0 0 0
1614031200 0 0 0 0
1614024000 0 0 0 0
1614016800 0 0 0 0
1614009600 0 0 0 0
1614002400 0 0 0 0
1613995200 0 0 0 0
1613988000 0 0 0 0
1613980800 0 0 0 0
1613973600 0 0 0 0
1613966400 0 0 0 0
1613959200 0 0 0 0
1613952000 0 0 0 0
1613944800 0 0 0 0
1613937600 0 0 0 0
1613930400 0 0 0 0
1613923200 0 0 0 0
1613916000 0 0 0 0
1613908800 0 0 0 0
1613901600 0 0 0 0
1613894400 0 0 0 0
1613887200 0 0 0 0
1613880000 0 0 0 0
1613872800 0 0 0 0
1613865600 0 0 0 0
1613858400 0 0 0 0
1613851200 0 0 0 0
1613844000 0 0 0 0
1613836800 0 0 0 0
1613829600 0 0 0 0
1613822400 0 0 0 0
1613815200 0 0 0 0
1613808000 0 0 0 0
1613800800 0 0 0 0
1613793600 0 0 0 0
1613786400 0 0 0 0
1613779200 0 0 0 0
1613772000 0 0 0 0
1613764800 0 0 0 0
1613757600 0 0 0 0
1613750400 0 0 0 0
1613743200 0 0 0 0
1613736000 0 0 0 0
1613728800 0 0 0 0
1613721600 0 0 0 0
1613714400 0 0 0 0
1613707200 0 0 0 0
1613700000 0 0 0 0
1613692800 0 0 0 0
1613685600 0 0 0 0
1613678400 0 0 0 0
1613671200 0 0 0 0
1613664000 0 0 0 0
1613656800 0 0 0 0
1613649600 0 0 0 0
1613642400 0 0 0 0
1613635200 0 0 0 0
1613628000 0 0 0 0
1613620800 0 0 0 0
1613613600 0 0 0 0
1613606400 0 0 0 0
1613599200 0 0 0 0
1613592000 0 0 0 0
1613584800 0 0 0 0
1613577600 0 0 0 0
1613570400 0 0 0 0
1613563200 0 0 0 0
1613556000 0 0 0 0
1613548800 0 0 0 0
1613541600 0 0 0 0
1613534400 0 0 0 0
1613527200 0 0 0 0
1613520000 0 0 0 0
1613512800 0 0 0 0
1613505600 0 0 0 0
1613498400 0 0 0 0
1613491200 0 0 0 0
1613484000 0 0 0 0
1613476800 0 0 0 0
1613469600 0 0 0 0
1613462400 0 0 0 0
1613455200 0 0 0 0
1613448000 0 0 0 0
1613440800 0 0 0 0
1613433600 0 0 0 0
1613426400 0 0 0 0
1613419200 0 0 0 0
1613412000 0 0 0 0
1613404800 0 0 0 0
1613397600 0 0 0 0
1613390400 0 0 0 0
1613383200 0 0 0 0
1613376000 0 0 0 0
1613368800 0 0 0 0
1613361600 0 0 0 0
1613354400 0 0 0 0
1613347200 0 0 0 0
1613340000 0 0 0 0
1613332800 0 0 0 0
1613325600 0 0 0 0
1613318400 0 0 0 0
1613311200 0 0 0 0
1613304000 0 0 0 0
1613296800 0 0 0 0
1613289600 0 0 0 0
1613282400 0 0 0 0
1613275200 0 0 0 0
1613268000 0 0 0 0
1613260800 0 0 0 0
1613253600 0 0 0 0
1613246400 0 0 0 0
1613239200 0 0 0 0
1613232000 0 0 0 0
1613224800 0 0 0 0
1613217600 0 0 0 0
1613210400 0 0 0 0
1613203200 0 0 0 0
1613196000 0 0 0 0
1613188800 0 0 0 0
1613181600 0 0 0 0
1613174400 0 0 0 0
1613167200 0 0 0 0
1613160000 0 0 0 0
1613152800 0 0 0 0
1613145600 0 0 0 0
1613138400 0 0 0 0
1613131200 0 0 0 0
1613124000 0 0 0 0
1613116800 0 0 0 0
1613109600 0 0 0 0
1613102400 0 0 0 0
1613095200 0 0 0 0
1613088000 0 0 0 0
1613080800 0 0 0 0
1613073600 0 0 0 0
1613066400 0 0 0 0
1613059200 0 0 0 0
1613052000 0 0 0 0
1613044800 0 0 0 0
1613037600 0 0 0 0
1613030400 0 0 0 0
1613023200 0 0 0 0
1613016000 0 0 0 0
1613008800 0 0 0 0
1613001600 0 0 0 0
1612994400 0 0 0 0
1612987200 0 0 0 0
1612980000 0 0 0 0
1612972800 0 0 0 0
1612965600 0 0 0 0
1612958400 0 0 0 0
1612951200 0 0 0 0
1612944000 0 0 0 0
1612936800 0 0 0 0
1612929600 0 0 0 0
1612922400 0 0 0 0
1612915200 0 0 0 0
1612908000 0 0 0 0
1612900800 0 0 0 0
1612893600 0 0 0 0
1612886400 0 0 0 0
1612879200 0 0 0 0
1612872000 0 0 0 0
1612864800 0 0 0 0
1612857600 0 0 0 0
1612850400 0 0 0 0
1612843200 0 0 0 0
1612836000 0 0 0 0
1612828800 0 0 0 0
1612821600 0 0 0 0
1612814400 0 0 0 0
1612807200 0 0 0 0
1612800000 0 0 0 0
1612792800 0 0 0 0
1612785600 0 0 0 0
1612778400 0 0 0 0
1612771200 0 0 0 0
1612764000 0 0 0 0
1612756800 0 0 0 0
1612749600 0 0 0 0
1612742400 0 0 0 0
1612735200 0 0 0 0
1612728000 0 0 0 0
1612720800 0 0 0 0
1612713600 0 0 0 0
1612706400 0 0 0 0
1612699200 0 0 0 0
1612692000 0 0 0 0
1612684800 0 0 0 0
1612677600 0 0 0 0
1612670400 0 0 0 0
1612663200 0 0 0 0
1612656000 0 0 0 0
1612648800 0 0 0 0
1612641600 0 0 0 0
1612634400 0 0 0 0
1612627200 0 0 0 0
1612620000 0 0 0 0
1612612800 0 0 0 0
1612605600 0 0 0 0
1612598400 0 0 0 0
1612591200 0 0 0 0
1612584000 0 0 0 0
1612576800 0 0 0 0
1612569600 0 0 0 0
1612562400 0 0 0 0
1612555200 0 0 0 0
1612548000 0 0 0 0
1612540800 0 0 0 0
1612533600 0 0 0 0
1612526400 0 0 0 0
1612519200 0 0 0 0
1612512000 0 0 0 0
1612504800 0 0 0 0
1612497600 0 0 0 0
1612490400 0 0 0 0
1612483200 0 0 0 0
1612476000 0 0 0 0
1612468800 0 0 0 0
1612461600 0 0 0 0
1612454400 0 0 0 0
1612447200 0 0 0 0
1612440000 0 0 0 0
1612432800 0 0 0 0
1612425600 0 0 0 0
1612418400 0 0 0 0
1612411200 0 0 0 0
1612404000 0 0 0 0
1612396800 0 0 0 0
1612389600 0 0 0 0
1612382400 0 0 0 0
1612375200 0 0 0 0
1612368000 0 0 0 0
1612360800 0 0 0 0
1612353600 0 0 0 0
1612346400 0 0 0 0
1612339200 0 0 0 0
1612332000 0 0 0 0
1612324800 0 0 0 0
1612317600 0 0 0 0
1612310400 0 0 0 0
1612303200 0 0 0 0
1612296000 0 0 0 0
1612288800 0 0 0 0
1612281600 0 0 0 0
1612274400 0 0 0 0
1612267200 0 0 0 0
1612260000 0 0 0 0
1612252800 0 0 0 0
1612245600 0 0 0 0
1612238400 0 0 0 0
1612231200 0 0 0 0
1612224000 0 0 0 0
1612216800 0 0 0 0
1612209600 0 0 0 0
1612202400 0 0 0 0
1612195200 0 0 0 0
1612188000 0 0 0 0
1612180800 0 0 0 0
1612173600 0 0 0 0
1612166400 0 0 0 0
1612159200 0 0 0 0
1612152000 0 0 0 0
1612144800 0 0 0 0
1612137600 0 0 0 0
1612130400 0 0 0 0
1612123200 0 0 0 0
1612116000 0 0 0 0
1612108800 0 0 0 0
1612101600 0 0 0 0
1612094400 0 0 0 0
1612087200 0 0 0 0
1612080000 0 0 0 0
1612072800 0 0 0 0
1612065600 0 0 0 0
1612058400 0 0 0 0
1612051200 0 0 0 0
1612044000 0 0 0 0
1612036800 0 0 0 0
1612029600 0 0 0 0
1612022400 0 0 0 0
1612015200 0 0 0 0
1612008000 0 0 0 0
1612000800 0 0 0 0
1611993600 0 0 0 0
1611986400 0 0 0 0
1611979200 0 0 0 0
1611972000 0 0 0 0
1611964800 0 0 0 0
1611957600 0 0 0 0
1611950400 0 0 0 0
1611943200 0 0 0 0
1611936000 0 0 0 0
1611928800 0 0 0 0
1611921600 0 0 0 0
1611914400 0 0 0 0
1611907200 0 0 0 0
1611900000 0 0 0 0
1611892800 0 0 0 0
1611885600 0 0 0 0
1611878400 0 0 0 0
1611871200 0 0 0 0
1611864000 0 0 0 0
1611856800 0 0 0 0
1611849600 0 0 0 0
1611842400 0 0 0 0
1611835200 0 0 0 0
1611828000 0 0 0 0
1611820800 0 0 0 0
1611813600 0 0 0 0
1611806400 0 0 0 0
1611799200 0 0 0 0
1611792000 0 0 0 0
1611784800 0 0 0 0
1611777600 0 0 0 0
1611770400 0 0 0 0
1611763200 0 0 0 0
1611756000 0 0 0 0
1611748800 0 0 0 0
1611741600 0 0 0 0
1611734400 0 0 0 0
1611727200 0 0 0 0
1611720000 0 0 0 0
1611712800 0 0 0 0
1611705600 0 0 0 0
1611698400 0 0 0 0
1611691200 0 0 0 0
1611684000 0 0 0 0
1611676800 0 0 0 0
1611669600 0 0 0 0
1611662400 0 0 0 0
1611655200 0 0 0 0
1611648000 0 0 0 0
1611640800 0 0 0 0
1611633600 0 0 0 0
1611626400 0 0 0 0
1611619200 0 0 0 0
1611612000 0 0 0 0
1611604800 0 0 0 0
1611597600 0 0 0 0
1611590400 0 0 0 0
1611583200 0 0 0 0
1611576000 0 0 0 0
1611568800 0 0 0 0
1611561600 0 0 0 0
1611554400 0 0 0 0
1611547200 0 0 0 0
1611540000 0 0 0 0
1611532800 0 0 0 0
1611525600 0 0 0 0
1611518400 0 0 0 0
1611511200 0 0 0 0
1611504000 0 0 0 0
1611496800 0 0 0 0
1611489600 0 0 0 0
1611482400 0 0 0 0
1611475200 0 0 0 0
1611468000 0 0 0 0
1611460800 0 0 0 0
1611453600 0 0 0 0
1611446400 0 0 0 0
1611439200 0 0 0 0
1611432000 0 0 0 0
1611424800 0 0 0 0
1611417600 0 0 0 0
1611410400 0 0 0 0
1611403200 0 0 0 0
1611396000 0 0 0 0
1611388800 0 0 0 0
1611381600 0 0 0 0
1611374400 0 0 0 0
1611367200 0 0 0 0
1611360000 0 0 0 0
1611352800 0 0 0 0
1611345600 0 0 0 0
1611338400 0 0 0 0
1611331200 0 0 0 0
1611324000 0 0 0 0
1611316800 0 0 0 0
1611309600 0 0 0 0
1611302400 0 0 0 0
1611295200 0 0 0 0
1611288000 0 0 0 0
1611280800 0 0 0 0
1611273600 0 0 0 0
1611266400 0 0 0 0
1611259200 0 0 0 0
1611252000 0 0 0 0
1611244800 0 0 0 0
1611237600 0 0 0 0
1611230400 0 0 0 0
1611223200 0 0 0 0
1611216000 0 0 0 0
1611208800 0 0 0 0
1611201600 0 0 0 0
1611194400 0 0 0 0
1611187200 0 0 0 0
1611180000 0 0 0 0
1611172800 0 0 0 0
1611165600 0 0 0 0
1611158400 0 0 0 0
1611151200 0 0 0 0
1611144000 0 0 0 0
1611136800 0 0 0 0
1611129600 0 0 0 0
1611122400 0 0 0 0
1611115200 0 0 0 0
1611108000 0 0 0 0
1611100800 0 0 0 0
1611093600 0 0 0 0
1611086400 0 0 0 0
1611079200 0 0 0 0
1611072000 0 0 0 0
1611064800 0 0 0 0
1611057600 0 0 0 0
1611050400 0 0 0 0
1611043200 0 0 0 0
1611036000 0 0 0 0
1611028800 0 0 0 0
1611021600 0 0 0 0
1611014400 0 0 0 0
1611007200 0 0 0 0
1611000000 0 0 0 0
1610992800 0 0 0 0
1610985600 0 0 0 0
1610978400 0 0 0 0
1610971200 0 0 0 0
1610964000 0 0 0 0
1610956800 0 0 0 0
1610949600 0 0 0 0
1610942400 0 0 0 0
1610935200 0 0 0 0
1610928000 0 0 0 0
1610920800 0 0 0 0
1610913600 0 0 0 0
1610906400 0 0 0 0
1610899200 0 0 0 0
1610892000 0 0 0 0
1610884800 0 0 0 0
1610877600 0 0 0 0
1610841600 0 0 0 0
1610755200 0 0 0 0
1610668800 0 0 0 0
1610582400 0 0 0 0
1610496000 0 0 0 0
1610409600 0 0 0 0
1610323200 0 0 0 0
1610236800 0 0 0 0
1610150400 0 0 0 0
1610064000 0 0 0 0
1609977600 0 0 0 0
1609891200 0 0 0 0
1609804800 0 0 0 0
1609718400 0 0 0 0
1609632000 0 0 0 0
1609545600 0 0 0 0
1609459200 0 0 0 0
1609372800 0 0 0 0
1609286400 0 0 0 0
1609200000 0 0 0 0
1609113600 0 0 0 0
1609027200 0 0 0 0
1608940800 0 0 0 0
1608854400 0 0 0 0
1608768000 0 0 0 0
1608681600 0 0 0 0
1608595200 0 0 0 0
1608508800 0 0 0 0
1608422400 0 0 0 0
1608336000 0 0 0 0
1608249600 0 0 0 0
1608163200 0 0 0 0
1608076800 0 0 0 0
1607990400 0 0 0 0
1607904000 0 0 0 0
1607817600 0 0 0 0
1607731200 0 0 0 0
1607644800 0 0 0 0
1607558400 0 0 0 0
1607472000 0 0 0 0
1607385600 0 0 0 0
1607299200 0 0 0 0
1607212800 0 0 0 0
1607126400 0 0 0 0
1607040000 0 0 0 0
1606953600 0 0 0 0
1606867200 0 0 0 0
1606780800 0 0 0 0
1606694400 0 0 0 0
1606608000 0 0 0 0
1606521600 0 0 0 0
1606435200 0 0 0 0
1606348800 0 0 0 0
1606262400 0 0 0 0
1606176000 0 0 0 0
1606089600 0 0 0 0
1606003200 0 0 0 0
1605916800 0 0 0 0
1605830400 0 0 0 0
1605744000 0 0 0 0
1605657600 0 0 0 0
1605571200 0 0 0 0
1605484800 0 0 0 0
1605398400 0 0 0 0
1605312000 0 0 0 0
1605225600 0 0 0 0
1605139200 0 0 0 0
1605052800 0 0 0 0
1604966400 0 0 0 0
1604880000 0 0 0 0
1604793600 0 0 0 0
1604707200 0 0 0 0
1604620800 0 0 0 0
1604534400 0 0 0 0
1604448000 0 0 0 0
1604361600 0 0 0 0
1604275200 0 0 0 0
1604188800 0 0 0 0
1604102400 0 0 0 0
1604016000 0 0 0 0
1603929600 0 0 0 0
1603843200 0 0 0 0
1603756800 0 0 0 0
1603670400 0 0 0 0
1603584000 0 0 0 0
1603497600 0 0 0 0
1603411200 0 0 0 0
1603324800 0 0 0 0
1603238400 0 0 0 0
1603152000 0 0 0 0
1603065600 0 0 0 0
1602979200 0 0 0 0
1602892800 0 0 0 0
1602806400 0 0 0 0
1602720000 0 0 0 0
1602633600 0 0 0 0
1602547200 0 0 0 0
1602460800 0 0 0 0
1602374400 0 0 0 0
1602288000 0 0 0 0
1602201600 0 0 0 0
1602115200 0 0 0 0
1602028800 0 0 0 0
1601942400 0 0 0 0
1601856000 0 0 0 0
1601769600 0 0 0 0
1601683200 0 0 0 0
1601596800 0 0 0 0
1601510400 0 0 0 0
1601424000 0 0 0 0
1601337600 0 0 0 0
1601251200 0 0 0 0
1601164800 0 0 0 0
1601078400 0 0 0 0
1600992000 0 0 0 0
1600905600 0 0 0 0
1600819200 0 0 0 0
1600732800 0 0 0 0
1600646400 0 0 0 0
1600560000 0 0 0 0
1600473600 0 0 0 0
1600387200 0 0 0 0
1600300800 0 0 0 0
1600214400 0 0 0 0
1600128000 0 0 0 0
1600041600 0 0 0 0
1599955200 0 0 0 0
1599868800 0 0 0 0
1599782400 0 0 0 0
1599696000 0 0 0 0
1599609600 0 0 0 0
1599523200 0 0 0 0
1599436800 0 0 0 0
1599350400 0 0 0 0
1599264000 0 0 0 0
1599177600 0 0 0 0
1599091200 0 0 0 0
1599004800 0 0 0 0
1598918400 0 0 0 0
1598832000 0 0 0 0
1598745600 0 0 0 0
1598659200 0 0 0 0
1598572800 0 0 0 0
1598486400 0 0 0 0
1598400000 0 0 0 0
1598313600 0 0 0 0
1598227200 0 0 0 0
1598140800 0 0 0 0
1598054400 0 0 0 0
1597968000 0 0 0 0
1597881600 0 0 0 0
1597795200 0 0 0 0
1597708800 0 0 0 0
1597622400 0 0 0 0
1597536000 0 0 0 0
1597449600 0 0 0 0
1597363200 0 0 0 0
1597276800 0 0 0 0
1597190400 0 0 0 0
1597104000 0 0 0 0
1597017600 0 0 0 0
1596931200 0 0 0 0
1596844800 0 0 0 0
1596758400 0 0 0 0
1596672000 0 0 0 0
1596585600 0 0 0 0
1596499200 0 0 0 0
1596412800 0 0 0 0
1596326400 0 0 0 0
1596240000 0 0 0 0
1596153600 0 0 0 0
1596067200 0 0 0 0
1595980800 0 0 0 0
1595894400 0 0 0 0
1595808000 0 0 0 0
1595721600 0 0 0 0
1595635200 0 0 0 0
1595548800 0 0 0 0
1595462400 0 0 0 0
1595376000 0 0 0 0
1595289600 0 0 0 0
1595203200 0 0 0 0
1595116800 0 0 0 0
1595030400 0 0 0 0
1594944000 0 0 0 0
1594857600 0 0 0 0
1594771200 0 0 0 0
1594684800 0 0 0 0
1594598400 0 0 0 0
1594512000 0 0 0 0
1594425600 0 0 0 0
1594339200 0 0 0 0
1594252800 0 0 0 0
1594166400 0 0 0 0
1594080000 0 0 0 0
1593993600 0 0 0 0
1593907200 0 0 0 0
1593820800 0 0 0 0
1593734400 0 0 0 0
1593648000 0 0 0 0
1593561600 0 0 0 0
1593475200 0 0 0 0
1593388800 0 0 0 0
1593302400 0 0 0 0
1593216000 0 0 0 0
1593129600 0 0 0 0
1593043200 0 0 0 0
1592956800 0 0 0 0
1592870400 0 0 0 0
1592784000 0 0 0 0
1592697600 0 0 0 0
1592611200 0 0 0 0
1592524800 0 0 0 0
1592438400 0 0 0 0
1592352000 0 0 0 0
1592265600 0 0 0 0
1592179200 0 0 0 0
1592092800 0 0 0 0
1592006400 0 0 0 0
1591920000 0 0 0 0
1591833600 0 0 0 0
1591747200 0 0 0 0
1591660800 0 0 0 0
1591574400 0 0 0 0
1591488000 0 0 0 0
1591401600 0 0 0 0
1591315200 0 0 0 0
1591228800 0 0 0 0
1591142400 0 0 0 0
1591056000 0 0 0 0
1590969600 0 0 0 0
1590883200 0 0 0 0
1590796800 0 0 0 0
1590710400 0 0 0 0
1590624000 0 0 0 0
1590537600 0 0 0 0
1590451200 0 0 0 0
1590364800 0 0 0 0
1590278400 0 0 0 0
1590192000 0 0 0 0
1590105600 0 0 0 0
1590019200 0 0 0 0
1589932800 0 0 0 0
1589846400 0 0 0 0
1589760000 0 0 0 0
1589673600 0 0 0 0
1589587200 0 0 0 0
1589500800 0 0 0 0
1589414400 0 0 0 0
1589328000 0 0 0 0
1589241600 0 0 0 0
1589155200 0 0 0 0
1589068800 0 0 0 0
1588982400 0 0 0 0
1588896000 0 0 0 0
1588809600 0 0 0 0
1588723200 0 0 0 0
1588636800 0 0 0 0
1588550400 0 0 0 0
1588464000 0 0 0 0
1588377600 0 0 0 0
1588291200 0 0 0 0
1588204800 0 0 0 0
1588118400 0 0 0 0
1588032000 0 0 0 0
1587945600 0 0 0 0
1587859200 0 0 0 0
1587772800 0 0 0 0
1587686400 0 0 0 0
1587600000 0 0 0 0
1587513600 0 0 0 0
1587427200 0 0 0 0
1587340800 0 0 0 0
1587254400 0 0 0 0
1587168000 0 0 0 0
1587081600 0 0 0 0
1586995200 0 0 0 0
1586908800 0 0 0 0
1586822400 0 0 0 0
1586736000 0 0 0 0
1586649600 0 0 0 0
1586563200 0 0 0 0
1586476800 0 0 0 0
1586390400 0 0 0 0
1586304000 0 0 0 0
1586217600 0 0 0 0
1586131200 0 0 0 0
1586044800 0 0 0 0
1585958400 0 0 0 0
1585872000 0 0 0 0
1585785600 0 0 0 0
1585699200 0 0 0 0
1585612800 0 0 0 0
1585526400 0 0 0 0
1585440000 0 0 0 0
1585353600 0 0 0 0
1585267200 0 0 0 0
1585180800 0 0 0 0
1585094400 0 0 0 0
1585008000 0 0 0 0
1584921600 0 0 0 0
1584835200 0 0 0 0
1584748800 0 0 0 0
1584662400 0 0 0 0
1584576000 0 0 0 0
1584489600 0 0 0 0
1584403200 0 0 0 0
1584316800 0 0 0 0
1584230400 0 0 0 0
1584144000 0 0 0 0
1584057600 0 0 0 0
1583971200 0 0 0 0
1583884800 0 0 0 0
1583798400 0 0 0 0
1583712000 0 0 0 0
1583625600 0 0 0 0
1583539200 0 0 0 0
1583452800 0 0 0 0
1583366400 0 0 0 0
1583280000 0 0 0 0
1583193600 0 0 0 0
1583107200 0 0 0 0
1583020800 0 0 0 0
1582934400 0 0 0 0
1582848000 0 0 0 0
1582761600 0 0 0 0
1582675200 0 0 0 0
1582588800 0 0 0 0
1582502400 0 0 0 0
1582416000 0 0 0 0
1582329600 0 0 0 0
1582243200 0 0 0 0
1582156800 0 0 0 0
1582070400 0 0 0 0
1581984000 0 0 0 0
1581897600 0 0 0 0
1581811200 0 0 0 0
1581724800 0 0 0 0
1581638400 0 0 0 0
1581552000 0 0 0 0
1581465600 0 0 0 0
1581379200 0 0 0 0
1581292800 0 0 0 0
1581206400 0 0 0 0
1581120000 0 0 0 0
1581033600 0 0 0 0
1580947200 0 0 0 0
1580860800 0 0 0 0
1580774400 0 0 0 0
1580688000 0 0 0 0
1580601600 0 0 0 0
1580515200 0 0 0 0
1580428800 0 0 0 0
1580342400 0 0 0 0
1580256000 0 0 0 0
1580169600 0 0 0 0
1580083200 0 0 0 0
1579996800 0 0 0 0
1579910400 0 0 0 0
1579824000 0 0 0 0
1579737600 0 0 0 0
1579651200 0 0 0 0
1579564800 0 0 0 0
1579478400 0 0 0 0
1579392000 0 0 0 0
1579305600 0 0 0 0
1579219200 0 0 0 0
1579132800 0 0 0 0
1579046400 0 0 0 0
1578960000 0 0 0 0
1578873600 0 0 0 0
1578787200 0 0 0 0
1578700800 0 0 0 0
1578614400 0 0 0 0
1578528000 0 0 0 0
1578441600 0 0 0 0
1578355200 0 0 0 0
1578268800 0 0 0 0
1578182400 0 0 0 0
1578096000 0 0 0 0
1578009600 0 0 0 0
1577923200 0 0 0 0
1577836800 0 0 0 0
1577750400 0 0 0 0
1577664000 0 0 0 0
1577577600 0 0 0 0
1577491200 0 0 0 0
1577404800 0 0 0 0
1577318400 0 0 0 0
1577232000 0 0 0 0
1577145600 0 0 0 0
1577059200 0 0 0 0
1576972800 0 0 0 0
1576886400 0 0 0 0
1576800000 0 0 0 0
1576713600 0 0 0 0
1576627200 0 0 0 0
1576540800 0 0 0 0
1576454400 0 0 0 0
1576368000 0 0 0 0
1576281600 0 0 0 0
1576195200 0 0 0 0
1576108800 0 0 0 0
1576022400 0 0 0 0
1575936000 0 0 0 0
1575849600 0 0 0 0
1575763200 0 0 0 0
1575676800 0 0 0 0
1575590400 0 0 0 0
1575504000 0 0 0 0
1575417600 0 0 0 0
1575331200 0 0 0 0
1575244800 0 0 0 0
1575158400 0 0 0 0
1575072000 0 0 0 0
1574985600 0 0 0 0
1574899200 0 0 0 0
1574812800 0 0 0 0
1574726400 0 0 0 0
1574640000 0 0 0 0
1574553600 0 0 0 0
1574467200 0 0 0 0
1574380800 0 0 0 0
1574294400 0 0 0 0
1574208000 0 0 0 0
1574121600 0 0 0 0
1574035200 0 0 0 0
1573948800 0 0 0 0
1573862400 0 0 0 0
1573776000 0 0 0 0
1573689600 0 0 0 0
1573603200 0 0 0 0
1573516800 0 0 0 0
1573430400 0 0 0 0
1573344000 0 0 0 0
1573257600 0 0 0 0
1573171200 0 0 0 0
1573084800 0 0 0 0
1572998400 0 0 0 0
1572912000 0 0 0 0
1572825600 0 0 0 0
1572739200 0 0 0 0
1572652800 0 0 0 0
1572566400 0 0 0 0
1572480000 0 0 0 0
1572393600 0 0 0 0
1572307200 0 0 0 0
1572220800 0 0 0 0
1572134400 0 0 0 0
1572048000 0 0 0 0
1571961600 0 0 0 0
1571875200 0 0 0 0
1571788800 0 0 0 0
1571702400 0 0 0 0
1571616000 0 0 0 0
1571529600 0 0 0 0
1571443200 0 0 0 0
1571356800 0 0 0 0
1571270400 0 0 0 0
1571184000 0 0 0 0
1571097600 0 0 0 0
1571011200 0 0 0 0
1570924800 0 0 0 0
1570838400 0 0 0 0
1570752000 0 0 0 0
1570665600 0 0 0 0
1570579200 0 0 0 0
1570492800 0 0 0 0
1570406400 0 0 0 0
1570320000 0 0 0 0
1570233600 0 0 0 0
1570147200 0 0 0 0
1570060800 0 0 0 0
1569974400 0 0 0 0
1569888000 0 0 0 0
1569801600 0 0 0 0
1569715200 0 0 0 0
1569628800 0 0 0 0
1569542400 0 0 0 0
1569456000 0 0 0 0
1569369600 0 0 0 0
1569283200 0 0 0 0
1569196800 0 0 0 0
1569110400 0 0 0 0
1569024000 0 0 0 0
1568937600 0 0 0 0
1568851200 0 0 0 0
1568764800 0 0 0 0
1568678400 0 0 0 0
1568592000 0 0 0 0
1568505600 0 0 0 0
1568419200 0 0 0 0
1568332800 0 0 0 0
1568246400 0 0 0 0
1568160000 0 0 0 0
1568073600 0 0 0 0
1567987200 0 0 0 0
1567900800 0 0 0 0
1567814400 0 0 0 0
1567728000 0 0 0 0
1567641600 0 0 0 0
1567555200 0 0 0 0
1567468800 0 0 0 0
1567382400 0 0 0 0
1567296000 0 0 0 0
1567209600 0 0 0 0
1567123200 0 0 0 0
1567036800 0 0 0 0
1566950400 0 0 0 0
1566864000 0 0 0 0
1566777600 0 0 0 0
1566691200 0 0 0 0
1566604800 0 0 0 0
1566518400 0 0 0 0
1566432000 0 0 0 0
1566345600 0 0 0 0
1566259200 0 0 0 0
1566172800 0 0 0 0
1566086400 0 0 0 0
1566000000 0 0 0 0
1565913600 0 0 0 0
1565827200 0 0 0 0
1565740800 0 0 0 0
1565654400 0 0 0 0
1565568000 0 0 0 0
1565481600 0 0 0 0
1565395200 0 0 0 0
1565308800 0 0 0 0
1565222400 0 0 0 0
1565136000 0 0 0 0
1565049600 0 0 0 0
1564963200 0 0 0 0
1564876800 0 0 0 0
1564790400 0 0 0 0
1564704000 0 0 0 0
1564617600 0 0 0 0
1564531200 0 0 0 0
1564444800 0 0 0 0
1564358400 0 0 0 0
1564272000 0 0 0 0
1564185600 0 0 0 0
1564099200 0 0 0 0
1564012800 0 0 0 0
1563926400 0 0 0 0
1563840000 0 0 0 0
1563753600 0 0 0 0
1563667200 0 0 0 0
1563580800 0 0 0 0
1563494400 0 0 0 0
1563408000 0 0 0 0
1563321600 0 0 0 0
1563235200 0 0 0 0
1563148800 0 0 0 0
1563062400 0 0 0 0
1562976000 0 0 0 0
1562889600 0 0 0 0
1562803200 0 0 0 0
1562716800 0 0 0 0
1562630400 0 0 0 0
1562544000 0 0 0 0
1562457600 0 0 0 0
1562371200 0 0 0 0
1562284800 0 0 0 0
1562198400 0 0 0 0
1562112000 0 0 0 0
1562025600 0 0 0 0
1561939200 0 0 0 0
1561852800 0 0 0 0
1561766400 0 0 0 0
1561680000 0 0 0 0
1561593600 0 0 0 0
1561507200 0 0 0 0
1561420800 0 0 0 0
1561334400 0 0 0 0
1561248000 0 0 0 0
1561161600 0 0 0 0
1561075200 0 0 0 0
1560988800 0 0 0 0
1560902400 0 0 0 0
1560816000 0 0 0 0
1560729600 0 0 0 0
1560643200 0 0 0 0
1560556800 0 0 0 0
1560470400 0 0 0 0
1560384000 0 0 0 0
1560297600 0 0 0 0
1560211200 0 0 0 0
1560124800 0 0 0 0
1560038400 0 0 0 0
1559952000 0 0 0 0
1559865600 0 0 0 0
1559779200 0 0 0 0
1559692800 0 0 0 0
1559606400 0 0 0 0
1559520000 0 0 0 0
1559433600 0 0 0 0
1559347200 0 0 0 0
1559260800 0 0 0 0
1559174400 0 0 0 0
1559088000 0 0 0 0
1559001600 0 0 0 0
1558915200 0 0 0 0
1558828800 0 0 0 0
1558742400 0 0 0 0
1558656000 0 0 0 0
1558569600 0 0 0 0
1558483200 0 0 0 0
1558396800 0 0 0 0
1558310400 0 0 0 0
1558224000 0 0 0 0
1558137600 0 0 0 0
1558051200 0 0 0 0
1557964800 0 0 0 0
1557878400 0 0 0 0
1557792000 0 0 0 0
1557705600 0 0 0 0
1557619200 0 0 0 0
1557532800 0 0 0 0
1557446400 0 0 0 0
1557360000 0 0 0 0
1557273600 0 0 0 0
1557187200 0 0 0 0
1557100800 0 0 0 0
1557014400 0 0 0 0
1556928000 0 0 0 0
1556841600 0 0 0 0
1556755200 0 0 0 0
1556668800 0 0 0 0
1556582400 0 0 0 0
1556496000 0 0 0 0
1556409600 0 0 0 0
1556323200 0 0 0 0
1556236800 0 0 0 0
1556150400 0 0 0 0
1556064000 0 0 0 0
1555977600 0 0 0 0
1555891200 0 0 0 0
1555804800 0 0 0 0
1555718400 0 0 0 0
1555632000 0 0 0 0
1555545600 0 0 0 0
1555459200 0 0 0 0
1555372800 0 0 0 0
1555286400 0 0 0 0
1555200000 0 0 0 0
1555113600 0 0 0 0
1555027200 0 0 0 0
1554940800 0 0 0 0
1554854400 0 0 0 0
1554768000 0 0 0 0
1554681600 0 0 0 0
1554595200 0 0 0 0
1554508800 0 0 0 0
1554422400 0 0 0 0
1554336000 0 0 0 0
1554249600 0 0 0 0
1554163200 0 0 0 0
1554076800 0 0 0 0
1553990400 0 0 0 0
1553904000 0 0 0 0
1553817600 0 0 0 0
1553731200 0 0 0 0
1553644800 0 0 0 0
1553558400 0 0 0 0
1553472000 0 0 0 0
1553385600 0 0 0 0
1553299200 0 0 0 0
1553212800 0 0 0 0
1553126400 0 0 0 0
1553040000 0 0 0 0
1552953600 0 0 0 0
1552867200 0 0 0 0
1552780800 0 0 0 0
1552694400 0 0 0 0
1552608000 0 0 0 0
1552521600 0 0 0 0
1552435200 0 0 0 0
1552348800 0 0 0 0
1552262400 0 0 0 0
1552176000 0 0 0 0
1552089600 0 0 0 0
1552003200 0 0 0 0
1551916800 0 0 0 0
1551830400 0 0 0 0
1551744000 0 0 0 0
1551657600 0 0 0 0
1551571200 0 0 0 0
1551484800 0 0 0 0
1551398400 0 0 0 0
1551312000 0 0 0 0
1551225600 0 0 0 0
1551139200 0 0 0 0
1551052800 0 0 0 0
1550966400 0 0 0 0
1550880000 0 0 0 0
1550793600 0 0 0 0
1550707200 0 0 0 0
1550620800 0 0 0 0
1550534400 0 0 0 0
1550448000 0 0 0 0
1550361600 0 0 0 0
1550275200 0 0 0 0
1550188800 0 0 0 0
1550102400 0 0 0 0
1550016000 0 0 0 0
1549929600 0 0 0 0
1549843200 0 0 0 0
1549756800 0 0 0 0
1549670400 0 0 0 0
1549584000 0 0 0 0
1549497600 0 0 0 0
1549411200 0 0 0 0
1549324800 0 0 0 0
1549238400 0 0 0 0
1549152000 0 0 0 0
1549065600 0 0 0 0
1548979200 0 0 0 0
1548892800 0 0 0 0
1548806400 0 0 0 0
1548720000 0 0 0 0
1548633600 0 0 0 0
1548547200 0 0 0 0
1548460800 0 0 0 0
1548374400 0 0 0 0
1548288000 0 0 0 0
1548201600 0 0 0 0
1548115200 0 0 0 0
1548028800 0 0 0 0
1547942400 0 0 0 0
1547856000 0 0 0 0
1547769600 0 0 0 0
1547683200 0 0 0 0
