1616464921 549494831 4201119560
1616464921 142 110 142 110
1616464021 142 109 142 109
1616463900 142 109 142 109
1616463600 142 109 142 109
1616463300 142 109 142 109
1616463000 142 109 142 109
1616462700 142 109 142 109
1616462400 142 109 142 109
1616462100 142 109 142 109
1616461800 142 109 142 109
1616461500 142 109 142 109
1616461200 142 109 142 109
1616460900 142 109 142 109
1616460600 142 109 142 110
1616460300 142 110 142 110
1616460000 142 110 142 110
1616459700 142 109 142 110
1616459400 142 109 142 109
1616459100 142 109 142 109
1616458800 142 109 142 109
1616458500 142 109 142 109
1616458200 142 109 142 109
1616457900 142 109 142 109
1616457600 142 109 142 109
1616457300 142 109 142 109
1616457000 142 109 142 109
1616456700 142 109 142 109
1616456400 142 109 142 109
1616456100 142 109 142 109
1616455800 142 109 142 109
1616455500 142 109 142 109
1616455200 142 109 142 109
1616454900 142 109 142 109
1616454600 142 109 142 109
1616454300 142 109 142 109
1616454000 142 109 142 109
1616453700 142 109 142 109
1616453400 142 109 142 109
1616453100 142 109 142 109
1616452800 142 109 142 109
1616452500 142 109 142 109
1616452200 142 109 142 109
1616451900 142 109 142 109
1616451600 142 109 142 109
1616451300 142 109 142 109
1616451000 142 109 142 109
1616450700 142 109 142 110
1616450400 142 110 142 110
1616450100 142 110 142 110
1616449800 142 109 142 110
1616449500 142 109 142 109
1616449200 142 109 142 109
1616448900 142 109 142 109
1616448600 142 109 142 109
1616448300 142 109 142 109
1616448000 142 109 142 109
1616447700 142 109 142 109
1616447400 142 109 142 109
1616447100 142 109 142 110
1616446800 142 110 142 110
1616446500 142 110 142 110
1616446200 142 109 142 110
1616445900 142 109 142 109
1616445600 142 109 142 109
1616445300 142 109 142 109
1616445000 142 109 142 109
1616444700 142 109 142 109
1616444400 142 109 142 109
1616444100 142 109 142 109
1616443800 142 109 142 109
1616443500 142 109 142 110
1616443200 142 110 142 110
1616442900 142 110 142 110
1616442600 142 109 142 110
1616442300 142 109 142 109
1616442000 142 109 142 109
1616441700 142 109 142 109
1616441400 142 109 142 109
1616441100 142 109 142 109
1616440800 142 109 142 109
1616440500 142 109 142 109
1616440200 142 109 142 109
1616439900 142 109 142 110
1616439600 142 110 142 110
1616439300 142 110 142 110
1616439000 142 109 142 110
1616438700 142 109 142 109
1616438400 142 109 142 109
1616438100 142 109 142 109
1616437800 142 109 142 109
1616437500 142 109 142 109
1616437200 876 845 1962 1936
1616436900 1962 1936 1962 1936
1616436600 1962 1936 1962 1936
1616436300 1221 1193 1962 1936
1616436000 142 110 142 110
1616435700 142 110 142 110
1616435400 142 109 142 110
1616435100 142 109 142 109
1616434800 142 109 142 109
1616434500 142 109 142 109
1616434200 142 109 142 109
1616433900 142 109 142 109
1616433600 142 109 142 109
1616433300 142 109 142 109
1616433000 142 109 142 109
1616432700 141 109 142 109
1616432400 141 109 141 109
1616432100 141 109 141 109
1616431800 141 109 142 109
1616431500 142 109 142 109
1616431200 142 109 142 109
1616430900 142 109 142 109
1616430600 142 109 142 109
1616430300 142 109 142 109
1616430000 142 109 142 109
1616429700 142 109 142 109
1616429400 142 109 142 109
1616429100 142 109 142 109
1616428800 142 109 142 109
1616428500 142 109 142 109
1616428200 142 109 142 109
1616427900 142 109 142 109
1616427600 142 109 142 109
1616427300 142 109 142 109
1616427000 142 109 142 109
1616426700 142 109 142 109
1616426400 142 109 142 109
1616426100 142 109 142 109
1616425800 142 109 142 109
1616425500 508 475 1051 1018
1616425200 1051 1018 1051 1018
1616424900 1051 1018 1051 1018
1616424600 684 651 1051 1018
1616424300 142 110 142 110
1616424000 142 110 142 110
1616423700 142 109 142 110
1616423400 142 109 142 109
1616423100 142 109 142 109
1616422800 142 109 142 109
1616422500 142 109 142 109
1616422200 142 109 142 109
1616421900 142 109 142 110
1616421600 142 110 142 110
1616421300 142 110 142 110
1616421000 142 109 142 110
1616420700 142 109 142 109
1616420400 142 109 142 109
1616420100 142 109 142 110
1616419800 142 110 142 110
1616419500 142 110 142 110
1616419200 142 109 142 110
1616418900 142 109 142 109
1616418600 142 109 142 109
1616418300 142 109 142 110
1616418000 142 110 142 110
1616417700 142 110 142 110
1616417400 142 110 142 110
1616417100 142 110 142 110
1616416800 142 110 142 110
1616416500 142 109 142 110
1616416200 142 109 142 109
1616415900 142 109 142 109
1616415600 142 109 142 109
1616415300 142 109 142 109
1616415000 142 109 142 109
1616414700 142 109 142 110
1616414400 142 110 142 110
1616414100 142 110 142 110
1616413800 142 109 142 110
1616413500 142 109 142 109
1616413200 142 109 142 109
1616412900 142 109 142 109
1616412600 142 109 142 109
1616412300 142 109 142 109
1616412000 142 109 142 109
1616411700 142 109 142 109
1616411400 142 109 142 109
1616411100 142 109 142 110
1616410800 142 110 142 110
1616410500 142 110 142 110
1616410200 142 109 142 110
1616409900 142 109 142 109
1616409600 142 109 142 109
1616409300 142 109 142 109
1616409000 142 109 142 109
1616408700 142 109 142 109
1616408400 142 109 142 110
1616408100 142 110 142 110
1616407800 142 110 142 110
1616407500 142 110 142 110
1616407200 142 110 142 110
1616406900 142 110 142 110
1616406600 142 109 142 110
1616406300 142 109 142 109
1616406000 142 109 142 109
1616405700 142 109 142 110
1616405400 142 110 142 110
1616405100 142 110 142 110
1616404800 142 109 142 110
1616404500 142 109 142 109
1616404200 142 109 142 109
1616403900 142 109 142 109
1616403600 142 109 142 109
1616403300 142 109 142 109
1616403000 142 109 142 109
1616402700 142 109 142 109
1616402400 142 109 142 109
1616402100 142 109 142 109
1616401800 142 109 142 109
1616401500 142 109 142 109
1616401200 142 109 142 109
1616400900 142 109 142 109
1616400600 142 109 142 109
1616400300 142 109 142 110
1616400000 142 110 142 110
1616399700 142 110 142 110
1616399400 142 109 142 110
1616399100 142 109 142 109
1616398800 142 109 142 109
1616398500 142 109 142 109
1616398200 142 109 142 109
1616397900 142 109 142 109
1616397600 142 109 142 109
1616397300 142 109 142 109
1616397000 142 109 142 109
1616396700 142 109 142 110
1616396400 142 110 142 110
1616396100 142 110 142 110
1616395800 142 109 142 110
1616395500 142 109 142 109
1616395200 142 109 142 109
1616394900 142 109 142 109
1616394600 142 109 142 109
1616394300 142 109 142 109
1616394000 142 109 142 110
1616393700 142 110 142 110
1616393400 142 110 142 110
1616393100 142 110 142 111
1616392800 142 111 142 111
1616392500 142 111 142 111
1616392200 142 111 142 111
1616391900 142 111 142 111
1616391600 142 111 142 111
1616391300 142 110 142 111
1616391000 142 109 142 109
1616390700 142 109 142 109
1616390400 142 109 142 109
1616390100 142 109 142 109
1616389800 142 109 142 109
1616389500 142 109 142 109
1616389200 142 109 142 109
1616388900 142 109 142 109
1616388600 142 109 144 111
1616388300 144 111 144 111
1616388000 144 111 144 111
1616387700 144 111 144 111
1616387400 144 111 144 111
1616387100 144 111 144 111
1616386800 143 110 144 111
1616386500 142 109 142 109
1616386200 142 109 142 109
1616385900 144 111 148 114
1616385600 148 114 148 114
1616385300 148 114 148 114
1616385000 145 111 148 114
1616384700 142 109 142 109
1616384400 142 109 142 109
1616384100 142 109 142 109
1616383800 142 109 142 109
1616383500 142 109 142 109
1616383200 142 109 142 111
1616382900 142 111 142 111
1616382600 142 111 142 111
1616382300 142 110 142 111
1616382000 142 110 142 110
1616381700 142 110 142 110
1616381400 142 109 142 110
1616381100 142 109 142 109
1616380800 142 109 142 109
1616380500 143 110 145 112
1616380200 145 112 145 112
1616379900 145 112 145 112
1616379600 143 110 145 112
1616379300 142 109 142 109
1616379000 142 109 142 109
1616378700 142 113 142 121
1616378400 142 121 142 121
1616378100 142 121 142 121
1616377800 142 127 142 137
1616377500 142 137 142 137
1616377200 142 137 142 137
1616376900 142 125 142 137
1616376600 142 109 142 109
1616376300 142 109 142 109
1616376000 142 109 142 109
1616375700 142 109 142 109
1616375400 142 109 142 109
1616375100 142 109 142 109
1616374800 142 109 142 109
1616374500 142 109 142 109
1616374200 142 109 142 109
1616373900 142 109 142 109
1616373600 142 109 142 109
1616373300 142 109 142 109
1616373000 142 109 142 109
1616372700 142 109 142 109
1616372400 142 113 142 120
1616372100 142 120 142 120
1616371800 142 120 142 120
1616371500 142 115 142 120
1616371200 142 109 142 109
1616370900 142 109 142 109
1616370600 142 109 142 109
1616370300 142 109 142 109
1616370000 142 109 142 109
1616369700 142 111 142 116
1616369400 142 116 142 116
1616369100 142 116 142 116
1616368800 142 113 142 116
1616368500 142 109 142 109
1616368200 142 109 142 109
1616367900 142 109 142 110
1616367600 142 110 142 110
1616367300 142 110 142 110
1616367000 142 109 142 110
1616366700 142 109 142 109
1616366400 142 109 142 109
1616366100 508 475 1051 1018
1616365800 1051 1018 1051 1018
1616365500 1051 1018 1051 1018
1616365200 684 651 1051 1018
1616364900 142 109 142 109
1616364600 142 109 142 109
1616364300 142 109 142 109
1616364000 142 109 142 109
1616363700 142 109 142 109
1616363400 142 109 142 109
1616363100 142 109 142 109
1616362800 142 109 142 109
1616362500 142 109 142 109
1616362200 142 109 142 109
1616361900 142 109 142 109
1616361600 142 109 142 109
1616361300 142 109 142 109
1616361000 142 109 142 109
1616360700 142 109 142 109
1616360400 142 109 142 109
1616360100 142 109 142 109
1616359800 142 109 142 109
1616359500 142 109 142 109
1616359200 142 109 142 109
1616358900 1975 1942 4687 4654
1616358600 4687 4654 4687 4654
1616358300 4687 4654 4687 4654
1616358000 3953 3920 4687 4654
1616357700 2869 2836 2869 2836
1616357400 2869 2836 2869 2836
1616357100 1769 1736 2869 2836
1616356800 142 109 142 109
1616356500 142 109 142 109
1616356200 142 109 142 109
1616355900 142 109 142 109
1616355600 142 109 142 109
1616355300 142 109 142 109
1616355000 142 109 142 109
1616354700 142 109 142 109
1616354400 142 109 142 109
1616354100 142 109 142 109
1616353800 142 109 142 109
1616353500 141 109 142 109
1616353200 141 109 141 109
1616352900 141 109 141 109
1616352600 141 109 142 109
1616352300 142 109 142 109
1616352000 142 109 142 109
1616351700 142 109 142 109
1616351400 142 109 142 109
1616351100 142 109 142 109
1616350800 142 109 142 109
1616350500 142 109 142 109
1616350200 142 109 142 109
1616349900 142 109 142 109
1616349600 142 109 142 109
1616349300 142 109 142 109
1616349000 142 109 142 109
1616348700 142 109 142 109
1616348400 142 109 142 109
1616348100 142 109 142 109
1616347800 142 109 142 109
1616347500 142 109 142 109
1616347200 142 109 142 109
1616346900 142 109 142 109
1616346600 142 109 142 109
1616346300 142 109 142 109
1616346000 142 109 142 109
1616345700 142 109 142 109
1616345400 142 109 142 109
1616345100 142 109 142 109
1616344800 142 109 142 109
1616344500 142 109 142 109
1616344200 142 109 142 109
1616343900 142 109 142 109
1616343600 142 109 142 109
1616343300 142 109 142 109
1616343000 142 109 142 109
1616342700 142 109 142 109
1616342400 142 109 142 109
1616342100 142 109 142 109
1616341800 142 109 142 109
1616341500 142 109 142 109
1616341200 142 109 142 109
1616340900 142 109 142 109
1616340600 142 109 142 109
1616340300 142 109 142 109
1616340000 142 109 142 109
1616339700 142 109 142 109
1616339400 142 109 142 109
1616339100 142 109 142 110
1616338800 142 110 142 110
1616338500 142 110 142 110
1616338200 142 109 142 110
1616337900 142 109 142 109
1616337600 142 109 142 109
1616337300 142 109 142 109
1616337000 142 109 142 109
1616336700 142 109 142 109
1616336400 142 109 142 109
1616336100 142 109 142 109
1616335800 142 109 142 109
1616335500 142 109 142 109
1616335200 142 109 142 109
1616334900 142 109 142 109
1616334600 142 109 142 109
1616334300 142 109 142 109
1616334000 142 109 142 109
1616333700 141 109 142 109
1616333400 141 109 141 109
1616333100 141 109 141 109
1616332800 141 109 142 109
1616332500 142 109 142 109
1616332200 142 109 142 109
1616331900 142 109 142 109
1616331600 142 109 142 109
1616331300 142 109 142 109
1616331000 141 109 142 109
1616330700 141 109 141 109
1616330400 141 109 141 109
1616330100 141 109 142 109
1616329800 142 109 142 109
1616329500 142 109 142 109
1616329200 142 109 142 109
1616328900 142 109 142 109
1616328600 142 109 142 109
1616328300 142 109 142 109
1616328000 142 109 142 109
1616327700 142 109 142 109
1616327400 142 109 142 109
1616327100 142 109 142 109
1616326800 142 109 142 109
1616326500 142 109 142 109
1616326200 142 109 142 109
1616325900 142 109 142 109
1616325600 142 109 142 109
1616325300 142 109 142 109
1616325000 142 109 142 109
1616324700 142 109 142 110
1616324400 142 110 142 110
1616324100 142 110 142 110
1616323800 142 109 142 110
1616323500 142 109 142 109
1616323200 142 109 142 109
1616322900 142 109 142 109
1616322600 142 109 142 109
1616322300 142 109 142 109
1616322000 142 109 142 109
1616321700 142 109 142 109
1616321400 142 109 142 109
1616321100 142 109 142 109
1616320800 142 109 142 109
1616320500 142 109 142 109
1616320200 142 109 142 109
1616319900 142 109 142 109
1616319600 142 109 142 109
1616319300 142 109 142 109
1616319000 142 109 142 109
1616318700 142 109 142 109
1616318400 142 109 142 109
1616318100 142 109 142 109
1616317800 142 109 142 109
1616317500 142 109 142 109
1616317200 142 109 142 109
1616316900 142 109 142 109
1616316600 142 109 142 109
1616316300 142 109 142 109
1616316000 142 109 142 109
1616315700 142 109 142 109
1616315400 142 109 142 109
1616315100 142 109 142 109
1616314800 142 109 142 109
1616314500 142 109 142 109
1616314200 142 109 142 109
1616313900 142 109 142 109
1616313600 142 109 142 109
1616313300 142 109 142 109
1616313000 142 109 142 109
1616312700 142 109 142 109
1616312400 142 109 142 109
1616312100 142 109 142 109
1616311800 142 109 142 109
1616311500 142 109 142 109
1616311200 142 109 142 109
1616310900 142 109 142 109
1616310600 142 109 142 109
1616310300 142 109 142 109
1616310000 142 109 142 109
1616309700 142 109 142 109
1616309400 142 109 142 109
1616309100 142 109 142 109
1616308800 142 109 142 109
1616308500 142 109 142 109
1616308200 142 109 142 109
1616307900 142 109 142 109
1616307600 142 109 142 109
1616307300 142 109 142 109
1616307000 142 109 142 109
1616306700 142 109 142 110
1616306400 142 110 142 110
1616306100 142 110 142 110
1616305800 142 109 142 110
1616305500 142 109 142 109
1616305200 142 109 142 109
1616304900 142 109 142 109
1616304600 142 109 142 109
1616304300 142 109 142 109
1616304000 142 109 142 109
1616303700 142 109 142 109
1616303400 142 109 142 109
1616303100 142 109 142 109
1616302800 142 109 142 109
1616302500 142 109 142 109
1616302200 142 109 142 109
1616301900 142 109 142 109
1616301600 142 109 142 109
1616301300 142 109 142 109
1616301000 142 109 142 109
1616300700 142 109 142 109
1616300400 142 109 142 109
1616300100 142 109 142 109
1616299800 142 109 142 109
1616299500 142 109 142 109
1616299200 142 109 142 109
1616298900 142 109 142 109
1616298600 142 109 142 109
1616298300 142 109 142 109
1616298000 142 109 142 109
1616297700 142 109 142 109
1616297400 142 109 142 109
1616297100 142 109 142 109
1616296800 142 109 142 109
1616296500 142 109 142 109
1616296200 142 109 142 109
1616295900 142 109 142 110
1616295600 142 110 142 110
1616295300 142 110 142 110
1616295000 142 110 142 112
1616294700 142 112 142 112
1616294400 142 112 142 112
1616294100 142 110 142 112
1616293800 142 109 142 109
1616293500 142 109 142 109
1616293200 142 109 142 109
1616292900 142 109 142 109
1616292600 142 109 142 109
1616292300 142 109 142 109
1616292000 142 109 142 109
1616291700 142 109 142 109
1616291400 142 109 142 109
1616291100 142 109 142 109
1616290800 142 109 142 109
1616290500 142 109 142 109
1616290200 142 109 142 109
1616289900 142 109 142 109
1616289600 142 109 142 109
1616289300 142 109 142 109
1616289000 142 109 142 109
1616288700 142 109 142 109
1616288400 142 109 142 109
1616288100 142 109 142 109
1616287800 142 109 142 109
1616287500 142 109 142 109
1616287200 142 109 142 109
1616286900 142 109 142 109
1616286600 142 109 142 109
1616286300 142 109 142 109
1616286000 142 109 142 109
1616285700 142 109 142 109
1616285400 142 109 142 109
1616285100 142 109 142 109
1616284800 142 109 142 109
1616284500 142 109 142 109
1616284200 142 109 142 109
1616283000 142 109 142 109
1616281200 142 109 142 109
1616279400 142 109 142 109
1616277600 142 109 142 109
1616275800 142 109 142 109
1616274000 142 109 142 109
1616272200 142 109 142 109
1616270400 142 109 142 109
1616268600 142 109 142 110
1616266800 142 109 147 114
1616265000 155 122 165 131
1616263200 142 109 142 109
1616261400 142 109 142 109
1616259600 142 109 142 109
1616257800 141 109 142 109
1616256000 142 109 142 109
1616254200 141 109 142 110
1616252400 142 109 142 110
1616250600 142 109 142 109
1616248800 142 109 142 109
1616247000 142 109 142 109
1616245200 142 109 142 109
1616243400 142 109 142 110
1616241600 142 109 142 110
1616239800 142 109 142 109
1616238000 142 109 142 109
1616236200 142 109 142 109
1616234400 142 109 142 109
1616232600 142 109 142 109
1616230800 142 109 142 109
1616229000 142 109 142 109
1616227200 142 109 142 109
1616225400 142 109 142 109
1616223600 142 109 142 109
1616221800 142 109 142 109
1616220000 142 109 142 109
1616218200 142 109 142 109
1616216400 142 109 142 109
1616214600 142 109 142 109
1616212800 142 109 142 109
1616211000 142 109 142 109
1616209200 142 109 142 109
1616207400 142 109 142 109
1616205600 142 109 142 109
1616203800 142 109 142 109
1616202000 142 109 142 109
1616200200 142 109 142 109
1616198400 142 109 142 109
1616196600 142 109 142 109
1616194800 142 109 142 109
1616193000 142 109 142 109
1616191200 142 109 142 109
1616189400 142 109 142 109
1616187600 141 109 142 109
1616185800 142 109 142 109
1616184000 142 109 142 109
1616182200 142 109 142 109
1616180400 142 109 142 109
1616178600 600 569 1060 1031
1616176800 142 109 142 110
1616175000 142 109 142 109
1616173200 142 109 142 109
1616171400 2082 2049 3778 3745
1616169600 1053 1022 1960 1930
1616167800 927 895 1958 1926
1616166000 142 109 142 110
1616164200 142 109 142 109
1616162400 142 109 142 109
1616160600 142 109 142 109
1616158800 142 109 142 109
1616157000 142 109 142 109
1616155200 142 109 142 109
1616153400 142 109 142 109
1616151600 142 109 142 109
1616149800 142 109 142 109
1616148000 142 109 142 109
1616146200 142 109 142 109
1616144400 142 109 142 109
1616142600 142 109 142 110
1616140800 142 109 142 110
1616139000 142 109 142 109
1616137200 142 109 142 110
1616135400 142 109 142 109
1616133600 142 109 142 109
1616131800 142 109 142 110
1616130000 142 109 142 110
1616128200 142 109 142 109
1616126400 142 109 142 109
1616124600 142 109 142 109
1616122800 142 109 142 109
1616121000 142 109 142 109
1616119200 142 109 142 109
1616117400 142 109 142 109
1616115600 142 109 142 109
1616113800 142 109 142 109
1616112000 142 109 142 109
1616110200 142 109 142 110
1616108400 142 109 142 110
1616106600 1172 1140 1960 1928
1616104800 1960 1928 1960 1932
1616103000 1050 1020 1960 1932
1616101200 928 895 1960 1927
1616099400 142 109 142 109
1616097600 142 109 142 109
1616095800 142 109 142 110
1616094000 142 109 142 110
1616092200 142 109 142 109
1616090400 142 109 142 109
1616088600 142 109 142 109
1616086800 142 109 142 109
1616085000 142 109 142 109
1616083200 142 109 142 109
1616081400 142 109 142 109
1616079600 142 109 142 109
1616077800 142 109 142 109
1616076000 142 109 142 109
1616074200 142 109 142 109
1616072400 142 109 142 109
1616070600 142 109 142 109
1616068800 142 109 142 109
1616067000 142 109 142 110
1616065200 142 109 142 110
1616063400 142 109 142 109
1616061600 142 109 142 109
1616059800 142 109 142 109
1616058000 142 109 142 109
1616056200 142 109 142 109
1616054400 142 109 142 109
1616052600 142 109 142 109
1616050800 142 109 142 109
1616049000 142 109 142 109
1616047200 141 109 142 109
1616045400 141 109 142 109
1616043600 595 563 1050 1018
1616041800 596 563 1052 1019
1616040000 203 170 1051 1018
1616038200 2414 2381 3778 3745
1616036400 540 507 1060 1026
1616034600 1453 1422 12867 12839
1616032800 12343 12311 12919 12885
1616031000 2108 2076 4692 4660
1616029200 143 113 145 119
1616027400 264 231 1960 1927
1616025600 1114 1085 2869 2836
1616023800 1383 1350 2869 2836
1616022000 534 503 1051 1021
1616020200 142 109 142 109
1616018400 264 231 1960 1927
1616016600 931 899 1960 1927
1616014800 264 236 1960 1928
1616013000 927 894 1960 1928
1616011200 142 109 142 110
1616009400 142 109 142 110
1616007600 142 109 142 110
1616005800 142 109 142 109
1616004000 264 231 1960 1927
1616002200 1382 1349 1960 1927
1616000400 142 109 142 109
1615998600 142 109 142 109
1615996800 142 109 142 109
1615995000 142 109 142 110
1615993200 142 109 142 110
1615991400 1050 1017 1960 1927
1615989600 142 109 142 109
1615987800 142 109 142 109
1615986000 202 169 1052 1019
1615984200 534 501 1052 1019
1615982400 142 109 154 119
1615980600 146 113 154 119
1615978800 142 109 142 110
1615977000 142 109 142 109
1615975200 142 109 142 109
1615973400 142 109 142 109
1615971600 142 109 142 109
1615969800 142 109 142 109
1615968000 142 109 145 111
1615966200 389 356 3782 3749
1615964400 2931 2898 4682 4649
1615962600 2106 2073 4682 4649
1615960800 142 109 142 109
1615959000 142 109 142 109
1615957200 474 429 4701 4665
1615955400 2115 2082 4701 4665
1615953600 149 114 159 122
1615951800 153 118 164 129
1615950000 274 239 2016 1979
1615948200 953 917 2016 1979
1615946400 143 109 143 112
1615944600 1754 1724 3775 3749
1615942800 2169 2139 3775 3749
1615941000 147 113 153 119
1615939200 143 110 143 112
1615937400 570 536 6506 6472
1615935600 2896 2864 6506 6472
1615933800 146 115 151 124
1615932000 169 134 189 154
1615930200 148 114 156 120
1615928400 147 117 152 126
1615926600 143 110 143 113
1615924800 143 109 143 109
1615923000 597 563 1053 1019
1615921200 143 109 143 109
1615919400 143 109 143 109
1615917600 146 112 151 116
1615915800 142 114 143 120
1615914000 142 109 143 109
1615912200 143 109 143 109
1615910400 143 109 143 109
1615908600 203 169 1053 1020
1615906800 535 502 1053 1020
1615905000 143 109 143 109
1615903200 143 109 143 109
1615901400 143 109 143 109
1615899600 143 109 143 109
1615897800 143 109 143 109
1615896000 143 109 143 109
1615894200 143 109 143 110
1615892400 143 109 143 110
1615890600 143 109 143 109
1615888800 143 109 143 109
1615887000 143 109 143 110
1615885200 143 109 143 110
1615883400 143 109 143 110
1615881600 143 109 143 110
1615879800 143 109 143 109
1615878000 143 109 143 109
1615876200 143 109 143 109
1615874400 143 109 143 109
1615872600 143 109 143 110
1615870800 203 170 1052 1018
1615869000 536 502 1052 1018
1615867200 145 111 181 145
1615865400 161 127 181 145
1615863600 1113 1080 1960 1927
1615861800 549 514 1071 1033
1615860000 203 175 1056 1022
1615858200 2356 2322 3779 3745
1615856400 204 170 1057 1022
1615854600 537 506 1057 1022
1615852800 143 109 143 110
1615851000 143 109 143 109
1615849200 143 109 143 109
1615847400 143 109 143 109
1615845600 143 109 143 109
1615843800 142 109 143 109
1615842000 143 109 143 109
1615840200 143 109 143 109
1615838400 143 109 143 109
1615836600 143 109 143 109
1615834800 143 109 143 109
1615833000 596 563 1050 1017
1615831200 143 109 143 109
1615829400 597 563 1052 1018
1615827600 203 169 1053 1019
1615825800 639 603 1112 1073
1615824000 562 525 1112 1073
1615822200 142 109 143 109
1615820400 142 109 143 109
1615818600 143 109 143 109
1615816800 142 109 143 109
1615815000 142 109 143 109
1615813200 142 109 143 109
1615811400 143 109 143 109
1615809600 143 109 143 109
1615807800 142 109 143 109
1615806000 143 109 143 109
1615804200 143 109 143 109
1615802400 142 109 143 109
1615800600 142 109 143 109
1615798800 142 109 143 109
1615797000 143 109 143 109
1615795200 143 109 143 109
1615793400 143 109 143 109
1615791600 143 109 143 109
1615789800 143 109 143 109
1615788000 143 109 143 109
1615786200 143 109 143 109
1615784400 142 109 143 109
1615782600 142 109 143 109
1615780800 142 109 143 110
1615779000 142 109 143 110
1615777200 597 565 1051 1020
1615775400 143 109 143 109
1615773600 143 109 143 109
1615771800 143 109 143 109
1615770000 143 109 143 109
1615768200 143 109 143 109
1615766400 143 110 145 112
1615764600 143 109 143 109
1615762800 143 109 143 109
1615761000 143 109 143 109
1615759200 272 239 1961 1927
1615757400 1383 1349 1961 1927
1615755600 597 563 1052 1018
1615753800 143 109 143 109
1615752000 609 574 1073 1039
1615750200 149 115 159 124
1615748400 143 109 147 113
1615746600 144 110 147 113
1615744800 143 109 143 110
1615743000 143 109 143 110
1615741200 143 109 143 109
1615739400 143 109 143 109
1615737600 143 109 143 109
1615735800 143 109 143 109
1615734000 143 109 143 109
1615732200 143 109 143 109
1615730400 143 109 143 109
1615728600 143 109 143 109
1615726800 143 109 143 109
1615725000 143 109 143 110
1615723200 143 109 143 110
1615721400 143 109 143 109
1615719600 143 109 143 109
1615717800 143 109 143 109
1615716000 143 109 143 110
1615714200 143 109 143 110
1615712400 143 109 143 109
1615710600 143 109 143 109
1615708800 213 179 1052 1025
1615707000 2599 2569 3779 3746
1615705200 2169 2135 3775 3741
1615703400 145 112 195 159
1615701600 165 130 195 159
1615699800 143 109 143 110
1615698000 597 563 1052 1018
1615696200 143 109 143 110
1615694400 143 109 143 110
1615692600 143 109 143 110
1615690800 143 109 143 110
1615689000 143 109 143 109
1615687200 143 109 143 110
1615685400 143 109 143 110
1615683600 143 109 143 110
1615681800 143 109 143 110
1615680000 143 109 143 110
1615678200 143 109 143 110
1615676400 143 109 143 110
1615674600 143 109 143 110
1615672800 143 109 143 110
1615671000 203 170 1052 1019
1615669200 536 502 1052 1019
1615667400 143 109 143 110
1615665600 143 109 143 110
1615663800 143 109 143 110
1615662000 143 109 143 110
1615660200 265 231 1961 1928
1615658400 929 896 1961 1928
1615656600 143 109 152 118
1615654800 146 112 152 118
1615653000 143 109 143 110
1615651200 143 109 143 110
1615649400 143 109 143 110
1615647600 143 109 143 110
1615645800 143 109 143 110
1615644000 143 109 143 110
1615642200 143 109 143 110
1615640400 143 109 143 110
1615638600 143 109 143 110
1615636800 143 109 143 110
1615635000 143 109 143 110
1615633200 143 109 143 110
1615631400 143 109 143 110
1615629600 143 109 143 110
1615627800 143 109 143 110
1615626000 143 109 143 110
1615624200 143 109 143 109
1615622400 143 109 143 110
1615620600 143 109 143 110
1615618800 143 109 143 110
1615617000 143 109 143 110
1615615200 143 109 143 110
1615613400 143 109 143 110
1615611600 143 109 143 110
1615609800 143 109 143 110
1615608000 143 109 143 110
1615606200 143 109 143 109
1615604400 143 109 143 109
1615602600 143 109 143 110
1615600800 143 109 143 110
1615599000 143 109 143 110
1615597200 143 109 143 110
1615595400 143 109 143 110
1615593600 143 109 143 110
1615591800 143 109 143 110
1615590000 143 109 143 115
1615588200 143 111 143 115
1615586400 143 112 143 114
1615584600 143 109 143 111
1615582800 143 109 143 110
1615581000 143 109 143 110
1615579200 143 109 143 110
1615577400 143 109 143 110
1615575600 143 110 143 111
1615573800 143 109 143 110
1615572000 143 109 143 110
1615570200 143 109 143 110
1615568400 143 109 143 109
1615566600 143 109 143 110
1615564800 143 109 143 110
1615563000 143 109 143 110
1615561200 143 109 143 110
1615559400 143 109 143 110
1615557600 143 109 143 110
1615555800 143 109 143 109
1615554000 143 109 143 109
1615552200 143 109 143 110
1615550400 143 109 143 110
1615548600 143 109 143 110
1615546800 143 109 143 110
1615545000 143 109 143 110
1615543200 143 109 143 110
1615541400 143 109 143 110
1615539600 143 109 143 110
1615537800 143 109 143 110
1615536000 143 109 143 110
1615534200 143 109 143 109
1615532400 143 109 143 110
1615530600 143 109 143 110
1615528800 147 112 152 116
1615527000 265 231 1961 1927
1615525200 929 895 1961 1927
1615523400 143 109 143 110
1615521600 143 109 143 110
1615519800 143 109 143 110
1615518000 143 109 143 110
1615516200 143 109 143 110
1615514400 143 109 143 110
1615512600 143 109 143 110
1615510800 143 109 143 110
1615509000 144 110 165 130
1615507200 152 118 165 130
1615505400 143 109 143 110
1615503600 143 109 143 110
1615501800 143 109 143 110
1615500000 597 563 1053 1019
1615498200 143 109 143 110
1615496400 143 109 143 110
1615494600 143 109 143 110
1615492800 143 109 143 110
1615491000 143 109 143 110
1615489200 143 109 143 110
1615487400 143 109 143 109
1615485600 143 109 143 110
1615483800 143 109 143 110
1615482000 143 109 143 109
1615480200 143 109 143 110
1615478400 143 109 143 110
1615476600 143 109 143 110
1615474800 142 109 143 110
1615473000 143 109 143 110
1615471200 143 109 143 110
1615469400 143 109 143 110
1615467600 143 109 143 110
1615465800 143 109 143 110
1615464000 143 109 143 110
1615462200 143 109 143 110
1615460400 143 109 143 110
1615458600 143 109 143 110
1615456800 143 109 143 110
1615455000 143 109 143 110
1615453200 143 109 143 110
1615451400 143 109 143 110
1615449600 143 109 143 110
1615447800 143 109 143 110
1615446000 143 109 143 110
1615444200 143 109 143 110
1615442400 143 109 143 110
1615440600 143 109 143 110
1615438800 143 109 143 110
1615437000 143 109 143 110
1615435200 143 109 143 110
1615433400 143 109 143 110
1615431600 143 109 143 110
1615429800 143 109 143 110
1615428000 143 109 143 110
1615426200 143 109 143 110
1615424400 143 109 143 110
1615422600 143 109 143 110
1615420800 143 109 143 110
1615419000 143 109 143 110
1615417200 143 109 143 110
1615415400 143 109 143 110
1615413600 143 109 143 110
1615411800 143 109 143 109
1615410000 265 231 1961 1928
1615408200 1838 1804 1961 1928
1615406400 143 109 143 110
1615404600 143 109 143 110
1615402800 143 109 143 110
1615401000 143 109 143 110
1615399200 143 109 143 110
1615397400 143 109 143 110
1615395600 143 109 143 110
1615393800 143 109 143 110
1615392000 143 109 143 110
1615390200 143 109 143 110
1615388400 143 109 143 110
1615386600 143 109 143 110
1615384800 143 109 143 110
1615383000 143 109 143 110
1615381200 143 109 143 110
1615379400 143 109 143 110
1615377600 143 109 143 110
1615375800 143 109 143 110
1615374000 143 109 143 110
1615372200 143 109 143 110
1615370400 143 109 143 110
1615368600 143 109 143 110
1615366800 143 109 143 110
1615365000 597 563 1052 1019
1615363200 204 171 1052 1018
1615361400 658 624 1961 1928
1615359600 1383 1349 1961 1928
1615357800 2415 2381 4688 4654
1615356000 720 686 1961 1928
1615354200 928 894 1961 1928
1615352400 1506 1472 2870 2836
1615350600 143 110 148 115
1615348800 144 111 148 115
1615347000 143 109 143 110
1615345200 143 109 143 110
1615343400 143 109 143 110
1615341600 143 109 143 110
1615339800 143 109 143 110
1615338000 143 109 143 110
1615336200 143 109 143 110
1615334400 143 109 143 110
1615332600 143 109 143 110
1615330800 143 109 144 110
1615329000 143 109 143 110
1615327200 203 170 1053 1020
1615325400 535 502 1053 1020
1615323600 143 109 143 110
1615321800 143 109 143 110
1615320000 143 109 143 110
1615318200 143 109 143 110
1615316400 143 109 143 110
1615314600 143 109 143 110
1615312800 143 109 143 110
1615311000 143 109 143 109
1615309200 143 109 143 109
1615307400 143 109 143 110
1615305600 143 109 143 110
1615303800 143 109 143 109
1615302000 143 109 143 109
1615300200 143 109 143 110
1615298400 143 109 143 110
1615296600 143 109 143 110
1615294800 143 109 143 110
1615293000 143 109 143 110
1615291200 143 109 143 110
1615289400 143 109 143 110
1615287600 143 109 143 110
1615285800 143 109 143 110
1615284000 143 109 143 110
1615282200 143 109 143 110
1615280400 143 109 143 110
1615278600 143 109 143 110
1615276800 143 109 143 110
1615275000 143 109 143 110
1615273200 143 109 143 110
1615271400 143 109 143 110
1615269600 143 109 143 110
1615267800 143 109 143 109
1615266000 143 109 143 110
1615264200 143 109 143 110
1615262400 143 109 143 110
1615260600 143 109 143 110
1615258800 143 109 143 110
1615257000 143 109 143 110
1615255200 143 109 143 110
1615253400 143 109 148 114
1615251600 144 110 148 114
1615249800 143 109 143 110
1615248000 143 109 143 110
1615246200 143 109 143 110
1615244400 143 109 143 110
1615242600 143 109 143 110
1615240800 143 109 143 110
1615239000 265 232 1961 1931
1615237200 928 896 1961 1931
1615235400 143 109 143 110
1615233600 143 109 143 110
1615231800 143 109 143 110
1615230000 143 109 143 110
1615228200 143 109 143 110
1615226400 143 109 143 110
1615224600 143 109 143 110
1615222800 143 109 143 110
1615221000 143 109 143 110
1615219200 1051 1018 1961 1927
1615217400 143 109 143 110
1615215600 143 109 143 110
1615213800 143 109 143 110
1615212000 143 109 143 110
1615210200 143 109 143 109
1615208400 143 109 143 109
1615206600 143 109 143 110
1615204800 143 109 143 110
1615203000 143 109 143 110
1615197600 143 109 143 110
1615190400 142 109 143 110
1615183200 143 109 143 110
1615176000 143 109 143 110
1615168800 143 109 143 110
1615161600 143 109 143 110
1615154400 254 221 1049 1016
1615147200 140 107 141 108
1615140000 140 107 141 108
1615132800 140 107 141 108
1615125600 140 107 140 107
1615118400 140 107 140 107
1615111200 140 107 140 107
1615104000 140 107 140 107
1615096800 140 107 141 108
1615089600 140 107 141 110
1615082400 140 108 140 121
1615075200 142 108 155 116
1615068000 518 484 2871 2837
1615060800 1813 1780 3781 3747
1615053600 140 107 141 107
1615046400 140 107 141 107
1615039200 140 107 141 108
1615032000 140 107 141 108
1615024800 140 107 141 108
1615017600 140 107 141 108
1615010400 140 107 141 107
1615003200 140 107 140 107
1614996000 152 118 192 157
1614988800 140 107 141 107
1614981600 140 107 141 108
1614974400 140 107 140 107
1614967200 140 107 141 107
1614960000 140 107 143 110
1614952800 140 107 143 110
1614945600 140 107 141 108
1614938400 140 107 141 107
1614931200 140 107 141 107
1614924000 140 107 141 108
1614916800 140 107 140 107
1614909600 140 107 141 107
1614902400 544 510 10139 10106
1614895200 1221 1188 10139 10106
1614888000 140 107 140 108
1614880800 330 287 1049 1016
1614873600 517 432 1398 1193
1614866400 140 107 141 107
1614859200 140 107 141 108
1614852000 140 107 141 108
1614844800 140 107 141 107
1614837600 203 161 532 445
1614830400 652 550 1871 1601
1614823200 194 154 600 505
1614816000 748 632 1709 1462
1614808800 725 612 1450 1238
1614801600 809 684 1325 1130
1614794400 506 423 1196 1018
1614787200 591 496 1506 1286
1614780000 132 99 132 100
1614772800 132 99 132 100
1614765600 132 99 132 100
1614758400 174 136 479 399
1614751200 309 256 748 644
1614744000 324 272 412 329
1614736800 67 40 125 94
1614729600 64 37 64 37
1614722400 64 37 64 37
1614715200 64 37 64 37
1614708000 64 37 64 37
1614700800 64 37 64 37
1614693600 64 37 64 37
1614686400 64 37 64 37
1614679200 64 37 64 37
1614672000 64 37 64 37
1614664800 64 37 64 37
1614657600 64 37 64 37
1614650400 64 37 64 37
1614643200 21 12 67 39
1614636000 0 0 0 0
1614628800 0 0 0 0
1614621600 0 0 0 0
1614614400 0 0 0 0
1614607200 0 0 0 0
1614600000 0 0 0 0
1614592800 0 0 0 0
1614585600 0 0 0 0
1614578400 0 0 0 0
1614571200 0 0 0 0
1614564000 0 0 0 0
1614556800 0 0 0 0
1614549600 0 0 0 0
1614542400 0 0 0 0
1614535200 0 0 0 0
1614528000 0 0 0 0
1614520800 0 0 0 0
1614513600 0 0 0 0
1614506400 0 0 0 0
1614499200 0 0 0 0
1614492000 0 0 0 0
1614484800 0 0 0 0
1614477600 0 0 0 0
1614470400 0 0 0 0
1614463200 0 0 0 0
1614456000 0 0 0 0
1614448800 0 0 0 0
1614441600 0 0 0 0
1614434400 0 0 0 0
1614427200 0 0 0 0
1614420000 0 0 0 0
1614412800 0 0 0 0
1614405600 0 0 0 0
1614398400 0 0 0 0
1614391200 0 0 0 0
1614384000 0 0 0 0
1614376800 0 0 0 0
1614369600 0 0 0 0
1614362400 0 0 0 0
1614355200 0 0 0 0
1614348000 0 0 0 0
1614340800 0 0 0 0
1614333600 0 0 0 0
1614326400 0 0 0 0
1614319200 0 0 0 0
1614312000 0 0 0 0
1614304800 0 0 0 0
1614297600 0 0 0 0
1614290400 0 0 0 0
1614283200 0 0 0 0
1614276000 0 0 0 0
1614268800 0 0 0 0
1614261600 0 0 0 0
1614254400 0 0 0 0
1614247200 0 0 0 0
1614240000 0 0 0 0
1614232800 0 0 0 0
1614225600 0 0 0 0
1614218400 0 0 0 0
1614211200 0 0 0 0
1614204000 0 0 0 0
1614196800 0 0 0 0
1614189600 0 0 0 0
1614182400 0 0 0 0
1614175200 0 0 0 0
1614168000 0 0 0 0
1614160800 0 0 0 0
1614153600 0 0 0 0
1614146400 0 0 0 0
1614139200 0 0 0 0
1614132000 0 0 0 0
1614124800 0 0 0 0
1614117600 0 0 0 0
1614110400 0 0 0 0
1614103200 0 0 0 0
1614096000 0 0 0 0
1614088800 0 0 0 0
1614081600 0 0 0 0
1614074400 0 0 0 0
1614067200 0 0 0 0
1614060000 0 0 0 0
1614052800 0 0 0 0
1614045600 0 0 0 0
1614038400 0 0 0 0
1614031200 0 0 0 0
1614024000 0 0 0 0
1614016800 0 0 0 0
1614009600 0 0 0 0
1614002400 0 0 0 0
1613995200 0 0 0 0
1613988000 0 0 0 0
1613980800 0 0 0 0
1613973600 0 0 0 0
1613966400 0 0 0 0
1613959200 0 0 0 0
1613952000 0 0 0 0
1613944800 0 0 0 0
1613937600 0 0 0 0
1613930400 0 0 0 0
1613923200 0 0 0 0
1613916000 0 0 0 0
1613908800 0 0 0 0
1613901600 0 0 0 0
1613894400 0 0 0 0
1613887200 0 0 0 0
1613880000 0 0 0 0
1613872800 0 0 0 0
1613865600 0 0 0 0
1613858400 0 0 0 0
1613851200 0 0 0 0
1613844000 0 0 0 0
1613836800 0 0 0 0
1613829600 0 0 0 0
1613822400 0 0 0 0
1613815200 0 0 0 0
1613808000 0 0 0 0
1613800800 0 0 0 0
1613793600 0 0 0 0
1613786400 0 0 0 0
1613779200 0 0 0 0
1613772000 0 0 0 0
1613764800 0 0 0 0
1613757600 0 0 0 0
1613750400 0 0 0 0
1613743200 0 0 0 0
1613736000 0 0 0 0
1613728800 0 0 0 0
1613721600 0 0 0 0
1613714400 0 0 0 0
1613707200 0 0 0 0
1613700000 0 0 0 0
1613692800 0 0 0 0
1613685600 0 0 0 0
1613678400 0 0 0 0
1613671200 0 0 0 0
1613664000 0 0 0 0
1613656800 0 0 0 0
1613649600 0 0 0 0
1613642400 0 0 0 0
1613635200 0 0 0 0
1613628000 0 0 0 0
1613620800 0 0 0 0
1613613600 0 0 0 0
1613606400 0 0 0 0
1613599200 0 0 0 0
1613592000 0 0 0 0
1613584800 0 0 0 0
1613577600 0 0 0 0
1613570400 0 0 0 0
1613563200 0 0 0 0
1613556000 0 0 0 0
1613548800 0 0 0 0
1613541600 0 0 0 0
1613534400 0 0 0 0
1613527200 0 0 0 0
1613520000 0 0 0 0
1613512800 0 0 0 0
1613505600 0 0 0 0
1613498400 0 0 0 0
1613491200 0 0 0 0
1613484000 0 0 0 0
1613476800 0 0 0 0
1613469600 0 0 0 0
1613462400 0 0 0 0
1613455200 0 0 0 0
1613448000 0 0 0 0
1613440800 0 0 0 0
1613433600 0 0 0 0
1613426400 0 0 0 0
1613419200 0 0 0 0
1613412000 0 0 0 0
1613404800 0 0 0 0
1613397600 0 0 0 0
1613390400 0 0 0 0
1613383200 0 0 0 0
1613376000 0 0 0 0
1613368800 0 0 0 0
1613361600 0 0 0 0
1613354400 0 0 0 0
1613347200 0 0 0 0
1613340000 0 0 0 0
1613332800 0 0 0 0
1613325600 0 0 0 0
1613318400 0 0 0 0
1613311200 0 0 0 0
1613304000 0 0 0 0
1613296800 0 0 0 0
1613289600 0 0 0 0
1613282400 0 0 0 0
1613275200 0 0 0 0
1613268000 0 0 0 0
1613260800 0 0 0 0
1613253600 0 0 0 0
1613246400 0 0 0 0
1613239200 0 0 0 0
1613232000 0 0 0 0
1613224800 0 0 0 0
1613217600 0 0 0 0
1613210400 0 0 0 0
1613203200 0 0 0 0
1613196000 0 0 0 0
1613188800 0 0 0 0
1613181600 0 0 0 0
1613174400 0 0 0 0
1613167200 0 0 0 0
1613160000 0 0 0 0
1613152800 0 0 0 0
1613145600 0 0 0 0
1613138400 0 0 0 0
1613131200 0 0 0 0
1613124000 0 0 0 0
1613116800 0 0 0 0
1613109600 0 0 0 0
1613102400 0 0 0 0
1613095200 0 0 0 0
1613088000 0 0 0 0
1613080800 0 0 0 0
1613073600 0 0 0 0
1613066400 0 0 0 0
1613059200 0 0 0 0
1613052000 0 0 0 0
1613044800 0 0 0 0
1613037600 0 0 0 0
1613030400 0 0 0 0
1613023200 0 0 0 0
1613016000 0 0 0 0
1613008800 0 0 0 0
1613001600 0 0 0 0
1612994400 0 0 0 0
1612987200 0 0 0 0
1612980000 0 0 0 0
1612972800 0 0 0 0
1612965600 0 0 0 0
1612958400 0 0 0 0
1612951200 0 0 0 0
1612944000 0 0 0 0
1612936800 0 0 0 0
1612929600 0 0 0 0
1612922400 0 0 0 0
1612915200 0 0 0 0
1612908000 0 0 0 0
1612900800 0 0 0 0
1612893600 0 0 0 0
1612886400 0 0 0 0
1612879200 0 0 0 0
1612872000 0 0 0 0
1612864800 0 0 0 0
1612857600 0 0 0 0
1612850400 0 0 0 0
1612843200 0 0 0 0
1612836000 0 0 0 0
1612828800 0 0 0 0
1612821600 0 0 0 0
1612814400 0 0 0 0
1612807200 0 0 0 0
1612800000 0 0 0 0
1612792800 0 0 0 0
1612785600 0 0 0 0
1612778400 0 0 0 0
1612771200 0 0 0 0
1612764000 0 0 0 0
1612756800 0 0 0 0
1612749600 0 0 0 0
1612742400 0 0 0 0
1612735200 0 0 0 0
1612728000 0 0 0 0
1612720800 0 0 0 0
1612713600 0 0 0 0
1612706400 0 0 0 0
1612699200 0 0 0 0
1612692000 0 0 0 0
1612684800 0 0 0 0
1612677600 0 0 0 0
1612670400 0 0 0 0
1612663200 0 0 0 0
1612656000 0 0 0 0
1612648800 0 0 0 0
1612641600 0 0 0 0
1612634400 0 0 0 0
1612627200 0 0 0 0
1612620000 0 0 0 0
1612612800 0 0 0 0
1612605600 0 0 0 0
1612598400 0 0 0 0
1612591200 0 0 0 0
1612584000 0 0 0 0
1612576800 0 0 0 0
1612569600 0 0 0 0
1612562400 0 0 0 0
1612555200 0 0 0 0
1612548000 0 0 0 0
1612540800 0 0 0 0
1612533600 0 0 0 0
1612526400 0 0 0 0
1612519200 0 0 0 0
1612512000 0 0 0 0
1612504800 0 0 0 0
1612497600 0 0 0 0
1612490400 0 0 0 0
1612483200 0 0 0 0
1612476000 0 0 0 0
1612468800 0 0 0 0
1612461600 0 0 0 0
1612454400 0 0 0 0
1612447200 0 0 0 0
1612440000 0 0 0 0
1612432800 0 0 0 0
1612425600 0 0 0 0
1612418400 0 0 0 0
1612411200 0 0 0 0
1612404000 0 0 0 0
1612396800 0 0 0 0
1612389600 0 0 0 0
1612382400 0 0 0 0
1612375200 0 0 0 0
1612368000 0 0 0 0
1612360800 0 0 0 0
1612353600 0 0 0 0
1612346400 0 0 0 0
1612339200 0 0 0 0
1612332000 0 0 0 0
1612324800 0 0 0 0
1612317600 0 0 0 0
1612310400 0 0 0 0
1612303200 0 0 0 0
1612296000 0 0 0 0
1612288800 0 0 0 0
1612281600 0 0 0 0
1612274400 0 0 0 0
1612267200 0 0 0 0
1612260000 0 0 0 0
1612252800 0 0 0 0
1612245600 0 0 0 0
1612238400 0 0 0 0
1612231200 0 0 0 0
1612224000 0 0 0 0
1612216800 0 0 0 0
1612209600 0 0 0 0
1612202400 0 0 0 0
1612195200 0 0 0 0
1612188000 0 0 0 0
1612180800 0 0 0 0
1612173600 0 0 0 0
1612166400 0 0 0 0
1612159200 0 0 0 0
1612152000 0 0 0 0
1612144800 0 0 0 0
1612137600 0 0 0 0
1612130400 0 0 0 0
1612123200 0 0 0 0
1612116000 0 0 0 0
1612108800 0 0 0 0
1612101600 0 0 0 0
1612094400 0 0 0 0
1612087200 0 0 0 0
1612080000 0 0 0 0
1612072800 0 0 0 0
1612065600 0 0 0 0
1612058400 0 0 0 0
1612051200 0 0 0 0
1612044000 0 0 0 0
1612036800 0 0 0 0
1612029600 0 0 0 0
1612022400 0 0 0 0
1612015200 0 0 0 0
1612008000 0 0 0 0
1612000800 0 0 0 0
1611993600 0 0 0 0
1611986400 0 0 0 0
1611979200 0 0 0 0
1611972000 0 0 0 0
1611964800 0 0 0 0
1611957600 0 0 0 0
1611950400 0 0 0 0
1611943200 0 0 0 0
1611936000 0 0 0 0
1611928800 0 0 0 0
1611921600 0 0 0 0
1611914400 0 0 0 0
1611907200 0 0 0 0
1611900000 0 0 0 0
1611892800 0 0 0 0
1611885600 0 0 0 0
1611878400 0 0 0 0
1611871200 0 0 0 0
1611864000 0 0 0 0
1611856800 0 0 0 0
1611849600 0 0 0 0
1611842400 0 0 0 0
1611835200 0 0 0 0
1611828000 0 0 0 0
1611820800 0 0 0 0
1611813600 0 0 0 0
1611806400 0 0 0 0
1611799200 0 0 0 0
1611792000 0 0 0 0
1611784800 0 0 0 0
1611777600 0 0 0 0
1611770400 0 0 0 0
1611763200 0 0 0 0
1611756000 0 0 0 0
1611748800 0 0 0 0
1611741600 0 0 0 0
1611734400 0 0 0 0
1611727200 0 0 0 0
1611720000 0 0 0 0
1611712800 0 0 0 0
1611705600 0 0 0 0
1611698400 0 0 0 0
1611691200 0 0 0 0
1611684000 0 0 0 0
1611676800 0 0 0 0
1611669600 0 0 0 0
1611662400 0 0 0 0
1611655200 0 0 0 0
1611648000 0 0 0 0
1611640800 0 0 0 0
1611633600 0 0 0 0
1611626400 0 0 0 0
1611619200 0 0 0 0
1611612000 0 0 0 0
1611604800 0 0 0 0
1611597600 0 0 0 0
1611590400 0 0 0 0
1611583200 0 0 0 0
1611576000 0 0 0 0
1611568800 0 0 0 0
1611561600 0 0 0 0
1611554400 0 0 0 0
1611547200 0 0 0 0
1611540000 0 0 0 0
1611532800 0 0 0 0
1611525600 0 0 0 0
1611518400 0 0 0 0
1611511200 0 0 0 0
1611504000 0 0 0 0
1611496800 0 0 0 0
1611489600 0 0 0 0
1611482400 0 0 0 0
1611475200 0 0 0 0
1611468000 0 0 0 0
1611460800 0 0 0 0
1611453600 0 0 0 0
1611446400 0 0 0 0
1611439200 0 0 0 0
1611432000 0 0 0 0
1611424800 0 0 0 0
1611417600 0 0 0 0
1611410400 0 0 0 0
1611403200 0 0 0 0
1611396000 0 0 0 0
1611388800 0 0 0 0
1611381600 0 0 0 0
1611374400 0 0 0 0
1611367200 0 0 0 0
1611360000 0 0 0 0
1611352800 0 0 0 0
1611345600 0 0 0 0
1611338400 0 0 0 0
1611331200 0 0 0 0
1611324000 0 0 0 0
1611316800 0 0 0 0
1611309600 0 0 0 0
1611302400 0 0 0 0
1611295200 0 0 0 0
1611288000 0 0 0 0
1611280800 0 0 0 0
1611273600 0 0 0 0
1611266400 0 0 0 0
1611259200 0 0 0 0
1611252000 0 0 0 0
1611244800 0 0 0 0
1611237600 0 0 0 0
1611230400 0 0 0 0
1611223200 0 0 0 0
1611216000 0 0 0 0
1611208800 0 0 0 0
1611201600 0 0 0 0
1611194400 0 0 0 0
1611187200 0 0 0 0
1611180000 0 0 0 0
1611172800 0 0 0 0
1611165600 0 0 0 0
1611158400 0 0 0 0
1611151200 0 0 0 0
1611144000 0 0 0 0
1611136800 0 0 0 0
1611129600 0 0 0 0
1611122400 0 0 0 0
1611115200 0 0 0 0
1611108000 0 0 0 0
1611100800 0 0 0 0
1611093600 0 0 0 0
1611086400 0 0 0 0
1611079200 0 0 0 0
1611072000 0 0 0 0
1611064800 0 0 0 0
1611057600 0 0 0 0
1611050400 0 0 0 0
1611043200 0 0 0 0
1611036000 0 0 0 0
1611028800 0 0 0 0
1611021600 0 0 0 0
1611014400 0 0 0 0
1611007200 0 0 0 0
1611000000 0 0 0 0
1610992800 0 0 0 0
1610985600 0 0 0 0
1610978400 0 0 0 0
1610971200 0 0 0 0
1610964000 0 0 0 0
1610956800 0 0 0 0
1610949600 0 0 0 0
1610942400 0 0 0 0
1610935200 0 0 0 0
1610928000 0 0 0 0
1610920800 0 0 0 0
1610913600 0 0 0 0
1610906400 0 0 0 0
1610899200 0 0 0 0
1610892000 0 0 0 0
1610884800 0 0 0 0
1610877600 0 0 0 0
1610841600 0 0 0 0
1610755200 0 0 0 0
1610668800 0 0 0 0
1610582400 0 0 0 0
1610496000 0 0 0 0
1610409600 0 0 0 0
1610323200 0 0 0 0
1610236800 0 0 0 0
1610150400 0 0 0 0
1610064000 0 0 0 0
1609977600 0 0 0 0
1609891200 0 0 0 0
1609804800 0 0 0 0
1609718400 0 0 0 0
1609632000 0 0 0 0
1609545600 0 0 0 0
1609459200 0 0 0 0
1609372800 0 0 0 0
1609286400 0 0 0 0
1609200000 0 0 0 0
1609113600 0 0 0 0
1609027200 0 0 0 0
1608940800 0 0 0 0
1608854400 0 0 0 0
1608768000 0 0 0 0
1608681600 0 0 0 0
1608595200 0 0 0 0
1608508800 0 0 0 0
1608422400 0 0 0 0
1608336000 0 0 0 0
1608249600 0 0 0 0
1608163200 0 0 0 0
1608076800 0 0 0 0
1607990400 0 0 0 0
1607904000 0 0 0 0
1607817600 0 0 0 0
1607731200 0 0 0 0
1607644800 0 0 0 0
1607558400 0 0 0 0
1607472000 0 0 0 0
1607385600 0 0 0 0
1607299200 0 0 0 0
1607212800 0 0 0 0
1607126400 0 0 0 0
1607040000 0 0 0 0
1606953600 0 0 0 0
1606867200 0 0 0 0
1606780800 0 0 0 0
1606694400 0 0 0 0
1606608000 0 0 0 0
1606521600 0 0 0 0
1606435200 0 0 0 0
1606348800 0 0 0 0
1606262400 0 0 0 0
1606176000 0 0 0 0
1606089600 0 0 0 0
1606003200 0 0 0 0
1605916800 0 0 0 0
1605830400 0 0 0 0
1605744000 0 0 0 0
1605657600 0 0 0 0
1605571200 0 0 0 0
1605484800 0 0 0 0
1605398400 0 0 0 0
1605312000 0 0 0 0
1605225600 0 0 0 0
1605139200 0 0 0 0
1605052800 0 0 0 0
1604966400 0 0 0 0
1604880000 0 0 0 0
1604793600 0 0 0 0
1604707200 0 0 0 0
1604620800 0 0 0 0
1604534400 0 0 0 0
1604448000 0 0 0 0
1604361600 0 0 0 0
1604275200 0 0 0 0
1604188800 0 0 0 0
1604102400 0 0 0 0
1604016000 0 0 0 0
1603929600 0 0 0 0
1603843200 0 0 0 0
1603756800 0 0 0 0
1603670400 0 0 0 0
1603584000 0 0 0 0
1603497600 0 0 0 0
1603411200 0 0 0 0
1603324800 0 0 0 0
1603238400 0 0 0 0
1603152000 0 0 0 0
1603065600 0 0 0 0
1602979200 0 0 0 0
1602892800 0 0 0 0
1602806400 0 0 0 0
1602720000 0 0 0 0
1602633600 0 0 0 0
1602547200 0 0 0 0
1602460800 0 0 0 0
1602374400 0 0 0 0
1602288000 0 0 0 0
1602201600 0 0 0 0
1602115200 0 0 0 0
1602028800 0 0 0 0
1601942400 0 0 0 0
1601856000 0 0 0 0
1601769600 0 0 0 0
1601683200 0 0 0 0
1601596800 0 0 0 0
1601510400 0 0 0 0
1601424000 0 0 0 0
1601337600 0 0 0 0
1601251200 0 0 0 0
1601164800 0 0 0 0
1601078400 0 0 0 0
1600992000 0 0 0 0
1600905600 0 0 0 0
1600819200 0 0 0 0
1600732800 0 0 0 0
1600646400 0 0 0 0
1600560000 0 0 0 0
1600473600 0 0 0 0
1600387200 0 0 0 0
1600300800 0 0 0 0
1600214400 0 0 0 0
1600128000 0 0 0 0
1600041600 0 0 0 0
1599955200 0 0 0 0
1599868800 0 0 0 0
1599782400 0 0 0 0
1599696000 0 0 0 0
1599609600 0 0 0 0
1599523200 0 0 0 0
1599436800 0 0 0 0
1599350400 0 0 0 0
1599264000 0 0 0 0
1599177600 0 0 0 0
1599091200 0 0 0 0
1599004800 0 0 0 0
1598918400 0 0 0 0
1598832000 0 0 0 0
1598745600 0 0 0 0
1598659200 0 0 0 0
1598572800 0 0 0 0
1598486400 0 0 0 0
1598400000 0 0 0 0
1598313600 0 0 0 0
1598227200 0 0 0 0
1598140800 0 0 0 0
1598054400 0 0 0 0
1597968000 0 0 0 0
1597881600 0 0 0 0
1597795200 0 0 0 0
1597708800 0 0 0 0
1597622400 0 0 0 0
1597536000 0 0 0 0
1597449600 0 0 0 0
1597363200 0 0 0 0
1597276800 0 0 0 0
1597190400 0 0 0 0
1597104000 0 0 0 0
1597017600 0 0 0 0
1596931200 0 0 0 0
1596844800 0 0 0 0
1596758400 0 0 0 0
1596672000 0 0 0 0
1596585600 0 0 0 0
1596499200 0 0 0 0
1596412800 0 0 0 0
1596326400 0 0 0 0
1596240000 0 0 0 0
1596153600 0 0 0 0
1596067200 0 0 0 0
1595980800 0 0 0 0
1595894400 0 0 0 0
1595808000 0 0 0 0
1595721600 0 0 0 0
1595635200 0 0 0 0
1595548800 0 0 0 0
1595462400 0 0 0 0
1595376000 0 0 0 0
1595289600 0 0 0 0
1595203200 0 0 0 0
1595116800 0 0 0 0
1595030400 0 0 0 0
1594944000 0 0 0 0
1594857600 0 0 0 0
1594771200 0 0 0 0
1594684800 0 0 0 0
1594598400 0 0 0 0
1594512000 0 0 0 0
1594425600 0 0 0 0
1594339200 0 0 0 0
1594252800 0 0 0 0
1594166400 0 0 0 0
1594080000 0 0 0 0
1593993600 0 0 0 0
1593907200 0 0 0 0
1593820800 0 0 0 0
1593734400 0 0 0 0
1593648000 0 0 0 0
1593561600 0 0 0 0
1593475200 0 0 0 0
1593388800 0 0 0 0
1593302400 0 0 0 0
1593216000 0 0 0 0
1593129600 0 0 0 0
1593043200 0 0 0 0
1592956800 0 0 0 0
1592870400 0 0 0 0
1592784000 0 0 0 0
1592697600 0 0 0 0
1592611200 0 0 0 0
1592524800 0 0 0 0
1592438400 0 0 0 0
1592352000 0 0 0 0
1592265600 0 0 0 0
1592179200 0 0 0 0
1592092800 0 0 0 0
1592006400 0 0 0 0
1591920000 0 0 0 0
1591833600 0 0 0 0
1591747200 0 0 0 0
1591660800 0 0 0 0
1591574400 0 0 0 0
1591488000 0 0 0 0
1591401600 0 0 0 0
1591315200 0 0 0 0
1591228800 0 0 0 0
1591142400 0 0 0 0
1591056000 0 0 0 0
1590969600 0 0 0 0
1590883200 0 0 0 0
1590796800 0 0 0 0
1590710400 0 0 0 0
1590624000 0 0 0 0
1590537600 0 0 0 0
1590451200 0 0 0 0
1590364800 0 0 0 0
1590278400 0 0 0 0
1590192000 0 0 0 0
1590105600 0 0 0 0
1590019200 0 0 0 0
1589932800 0 0 0 0
1589846400 0 0 0 0
1589760000 0 0 0 0
1589673600 0 0 0 0
1589587200 0 0 0 0
1589500800 0 0 0 0
1589414400 0 0 0 0
1589328000 0 0 0 0
1589241600 0 0 0 0
1589155200 0 0 0 0
1589068800 0 0 0 0
1588982400 0 0 0 0
1588896000 0 0 0 0
1588809600 0 0 0 0
1588723200 0 0 0 0
1588636800 0 0 0 0
1588550400 0 0 0 0
1588464000 0 0 0 0
1588377600 0 0 0 0
1588291200 0 0 0 0
1588204800 0 0 0 0
1588118400 0 0 0 0
1588032000 0 0 0 0
1587945600 0 0 0 0
1587859200 0 0 0 0
1587772800 0 0 0 0
1587686400 0 0 0 0
1587600000 0 0 0 0
1587513600 0 0 0 0
1587427200 0 0 0 0
1587340800 0 0 0 0
1587254400 0 0 0 0
1587168000 0 0 0 0
1587081600 0 0 0 0
1586995200 0 0 0 0
1586908800 0 0 0 0
1586822400 0 0 0 0
1586736000 0 0 0 0
1586649600 0 0 0 0
1586563200 0 0 0 0
1586476800 0 0 0 0
1586390400 0 0 0 0
1586304000 0 0 0 0
1586217600 0 0 0 0
1586131200 0 0 0 0
1586044800 0 0 0 0
1585958400 0 0 0 0
1585872000 0 0 0 0
1585785600 0 0 0 0
1585699200 0 0 0 0
1585612800 0 0 0 0
1585526400 0 0 0 0
1585440000 0 0 0 0
1585353600 0 0 0 0
1585267200 0 0 0 0
1585180800 0 0 0 0
1585094400 0 0 0 0
1585008000 0 0 0 0
1584921600 0 0 0 0
1584835200 0 0 0 0
1584748800 0 0 0 0
1584662400 0 0 0 0
1584576000 0 0 0 0
1584489600 0 0 0 0
1584403200 0 0 0 0
1584316800 0 0 0 0
1584230400 0 0 0 0
1584144000 0 0 0 0
1584057600 0 0 0 0
1583971200 0 0 0 0
1583884800 0 0 0 0
1583798400 0 0 0 0
1583712000 0 0 0 0
1583625600 0 0 0 0
1583539200 0 0 0 0
1583452800 0 0 0 0
1583366400 0 0 0 0
1583280000 0 0 0 0
1583193600 0 0 0 0
1583107200 0 0 0 0
1583020800 0 0 0 0
1582934400 0 0 0 0
1582848000 0 0 0 0
1582761600 0 0 0 0
1582675200 0 0 0 0
1582588800 0 0 0 0
1582502400 0 0 0 0
1582416000 0 0 0 0
1582329600 0 0 0 0
1582243200 0 0 0 0
1582156800 0 0 0 0
1582070400 0 0 0 0
1581984000 0 0 0 0
1581897600 0 0 0 0
1581811200 0 0 0 0
1581724800 0 0 0 0
1581638400 0 0 0 0
1581552000 0 0 0 0
1581465600 0 0 0 0
1581379200 0 0 0 0
1581292800 0 0 0 0
1581206400 0 0 0 0
1581120000 0 0 0 0
1581033600 0 0 0 0
1580947200 0 0 0 0
1580860800 0 0 0 0
1580774400 0 0 0 0
1580688000 0 0 0 0
1580601600 0 0 0 0
1580515200 0 0 0 0
1580428800 0 0 0 0
1580342400 0 0 0 0
1580256000 0 0 0 0
1580169600 0 0 0 0
1580083200 0 0 0 0
1579996800 0 0 0 0
1579910400 0 0 0 0
1579824000 0 0 0 0
1579737600 0 0 0 0
1579651200 0 0 0 0
1579564800 0 0 0 0
1579478400 0 0 0 0
1579392000 0 0 0 0
1579305600 0 0 0 0
1579219200 0 0 0 0
1579132800 0 0 0 0
1579046400 0 0 0 0
1578960000 0 0 0 0
1578873600 0 0 0 0
1578787200 0 0 0 0
1578700800 0 0 0 0
1578614400 0 0 0 0
1578528000 0 0 0 0
1578441600 0 0 0 0
1578355200 0 0 0 0
1578268800 0 0 0 0
1578182400 0 0 0 0
1578096000 0 0 0 0
1578009600 0 0 0 0
1577923200 0 0 0 0
1577836800 0 0 0 0
1577750400 0 0 0 0
1577664000 0 0 0 0
1577577600 0 0 0 0
1577491200 0 0 0 0
1577404800 0 0 0 0
1577318400 0 0 0 0
1577232000 0 0 0 0
1577145600 0 0 0 0
1577059200 0 0 0 0
1576972800 0 0 0 0
1576886400 0 0 0 0
1576800000 0 0 0 0
1576713600 0 0 0 0
1576627200 0 0 0 0
1576540800 0 0 0 0
1576454400 0 0 0 0
1576368000 0 0 0 0
1576281600 0 0 0 0
1576195200 0 0 0 0
1576108800 0 0 0 0
1576022400 0 0 0 0
1575936000 0 0 0 0
1575849600 0 0 0 0
1575763200 0 0 0 0
1575676800 0 0 0 0
1575590400 0 0 0 0
1575504000 0 0 0 0
1575417600 0 0 0 0
1575331200 0 0 0 0
1575244800 0 0 0 0
1575158400 0 0 0 0
1575072000 0 0 0 0
1574985600 0 0 0 0
1574899200 0 0 0 0
1574812800 0 0 0 0
1574726400 0 0 0 0
1574640000 0 0 0 0
1574553600 0 0 0 0
1574467200 0 0 0 0
1574380800 0 0 0 0
1574294400 0 0 0 0
1574208000 0 0 0 0
1574121600 0 0 0 0
1574035200 0 0 0 0
1573948800 0 0 0 0
1573862400 0 0 0 0
1573776000 0 0 0 0
1573689600 0 0 0 0
1573603200 0 0 0 0
1573516800 0 0 0 0
1573430400 0 0 0 0
1573344000 0 0 0 0
1573257600 0 0 0 0
1573171200 0 0 0 0
1573084800 0 0 0 0
1572998400 0 0 0 0
1572912000 0 0 0 0
1572825600 0 0 0 0
1572739200 0 0 0 0
1572652800 0 0 0 0
1572566400 0 0 0 0
1572480000 0 0 0 0
1572393600 0 0 0 0
1572307200 0 0 0 0
1572220800 0 0 0 0
1572134400 0 0 0 0
1572048000 0 0 0 0
1571961600 0 0 0 0
1571875200 0 0 0 0
1571788800 0 0 0 0
1571702400 0 0 0 0
1571616000 0 0 0 0
1571529600 0 0 0 0
1571443200 0 0 0 0
1571356800 0 0 0 0
1571270400 0 0 0 0
1571184000 0 0 0 0
1571097600 0 0 0 0
1571011200 0 0 0 0
1570924800 0 0 0 0
1570838400 0 0 0 0
1570752000 0 0 0 0
1570665600 0 0 0 0
1570579200 0 0 0 0
1570492800 0 0 0 0
1570406400 0 0 0 0
1570320000 0 0 0 0
1570233600 0 0 0 0
1570147200 0 0 0 0
1570060800 0 0 0 0
1569974400 0 0 0 0
1569888000 0 0 0 0
1569801600 0 0 0 0
1569715200 0 0 0 0
1569628800 0 0 0 0
1569542400 0 0 0 0
1569456000 0 0 0 0
1569369600 0 0 0 0
1569283200 0 0 0 0
1569196800 0 0 0 0
1569110400 0 0 0 0
1569024000 0 0 0 0
1568937600 0 0 0 0
1568851200 0 0 0 0
1568764800 0 0 0 0
1568678400 0 0 0 0
1568592000 0 0 0 0
1568505600 0 0 0 0
1568419200 0 0 0 0
1568332800 0 0 0 0
1568246400 0 0 0 0
1568160000 0 0 0 0
1568073600 0 0 0 0
1567987200 0 0 0 0
1567900800 0 0 0 0
1567814400 0 0 0 0
1567728000 0 0 0 0
1567641600 0 0 0 0
1567555200 0 0 0 0
1567468800 0 0 0 0
1567382400 0 0 0 0
1567296000 0 0 0 0
1567209600 0 0 0 0
1567123200 0 0 0 0
1567036800 0 0 0 0
1566950400 0 0 0 0
1566864000 0 0 0 0
1566777600 0 0 0 0
1566691200 0 0 0 0
1566604800 0 0 0 0
1566518400 0 0 0 0
1566432000 0 0 0 0
1566345600 0 0 0 0
1566259200 0 0 0 0
1566172800 0 0 0 0
1566086400 0 0 0 0
1566000000 0 0 0 0
1565913600 0 0 0 0
1565827200 0 0 0 0
1565740800 0 0 0 0
1565654400 0 0 0 0
1565568000 0 0 0 0
1565481600 0 0 0 0
1565395200 0 0 0 0
1565308800 0 0 0 0
1565222400 0 0 0 0
1565136000 0 0 0 0
1565049600 0 0 0 0
1564963200 0 0 0 0
1564876800 0 0 0 0
1564790400 0 0 0 0
1564704000 0 0 0 0
1564617600 0 0 0 0
1564531200 0 0 0 0
1564444800 0 0 0 0
1564358400 0 0 0 0
1564272000 0 0 0 0
1564185600 0 0 0 0
1564099200 0 0 0 0
1564012800 0 0 0 0
1563926400 0 0 0 0
1563840000 0 0 0 0
1563753600 0 0 0 0
1563667200 0 0 0 0
1563580800 0 0 0 0
1563494400 0 0 0 0
1563408000 0 0 0 0
1563321600 0 0 0 0
1563235200 0 0 0 0
1563148800 0 0 0 0
1563062400 0 0 0 0
1562976000 0 0 0 0
1562889600 0 0 0 0
1562803200 0 0 0 0
1562716800 0 0 0 0
1562630400 0 0 0 0
1562544000 0 0 0 0
1562457600 0 0 0 0
1562371200 0 0 0 0
1562284800 0 0 0 0
1562198400 0 0 0 0
1562112000 0 0 0 0
1562025600 0 0 0 0
1561939200 0 0 0 0
1561852800 0 0 0 0
1561766400 0 0 0 0
1561680000 0 0 0 0
1561593600 0 0 0 0
1561507200 0 0 0 0
1561420800 0 0 0 0
1561334400 0 0 0 0
1561248000 0 0 0 0
1561161600 0 0 0 0
1561075200 0 0 0 0
1560988800 0 0 0 0
1560902400 0 0 0 0
1560816000 0 0 0 0
1560729600 0 0 0 0
1560643200 0 0 0 0
1560556800 0 0 0 0
1560470400 0 0 0 0
1560384000 0 0 0 0
1560297600 0 0 0 0
1560211200 0 0 0 0
1560124800 0 0 0 0
1560038400 0 0 0 0
1559952000 0 0 0 0
1559865600 0 0 0 0
1559779200 0 0 0 0
1559692800 0 0 0 0
1559606400 0 0 0 0
1559520000 0 0 0 0
1559433600 0 0 0 0
1559347200 0 0 0 0
1559260800 0 0 0 0
1559174400 0 0 0 0
1559088000 0 0 0 0
1559001600 0 0 0 0
1558915200 0 0 0 0
1558828800 0 0 0 0
1558742400 0 0 0 0
1558656000 0 0 0 0
1558569600 0 0 0 0
1558483200 0 0 0 0
1558396800 0 0 0 0
1558310400 0 0 0 0
1558224000 0 0 0 0
1558137600 0 0 0 0
1558051200 0 0 0 0
1557964800 0 0 0 0
1557878400 0 0 0 0
1557792000 0 0 0 0
1557705600 0 0 0 0
1557619200 0 0 0 0
1557532800 0 0 0 0
1557446400 0 0 0 0
1557360000 0 0 0 0
1557273600 0 0 0 0
1557187200 0 0 0 0
1557100800 0 0 0 0
1557014400 0 0 0 0
1556928000 0 0 0 0
1556841600 0 0 0 0
1556755200 0 0 0 0
1556668800 0 0 0 0
1556582400 0 0 0 0
1556496000 0 0 0 0
1556409600 0 0 0 0
1556323200 0 0 0 0
1556236800 0 0 0 0
1556150400 0 0 0 0
1556064000 0 0 0 0
1555977600 0 0 0 0
1555891200 0 0 0 0
1555804800 0 0 0 0
1555718400 0 0 0 0
1555632000 0 0 0 0
1555545600 0 0 0 0
1555459200 0 0 0 0
1555372800 0 0 0 0
1555286400 0 0 0 0
1555200000 0 0 0 0
1555113600 0 0 0 0
1555027200 0 0 0 0
1554940800 0 0 0 0
1554854400 0 0 0 0
1554768000 0 0 0 0
1554681600 0 0 0 0
1554595200 0 0 0 0
1554508800 0 0 0 0
1554422400 0 0 0 0
1554336000 0 0 0 0
1554249600 0 0 0 0
1554163200 0 0 0 0
1554076800 0 0 0 0
1553990400 0 0 0 0
1553904000 0 0 0 0
1553817600 0 0 0 0
1553731200 0 0 0 0
1553644800 0 0 0 0
1553558400 0 0 0 0
1553472000 0 0 0 0
1553385600 0 0 0 0
1553299200 0 0 0 0
1553212800 0 0 0 0
1553126400 0 0 0 0
1553040000 0 0 0 0
1552953600 0 0 0 0
1552867200 0 0 0 0
1552780800 0 0 0 0
1552694400 0 0 0 0
1552608000 0 0 0 0
1552521600 0 0 0 0
1552435200 0 0 0 0
1552348800 0 0 0 0
1552262400 0 0 0 0
1552176000 0 0 0 0
1552089600 0 0 0 0
1552003200 0 0 0 0
1551916800 0 0 0 0
1551830400 0 0 0 0
1551744000 0 0 0 0
1551657600 0 0 0 0
1551571200 0 0 0 0
1551484800 0 0 0 0
1551398400 0 0 0 0
1551312000 0 0 0 0
1551225600 0 0 0 0
1551139200 0 0 0 0
1551052800 0 0 0 0
1550966400 0 0 0 0
1550880000 0 0 0 0
1550793600 0 0 0 0
1550707200 0 0 0 0
1550620800 0 0 0 0
1550534400 0 0 0 0
1550448000 0 0 0 0
1550361600 0 0 0 0
1550275200 0 0 0 0
1550188800 0 0 0 0
1550102400 0 0 0 0
1550016000 0 0 0 0
1549929600 0 0 0 0
1549843200 0 0 0 0
1549756800 0 0 0 0
1549670400 0 0 0 0
1549584000 0 0 0 0
1549497600 0 0 0 0
1549411200 0 0 0 0
1549324800 0 0 0 0
1549238400 0 0 0 0
1549152000 0 0 0 0
1549065600 0 0 0 0
1548979200 0 0 0 0
1548892800 0 0 0 0
1548806400 0 0 0 0
1548720000 0 0 0 0
1548633600 0 0 0 0
1548547200 0 0 0 0
1548460800 0 0 0 0
1548374400 0 0 0 0
1548288000 0 0 0 0
1548201600 0 0 0 0
1548115200 0 0 0 0
1548028800 0 0 0 0
1547942400 0 0 0 0
1547856000 0 0 0 0
1547769600 0 0 0 0
1547683200 0 0 0 0
