1616464921 1752441431 932534643
1616464921 117 20 117 20
1616464021 117 20 117 20
1616463900 117 20 117 20
1616463600 117 20 117 20
1616463300 117 20 117 20
1616463000 117 20 117 20
1616462700 117 20 117 20
1616462400 117 20 117 20
1616462100 117 20 117 20
1616461800 117 20 117 20
1616461500 117 20 117 20
1616461200 117 20 117 20
1616460900 117 20 117 20
1616460600 117 20 117 20
1616460300 117 20 117 20
1616460000 117 20 117 20
1616459700 117 20 117 20
1616459400 117 20 117 20
1616459100 117 20 117 20
1616458800 117 20 117 20
1616458500 117 20 117 20
1616458200 117 20 117 20
1616457900 117 20 117 20
1616457600 117 20 117 20
1616457300 117 20 117 20
1616457000 117 20 117 20
1616456700 117 20 117 20
1616456400 117 20 117 20
1616456100 117 20 117 20
1616455800 117 20 117 20
1616455500 117 20 117 20
1616455200 117 20 117 20
1616454900 117 20 117 20
1616454600 117 20 117 20
1616454300 117 20 117 20
1616454000 117 20 117 20
1616453700 117 20 117 20
1616453400 117 20 117 20
1616453100 117 20 117 20
1616452800 117 20 117 20
1616452500 117 20 117 20
1616452200 117 20 117 20
1616451900 117 20 117 20
1616451600 117 20 117 20
1616451300 117 20 117 20
1616451000 117 20 117 20
1616450700 117 20 117 20
1616450400 117 20 117 20
1616450100 117 20 117 20
1616449800 117 20 118 20
1616449500 118 20 118 20
1616449200 118 20 118 20
1616448900 117 20 118 20
1616448600 117 20 117 20
1616448300 117 20 117 20
1616448000 116 20 117 20
1616447700 116 20 116 20
1616447400 116 20 116 20
1616447100 116 20 117 21
1616446800 117 21 117 21
1616446500 117 21 117 21
1616446200 117 20 117 21
1616445900 117 20 117 20
1616445600 117 20 117 20
1616445300 117 20 118 21
1616445000 118 21 118 21
1616444700 118 21 118 21
1616444400 117 20 118 21
1616444100 117 20 117 20
1616443800 117 20 117 20
1616443500 117 20 118 21
1616443200 118 21 118 21
1616442900 118 21 118 21
1616442600 117 20 118 21
1616442300 117 20 117 20
1616442000 117 20 117 20
1616441700 117 20 117 20
1616441400 117 20 117 20
1616441100 117 20 117 20
1616440800 117 20 117 20
1616440500 117 20 117 20
1616440200 117 20 117 20
1616439900 117 20 117 20
1616439600 117 20 117 20
1616439300 117 20 117 20
1616439000 117 20 117 20
1616438700 117 20 117 20
1616438400 117 20 117 20
1616438100 117 20 117 20
1616437800 117 20 117 20
1616437500 117 20 117 20
1616437200 427 754 888 1840
1616436900 888 1840 888 1840
1616436600 888 1840 888 1840
1616436300 573 1099 888 1840
1616436000 115 20 115 20
1616435700 115 20 115 20
1616435400 115 20 117 20
1616435100 117 20 117 20
1616434800 117 20 117 20
1616434500 117 20 117 20
1616434200 117 20 117 20
1616433900 117 20 117 20
1616433600 117 20 117 20
1616433300 117 20 117 20
1616433000 117 20 117 20
1616432700 117 20 117 20
1616432400 117 20 117 20
1616432100 117 20 117 20
1616431800 117 20 117 20
1616431500 117 20 117 20
1616431200 117 20 117 20
1616430900 117 20 117 20
1616430600 117 20 117 20
1616430300 117 20 117 20
1616430000 117 20 117 20
1616429700 117 20 117 20
1616429400 117 20 117 20
1616429100 117 20 117 20
1616428800 117 20 117 20
1616428500 117 20 117 20
1616428200 117 20 117 20
1616427900 117 20 117 20
1616427600 117 20 117 20
1616427300 117 20 118 21
1616427000 118 21 118 21
1616426700 118 21 118 21
1616426400 117 20 118 21
1616426100 117 20 117 20
1616425800 117 20 117 20
1616425500 273 385 506 926
1616425200 506 926 506 926
1616424900 506 926 506 926
1616424600 346 557 506 926
1616424300 111 13 111 13
1616424000 111 13 111 13
1616423700 111 13 111 13
1616423400 111 13 111 13
1616423100 111 13 111 13
1616422800 111 13 111 13
1616422500 111 13 111 13
1616422200 111 13 111 13
1616421900 111 13 111 13
1616421600 111 13 111 13
1616421300 111 13 111 13
1616421000 111 13 111 13
1616420700 111 13 111 13
1616420400 111 13 111 13
1616420100 111 13 111 13
1616419800 111 13 111 13
1616419500 111 13 111 13
1616419200 111 13 111 13
1616418900 111 13 111 13
1616418600 111 13 111 13
1616418300 111 13 111 13
1616418000 111 13 111 13
1616417700 111 13 111 13
1616417400 111 13 112 13
1616417100 112 13 112 13
1616416800 112 13 112 13
1616416500 111 13 112 13
1616416200 111 13 111 13
1616415900 111 13 111 13
1616415600 111 13 111 13
1616415300 111 13 111 13
1616415000 111 13 111 13
1616414700 111 13 111 13
1616414400 111 13 111 13
1616414100 111 13 111 13
1616413800 111 13 111 13
1616413500 111 13 111 13
1616413200 111 13 111 13
1616412900 111 13 111 13
1616412600 111 13 111 13
1616412300 111 13 111 13
1616412000 111 13 111 13
1616411700 111 13 111 13
1616411400 111 13 111 13
1616411100 111 13 112 13
1616410800 112 13 112 13
1616410500 112 13 112 13
1616410200 111 13 112 13
1616409900 111 13 111 13
1616409600 111 13 111 13
1616409300 111 13 112 13
1616409000 112 13 112 13
1616408700 112 13 112 13
1616408400 111 13 112 13
1616408100 111 13 111 13
1616407800 111 13 111 13
1616407500 111 13 112 13
1616407200 112 13 112 13
1616406900 112 13 112 13
1616406600 111 13 112 13
1616406300 111 13 111 13
1616406000 111 13 111 13
1616405700 111 13 111 13
1616405400 111 13 111 13
1616405100 111 13 111 13
1616404800 111 13 111 13
1616404500 111 13 111 13
1616404200 111 13 111 13
1616403900 111 13 111 13
1616403600 111 13 111 13
1616403300 111 13 111 13
1616403000 111 13 111 13
1616402700 111 13 111 13
1616402400 111 13 111 13
1616402100 111 13 111 13
1616401800 111 13 111 13
1616401500 111 13 111 13
1616401200 111 13 111 13
1616400900 111 13 111 13
1616400600 111 13 111 13
1616400300 110 13 111 13
1616400000 110 13 110 13
1616399700 110 13 110 13
1616399400 110 13 112 13
1616399100 112 13 112 13
1616398800 112 13 112 13
1616398500 111 13 112 13
1616398200 111 13 111 13
1616397900 111 13 111 13
1616397600 111 13 111 13
1616397300 111 13 111 13
1616397000 111 13 111 13
1616396700 111 13 111 13
1616396400 111 13 111 13
1616396100 111 13 111 13
1616395800 111 13 111 13
1616395500 111 13 111 13
1616395200 111 13 111 13
1616394900 111 13 111 13
1616394600 111 13 111 13
1616394300 111 13 111 13
1616394000 111 13 111 13
1616393700 111 13 111 13
1616393400 111 13 111 13
1616393100 111 13 111 13
1616392800 111 13 111 13
1616392500 111 13 111 13
1616392200 71 8 111 13
1616391900 12 2 12 2
1616391600 12 2 12 2
1616391300 7 1 12 2
1616391000 0 0 0 0
1616390700 0 0 0 0
1616390400 0 0 0 0
1616390100 0 0 0 0
1616389800 0 0 0 0
1616389500 0 0 0 0
1616389200 0 0 0 0
1616388900 0 0 0 0
1616388600 0 0 0 0
1616388300 0 0 0 0
1616388000 0 0 0 0
1616387700 0 0 0 0
1616387400 0 0 0 0
1616387100 0 0 0 0
1616386800 0 0 0 0
1616386500 0 0 0 0
1616386200 0 0 0 0
1616385900 0 0 0 0
1616385600 0 0 0 0
1616385300 0 0 0 0
1616385000 0 0 0 0
1616384700 0 0 0 0
1616384400 0 0 0 0
1616384100 0 0 0 0
1616383800 0 0 0 0
1616383500 0 0 0 0
1616383200 25 4 63 11
1616382900 63 11 63 11
1616382600 63 11 63 11
1616382300 84 15 117 21
1616382000 117 21 117 21
1616381700 117 21 117 21
1616381400 117 20 118 21
1616381100 118 20 118 20
1616380800 118 20 118 20
1616380500 120 22 123 25
1616380200 123 25 123 25
1616379900 123 25 123 25
1616379600 120 22 123 25
1616379300 117 20 117 20
1616379000 117 20 117 20
1616378700 117 20 117 20
1616378400 117 20 117 20
1616378100 117 20 117 20
1616377800 117 20 118 20
1616377500 118 20 118 20
1616377200 118 20 118 20
1616376900 117 20 118 20
1616376600 117 20 117 20
1616376300 117 20 117 20
1616376000 116 20 117 20
1616375700 116 20 116 20
1616375400 116 20 116 20
1616375100 118 21 121 24
1616374800 121 24 121 24
1616374500 121 24 121 24
1616374200 119 22 121 24
1616373900 117 20 117 20
1616373600 117 20 117 20
1616373300 117 20 118 20
1616373000 118 20 118 20
1616372700 118 20 118 20
1616372400 118 20 118 21
1616372100 118 21 118 21
1616371800 118 21 118 21
1616371500 117 20 118 21
1616371200 117 20 117 20
1616370900 117 20 117 20
1616370600 117 20 117 20
1616370300 117 20 117 20
1616370000 117 20 117 20
1616369700 117 20 117 20
1616369400 117 20 117 20
1616369100 117 20 117 20
1616368800 117 20 117 20
1616368500 117 20 117 20
1616368200 117 20 117 20
1616367900 117 20 117 20
1616367600 117 20 117 20
1616367300 117 20 117 20
1616367000 117 20 117 20
1616366700 117 20 117 20
1616366400 117 20 117 20
1616366100 275 387 510 931
1616365800 510 931 510 931
1616365500 510 931 510 931
1616365200 351 563 510 931
1616364900 118 20 118 20
1616364600 118 20 118 20
1616364300 117 20 118 20
1616364000 117 20 117 20
1616363700 117 20 117 20
1616363400 117 20 118 20
1616363100 118 20 118 20
1616362800 118 20 118 20
1616362500 117 20 118 20
1616362200 117 20 117 20
1616361900 117 20 117 20
1616361600 117 20 117 20
1616361300 117 20 117 20
1616361000 117 20 117 20
1616360700 117 20 117 20
1616360400 117 20 117 20
1616360100 117 20 117 20
1616359800 117 20 118 20
1616359500 118 20 118 20
1616359200 118 20 118 20
1616358900 847 2955 1927 7298
1616358600 1927 7298 1927 7298
1616358300 1927 7298 1927 7298
1616358000 1196 4363 1927 7298
1616357700 117 22 117 22
1616357400 117 22 117 22
1616357100 117 21 117 22
1616356800 117 21 117 21
1616356500 117 21 117 21
1616356200 116 20 117 21
1616355900 116 20 116 20
1616355600 116 20 116 20
1616355300 116 20 117 20
1616355000 117 20 117 20
1616354700 117 20 117 20
1616354400 117 20 117 20
1616354100 117 20 117 20
1616353800 117 20 117 20
1616353500 117 20 117 20
1616353200 117 20 117 20
1616352900 117 20 117 20
1616352600 117 20 117 20
1616352300 117 20 117 20
1616352000 117 20 117 20
1616351700 117 20 117 20
1616351400 117 20 117 20
1616351100 117 20 117 20
1616350800 117 20 117 20
1616350500 117 20 117 20
1616350200 117 20 117 20
1616349900 117 20 117 21
1616349600 117 21 117 21
1616349300 117 21 117 21
1616349000 117 20 117 21
1616348700 117 20 117 20
1616348400 117 20 117 20
1616348100 117 20 117 20
1616347800 117 20 117 20
1616347500 117 20 117 20
1616347200 117 20 117 20
1616346900 117 20 117 20
1616346600 117 20 117 20
1616346300 117 20 117 20
1616346000 117 20 117 20
1616345700 117 20 117 20
1616345400 117 20 117 20
1616345100 117 20 117 20
1616344800 117 20 117 20
1616344500 117 20 117 20
1616344200 117 20 117 20
1616343900 117 20 117 20
1616343600 117 20 117 20
1616343300 117 20 117 20
1616343000 117 20 117 20
1616342700 117 20 118 21
1616342400 118 21 118 21
1616342100 118 21 118 21
1616341800 117 20 118 21
1616341500 117 20 117 20
1616341200 117 20 117 20
1616340900 117 20 117 20
1616340600 117 20 117 20
1616340300 117 20 117 20
1616340000 117 20 117 20
1616339700 117 20 117 20
1616339400 117 20 117 20
1616339100 117 20 117 20
1616338800 117 20 117 20
1616338500 117 20 117 20
1616338200 117 20 117 20
1616337900 117 20 117 20
1616337600 117 20 117 20
1616337300 117 20 117 20
1616337000 117 20 117 20
1616336700 117 20 117 20
1616336400 117 20 117 20
1616336100 117 20 117 20
1616335800 117 20 117 20
1616335500 117 20 117 20
1616335200 117 20 117 20
1616334900 117 20 117 20
1616334600 117 20 117 20
1616334300 117 20 117 20
1616334000 117 20 117 20
1616333700 117 20 117 20
1616333400 117 20 117 20
1616333100 117 20 117 20
1616332800 117 20 117 20
1616332500 117 20 117 20
1616332200 117 20 117 20
1616331900 116 20 117 20
1616331600 116 20 116 20
1616331300 116 20 116 20
1616331000 116 20 118 21
1616330700 118 21 118 21
1616330400 118 21 118 21
1616330100 117 20 118 21
1616329800 117 20 117 20
1616329500 117 20 117 20
1616329200 117 20 117 20
1616328900 117 20 117 20
1616328600 117 20 117 20
1616328300 117 20 117 20
1616328000 117 20 117 20
1616327700 117 20 117 20
1616327400 117 20 117 20
1616327100 117 20 117 20
1616326800 117 20 117 20
1616326500 117 20 117 20
1616326200 117 20 117 20
1616325900 117 20 117 20
1616325600 117 20 117 20
1616325300 117 20 117 20
1616325000 117 20 117 20
1616324700 117 20 117 20
1616324400 117 20 117 20
1616324100 117 20 117 20
1616323800 117 20 117 20
1616323500 117 20 117 20
1616323200 117 20 117 20
1616322900 117 20 117 20
1616322600 117 20 117 20
1616322300 117 20 117 20
1616322000 117 20 117 20
1616321700 117 20 117 20
1616321400 117 20 117 20
1616321100 117 20 117 20
1616320800 117 20 117 20
1616320500 117 20 117 20
1616320200 117 20 117 20
1616319900 117 20 117 20
1616319600 117 20 117 20
1616319300 117 20 117 20
1616319000 117 20 117 20
1616318700 117 20 117 20
1616318400 117 20 117 20
1616318100 117 20 117 20
1616317800 117 20 117 20
1616317500 117 20 118 21
1616317200 118 21 118 21
1616316900 118 21 118 21
1616316600 117 20 118 21
1616316300 117 20 117 20
1616316000 117 20 117 20
1616315700 117 20 117 20
1616315400 117 20 117 20
1616315100 117 20 117 20
1616314800 117 20 117 20
1616314500 117 20 117 20
1616314200 117 20 117 20
1616313900 117 20 117 20
1616313600 117 20 117 20
1616313300 117 20 117 20
1616313000 117 20 117 20
1616312700 117 20 117 20
1616312400 117 20 117 20
1616312100 117 20 118 21
1616311800 118 21 118 21
1616311500 118 21 118 21
1616311200 117 20 118 21
1616310900 117 20 117 20
1616310600 117 20 117 20
1616310300 117 20 117 20
1616310000 117 20 117 20
1616309700 117 20 117 20
1616309400 117 20 117 20
1616309100 117 20 117 20
1616308800 117 20 117 20
1616308500 117 20 117 20
1616308200 117 20 117 20
1616307900 117 20 117 20
1616307600 117 20 117 20
1616307300 117 20 117 20
1616307000 117 20 117 20
1616306700 117 20 117 20
1616306400 117 20 117 20
1616306100 117 20 117 20
1616305800 117 20 117 20
1616305500 117 20 117 20
1616305200 117 20 117 20
1616304900 117 20 117 20
1616304600 117 20 117 20
1616304300 117 20 117 20
1616304000 117 20 117 20
1616303700 117 20 117 20
1616303400 117 20 117 20
1616303100 117 20 117 20
1616302800 117 20 117 20
1616302500 117 20 117 20
1616302200 117 20 117 20
1616301900 117 20 117 20
1616301600 117 20 117 20
1616301300 117 20 117 20
1616301000 117 20 117 20
1616300700 117 20 117 20
1616300400 117 20 117 20
1616300100 117 20 117 20
1616299800 117 20 117 20
1616299500 117 20 117 20
1616299200 117 20 117 20
1616298900 117 20 117 20
1616298600 117 20 117 20
1616298300 117 20 117 20
1616298000 117 20 117 20
1616297700 117 20 117 20
1616297400 117 20 117 20
1616297100 117 20 117 20
1616296800 117 20 117 20
1616296500 117 20 117 20
1616296200 117 20 117 20
1616295900 116 20 117 20
1616295600 116 20 116 20
1616295300 116 20 116 20
1616295000 116 20 117 20
1616294700 117 20 117 20
1616294400 117 20 117 20
1616294100 117 20 117 20
1616293800 117 20 117 20
1616293500 117 20 117 20
1616293200 117 20 117 20
1616292900 117 20 117 20
1616292600 117 20 117 20
1616292300 117 20 117 20
1616292000 117 20 117 20
1616291700 117 20 117 20
1616291400 117 20 117 20
1616291100 117 20 117 20
1616290800 117 20 117 20
1616290500 117 20 117 20
1616290200 117 20 117 20
1616289900 117 20 117 20
1616289600 117 20 117 20
1616289300 117 20 117 20
1616289000 117 20 117 20
1616288700 117 20 117 20
1616288400 117 20 117 20
1616288100 117 20 117 20
1616287800 117 20 117 20
1616287500 117 20 117 20
1616287200 117 20 117 20
1616286900 117 20 117 20
1616286600 117 20 117 20
1616286300 117 20 117 20
1616286000 117 20 117 20
1616285700 117 20 117 20
1616285400 117 20 117 20
1616285100 117 20 117 20
1616284800 117 20 117 20
1616284500 117 20 117 20
1616284200 117 20 117 20
1616283000 117 20 117 20
1616281200 117 20 117 20
1616279400 117 20 117 20
1616277600 117 20 117 20
1616275800 117 20 117 20
1616274000 117 20 117 20
1616272200 117 20 117 20
1616270400 117 20 117 20
1616268600 117 20 117 20
1616266800 117 20 118 21
1616265000 117 20 118 21
1616263200 116 20 117 21
1616261400 116 20 117 20
1616259600 117 20 117 20
1616257800 117 20 118 21
1616256000 116 20 118 21
1616254200 117 20 118 21
1616252400 117 20 117 20
1616250600 117 20 117 20
1616248800 117 20 117 20
1616247000 117 20 117 20
1616245200 117 20 117 20
1616243400 117 20 117 21
1616241600 117 20 117 21
1616239800 117 20 117 20
1616238000 117 20 117 20
1616236200 117 20 117 20
1616234400 117 20 117 20
1616232600 117 20 117 20
1616230800 117 20 117 20
1616229000 117 20 117 20
1616227200 117 20 117 20
1616225400 117 20 117 20
1616223600 117 20 117 20
1616221800 117 20 117 21
1616220000 117 20 117 21
1616218200 117 20 118 21
1616216400 117 20 118 21
1616214600 117 20 117 20
1616212800 116 20 117 20
1616211000 117 20 117 20
1616209200 117 20 117 20
1616207400 117 20 118 21
1616205600 117 20 117 20
1616203800 117 20 117 21
1616202000 117 20 118 21
1616200200 117 20 118 20
1616198400 117 20 117 20
1616196600 117 20 117 20
1616194800 117 20 118 20
1616193000 117 20 118 20
1616191200 117 20 117 20
1616189400 117 20 117 20
1616187600 117 20 117 20
1616185800 117 20 118 20
1616184000 117 20 117 20
1616182200 117 20 117 20
1616180400 117 20 117 20
1616178600 309 487 503 956
1616176800 116 20 117 20
1616175000 117 20 117 21
1616173200 117 20 118 21
1616171400 951 1969 1680 3673
1616169600 388 794 896 1840
1616167800 0 0 2 0
1616166000 0 0 0 0
1616164200 0 0 0 0
1616162400 0 0 0 0
1616160600 0 0 0 0
1616158800 0 0 0 0
1616157000 0 0 0 0
1616155200 0 0 0 0
1616153400 0 0 0 0
1616151600 0 0 0 0
1616149800 0 0 0 0
1616148000 0 0 0 0
1616146200 0 0 0 0
1616144400 0 0 0 0
1616142600 0 0 0 0
1616140800 0 0 0 0
1616139000 0 0 0 0
1616137200 0 0 0 0
1616135400 0 0 0 0
1616133600 0 0 0 0
1616131800 0 0 0 0
1616130000 0 0 0 0
1616128200 0 0 0 0
1616126400 0 0 0 0
1616124600 0 0 0 0
1616122800 0 0 0 0
1616121000 0 0 0 0
1616119200 0 0 0 0
1616117400 0 0 0 0
1616115600 0 0 0 0
1616113800 0 0 0 0
1616112000 0 0 0 0
1616110200 0 0 0 0
1616108400 0 0 0 0
1616106600 0 0 0 0
1616104800 292 585 901 1842
1616103000 663 1311 901 1842
1616101200 275 428 483 964
1616099400 117 20 118 20
1616097600 117 20 117 20
1616095800 117 20 118 21
1616094000 117 20 118 21
1616092200 116 20 117 20
1616090400 117 20 117 20
1616088600 117 20 117 20
1616086800 117 20 118 21
1616085000 117 20 118 21
1616083200 117 20 117 21
1616081400 117 20 117 20
1616079600 117 20 117 20
1616077800 117 20 117 20
1616076000 117 20 117 20
1616074200 116 20 117 20
1616072400 117 20 117 20
1616070600 117 20 117 20
1616068800 117 20 117 20
1616067000 117 20 117 21
1616065200 117 20 117 21
1616063400 117 20 117 21
1616061600 117 20 117 21
1616059800 117 20 117 20
1616058000 117 20 117 20
1616056200 117 20 117 20
1616054400 117 20 117 20
1616052600 117 20 117 20
1616050800 117 20 117 20
1616049000 117 20 118 21
1616047200 117 20 118 21
1616045400 117 20 117 20
1616043600 326 519 509 931
1616041800 300 431 325 683
1616040000 143 80 509 932
1616038200 1109 2690 1763 4568
1616036400 119 20 160 25
1616034600 456 863 2288 5812
1616032800 2766 6808 3308 7967
1616031000 873 2020 1827 4617
1616029200 110 18 124 27
1616027400 151 145 588 1840
1616025600 386 990 1087 2751
1616023800 563 1263 1087 2751
1616022000 286 413 509 931
1616020200 117 20 117 20
1616018400 159 143 743 1847
1616016600 395 817 743 1847
1616014800 135 78 521 944
1616013000 291 419 521 944
1616011200 117 20 128 30
1616009400 121 24 128 30
1616007600 117 20 117 20
1616005800 117 20 117 20
1616004000 169 142 902 1842
1616002200 456 809 902 1842
1616000400 117 20 117 20
1615998600 116 20 117 20
1615996800 116 20 117 20
1615995000 117 20 118 21
1615993200 117 20 118 21
1615991400 404 929 693 1840
1615989600 117 20 117 20
1615987800 117 20 117 20
1615986000 143 80 508 932
1615984200 285 414 508 932
1615982400 117 20 117 20
1615980600 116 20 117 20
1615978800 116 20 117 20
1615977000 117 20 118 21
1615975200 117 20 117 20
1615973400 117 20 117 20
1615971600 117 20 117 20
1615969800 116 20 117 20
1615968000 117 20 131 34
1615966200 247 572 1210 2968
1615964400 1066 2513 1609 4569
1615962600 763 1989 1609 4569
1615960800 117 20 118 20
1615959000 117 20 117 20
1615957200 193 203 1247 2752
1615955400 616 1212 1247 2752
1615953600 120 23 126 27
1615951800 117 20 117 21
1615950000 174 148 926 1895
1615948200 468 831 926 1895
1615946400 117 20 117 20
1615944600 775 1632 1471 3659
1615942800 898 2049 1471 3659
1615941000 117 20 121 24
1615939200 118 21 121 24
1615937400 259 448 2235 6393
1615935600 1037 2781 2235 6393
1615933800 126 29 136 38
1615932000 117 20 117 20
1615930200 117 20 117 20
1615928400 123 25 130 32
1615926600 87 10 111 13
1615924800 0 0 0 0
1615923000 0 0 0 0
1615921200 0 0 0 0
1615919400 0 0 0 0
1615917600 0 0 0 0
1615915800 48 8 117 20
1615914000 117 20 117 20
1615912200 117 20 117 20
1615910400 117 20 117 20
1615908600 143 81 512 933
1615906800 287 414 512 933
1615905000 117 20 117 21
1615903200 117 20 117 21
1615901400 117 20 117 20
1615899600 117 20 117 20
1615897800 117 20 117 20
1615896000 117 20 117 20
1615894200 117 20 117 20
1615892400 117 20 117 20
1615890600 117 20 117 20
1615888800 117 20 117 20
1615887000 117 20 117 20
1615885200 117 20 117 20
1615883400 117 20 117 20
1615881600 117 20 118 20
1615879800 117 20 117 20
1615878000 117 20 117 20
1615876200 117 20 117 20
1615874400 117 20 118 20
1615872600 117 20 117 20
1615870800 143 80 509 931
1615869000 286 413 509 931
1615867200 117 20 118 20
1615865400 117 20 118 20
1615863600 480 990 792 1841
1615861800 276 406 504 924
1615860000 102 73 514 934
1615858200 972 2236 1484 3663
1615856400 153 88 504 926
1615854600 237 402 504 926
1615852800 0 0 0 0
1615851000 0 0 0 0
1615849200 0 0 0 0
1615847400 0 0 0 0
1615845600 0 0 0 0
1615843800 0 0 0 0
1615842000 0 0 0 0
1615840200 0 0 0 0
1615838400 0 0 0 0
1615836600 0 0 0 0
1615834800 0 0 0 0
1615833000 0 0 0 0
1615831200 0 0 0 0
1615829400 0 0 0 0
1615827600 0 0 0 0
1615825800 0 0 0 0
1615824000 0 0 0 0
1615822200 0 0 0 0
1615820400 0 0 0 0
1615818600 0 0 0 0
1615816800 0 0 0 0
1615815000 0 0 0 0
1615813200 0 0 0 0
1615811400 0 0 0 0
1615809600 0 0 0 0
1615807800 0 0 0 0
1615806000 0 0 0 0
1615804200 0 0 0 0
1615802400 0 0 0 0
1615800600 0 0 0 0
1615798800 0 0 0 0
1615797000 0 0 0 0
1615795200 0 0 0 0
1615793400 0 0 0 0
1615791600 0 0 0 0
1615789800 0 0 0 0
1615788000 0 0 0 0
1615786200 0 0 0 0
1615784400 0 0 0 0
1615782600 0 0 0 0
1615780800 0 0 0 0
1615779000 0 0 0 0
1615777200 0 0 0 0
1615775400 0 0 0 0
1615773600 0 0 0 0
1615771800 0 0 0 0
1615770000 0 0 0 0
1615768200 0 0 0 0
1615766400 0 0 0 0
1615764600 0 0 0 0
1615762800 0 0 0 0
1615761000 0 0 0 0
1615759200 78 128 902 1850
1615757400 671 1323 902 1850
1615755600 293 428 415 802
1615753800 117 20 118 20
1615752000 313 481 510 942
1615750200 121 24 128 31
1615748400 118 21 138 41
1615746600 126 29 138 41
1615744800 117 20 117 20
1615743000 117 20 118 20
1615741200 117 20 118 20
1615739400 117 20 118 21
1615737600 117 20 118 21
1615735800 117 20 117 20
1615734000 117 20 117 20
1615732200 117 20 117 20
1615730400 117 20 117 20
1615728600 117 20 117 20
1615726800 117 20 117 20
1615725000 117 20 118 21
1615723200 118 20 118 21
1615721400 117 20 118 20
1615719600 117 20 117 20
1615717800 117 20 117 20
1615716000 117 20 118 20
1615714200 117 20 118 21
1615712400 117 20 118 21
1615710600 117 20 118 20
1615708800 155 116 693 1445
1615707000 1113 2449 1610 3669
1615705200 942 2057 1610 3669
1615703400 117 20 117 20
1615701600 117 20 117 20
1615699800 117 20 118 21
1615698000 312 480 509 941
1615696200 117 20 117 20
1615694400 117 20 117 20
1615692600 117 20 117 21
1615690800 117 20 117 21
1615689000 117 20 118 21
1615687200 117 20 118 21
1615685400 117 20 117 20
1615683600 117 20 117 20
1615681800 117 20 118 21
1615680000 117 20 117 20
1615678200 120 23 124 27
1615676400 117 20 117 20
1615674600 117 20 118 21
1615672800 117 20 118 21
1615671000 141 81 482 942
1615669200 274 418 482 942
1615667400 117 20 118 20
1615665600 117 20 117 20
1615663800 117 20 118 20
1615662000 117 20 117 20
1615660200 165 142 842 1851
1615658400 430 812 842 1851
1615656600 117 20 121 24
1615654800 115 17 121 24
1615653000 111 13 112 13
1615651200 111 13 111 13
1615649400 111 13 111 13
1615647600 111 13 111 13
1615645800 111 13 111 13
1615644000 111 13 111 13
1615642200 111 13 111 13
1615640400 111 13 111 13
1615638600 111 13 111 13
1615636800 111 13 111 13
1615635000 111 13 111 13
1615633200 111 13 112 13
1615631400 111 13 112 13
1615629600 111 13 111 13
1615627800 111 13 111 13
1615626000 111 13 111 13
1615624200 111 13 112 13
1615622400 111 13 111 13
1615620600 111 13 111 13
1615618800 111 13 111 13
1615617000 111 13 112 13
1615615200 111 13 111 13
1615613400 111 13 111 13
1615611600 111 13 111 13
1615609800 111 13 111 13
1615608000 111 13 111 13
1615606200 111 13 111 13
1615604400 111 13 111 13
1615602600 111 13 111 13
1615600800 111 13 111 13
1615599000 111 13 111 13
1615597200 111 13 111 13
1615595400 111 13 111 13
1615593600 111 13 111 13
1615591800 111 13 111 13
1615590000 110 13 111 13
1615588200 110 13 111 14
1615586400 108 13 110 14
1615584600 109 13 112 13
1615582800 111 13 111 13
1615581000 111 13 111 13
1615579200 111 13 111 13
1615577400 111 13 111 13
1615575600 111 14 117 20
1615573800 117 20 118 21
1615572000 117 20 118 21
1615570200 117 20 118 21
1615568400 117 20 117 20
1615566600 117 20 117 21
1615564800 117 20 118 21
1615563000 117 20 117 20
1615561200 117 20 118 20
1615559400 117 20 118 20
1615557600 117 20 117 20
1615555800 117 20 117 20
1615554000 117 20 117 20
1615552200 117 20 118 20
1615550400 117 20 117 20
1615548600 117 20 117 21
1615546800 117 20 118 21
1615545000 117 20 118 21
1615543200 117 20 118 20
1615541400 117 20 118 20
1615539600 117 20 118 20
1615537800 117 20 118 21
1615536000 117 20 117 21
1615534200 117 20 117 20
1615532400 117 20 117 20
1615530600 117 20 118 20
1615528800 117 20 117 20
1615527000 155 143 701 1863
1615525200 369 817 701 1863
1615523400 117 20 117 20
1615521600 117 20 117 20
1615519800 117 20 117 20
1615518000 117 20 117 20
1615516200 117 20 117 20
1615514400 117 20 117 20
1615512600 117 20 117 20
1615510800 117 20 118 20
1615509000 117 20 118 20
1615507200 122 25 129 32
1615505400 123 25 130 32
1615503600 117 20 118 20
1615501800 117 20 117 20
1615500000 313 480 512 943
1615498200 117 20 117 20
1615496400 117 20 117 20
1615494600 117 20 117 20
1615492800 117 20 117 20
1615491000 117 20 117 20
1615489200 117 20 117 20
1615487400 116 20 118 20
1615485600 117 20 118 20
1615483800 117 20 118 20
1615482000 117 20 118 20
1615480200 117 20 117 20
1615478400 117 20 117 20
1615476600 117 20 117 20
1615474800 117 20 117 20
1615473000 117 20 118 21
1615471200 117 20 117 20
1615469400 117 20 118 21
1615467600 117 20 118 21
1615465800 117 20 117 21
1615464000 117 20 117 21
1615462200 117 20 117 21
1615460400 117 20 117 21
1615458600 117 20 117 20
1615456800 117 20 117 20
1615455000 117 20 117 20
1615453200 117 20 117 20
1615451400 117 20 117 20
1615449600 117 20 117 20
1615447800 117 20 117 20
1615446000 117 20 117 20
1615444200 117 20 117 20
1615442400 117 20 117 20
1615440600 117 20 118 20
1615438800 117 20 118 20
1615437000 117 20 117 20
1615435200 117 20 117 20
1615433400 117 20 117 20
1615431600 117 20 118 21
1615429800 117 20 117 20
1615428000 117 20 117 20
1615426200 117 20 118 20
1615424400 117 20 117 20
1615422600 117 20 117 20
1615420800 117 20 117 20
1615419000 117 20 118 21
1615417200 117 20 117 21
1615415400 117 20 117 20
1615413600 117 20 117 20
1615411800 117 20 118 21
1615410000 257 430 641 1187
1615408200 736 1440 903 1851
1615406400 117 20 117 20
1615404600 117 20 117 20
1615402800 117 20 117 20
1615401000 117 20 117 20
1615399200 117 20 118 20
1615397400 117 20 118 21
1615395600 117 20 118 21
1615393800 117 20 117 20
1615392000 117 20 119 21
1615390200 117 20 119 21
1615388400 117 20 117 20
1615386600 116 20 117 20
1615384800 116 20 117 20
1615383000 117 20 118 21
1615381200 116 20 117 21
1615379400 116 20 118 20
1615377600 117 20 117 20
1615375800 117 20 118 20
1615374000 117 20 118 20
1615372200 117 20 117 20
1615370400 117 20 117 20
1615368600 117 20 117 21
1615366800 117 20 117 21
1615365000 312 480 509 941
1615363200 143 82 509 942
1615361400 331 541 789 1838
1615359600 601 1266 789 1838
1615357800 953 2298 1790 4578
1615356000 362 604 849 1850
1615354200 433 810 849 1850
1615352400 501 1389 887 2760
1615350600 117 20 117 20
1615348800 117 20 118 20
1615347000 117 20 118 21
1615345200 117 20 117 21
1615343400 117 20 117 20
1615341600 117 20 118 20
1615339800 117 20 118 20
1615338000 117 20 118 20
1615336200 117 20 118 20
1615334400 117 20 117 20
1615332600 117 20 118 21
1615330800 117 20 118 21
1615329000 117 20 117 20
1615327200 174 81 405 942
1615325400 241 418 405 942
1615323600 117 20 118 21
1615321800 117 20 117 20
1615320000 117 20 118 21
1615318200 117 20 117 20
1615316400 117 20 118 20
1615314600 117 20 118 21
1615312800 117 20 117 20
1615311000 117 20 118 20
1615309200 117 20 117 20
1615307400 117 20 117 20
1615305600 117 20 117 20
1615303800 117 20 117 20
1615302000 117 20 117 20
1615300200 117 20 117 20
1615298400 117 20 117 20
1615296600 117 20 117 20
1615294800 117 20 117 20
1615293000 117 20 118 20
1615291200 117 20 117 20
1615289400 117 20 117 20
1615287600 117 20 117 20
1615285800 117 20 117 20
1615284000 117 20 117 20
1615282200 117 20 117 20
1615280400 117 20 117 20
1615278600 117 20 118 21
1615276800 117 20 117 20
1615275000 117 20 117 20
1615273200 117 20 118 20
1615271400 117 20 118 20
1615269600 117 20 118 20
1615267800 117 20 118 20
1615266000 117 20 117 20
1615264200 117 20 118 20
1615262400 117 20 117 20
1615260600 117 20 117 20
1615258800 117 20 117 20
1615257000 117 20 118 21
1615255200 117 20 118 21
1615253400 117 20 118 20
1615251600 117 20 118 20
1615249800 117 20 118 21
1615248000 117 20 118 21
1615246200 117 20 117 20
1615244400 117 20 117 20
1615242600 117 20 117 20
1615240800 117 20 118 20
1615239000 166 144 845 1851
1615237200 431 811 845 1851
1615235400 117 20 118 20
1615233600 117 20 117 20
1615231800 117 20 117 20
1615230000 117 20 117 20
1615228200 117 20 118 20
1615226400 117 20 118 20
1615224600 117 20 118 20
1615222800 117 20 117 20
1615221000 117 20 118 20
1615219200 407 940 697 1862
1615217400 117 20 118 20
1615215600 117 20 118 20
1615213800 117 20 117 20
1615212000 117 20 118 20
1615210200 117 20 117 20
1615208400 117 20 117 20
1615206600 117 20 118 20
1615204800 117 20 118 20
1615203000 117 20 118 20
1615197600 117 20 117 20
1615190400 117 20 118 21
1615183200 117 20 118 21
1615176000 118 20 131 32
1615168800 117 20 118 21
1615161600 117 20 118 21
1615154400 165 135 508 942
1615147200 116 20 118 21
1615140000 117 20 118 21
1615132800 117 20 118 20
1615125600 117 20 118 20
1615118400 117 20 118 21
1615111200 117 20 117 20
1615104000 117 20 118 20
1615096800 116 20 118 20
1615089600 117 20 118 20
1615082400 114 18 118 20
1615075200 117 20 118 21
1615068000 268 392 1235 2763
1615060800 811 1699 1658 3661
1615053600 117 20 118 21
1615046400 117 20 118 21
1615039200 117 20 118 21
1615032000 117 19 117 21
1615024800 117 20 118 21
1615017600 117 20 118 20
1615010400 117 20 118 21
1615003200 117 20 118 21
1614996000 117 20 117 20
1614988800 117 20 118 21
1614981600 117 20 118 21
1614974400 117 20 117 20
1614967200 117 20 117 21
1614960000 117 20 117 20
1614952800 117 20 118 21
1614945600 117 20 118 20
1614938400 117 20 118 20
1614931200 117 20 118 21
1614924000 117 20 118 21
1614916800 117 20 118 20
1614909600 117 20 118 21
1614902400 285 488 2535 9369
1614895200 378 1031 2535 9369
1614888000 117 20 118 21
1614880800 163 132 503 934
1614873600 111 13 112 13
1614866400 111 13 112 13
1614859200 111 13 111 13
1614852000 111 13 112 13
1614844800 111 13 112 13
1614837600 111 13 111 13
1614830400 111 13 112 13
1614823200 110 12 111 13
1614816000 109 12 111 13
1614808800 111 13 112 13
1614801600 111 13 112 13
1614794400 111 13 111 13
1614787200 111 13 111 13
1614780000 111 13 111 13
1614772800 111 13 112 13
1614765600 111 13 112 13
1614758400 111 12 112 13
1614751200 111 13 112 13
1614744000 114 9 119 13
1614736800 116 20 117 21
1614729600 117 21 117 21
1614722400 117 21 117 21
1614715200 117 21 117 21
1614708000 117 21 117 21
1614700800 117 21 117 21
1614693600 117 21 117 21
1614686400 117 21 117 21
1614679200 117 21 117 21
1614672000 117 21 117 21
1614664800 117 21 117 21
1614657600 117 21 117 21
1614650400 117 21 117 21
1614643200 38 6 117 21
1614636000 0 0 0 0
1614628800 0 0 0 0
1614621600 0 0 0 0
1614614400 0 0 0 0
1614607200 0 0 0 0
1614600000 0 0 0 0
1614592800 0 0 0 0
1614585600 0 0 0 0
1614578400 0 0 0 0
1614571200 0 0 0 0
1614564000 0 0 0 0
1614556800 0 0 0 0
1614549600 0 0 0 0
1614542400 0 0 0 0
1614535200 0 0 0 0
1614528000 0 0 0 0
1614520800 0 0 0 0
1614513600 0 0 0 0
1614506400 0 0 0 0
1614499200 0 0 0 0
1614492000 0 0 0 0
1614484800 0 0 0 0
1614477600 0 0 0 0
1614470400 0 0 0 0
1614463200 0 0 0 0
1614456000 0 0 0 0
1614448800 0 0 0 0
1614441600 0 0 0 0
1614434400 0 0 0 0
1614427200 0 0 0 0
1614420000 0 0 0 0
1614412800 0 0 0 0
1614405600 0 0 0 0
1614398400 0 0 0 0
1614391200 0 0 0 0
1614384000 0 0 0 0
1614376800 0 0 0 0
1614369600 0 0 0 0
1614362400 0 0 0 0
1614355200 0 0 0 0
1614348000 0 0 0 0
1614340800 0 0 0 0
1614333600 0 0 0 0
1614326400 0 0 0 0
1614319200 0 0 0 0
1614312000 0 0 0 0
1614304800 0 0 0 0
1614297600 0 0 0 0
1614290400 0 0 0 0
1614283200 0 0 0 0
1614276000 0 0 0 0
1614268800 0 0 0 0
1614261600 0 0 0 0
1614254400 0 0 0 0
1614247200 0 0 0 0
1614240000 0 0 0 0
1614232800 0 0 0 0
1614225600 0 0 0 0
1614218400 0 0 0 0
1614211200 0 0 0 0
1614204000 0 0 0 0
1614196800 0 0 0 0
1614189600 0 0 0 0
1614182400 0 0 0 0
1614175200 0 0 0 0
1614168000 0 0 0 0
1614160800 0 0 0 0
1614153600 0 0 0 0
1614146400 0 0 0 0
1614139200 0 0 0 0
1614132000 0 0 0 0
1614124800 0 0 0 0
1614117600 0 0 0 0
1614110400 0 0 0 0
1614103200 0 0 0 0
1614096000 0 0 0 0
1614088800 0 0 0 0
1614081600 0 0 0 0
1614074400 0 0 0 0
1614067200 0 0 0 0
1614060000 0 0 0 0
1614052800 0 0 0 0
1614045600 0 0 0 0
1614038400 0 0 0 0
1614031200 0 0 0 0
1614024000 0 0 0 0
1614016800 0 0 0 0
1614009600 0 0 0 0
1614002400 0 0 0 0
1613995200 0 0 0 0
1613988000 0 0 0 0
1613980800 0 0 0 0
1613973600 0 0 0 0
1613966400 0 0 0 0
1613959200 0 0 0 0
1613952000 0 0 0 0
1613944800 0 0 0 0
1613937600 0 0 0 0
1613930400 0 0 0 0
1613923200 0 0 0 0
1613916000 0 0 0 0
1613908800 0 0 0 0
1613901600 0 0 0 0
1613894400 0 0 0 0
1613887200 0 0 0 0
1613880000 0 0 0 0
1613872800 0 0 0 0
1613865600 0 0 0 0
1613858400 0 0 0 0
1613851200 0 0 0 0
1613844000 0 0 0 0
1613836800 0 0 0 0
1613829600 0 0 0 0
1613822400 0 0 0 0
1613815200 0 0 0 0
1613808000 0 0 0 0
1613800800 0 0 0 0
1613793600 0 0 0 0
1613786400 0 0 0 0
1613779200 0 0 0 0
1613772000 0 0 0 0
1613764800 0 0 0 0
1613757600 0 0 0 0
1613750400 0 0 0 0
1613743200 0 0 0 0
1613736000 0 0 0 0
1613728800 0 0 0 0
1613721600 0 0 0 0
1613714400 0 0 0 0
1613707200 0 0 0 0
1613700000 0 0 0 0
1613692800 0 0 0 0
1613685600 0 0 0 0
1613678400 0 0 0 0
1613671200 0 0 0 0
1613664000 0 0 0 0
1613656800 0 0 0 0
1613649600 0 0 0 0
1613642400 0 0 0 0
1613635200 0 0 0 0
1613628000 0 0 0 0
1613620800 0 0 0 0
1613613600 0 0 0 0
1613606400 0 0 0 0
1613599200 0 0 0 0
1613592000 0 0 0 0
1613584800 0 0 0 0
1613577600 0 0 0 0
1613570400 0 0 0 0
1613563200 0 0 0 0
1613556000 0 0 0 0
1613548800 0 0 0 0
1613541600 0 0 0 0
1613534400 0 0 0 0
1613527200 0 0 0 0
1613520000 0 0 0 0
1613512800 0 0 0 0
1613505600 0 0 0 0
1613498400 0 0 0 0
1613491200 0 0 0 0
1613484000 0 0 0 0
1613476800 0 0 0 0
1613469600 0 0 0 0
1613462400 0 0 0 0
1613455200 0 0 0 0
1613448000 0 0 0 0
1613440800 0 0 0 0
1613433600 0 0 0 0
1613426400 0 0 0 0
1613419200 0 0 0 0
1613412000 0 0 0 0
1613404800 0 0 0 0
1613397600 0 0 0 0
1613390400 0 0 0 0
1613383200 0 0 0 0
1613376000 0 0 0 0
1613368800 0 0 0 0
1613361600 0 0 0 0
1613354400 0 0 0 0
1613347200 0 0 0 0
1613340000 0 0 0 0
1613332800 0 0 0 0
1613325600 0 0 0 0
1613318400 0 0 0 0
1613311200 0 0 0 0
1613304000 0 0 0 0
1613296800 0 0 0 0
1613289600 0 0 0 0
1613282400 0 0 0 0
1613275200 0 0 0 0
1613268000 0 0 0 0
1613260800 0 0 0 0
1613253600 0 0 0 0
1613246400 0 0 0 0
1613239200 0 0 0 0
1613232000 0 0 0 0
1613224800 0 0 0 0
1613217600 0 0 0 0
1613210400 0 0 0 0
1613203200 0 0 0 0
1613196000 0 0 0 0
1613188800 0 0 0 0
1613181600 0 0 0 0
1613174400 0 0 0 0
1613167200 0 0 0 0
1613160000 0 0 0 0
1613152800 0 0 0 0
1613145600 0 0 0 0
1613138400 0 0 0 0
1613131200 0 0 0 0
1613124000 0 0 0 0
1613116800 0 0 0 0
1613109600 0 0 0 0
1613102400 0 0 0 0
1613095200 0 0 0 0
1613088000 0 0 0 0
1613080800 0 0 0 0
1613073600 0 0 0 0
1613066400 0 0 0 0
1613059200 0 0 0 0
1613052000 0 0 0 0
1613044800 0 0 0 0
1613037600 0 0 0 0
1613030400 0 0 0 0
1613023200 0 0 0 0
1613016000 0 0 0 0
1613008800 0 0 0 0
1613001600 0 0 0 0
1612994400 0 0 0 0
1612987200 0 0 0 0
1612980000 0 0 0 0
1612972800 0 0 0 0
1612965600 0 0 0 0
1612958400 0 0 0 0
1612951200 0 0 0 0
1612944000 0 0 0 0
1612936800 0 0 0 0
1612929600 0 0 0 0
1612922400 0 0 0 0
1612915200 0 0 0 0
1612908000 0 0 0 0
1612900800 0 0 0 0
1612893600 0 0 0 0
1612886400 0 0 0 0
1612879200 0 0 0 0
1612872000 0 0 0 0
1612864800 0 0 0 0
1612857600 0 0 0 0
1612850400 0 0 0 0
1612843200 0 0 0 0
1612836000 0 0 0 0
1612828800 0 0 0 0
1612821600 0 0 0 0
1612814400 0 0 0 0
1612807200 0 0 0 0
1612800000 0 0 0 0
1612792800 0 0 0 0
1612785600 0 0 0 0
1612778400 0 0 0 0
1612771200 0 0 0 0
1612764000 0 0 0 0
1612756800 0 0 0 0
1612749600 0 0 0 0
1612742400 0 0 0 0
1612735200 0 0 0 0
1612728000 0 0 0 0
1612720800 0 0 0 0
1612713600 0 0 0 0
1612706400 0 0 0 0
1612699200 0 0 0 0
1612692000 0 0 0 0
1612684800 0 0 0 0
1612677600 0 0 0 0
1612670400 0 0 0 0
1612663200 0 0 0 0
1612656000 0 0 0 0
1612648800 0 0 0 0
1612641600 0 0 0 0
1612634400 0 0 0 0
1612627200 0 0 0 0
1612620000 0 0 0 0
1612612800 0 0 0 0
1612605600 0 0 0 0
1612598400 0 0 0 0
1612591200 0 0 0 0
1612584000 0 0 0 0
1612576800 0 0 0 0
1612569600 0 0 0 0
1612562400 0 0 0 0
1612555200 0 0 0 0
1612548000 0 0 0 0
1612540800 0 0 0 0
1612533600 0 0 0 0
1612526400 0 0 0 0
1612519200 0 0 0 0
1612512000 0 0 0 0
1612504800 0 0 0 0
1612497600 0 0 0 0
1612490400 0 0 0 0
1612483200 0 0 0 0
1612476000 0 0 0 0
1612468800 0 0 0 0
1612461600 0 0 0 0
1612454400 0 0 0 0
1612447200 0 0 0 0
1612440000 0 0 0 0
1612432800 0 0 0 0
1612425600 0 0 0 0
1612418400 0 0 0 0
1612411200 0 0 0 0
1612404000 0 0 0 0
1612396800 0 0 0 0
1612389600 0 0 0 0
1612382400 0 0 0 0
1612375200 0 0 0 0
1612368000 0 0 0 0
1612360800 0 0 0 0
1612353600 0 0 0 0
1612346400 0 0 0 0
1612339200 0 0 0 0
1612332000 0 0 0 0
1612324800 0 0 0 0
1612317600 0 0 0 0
1612310400 0 0 0 0
1612303200 0 0 0 0
1612296000 0 0 0 0
1612288800 0 0 0 0
1612281600 0 0 0 0
1612274400 0 0 0 0
1612267200 0 0 0 0
1612260000 0 0 0 0
1612252800 0 0 0 0
1612245600 0 0 0 0
1612238400 0 0 0 0
1612231200 0 0 0 0
1612224000 0 0 0 0
1612216800 0 0 0 0
1612209600 0 0 0 0
1612202400 0 0 0 0
1612195200 0 0 0 0
1612188000 0 0 0 0
1612180800 0 0 0 0
1612173600 0 0 0 0
1612166400 0 0 0 0
1612159200 0 0 0 0
1612152000 0 0 0 0
1612144800 0 0 0 0
1612137600 0 0 0 0
1612130400 0 0 0 0
1612123200 0 0 0 0
1612116000 0 0 0 0
1612108800 0 0 0 0
1612101600 0 0 0 0
1612094400 0 0 0 0
1612087200 0 0 0 0
1612080000 0 0 0 0
1612072800 0 0 0 0
1612065600 0 0 0 0
1612058400 0 0 0 0
1612051200 0 0 0 0
1612044000 0 0 0 0
1612036800 0 0 0 0
1612029600 0 0 0 0
1612022400 0 0 0 0
1612015200 0 0 0 0
1612008000 0 0 0 0
1612000800 0 0 0 0
1611993600 0 0 0 0
1611986400 0 0 0 0
1611979200 0 0 0 0
1611972000 0 0 0 0
1611964800 0 0 0 0
1611957600 0 0 0 0
1611950400 0 0 0 0
1611943200 0 0 0 0
1611936000 0 0 0 0
1611928800 0 0 0 0
1611921600 0 0 0 0
1611914400 0 0 0 0
1611907200 0 0 0 0
1611900000 0 0 0 0
1611892800 0 0 0 0
1611885600 0 0 0 0
1611878400 0 0 0 0
1611871200 0 0 0 0
1611864000 0 0 0 0
1611856800 0 0 0 0
1611849600 0 0 0 0
1611842400 0 0 0 0
1611835200 0 0 0 0
1611828000 0 0 0 0
1611820800 0 0 0 0
1611813600 0 0 0 0
1611806400 0 0 0 0
1611799200 0 0 0 0
1611792000 0 0 0 0
1611784800 0 0 0 0
1611777600 0 0 0 0
1611770400 0 0 0 0
1611763200 0 0 0 0
1611756000 0 0 0 0
1611748800 0 0 0 0
1611741600 0 0 0 0
1611734400 0 0 0 0
1611727200 0 0 0 0
1611720000 0 0 0 0
1611712800 0 0 0 0
1611705600 0 0 0 0
1611698400 0 0 0 0
1611691200 0 0 0 0
1611684000 0 0 0 0
1611676800 0 0 0 0
1611669600 0 0 0 0
1611662400 0 0 0 0
1611655200 0 0 0 0
1611648000 0 0 0 0
1611640800 0 0 0 0
1611633600 0 0 0 0
1611626400 0 0 0 0
1611619200 0 0 0 0
1611612000 0 0 0 0
1611604800 0 0 0 0
1611597600 0 0 0 0
1611590400 0 0 0 0
1611583200 0 0 0 0
1611576000 0 0 0 0
1611568800 0 0 0 0
1611561600 0 0 0 0
1611554400 0 0 0 0
1611547200 0 0 0 0
1611540000 0 0 0 0
1611532800 0 0 0 0
1611525600 0 0 0 0
1611518400 0 0 0 0
1611511200 0 0 0 0
1611504000 0 0 0 0
1611496800 0 0 0 0
1611489600 0 0 0 0
1611482400 0 0 0 0
1611475200 0 0 0 0
1611468000 0 0 0 0
1611460800 0 0 0 0
1611453600 0 0 0 0
1611446400 0 0 0 0
1611439200 0 0 0 0
1611432000 0 0 0 0
1611424800 0 0 0 0
1611417600 0 0 0 0
1611410400 0 0 0 0
1611403200 0 0 0 0
1611396000 0 0 0 0
1611388800 0 0 0 0
1611381600 0 0 0 0
1611374400 0 0 0 0
1611367200 0 0 0 0
1611360000 0 0 0 0
1611352800 0 0 0 0
1611345600 0 0 0 0
1611338400 0 0 0 0
1611331200 0 0 0 0
1611324000 0 0 0 0
1611316800 0 0 0 0
1611309600 0 0 0 0
1611302400 0 0 0 0
1611295200 0 0 0 0
1611288000 0 0 0 0
1611280800 0 0 0 0
1611273600 0 0 0 0
1611266400 0 0 0 0
1611259200 0 0 0 0
1611252000 0 0 0 0
1611244800 0 0 0 0
1611237600 0 0 0 0
1611230400 0 0 0 0
1611223200 0 0 0 0
1611216000 0 0 0 0
1611208800 0 0 0 0
1611201600 0 0 0 0
1611194400 0 0 0 0
1611187200 0 0 0 0
1611180000 0 0 0 0
1611172800 0 0 0 0
1611165600 0 0 0 0
1611158400 0 0 0 0
1611151200 0 0 0 0
1611144000 0 0 0 0
1611136800 0 0 0 0
1611129600 0 0 0 0
1611122400 0 0 0 0
1611115200 0 0 0 0
1611108000 0 0 0 0
1611100800 0 0 0 0
1611093600 0 0 0 0
1611086400 0 0 0 0
1611079200 0 0 0 0
1611072000 0 0 0 0
1611064800 0 0 0 0
1611057600 0 0 0 0
1611050400 0 0 0 0
1611043200 0 0 0 0
1611036000 0 0 0 0
1611028800 0 0 0 0
1611021600 0 0 0 0
1611014400 0 0 0 0
1611007200 0 0 0 0
1611000000 0 0 0 0
1610992800 0 0 0 0
1610985600 0 0 0 0
1610978400 0 0 0 0
1610971200 0 0 0 0
1610964000 0 0 0 0
1610956800 0 0 0 0
1610949600 0 0 0 0
1610942400 0 0 0 0
1610935200 0 0 0 0
1610928000 0 0 0 0
1610920800 0 0 0 0
1610913600 0 0 0 0
1610906400 0 0 0 0
1610899200 0 0 0 0
1610892000 0 0 0 0
1610884800 0 0 0 0
1610877600 0 0 0 0
1610841600 0 0 0 0
1610755200 0 0 0 0
1610668800 0 0 0 0
1610582400 0 0 0 0
1610496000 0 0 0 0
1610409600 0 0 0 0
1610323200 0 0 0 0
1610236800 0 0 0 0
1610150400 0 0 0 0
1610064000 0 0 0 0
1609977600 0 0 0 0
1609891200 0 0 0 0
1609804800 0 0 0 0
1609718400 0 0 0 0
1609632000 0 0 0 0
1609545600 0 0 0 0
1609459200 0 0 0 0
1609372800 0 0 0 0
1609286400 0 0 0 0
1609200000 0 0 0 0
1609113600 0 0 0 0
1609027200 0 0 0 0
1608940800 0 0 0 0
1608854400 0 0 0 0
1608768000 0 0 0 0
1608681600 0 0 0 0
1608595200 0 0 0 0
1608508800 0 0 0 0
1608422400 0 0 0 0
1608336000 0 0 0 0
1608249600 0 0 0 0
1608163200 0 0 0 0
1608076800 0 0 0 0
1607990400 0 0 0 0
1607904000 0 0 0 0
1607817600 0 0 0 0
1607731200 0 0 0 0
1607644800 0 0 0 0
1607558400 0 0 0 0
1607472000 0 0 0 0
1607385600 0 0 0 0
1607299200 0 0 0 0
1607212800 0 0 0 0
1607126400 0 0 0 0
1607040000 0 0 0 0
1606953600 0 0 0 0
1606867200 0 0 0 0
1606780800 0 0 0 0
1606694400 0 0 0 0
1606608000 0 0 0 0
1606521600 0 0 0 0
1606435200 0 0 0 0
1606348800 0 0 0 0
1606262400 0 0 0 0
1606176000 0 0 0 0
1606089600 0 0 0 0
1606003200 0 0 0 0
1605916800 0 0 0 0
1605830400 0 0 0 0
1605744000 0 0 0 0
1605657600 0 0 0 0
1605571200 0 0 0 0
1605484800 0 0 0 0
1605398400 0 0 0 0
1605312000 0 0 0 0
1605225600 0 0 0 0
1605139200 0 0 0 0
1605052800 0 0 0 0
1604966400 0 0 0 0
1604880000 0 0 0 0
1604793600 0 0 0 0
1604707200 0 0 0 0
1604620800 0 0 0 0
1604534400 0 0 0 0
1604448000 0 0 0 0
1604361600 0 0 0 0
1604275200 0 0 0 0
1604188800 0 0 0 0
1604102400 0 0 0 0
1604016000 0 0 0 0
1603929600 0 0 0 0
1603843200 0 0 0 0
1603756800 0 0 0 0
1603670400 0 0 0 0
1603584000 0 0 0 0
1603497600 0 0 0 0
1603411200 0 0 0 0
1603324800 0 0 0 0
1603238400 0 0 0 0
1603152000 0 0 0 0
1603065600 0 0 0 0
1602979200 0 0 0 0
1602892800 0 0 0 0
1602806400 0 0 0 0
1602720000 0 0 0 0
1602633600 0 0 0 0
1602547200 0 0 0 0
1602460800 0 0 0 0
1602374400 0 0 0 0
1602288000 0 0 0 0
1602201600 0 0 0 0
1602115200 0 0 0 0
1602028800 0 0 0 0
1601942400 0 0 0 0
1601856000 0 0 0 0
1601769600 0 0 0 0
1601683200 0 0 0 0
1601596800 0 0 0 0
1601510400 0 0 0 0
1601424000 0 0 0 0
1601337600 0 0 0 0
1601251200 0 0 0 0
1601164800 0 0 0 0
1601078400 0 0 0 0
1600992000 0 0 0 0
1600905600 0 0 0 0
1600819200 0 0 0 0
1600732800 0 0 0 0
1600646400 0 0 0 0
1600560000 0 0 0 0
1600473600 0 0 0 0
1600387200 0 0 0 0
1600300800 0 0 0 0
1600214400 0 0 0 0
1600128000 0 0 0 0
1600041600 0 0 0 0
1599955200 0 0 0 0
1599868800 0 0 0 0
1599782400 0 0 0 0
1599696000 0 0 0 0
1599609600 0 0 0 0
1599523200 0 0 0 0
1599436800 0 0 0 0
1599350400 0 0 0 0
1599264000 0 0 0 0
1599177600 0 0 0 0
1599091200 0 0 0 0
1599004800 0 0 0 0
1598918400 0 0 0 0
1598832000 0 0 0 0
1598745600 0 0 0 0
1598659200 0 0 0 0
1598572800 0 0 0 0
1598486400 0 0 0 0
1598400000 0 0 0 0
1598313600 0 0 0 0
1598227200 0 0 0 0
1598140800 0 0 0 0
1598054400 0 0 0 0
1597968000 0 0 0 0
1597881600 0 0 0 0
1597795200 0 0 0 0
1597708800 0 0 0 0
1597622400 0 0 0 0
1597536000 0 0 0 0
1597449600 0 0 0 0
1597363200 0 0 0 0
1597276800 0 0 0 0
1597190400 0 0 0 0
1597104000 0 0 0 0
1597017600 0 0 0 0
1596931200 0 0 0 0
1596844800 0 0 0 0
1596758400 0 0 0 0
1596672000 0 0 0 0
1596585600 0 0 0 0
1596499200 0 0 0 0
1596412800 0 0 0 0
1596326400 0 0 0 0
1596240000 0 0 0 0
1596153600 0 0 0 0
1596067200 0 0 0 0
1595980800 0 0 0 0
1595894400 0 0 0 0
1595808000 0 0 0 0
1595721600 0 0 0 0
1595635200 0 0 0 0
1595548800 0 0 0 0
1595462400 0 0 0 0
1595376000 0 0 0 0
1595289600 0 0 0 0
1595203200 0 0 0 0
1595116800 0 0 0 0
1595030400 0 0 0 0
1594944000 0 0 0 0
1594857600 0 0 0 0
1594771200 0 0 0 0
1594684800 0 0 0 0
1594598400 0 0 0 0
1594512000 0 0 0 0
1594425600 0 0 0 0
1594339200 0 0 0 0
1594252800 0 0 0 0
1594166400 0 0 0 0
1594080000 0 0 0 0
1593993600 0 0 0 0
1593907200 0 0 0 0
1593820800 0 0 0 0
1593734400 0 0 0 0
1593648000 0 0 0 0
1593561600 0 0 0 0
1593475200 0 0 0 0
1593388800 0 0 0 0
1593302400 0 0 0 0
1593216000 0 0 0 0
1593129600 0 0 0 0
1593043200 0 0 0 0
1592956800 0 0 0 0
1592870400 0 0 0 0
1592784000 0 0 0 0
1592697600 0 0 0 0
1592611200 0 0 0 0
1592524800 0 0 0 0
1592438400 0 0 0 0
1592352000 0 0 0 0
1592265600 0 0 0 0
1592179200 0 0 0 0
1592092800 0 0 0 0
1592006400 0 0 0 0
1591920000 0 0 0 0
1591833600 0 0 0 0
1591747200 0 0 0 0
1591660800 0 0 0 0
1591574400 0 0 0 0
1591488000 0 0 0 0
1591401600 0 0 0 0
1591315200 0 0 0 0
1591228800 0 0 0 0
1591142400 0 0 0 0
1591056000 0 0 0 0
1590969600 0 0 0 0
1590883200 0 0 0 0
1590796800 0 0 0 0
1590710400 0 0 0 0
1590624000 0 0 0 0
1590537600 0 0 0 0
1590451200 0 0 0 0
1590364800 0 0 0 0
1590278400 0 0 0 0
1590192000 0 0 0 0
1590105600 0 0 0 0
1590019200 0 0 0 0
1589932800 0 0 0 0
1589846400 0 0 0 0
1589760000 0 0 0 0
1589673600 0 0 0 0
1589587200 0 0 0 0
1589500800 0 0 0 0
1589414400 0 0 0 0
1589328000 0 0 0 0
1589241600 0 0 0 0
1589155200 0 0 0 0
1589068800 0 0 0 0
1588982400 0 0 0 0
1588896000 0 0 0 0
1588809600 0 0 0 0
1588723200 0 0 0 0
1588636800 0 0 0 0
1588550400 0 0 0 0
1588464000 0 0 0 0
1588377600 0 0 0 0
1588291200 0 0 0 0
1588204800 0 0 0 0
1588118400 0 0 0 0
1588032000 0 0 0 0
1587945600 0 0 0 0
1587859200 0 0 0 0
1587772800 0 0 0 0
1587686400 0 0 0 0
1587600000 0 0 0 0
1587513600 0 0 0 0
1587427200 0 0 0 0
1587340800 0 0 0 0
1587254400 0 0 0 0
1587168000 0 0 0 0
1587081600 0 0 0 0
1586995200 0 0 0 0
1586908800 0 0 0 0
1586822400 0 0 0 0
1586736000 0 0 0 0
1586649600 0 0 0 0
1586563200 0 0 0 0
1586476800 0 0 0 0
1586390400 0 0 0 0
1586304000 0 0 0 0
1586217600 0 0 0 0
1586131200 0 0 0 0
1586044800 0 0 0 0
1585958400 0 0 0 0
1585872000 0 0 0 0
1585785600 0 0 0 0
1585699200 0 0 0 0
1585612800 0 0 0 0
1585526400 0 0 0 0
1585440000 0 0 0 0
1585353600 0 0 0 0
1585267200 0 0 0 0
1585180800 0 0 0 0
1585094400 0 0 0 0
1585008000 0 0 0 0
1584921600 0 0 0 0
1584835200 0 0 0 0
1584748800 0 0 0 0
1584662400 0 0 0 0
1584576000 0 0 0 0
1584489600 0 0 0 0
1584403200 0 0 0 0
1584316800 0 0 0 0
1584230400 0 0 0 0
1584144000 0 0 0 0
1584057600 0 0 0 0
1583971200 0 0 0 0
1583884800 0 0 0 0
1583798400 0 0 0 0
1583712000 0 0 0 0
1583625600 0 0 0 0
1583539200 0 0 0 0
1583452800 0 0 0 0
1583366400 0 0 0 0
1583280000 0 0 0 0
1583193600 0 0 0 0
1583107200 0 0 0 0
1583020800 0 0 0 0
1582934400 0 0 0 0
1582848000 0 0 0 0
1582761600 0 0 0 0
1582675200 0 0 0 0
1582588800 0 0 0 0
1582502400 0 0 0 0
1582416000 0 0 0 0
1582329600 0 0 0 0
1582243200 0 0 0 0
1582156800 0 0 0 0
1582070400 0 0 0 0
1581984000 0 0 0 0
1581897600 0 0 0 0
1581811200 0 0 0 0
1581724800 0 0 0 0
1581638400 0 0 0 0
1581552000 0 0 0 0
1581465600 0 0 0 0
1581379200 0 0 0 0
1581292800 0 0 0 0
1581206400 0 0 0 0
1581120000 0 0 0 0
1581033600 0 0 0 0
1580947200 0 0 0 0
1580860800 0 0 0 0
1580774400 0 0 0 0
1580688000 0 0 0 0
1580601600 0 0 0 0
1580515200 0 0 0 0
1580428800 0 0 0 0
1580342400 0 0 0 0
1580256000 0 0 0 0
1580169600 0 0 0 0
1580083200 0 0 0 0
1579996800 0 0 0 0
1579910400 0 0 0 0
1579824000 0 0 0 0
1579737600 0 0 0 0
1579651200 0 0 0 0
1579564800 0 0 0 0
1579478400 0 0 0 0
1579392000 0 0 0 0
1579305600 0 0 0 0
1579219200 0 0 0 0
1579132800 0 0 0 0
1579046400 0 0 0 0
1578960000 0 0 0 0
1578873600 0 0 0 0
1578787200 0 0 0 0
1578700800 0 0 0 0
1578614400 0 0 0 0
1578528000 0 0 0 0
1578441600 0 0 0 0
1578355200 0 0 0 0
1578268800 0 0 0 0
1578182400 0 0 0 0
1578096000 0 0 0 0
1578009600 0 0 0 0
1577923200 0 0 0 0
1577836800 0 0 0 0
1577750400 0 0 0 0
1577664000 0 0 0 0
1577577600 0 0 0 0
1577491200 0 0 0 0
1577404800 0 0 0 0
1577318400 0 0 0 0
1577232000 0 0 0 0
1577145600 0 0 0 0
1577059200 0 0 0 0
1576972800 0 0 0 0
1576886400 0 0 0 0
1576800000 0 0 0 0
1576713600 0 0 0 0
1576627200 0 0 0 0
1576540800 0 0 0 0
1576454400 0 0 0 0
1576368000 0 0 0 0
1576281600 0 0 0 0
1576195200 0 0 0 0
1576108800 0 0 0 0
1576022400 0 0 0 0
1575936000 0 0 0 0
1575849600 0 0 0 0
1575763200 0 0 0 0
1575676800 0 0 0 0
1575590400 0 0 0 0
1575504000 0 0 0 0
1575417600 0 0 0 0
1575331200 0 0 0 0
1575244800 0 0 0 0
1575158400 0 0 0 0
1575072000 0 0 0 0
1574985600 0 0 0 0
1574899200 0 0 0 0
1574812800 0 0 0 0
1574726400 0 0 0 0
1574640000 0 0 0 0
1574553600 0 0 0 0
1574467200 0 0 0 0
1574380800 0 0 0 0
1574294400 0 0 0 0
1574208000 0 0 0 0
1574121600 0 0 0 0
1574035200 0 0 0 0
1573948800 0 0 0 0
1573862400 0 0 0 0
1573776000 0 0 0 0
1573689600 0 0 0 0
1573603200 0 0 0 0
1573516800 0 0 0 0
1573430400 0 0 0 0
1573344000 0 0 0 0
1573257600 0 0 0 0
1573171200 0 0 0 0
1573084800 0 0 0 0
1572998400 0 0 0 0
1572912000 0 0 0 0
1572825600 0 0 0 0
1572739200 0 0 0 0
1572652800 0 0 0 0
1572566400 0 0 0 0
1572480000 0 0 0 0
1572393600 0 0 0 0
1572307200 0 0 0 0
1572220800 0 0 0 0
1572134400 0 0 0 0
1572048000 0 0 0 0
1571961600 0 0 0 0
1571875200 0 0 0 0
1571788800 0 0 0 0
1571702400 0 0 0 0
1571616000 0 0 0 0
1571529600 0 0 0 0
1571443200 0 0 0 0
1571356800 0 0 0 0
1571270400 0 0 0 0
1571184000 0 0 0 0
1571097600 0 0 0 0
1571011200 0 0 0 0
1570924800 0 0 0 0
1570838400 0 0 0 0
1570752000 0 0 0 0
1570665600 0 0 0 0
1570579200 0 0 0 0
1570492800 0 0 0 0
1570406400 0 0 0 0
1570320000 0 0 0 0
1570233600 0 0 0 0
1570147200 0 0 0 0
1570060800 0 0 0 0
1569974400 0 0 0 0
1569888000 0 0 0 0
1569801600 0 0 0 0
1569715200 0 0 0 0
1569628800 0 0 0 0
1569542400 0 0 0 0
1569456000 0 0 0 0
1569369600 0 0 0 0
1569283200 0 0 0 0
1569196800 0 0 0 0
1569110400 0 0 0 0
1569024000 0 0 0 0
1568937600 0 0 0 0
1568851200 0 0 0 0
1568764800 0 0 0 0
1568678400 0 0 0 0
1568592000 0 0 0 0
1568505600 0 0 0 0
1568419200 0 0 0 0
1568332800 0 0 0 0
1568246400 0 0 0 0
1568160000 0 0 0 0
1568073600 0 0 0 0
1567987200 0 0 0 0
1567900800 0 0 0 0
1567814400 0 0 0 0
1567728000 0 0 0 0
1567641600 0 0 0 0
1567555200 0 0 0 0
1567468800 0 0 0 0
1567382400 0 0 0 0
1567296000 0 0 0 0
1567209600 0 0 0 0
1567123200 0 0 0 0
1567036800 0 0 0 0
1566950400 0 0 0 0
1566864000 0 0 0 0
1566777600 0 0 0 0
1566691200 0 0 0 0
1566604800 0 0 0 0
1566518400 0 0 0 0
1566432000 0 0 0 0
1566345600 0 0 0 0
1566259200 0 0 0 0
1566172800 0 0 0 0
1566086400 0 0 0 0
1566000000 0 0 0 0
1565913600 0 0 0 0
1565827200 0 0 0 0
1565740800 0 0 0 0
1565654400 0 0 0 0
1565568000 0 0 0 0
1565481600 0 0 0 0
1565395200 0 0 0 0
1565308800 0 0 0 0
1565222400 0 0 0 0
1565136000 0 0 0 0
1565049600 0 0 0 0
1564963200 0 0 0 0
1564876800 0 0 0 0
1564790400 0 0 0 0
1564704000 0 0 0 0
1564617600 0 0 0 0
1564531200 0 0 0 0
1564444800 0 0 0 0
1564358400 0 0 0 0
1564272000 0 0 0 0
1564185600 0 0 0 0
1564099200 0 0 0 0
1564012800 0 0 0 0
1563926400 0 0 0 0
1563840000 0 0 0 0
1563753600 0 0 0 0
1563667200 0 0 0 0
1563580800 0 0 0 0
1563494400 0 0 0 0
1563408000 0 0 0 0
1563321600 0 0 0 0
1563235200 0 0 0 0
1563148800 0 0 0 0
1563062400 0 0 0 0
1562976000 0 0 0 0
1562889600 0 0 0 0
1562803200 0 0 0 0
1562716800 0 0 0 0
1562630400 0 0 0 0
1562544000 0 0 0 0
1562457600 0 0 0 0
1562371200 0 0 0 0
1562284800 0 0 0 0
1562198400 0 0 0 0
1562112000 0 0 0 0
1562025600 0 0 0 0
1561939200 0 0 0 0
1561852800 0 0 0 0
1561766400 0 0 0 0
1561680000 0 0 0 0
1561593600 0 0 0 0
1561507200 0 0 0 0
1561420800 0 0 0 0
1561334400 0 0 0 0
1561248000 0 0 0 0
1561161600 0 0 0 0
1561075200 0 0 0 0
1560988800 0 0 0 0
1560902400 0 0 0 0
1560816000 0 0 0 0
1560729600 0 0 0 0
1560643200 0 0 0 0
1560556800 0 0 0 0
1560470400 0 0 0 0
1560384000 0 0 0 0
1560297600 0 0 0 0
1560211200 0 0 0 0
1560124800 0 0 0 0
1560038400 0 0 0 0
1559952000 0 0 0 0
1559865600 0 0 0 0
1559779200 0 0 0 0
1559692800 0 0 0 0
1559606400 0 0 0 0
1559520000 0 0 0 0
1559433600 0 0 0 0
1559347200 0 0 0 0
1559260800 0 0 0 0
1559174400 0 0 0 0
1559088000 0 0 0 0
1559001600 0 0 0 0
1558915200 0 0 0 0
1558828800 0 0 0 0
1558742400 0 0 0 0
1558656000 0 0 0 0
1558569600 0 0 0 0
1558483200 0 0 0 0
1558396800 0 0 0 0
1558310400 0 0 0 0
1558224000 0 0 0 0
1558137600 0 0 0 0
1558051200 0 0 0 0
1557964800 0 0 0 0
1557878400 0 0 0 0
1557792000 0 0 0 0
1557705600 0 0 0 0
1557619200 0 0 0 0
1557532800 0 0 0 0
1557446400 0 0 0 0
1557360000 0 0 0 0
1557273600 0 0 0 0
1557187200 0 0 0 0
1557100800 0 0 0 0
1557014400 0 0 0 0
1556928000 0 0 0 0
1556841600 0 0 0 0
1556755200 0 0 0 0
1556668800 0 0 0 0
1556582400 0 0 0 0
1556496000 0 0 0 0
1556409600 0 0 0 0
1556323200 0 0 0 0
1556236800 0 0 0 0
1556150400 0 0 0 0
1556064000 0 0 0 0
1555977600 0 0 0 0
1555891200 0 0 0 0
1555804800 0 0 0 0
1555718400 0 0 0 0
1555632000 0 0 0 0
1555545600 0 0 0 0
1555459200 0 0 0 0
1555372800 0 0 0 0
1555286400 0 0 0 0
1555200000 0 0 0 0
1555113600 0 0 0 0
1555027200 0 0 0 0
1554940800 0 0 0 0
1554854400 0 0 0 0
1554768000 0 0 0 0
1554681600 0 0 0 0
1554595200 0 0 0 0
1554508800 0 0 0 0
1554422400 0 0 0 0
1554336000 0 0 0 0
1554249600 0 0 0 0
1554163200 0 0 0 0
1554076800 0 0 0 0
1553990400 0 0 0 0
1553904000 0 0 0 0
1553817600 0 0 0 0
1553731200 0 0 0 0
1553644800 0 0 0 0
1553558400 0 0 0 0
1553472000 0 0 0 0
1553385600 0 0 0 0
1553299200 0 0 0 0
1553212800 0 0 0 0
1553126400 0 0 0 0
1553040000 0 0 0 0
1552953600 0 0 0 0
1552867200 0 0 0 0
1552780800 0 0 0 0
1552694400 0 0 0 0
1552608000 0 0 0 0
1552521600 0 0 0 0
1552435200 0 0 0 0
1552348800 0 0 0 0
1552262400 0 0 0 0
1552176000 0 0 0 0
1552089600 0 0 0 0
1552003200 0 0 0 0
1551916800 0 0 0 0
1551830400 0 0 0 0
1551744000 0 0 0 0
1551657600 0 0 0 0
1551571200 0 0 0 0
1551484800 0 0 0 0
1551398400 0 0 0 0
1551312000 0 0 0 0
1551225600 0 0 0 0
1551139200 0 0 0 0
1551052800 0 0 0 0
1550966400 0 0 0 0
1550880000 0 0 0 0
1550793600 0 0 0 0
1550707200 0 0 0 0
1550620800 0 0 0 0
1550534400 0 0 0 0
1550448000 0 0 0 0
1550361600 0 0 0 0
1550275200 0 0 0 0
1550188800 0 0 0 0
1550102400 0 0 0 0
1550016000 0 0 0 0
1549929600 0 0 0 0
1549843200 0 0 0 0
1549756800 0 0 0 0
1549670400 0 0 0 0
1549584000 0 0 0 0
1549497600 0 0 0 0
1549411200 0 0 0 0
1549324800 0 0 0 0
1549238400 0 0 0 0
1549152000 0 0 0 0
1549065600 0 0 0 0
1548979200 0 0 0 0
1548892800 0 0 0 0
1548806400 0 0 0 0
1548720000 0 0 0 0
1548633600 0 0 0 0
1548547200 0 0 0 0
1548460800 0 0 0 0
1548374400 0 0 0 0
1548288000 0 0 0 0
1548201600 0 0 0 0
1548115200 0 0 0 0
1548028800 0 0 0 0
1547942400 0 0 0 0
1547856000 0 0 0 0
1547769600 0 0 0 0
1547683200 0 0 0 0
